[ 2019-02-18T08:59:28+08:00 ] 192.168.0.150 /u/get_user_info.html
INFO: [ app_init ] --START--
INFO: Run Behavior\BuildLiteBehavior [ RunTime:0.000022s ]
INFO: [ app_init ] --END-- [ RunTime:0.000835s ]
INFO: [ app_begin ] --START--
INFO: Run Behavior\ReadHtmlCacheBehavior [ RunTime:0.011754s ]
INFO: [ app_begin ] --END-- [ RunTime:0.011857s ]
INFO: [ app_end ] --START--
INFO: Run Behavior\ShowPageTraceBehavior [ RunTime:0.009613s ]
INFO: [ app_end ] --END-- [ RunTime:0.009719s ]

[ 2019-02-18T09:00:07+08:00 ] 192.168.0.150 /u/get_user_info.html
INFO: [ app_init ] --START--
INFO: Run Behavior\BuildLiteBehavior [ RunTime:0.000018s ]
INFO: [ app_init ] --END-- [ RunTime:0.000437s ]
INFO: [ app_begin ] --START--
INFO: Run Behavior\ReadHtmlCacheBehavior [ RunTime:0.000489s ]
INFO: [ app_begin ] --END-- [ RunTime:0.000567s ]
INFO: [ app_end ] --START--
INFO: Run Behavior\ShowPageTraceBehavior [ RunTime:0.000499s ]
INFO: [ app_end ] --END-- [ RunTime:0.000579s ]

[ 2019-02-18T09:00:16+08:00 ] 192.168.0.150 /u/get_user_info.html
INFO: [ app_init ] --START--
INFO: Run Behavior\BuildLiteBehavior [ RunTime:0.000019s ]
INFO: [ app_init ] --END-- [ RunTime:0.000467s ]
INFO: [ app_begin ] --START--
INFO: Run Behavior\ReadHtmlCacheBehavior [ RunTime:0.000512s ]
INFO: [ app_begin ] --END-- [ RunTime:0.000597s ]
INFO: [ app_end ] --START--
INFO: Run Behavior\ShowPageTraceBehavior [ RunTime:0.000522s ]
INFO: [ app_end ] --END-- [ RunTime:0.000612s ]

[ 2019-02-18T09:00:25+08:00 ] 192.168.0.150 /u/get_user_info.html
INFO: [ app_init ] --START--
INFO: Run Behavior\BuildLiteBehavior [ RunTime:0.000019s ]
INFO: [ app_init ] --END-- [ RunTime:0.000450s ]
INFO: [ app_begin ] --START--
INFO: Run Behavior\ReadHtmlCacheBehavior [ RunTime:0.000498s ]
INFO: [ app_begin ] --END-- [ RunTime:0.000583s ]
INFO: [ app_end ] --START--
INFO: Run Behavior\ShowPageTraceBehavior [ RunTime:0.000534s ]
INFO: [ app_end ] --END-- [ RunTime:0.000620s ]

[ 2019-02-18T09:00:35+08:00 ] 192.168.0.150 /u/get_user_info.html
INFO: [ app_init ] --START--
INFO: Run Behavior\BuildLiteBehavior [ RunTime:0.000018s ]
INFO: [ app_init ] --END-- [ RunTime:0.000431s ]
INFO: [ app_begin ] --START--
INFO: Run Behavior\ReadHtmlCacheBehavior [ RunTime:0.000476s ]
INFO: [ app_begin ] --END-- [ RunTime:0.000558s ]
INFO: [ app_end ] --START--
INFO: Run Behavior\ShowPageTraceBehavior [ RunTime:0.000717s ]
INFO: [ app_end ] --END-- [ RunTime:0.000900s ]

[ 2019-02-18T09:01:21+08:00 ] 192.168.0.150 /u/get_user_info.html
INFO: [ app_init ] --START--
INFO: Run Behavior\BuildLiteBehavior [ RunTime:0.000020s ]
INFO: [ app_init ] --END-- [ RunTime:0.000464s ]
INFO: [ app_begin ] --START--
INFO: Run Behavior\ReadHtmlCacheBehavior [ RunTime:0.000507s ]
INFO: [ app_begin ] --END-- [ RunTime:0.000590s ]
INFO: [ app_end ] --START--
INFO: Run Behavior\ShowPageTraceBehavior [ RunTime:0.000581s ]
INFO: [ app_end ] --END-- [ RunTime:0.000673s ]

[ 2019-02-18T09:01:30+08:00 ] 192.168.0.150 /u/get_user_info.html
INFO: [ app_init ] --START--
INFO: Run Behavior\BuildLiteBehavior [ RunTime:0.000019s ]
INFO: [ app_init ] --END-- [ RunTime:0.000454s ]
INFO: [ app_begin ] --START--
INFO: Run Behavior\ReadHtmlCacheBehavior [ RunTime:0.000540s ]
INFO: [ app_begin ] --END-- [ RunTime:0.000622s ]
INFO: [ app_end ] --START--
INFO: Run Behavior\ShowPageTraceBehavior [ RunTime:0.000564s ]
INFO: [ app_end ] --END-- [ RunTime:0.000643s ]

[ 2019-02-18T09:01:37+08:00 ] 192.168.0.150 /u/get_user_info.html
INFO: [ app_init ] --START--
INFO: Run Behavior\BuildLiteBehavior [ RunTime:0.000018s ]
INFO: [ app_init ] --END-- [ RunTime:0.000436s ]
INFO: [ app_begin ] --START--
INFO: Run Behavior\ReadHtmlCacheBehavior [ RunTime:0.000483s ]
INFO: [ app_begin ] --END-- [ RunTime:0.000566s ]
INFO: [ app_end ] --START--
INFO: Run Behavior\ShowPageTraceBehavior [ RunTime:0.000576s ]
INFO: [ app_end ] --END-- [ RunTime:0.000669s ]

[ 2019-02-18T09:01:39+08:00 ] 192.168.0.150 /u/get_user_info.html
INFO: [ app_init ] --START--
INFO: Run Behavior\BuildLiteBehavior [ RunTime:0.000018s ]
INFO: [ app_init ] --END-- [ RunTime:0.000448s ]
INFO: [ app_begin ] --START--
INFO: Run Behavior\ReadHtmlCacheBehavior [ RunTime:0.000497s ]
INFO: [ app_begin ] --END-- [ RunTime:0.000581s ]
INFO: [ app_end ] --START--
INFO: Run Behavior\ShowPageTraceBehavior [ RunTime:0.000540s ]
INFO: [ app_end ] --END-- [ RunTime:0.000628s ]

[ 2019-02-18T09:01:58+08:00 ] 192.168.0.150 /u/get_user_info.html
INFO: [ app_init ] --START--
INFO: Run Behavior\BuildLiteBehavior [ RunTime:0.000020s ]
INFO: [ app_init ] --END-- [ RunTime:0.000462s ]
INFO: [ app_begin ] --START--
INFO: Run Behavior\ReadHtmlCacheBehavior [ RunTime:0.000499s ]
INFO: [ app_begin ] --END-- [ RunTime:0.000586s ]
INFO: [ app_end ] --START--
INFO: Run Behavior\ShowPageTraceBehavior [ RunTime:0.000547s ]
INFO: [ app_end ] --END-- [ RunTime:0.000641s ]

[ 2019-02-18T09:18:47+08:00 ] 192.168.0.150 /u/get_user_info.html
INFO: [ app_init ] --START--
INFO: Run Behavior\BuildLiteBehavior [ RunTime:0.000019s ]
INFO: [ app_init ] --END-- [ RunTime:0.000459s ]
INFO: [ app_begin ] --START--
INFO: Run Behavior\ReadHtmlCacheBehavior [ RunTime:0.000603s ]
INFO: [ app_begin ] --END-- [ RunTime:0.000689s ]
INFO: [ app_end ] --START--
INFO: Run Behavior\ShowPageTraceBehavior [ RunTime:0.000563s ]
INFO: [ app_end ] --END-- [ RunTime:0.000644s ]

[ 2019-02-18T09:19:00+08:00 ] 192.168.0.150 /u/get_user_info.html
INFO: [ app_init ] --START--
INFO: Run Behavior\BuildLiteBehavior [ RunTime:0.000019s ]
INFO: [ app_init ] --END-- [ RunTime:0.000450s ]
INFO: [ app_begin ] --START--
INFO: Run Behavior\ReadHtmlCacheBehavior [ RunTime:0.000494s ]
INFO: [ app_begin ] --END-- [ RunTime:0.000577s ]
INFO: [ app_end ] --START--
INFO: Run Behavior\ShowPageTraceBehavior [ RunTime:0.000539s ]
INFO: [ app_end ] --END-- [ RunTime:0.000625s ]

[ 2019-02-18T09:19:37+08:00 ] 192.168.0.150 /u/get_user_info.html
INFO: [ app_init ] --START--
INFO: Run Behavior\BuildLiteBehavior [ RunTime:0.000017s ]
INFO: [ app_init ] --END-- [ RunTime:0.000266s ]
INFO: [ app_begin ] --START--
INFO: Run Behavior\ReadHtmlCacheBehavior [ RunTime:0.000313s ]
INFO: [ app_begin ] --END-- [ RunTime:0.000393s ]
INFO: [ app_end ] --START--
INFO: Run Behavior\ShowPageTraceBehavior [ RunTime:0.000336s ]
INFO: [ app_end ] --END-- [ RunTime:0.000416s ]

[ 2019-02-18T09:19:40+08:00 ] 192.168.0.150 /u/get_user_info.html
INFO: [ app_init ] --START--
INFO: Run Behavior\BuildLiteBehavior [ RunTime:0.000017s ]
INFO: [ app_init ] --END-- [ RunTime:0.000270s ]
INFO: [ app_begin ] --START--
INFO: Run Behavior\ReadHtmlCacheBehavior [ RunTime:0.000324s ]
INFO: [ app_begin ] --END-- [ RunTime:0.000403s ]
INFO: [ app_end ] --START--
INFO: Run Behavior\ShowPageTraceBehavior [ RunTime:0.001656s ]
INFO: [ app_end ] --END-- [ RunTime:0.002039s ]

[ 2019-02-18T09:19:47+08:00 ] 192.168.0.150 /u/get_user_info.html
INFO: [ app_init ] --START--
INFO: Run Behavior\BuildLiteBehavior [ RunTime:0.000019s ]
INFO: [ app_init ] --END-- [ RunTime:0.000278s ]
INFO: [ app_begin ] --START--
INFO: Run Behavior\ReadHtmlCacheBehavior [ RunTime:0.000320s ]
INFO: [ app_begin ] --END-- [ RunTime:0.000400s ]
INFO: [ app_end ] --START--
INFO: Run Behavior\ShowPageTraceBehavior [ RunTime:0.000339s ]
INFO: [ app_end ] --END-- [ RunTime:0.000417s ]

[ 2019-02-18T09:22:35+08:00 ] 192.168.0.150 /u/get_user_info.html
INFO: [ app_init ] --START--
INFO: Run Behavior\BuildLiteBehavior [ RunTime:0.000019s ]
INFO: [ app_init ] --END-- [ RunTime:0.000298s ]
INFO: [ app_begin ] --START--
INFO: Run Behavior\ReadHtmlCacheBehavior [ RunTime:0.000390s ]
INFO: [ app_begin ] --END-- [ RunTime:0.000469s ]
INFO: [ app_end ] --START--
INFO: Run Behavior\ShowPageTraceBehavior [ RunTime:0.000398s ]
INFO: [ app_end ] --END-- [ RunTime:0.000480s ]

[ 2019-02-18T09:22:42+08:00 ] 192.168.0.150 /u/get_user_info.html
INFO: [ app_init ] --START--
INFO: Run Behavior\BuildLiteBehavior [ RunTime:0.000018s ]
INFO: [ app_init ] --END-- [ RunTime:0.000267s ]
INFO: [ app_begin ] --START--
INFO: Run Behavior\ReadHtmlCacheBehavior [ RunTime:0.000320s ]
INFO: [ app_begin ] --END-- [ RunTime:0.000400s ]
INFO: [ app_end ] --START--
INFO: Run Behavior\ShowPageTraceBehavior [ RunTime:0.000343s ]
INFO: [ app_end ] --END-- [ RunTime:0.000424s ]

[ 2019-02-18T09:22:50+08:00 ] 192.168.0.150 /u/get_user_info.html
INFO: [ app_init ] --START--
INFO: Run Behavior\BuildLiteBehavior [ RunTime:0.000017s ]
INFO: [ app_init ] --END-- [ RunTime:0.000271s ]
INFO: [ app_begin ] --START--
INFO: Run Behavior\ReadHtmlCacheBehavior [ RunTime:0.000318s ]
INFO: [ app_begin ] --END-- [ RunTime:0.000398s ]
INFO: [ app_end ] --START--
INFO: Run Behavior\ShowPageTraceBehavior [ RunTime:0.000332s ]
INFO: [ app_end ] --END-- [ RunTime:0.000410s ]

[ 2019-02-18T09:23:02+08:00 ] 192.168.0.150 /u/get_user_info.html
INFO: [ app_init ] --START--
INFO: Run Behavior\BuildLiteBehavior [ RunTime:0.000018s ]
INFO: [ app_init ] --END-- [ RunTime:0.000267s ]
INFO: [ app_begin ] --START--
INFO: Run Behavior\ReadHtmlCacheBehavior [ RunTime:0.000313s ]
INFO: [ app_begin ] --END-- [ RunTime:0.000392s ]
INFO: [ app_end ] --START--
INFO: Run Behavior\ShowPageTraceBehavior [ RunTime:0.000343s ]
INFO: [ app_end ] --END-- [ RunTime:0.000428s ]

[ 2019-02-18T09:23:23+08:00 ] 192.168.0.150 /u/get_user_info.html
INFO: [ app_init ] --START--
INFO: Run Behavior\BuildLiteBehavior [ RunTime:0.000018s ]
INFO: [ app_init ] --END-- [ RunTime:0.000273s ]
INFO: [ app_begin ] --START--
INFO: Run Behavior\ReadHtmlCacheBehavior [ RunTime:0.000357s ]
INFO: [ app_begin ] --END-- [ RunTime:0.000444s ]
INFO: [ app_end ] --START--
INFO: Run Behavior\ShowPageTraceBehavior [ RunTime:0.000351s ]
INFO: [ app_end ] --END-- [ RunTime:0.000436s ]

[ 2019-02-18T09:24:00+08:00 ] 192.168.0.150 /u/get_user_info.html
INFO: [ app_init ] --START--
INFO: Run Behavior\BuildLiteBehavior [ RunTime:0.000023s ]
INFO: [ app_init ] --END-- [ RunTime:0.000442s ]
INFO: [ app_begin ] --START--
INFO: Run Behavior\ReadHtmlCacheBehavior [ RunTime:0.000326s ]
INFO: [ app_begin ] --END-- [ RunTime:0.000417s ]
INFO: [ app_end ] --START--
INFO: Run Behavior\ShowPageTraceBehavior [ RunTime:0.000613s ]
INFO: [ app_end ] --END-- [ RunTime:0.000777s ]

[ 2019-02-18T09:26:13+08:00 ] 192.168.0.150 /u/get_user_info.html
INFO: [ app_init ] --START--
INFO: Run Behavior\BuildLiteBehavior [ RunTime:0.000020s ]
INFO: [ app_init ] --END-- [ RunTime:0.000307s ]
INFO: [ app_begin ] --START--
INFO: Run Behavior\ReadHtmlCacheBehavior [ RunTime:0.000399s ]
INFO: [ app_begin ] --END-- [ RunTime:0.000477s ]
INFO: [ app_end ] --START--
INFO: Run Behavior\ShowPageTraceBehavior [ RunTime:0.000538s ]
INFO: [ app_end ] --END-- [ RunTime:0.000643s ]

[ 2019-02-18T09:26:15+08:00 ] 192.168.0.150 /u/get_user_info.html
INFO: [ app_init ] --START--
INFO: Run Behavior\BuildLiteBehavior [ RunTime:0.000033s ]
INFO: [ app_init ] --END-- [ RunTime:0.000531s ]
INFO: [ app_begin ] --START--
INFO: Run Behavior\ReadHtmlCacheBehavior [ RunTime:0.000337s ]
INFO: [ app_begin ] --END-- [ RunTime:0.000418s ]
INFO: [ app_end ] --START--
INFO: Run Behavior\ShowPageTraceBehavior [ RunTime:0.000334s ]
INFO: [ app_end ] --END-- [ RunTime:0.000411s ]

[ 2019-02-18T09:26:22+08:00 ] 192.168.0.150 /u/get_user_info.html
INFO: [ app_init ] --START--
INFO: Run Behavior\BuildLiteBehavior [ RunTime:0.000019s ]
INFO: [ app_init ] --END-- [ RunTime:0.000278s ]
INFO: [ app_begin ] --START--
INFO: Run Behavior\ReadHtmlCacheBehavior [ RunTime:0.000316s ]
INFO: [ app_begin ] --END-- [ RunTime:0.000396s ]
INFO: [ app_end ] --START--
INFO: Run Behavior\ShowPageTraceBehavior [ RunTime:0.000353s ]
INFO: [ app_end ] --END-- [ RunTime:0.000438s ]

[ 2019-02-18T09:29:14+08:00 ] 192.168.0.150 /u/get_user_info.html
INFO: [ app_init ] --START--
INFO: Run Behavior\BuildLiteBehavior [ RunTime:0.000026s ]
INFO: [ app_init ] --END-- [ RunTime:0.000417s ]
INFO: [ app_begin ] --START--
INFO: Run Behavior\ReadHtmlCacheBehavior [ RunTime:0.000406s ]
INFO: [ app_begin ] --END-- [ RunTime:0.000486s ]
INFO: [ app_end ] --START--
INFO: Run Behavior\ShowPageTraceBehavior [ RunTime:0.000410s ]
INFO: [ app_end ] --END-- [ RunTime:0.000488s ]

[ 2019-02-18T09:29:28+08:00 ] 192.168.0.150 /u/get_user_info.html
INFO: [ app_init ] --START--
INFO: Run Behavior\BuildLiteBehavior [ RunTime:0.000018s ]
INFO: [ app_init ] --END-- [ RunTime:0.000272s ]
INFO: [ app_begin ] --START--
INFO: Run Behavior\ReadHtmlCacheBehavior [ RunTime:0.000317s ]
INFO: [ app_begin ] --END-- [ RunTime:0.000396s ]
INFO: [ app_end ] --START--
INFO: Run Behavior\ShowPageTraceBehavior [ RunTime:0.000335s ]
INFO: [ app_end ] --END-- [ RunTime:0.000414s ]

[ 2019-02-18T09:35:45+08:00 ] 192.168.0.150 /u/get_user_info.html
INFO: [ app_init ] --START--
INFO: Run Behavior\BuildLiteBehavior [ RunTime:0.000020s ]
INFO: [ app_init ] --END-- [ RunTime:0.000302s ]
INFO: [ app_begin ] --START--
INFO: Run Behavior\ReadHtmlCacheBehavior [ RunTime:0.002992s ]
INFO: [ app_begin ] --END-- [ RunTime:0.003068s ]
NOTIC: [8] Use of undefined constant json - assumed 'json' D:\wamp\www\Finance\Admin\App\Home\Controller\UserController.class.php 第 22 行.

[ 2019-02-18T09:38:23+08:00 ] 192.168.0.150 /u/get_user_info.html
INFO: [ app_init ] --START--
INFO: Run Behavior\BuildLiteBehavior [ RunTime:0.000019s ]
INFO: [ app_init ] --END-- [ RunTime:0.000300s ]
INFO: [ app_begin ] --START--
INFO: Run Behavior\ReadHtmlCacheBehavior [ RunTime:0.000385s ]
INFO: [ app_begin ] --END-- [ RunTime:0.000460s ]

[ 2019-02-18T09:39:09+08:00 ] 192.168.0.150 /u/get_user_info.html
INFO: [ app_init ] --START--
INFO: Run Behavior\BuildLiteBehavior [ RunTime:0.000017s ]
INFO: [ app_init ] --END-- [ RunTime:0.000265s ]
INFO: [ app_begin ] --START--
INFO: Run Behavior\ReadHtmlCacheBehavior [ RunTime:0.000315s ]
INFO: [ app_begin ] --END-- [ RunTime:0.000387s ]
NOTIC: [8] Use of undefined constant json - assumed 'json' D:\wamp\www\Finance\Admin\App\Home\Controller\UserController.class.php 第 23 行.

[ 2019-02-18T09:39:10+08:00 ] 192.168.0.150 /u/get_user_info.html
INFO: [ app_init ] --START--
INFO: Run Behavior\BuildLiteBehavior [ RunTime:0.000021s ]
INFO: [ app_init ] --END-- [ RunTime:0.000300s ]
INFO: [ app_begin ] --START--
INFO: Run Behavior\ReadHtmlCacheBehavior [ RunTime:0.000397s ]
INFO: [ app_begin ] --END-- [ RunTime:0.000468s ]
NOTIC: [8] Use of undefined constant json - assumed 'json' D:\wamp\www\Finance\Admin\App\Home\Controller\UserController.class.php 第 23 行.

[ 2019-02-18T09:39:10+08:00 ] 192.168.0.150 /favicon.ico
INFO: [ app_init ] --START--
INFO: Run Behavior\BuildLiteBehavior [ RunTime:0.000018s ]
INFO: [ app_init ] --END-- [ RunTime:0.000263s ]

[ 2019-02-18T09:43:25+08:00 ] 192.168.0.150 /u/get_user_info.html
INFO: [ app_init ] --START--
INFO: Run Behavior\BuildLiteBehavior [ RunTime:0.000026s ]
INFO: [ app_init ] --END-- [ RunTime:0.000472s ]
INFO: [ app_begin ] --START--
INFO: Run Behavior\ReadHtmlCacheBehavior [ RunTime:0.000393s ]
INFO: [ app_begin ] --END-- [ RunTime:0.000466s ]
NOTIC: [8] Use of undefined constant json - assumed 'json' D:\wamp\www\Finance\Admin\App\Home\Controller\UserController.class.php 第 23 行.

[ 2019-02-18T09:43:54+08:00 ] 192.168.0.150 /u/get_user_info.html
INFO: [ app_init ] --START--
INFO: Run Behavior\BuildLiteBehavior [ RunTime:0.000016s ]
INFO: [ app_init ] --END-- [ RunTime:0.000270s ]
INFO: [ app_begin ] --START--
INFO: Run Behavior\ReadHtmlCacheBehavior [ RunTime:0.000316s ]
INFO: [ app_begin ] --END-- [ RunTime:0.000389s ]
NOTIC: [8] Use of undefined constant json - assumed 'json' D:\wamp\www\Finance\Admin\App\Home\Controller\UserController.class.php 第 23 行.

[ 2019-02-18T09:46:53+08:00 ] 192.168.0.150 /u/get_user_info.html
INFO: [ app_init ] --START--
INFO: Run Behavior\BuildLiteBehavior [ RunTime:0.000017s ]
INFO: [ app_init ] --END-- [ RunTime:0.000292s ]
INFO: [ app_begin ] --START--
INFO: Run Behavior\ReadHtmlCacheBehavior [ RunTime:0.000382s ]
INFO: [ app_begin ] --END-- [ RunTime:0.000456s ]
NOTIC: [8] Use of undefined constant json - assumed 'json' D:\wamp\www\Finance\Admin\App\Home\Controller\UserController.class.php 第 23 行.

[ 2019-02-18T09:49:34+08:00 ] 192.168.0.150 /u/get_user_info.html
INFO: [ app_init ] --START--
INFO: Run Behavior\BuildLiteBehavior [ RunTime:0.000016s ]
INFO: [ app_init ] --END-- [ RunTime:0.000290s ]
INFO: [ app_begin ] --START--
INFO: Run Behavior\ReadHtmlCacheBehavior [ RunTime:0.000380s ]
INFO: [ app_begin ] --END-- [ RunTime:0.000452s ]
NOTIC: [8] Use of undefined constant json - assumed 'json' D:\wamp\www\Finance\Admin\App\Home\Controller\UserController.class.php 第 27 行.

[ 2019-02-18T09:49:52+08:00 ] 127.0.0.1 /u/get_user_info.html
INFO: [ app_init ] --START--
INFO: Run Behavior\BuildLiteBehavior [ RunTime:0.000016s ]
INFO: [ app_init ] --END-- [ RunTime:0.000262s ]
INFO: [ app_begin ] --START--
INFO: Run Behavior\ReadHtmlCacheBehavior [ RunTime:0.000320s ]
INFO: [ app_begin ] --END-- [ RunTime:0.000394s ]
NOTIC: [8] Use of undefined constant json - assumed 'json' D:\wamp\www\Finance\Admin\App\Home\Controller\UserController.class.php 第 27 行.

[ 2019-02-18T09:50:01+08:00 ] 127.0.0.1 /u/get_user_info.html
INFO: [ app_init ] --START--
INFO: Run Behavior\BuildLiteBehavior [ RunTime:0.000016s ]
INFO: [ app_init ] --END-- [ RunTime:0.000262s ]
INFO: [ app_begin ] --START--
INFO: Run Behavior\ReadHtmlCacheBehavior [ RunTime:0.000323s ]
INFO: [ app_begin ] --END-- [ RunTime:0.000396s ]
NOTIC: [8] Use of undefined constant json - assumed 'json' D:\wamp\www\Finance\Admin\App\Home\Controller\UserController.class.php 第 27 行.

[ 2019-02-18T10:15:10+08:00 ] 192.168.0.150 /u/get_user_info.html
INFO: [ app_init ] --START--
INFO: Run Behavior\BuildLiteBehavior [ RunTime:0.000021s ]
INFO: [ app_init ] --END-- [ RunTime:0.000324s ]
INFO: [ app_begin ] --START--
INFO: Run Behavior\ReadHtmlCacheBehavior [ RunTime:0.000618s ]
INFO: [ app_begin ] --END-- [ RunTime:0.000747s ]
NOTIC: [8] Use of undefined constant json - assumed 'json' D:\wamp\www\Finance\Admin\App\Home\Controller\UserController.class.php 第 27 行.

[ 2019-02-18T10:18:12+08:00 ] 192.168.0.150 /u/get_user_info.html
INFO: [ app_init ] --START--
INFO: Run Behavior\BuildLiteBehavior [ RunTime:0.000028s ]
INFO: [ app_init ] --END-- [ RunTime:0.000475s ]
INFO: [ app_begin ] --START--
INFO: Run Behavior\ReadHtmlCacheBehavior [ RunTime:0.000688s ]
INFO: [ app_begin ] --END-- [ RunTime:0.000809s ]
NOTIC: [8] Use of undefined constant json - assumed 'json' D:\wamp\www\Finance\Admin\App\Home\Controller\UserController.class.php 第 27 行.

[ 2019-02-18T10:23:13+08:00 ] 192.168.0.150 /u/get_user_info.html
INFO: [ app_init ] --START--
INFO: Run Behavior\BuildLiteBehavior [ RunTime:0.000015s ]
INFO: [ app_init ] --END-- [ RunTime:0.000284s ]
INFO: [ app_begin ] --START--
INFO: Run Behavior\ReadHtmlCacheBehavior [ RunTime:0.000381s ]
INFO: [ app_begin ] --END-- [ RunTime:0.000456s ]
NOTIC: [8] Use of undefined constant json - assumed 'json' D:\wamp\www\Finance\Admin\App\Home\Controller\UserController.class.php 第 27 行.

[ 2019-02-18T10:23:15+08:00 ] 192.168.0.150 /u/get_user_info.html
INFO: [ app_init ] --START--
INFO: Run Behavior\BuildLiteBehavior [ RunTime:0.000016s ]
INFO: [ app_init ] --END-- [ RunTime:0.000264s ]
INFO: [ app_begin ] --START--
INFO: Run Behavior\ReadHtmlCacheBehavior [ RunTime:0.000314s ]
INFO: [ app_begin ] --END-- [ RunTime:0.000389s ]
NOTIC: [8] Use of undefined constant json - assumed 'json' D:\wamp\www\Finance\Admin\App\Home\Controller\UserController.class.php 第 27 行.

[ 2019-02-18T10:23:39+08:00 ] 192.168.0.150 /u/get_user_info.html
INFO: [ app_init ] --START--
INFO: Run Behavior\BuildLiteBehavior [ RunTime:0.000015s ]
INFO: [ app_init ] --END-- [ RunTime:0.000258s ]
INFO: [ app_begin ] --START--
INFO: Run Behavior\ReadHtmlCacheBehavior [ RunTime:0.000312s ]
INFO: [ app_begin ] --END-- [ RunTime:0.000390s ]
NOTIC: [8] Use of undefined constant json - assumed 'json' D:\wamp\www\Finance\Admin\App\Home\Controller\UserController.class.php 第 27 行.

[ 2019-02-18T10:29:05+08:00 ] 192.168.0.150 /u/get_user_info.html
INFO: [ app_init ] --START--
INFO: Run Behavior\BuildLiteBehavior [ RunTime:0.000014s ]
INFO: [ app_init ] --END-- [ RunTime:0.000281s ]
INFO: [ app_begin ] --START--
INFO: Run Behavior\ReadHtmlCacheBehavior [ RunTime:0.000379s ]
INFO: [ app_begin ] --END-- [ RunTime:0.000453s ]
NOTIC: [8] Use of undefined constant json - assumed 'json' D:\wamp\www\Finance\Admin\App\Home\Controller\UserController.class.php 第 27 行.

[ 2019-02-18T10:29:25+08:00 ] 192.168.0.150 /u/get_user_info.html
INFO: [ app_init ] --START--
INFO: Run Behavior\BuildLiteBehavior [ RunTime:0.000017s ]
INFO: [ app_init ] --END-- [ RunTime:0.000350s ]
INFO: [ app_begin ] --START--
INFO: Run Behavior\ReadHtmlCacheBehavior [ RunTime:0.000329s ]
INFO: [ app_begin ] --END-- [ RunTime:0.000403s ]
NOTIC: [8] Use of undefined constant json - assumed 'json' D:\wamp\www\Finance\Admin\App\Home\Controller\UserController.class.php 第 27 行.

[ 2019-02-18T10:34:41+08:00 ] 192.168.0.150 /u/get_user_info.html
INFO: [ app_init ] --START--
INFO: Run Behavior\BuildLiteBehavior [ RunTime:0.000014s ]
INFO: [ app_init ] --END-- [ RunTime:0.000279s ]
INFO: [ app_begin ] --START--
INFO: Run Behavior\ReadHtmlCacheBehavior [ RunTime:0.000384s ]
INFO: [ app_begin ] --END-- [ RunTime:0.000458s ]
NOTIC: [8] Use of undefined constant json - assumed 'json' D:\wamp\www\Finance\Admin\App\Home\Controller\UserController.class.php 第 27 行.

[ 2019-02-18T10:39:49+08:00 ] 192.168.0.150 /u/get_user_info.html
INFO: [ app_init ] --START--
INFO: Run Behavior\BuildLiteBehavior [ RunTime:0.000014s ]
INFO: [ app_init ] --END-- [ RunTime:0.000281s ]
INFO: [ app_begin ] --START--
INFO: Run Behavior\ReadHtmlCacheBehavior [ RunTime:0.000383s ]
INFO: [ app_begin ] --END-- [ RunTime:0.000459s ]
NOTIC: [8] Use of undefined constant json - assumed 'json' D:\wamp\www\Finance\Admin\App\Home\Controller\UserController.class.php 第 27 行.

[ 2019-02-18T10:41:25+08:00 ] 192.168.0.150 /u/get_user_info.html
INFO: [ app_init ] --START--
INFO: Run Behavior\BuildLiteBehavior [ RunTime:0.000014s ]
INFO: [ app_init ] --END-- [ RunTime:0.000252s ]
INFO: [ app_begin ] --START--
INFO: Run Behavior\ReadHtmlCacheBehavior [ RunTime:0.000316s ]
INFO: [ app_begin ] --END-- [ RunTime:0.000390s ]
NOTIC: [8] Use of undefined constant json - assumed 'json' D:\wamp\www\Finance\Admin\App\Home\Controller\UserController.class.php 第 27 行.

[ 2019-02-18T10:41:49+08:00 ] 192.168.0.150 /u/get_user_info.html
INFO: [ app_init ] --START--
INFO: Run Behavior\BuildLiteBehavior [ RunTime:0.000015s ]
INFO: [ app_init ] --END-- [ RunTime:0.000254s ]
INFO: [ app_begin ] --START--
INFO: Run Behavior\ReadHtmlCacheBehavior [ RunTime:0.000316s ]
INFO: [ app_begin ] --END-- [ RunTime:0.000390s ]

[ 2019-02-18T10:48:56+08:00 ] 192.168.0.150 /u/get_user_info.html
INFO: [ app_init ] --START--
INFO: Run Behavior\BuildLiteBehavior [ RunTime:0.000015s ]
INFO: [ app_init ] --END-- [ RunTime:0.000283s ]
INFO: [ app_begin ] --START--
INFO: Run Behavior\ReadHtmlCacheBehavior [ RunTime:0.000385s ]
INFO: [ app_begin ] --END-- [ RunTime:0.000461s ]

[ 2019-02-18T10:49:52+08:00 ] 192.168.0.150 /u/get_user_info.html
INFO: [ app_init ] --START--
INFO: Run Behavior\BuildLiteBehavior [ RunTime:0.000016s ]
INFO: [ app_init ] --END-- [ RunTime:0.000265s ]
INFO: [ app_begin ] --START--
INFO: Run Behavior\ReadHtmlCacheBehavior [ RunTime:0.000313s ]
INFO: [ app_begin ] --END-- [ RunTime:0.000387s ]

[ 2019-02-18T10:55:38+08:00 ] 192.168.0.150 /u/get_user_info.html
INFO: [ app_init ] --START--
INFO: Run Behavior\BuildLiteBehavior [ RunTime:0.000014s ]
INFO: [ app_init ] --END-- [ RunTime:0.000283s ]
INFO: [ app_begin ] --START--
INFO: Run Behavior\ReadHtmlCacheBehavior [ RunTime:0.000379s ]
INFO: [ app_begin ] --END-- [ RunTime:0.000454s ]

[ 2019-02-18T10:56:17+08:00 ] 192.168.0.150 /u/get_user_info.html
INFO: [ app_init ] --START--
INFO: Run Behavior\BuildLiteBehavior [ RunTime:0.000015s ]
INFO: [ app_init ] --END-- [ RunTime:0.000254s ]
INFO: [ app_begin ] --START--
INFO: Run Behavior\ReadHtmlCacheBehavior [ RunTime:0.000367s ]
INFO: [ app_begin ] --END-- [ RunTime:0.000503s ]

[ 2019-02-18T10:56:32+08:00 ] 192.168.0.150 /u/get_user_info.html
INFO: [ app_init ] --START--
INFO: Run Behavior\BuildLiteBehavior [ RunTime:0.000015s ]
INFO: [ app_init ] --END-- [ RunTime:0.000257s ]
INFO: [ app_begin ] --START--
INFO: Run Behavior\ReadHtmlCacheBehavior [ RunTime:0.000313s ]
INFO: [ app_begin ] --END-- [ RunTime:0.000388s ]

[ 2019-02-18T11:03:27+08:00 ] 127.0.0.1 /u/get_user_info.html
INFO: [ app_init ] --START--
INFO: Run Behavior\BuildLiteBehavior [ RunTime:0.000016s ]
INFO: [ app_init ] --END-- [ RunTime:0.000289s ]
INFO: [ app_begin ] --START--
INFO: Run Behavior\ReadHtmlCacheBehavior [ RunTime:0.000390s ]
INFO: [ app_begin ] --END-- [ RunTime:0.000465s ]
NOTIC: [8] Use of undefined constant json - assumed 'json' D:\wamp\www\Finance\Admin\App\Home\Controller\UserController.class.php 第 28 行.

[ 2019-02-18T11:05:13+08:00 ] 127.0.0.1 /u/get_user_info.html
INFO: [ app_init ] --START--
INFO: Run Behavior\BuildLiteBehavior [ RunTime:0.000017s ]
INFO: [ app_init ] --END-- [ RunTime:0.000321s ]
INFO: [ app_begin ] --START--
INFO: Run Behavior\ReadHtmlCacheBehavior [ RunTime:0.000325s ]
INFO: [ app_begin ] --END-- [ RunTime:0.000401s ]
NOTIC: [8] Use of undefined constant json - assumed 'json' D:\wamp\www\Finance\Admin\App\Home\Controller\UserController.class.php 第 28 行.

[ 2019-02-18T11:05:33+08:00 ] 192.168.0.150 /u/get_user_info.html
INFO: [ app_init ] --START--
INFO: Run Behavior\BuildLiteBehavior [ RunTime:0.000031s ]
INFO: [ app_init ] --END-- [ RunTime:0.000460s ]
INFO: [ app_begin ] --START--
INFO: Run Behavior\ReadHtmlCacheBehavior [ RunTime:0.000394s ]
INFO: [ app_begin ] --END-- [ RunTime:0.000471s ]
NOTIC: [8] Use of undefined constant json - assumed 'json' D:\wamp\www\Finance\Admin\App\Home\Controller\UserController.class.php 第 28 行.

[ 2019-02-18T11:06:08+08:00 ] 127.0.0.1 /u/get_user_info.html
INFO: [ app_init ] --START--
INFO: Run Behavior\BuildLiteBehavior [ RunTime:0.000016s ]
INFO: [ app_init ] --END-- [ RunTime:0.000259s ]
INFO: [ app_begin ] --START--
INFO: Run Behavior\ReadHtmlCacheBehavior [ RunTime:0.000373s ]
INFO: [ app_begin ] --END-- [ RunTime:0.000491s ]
NOTIC: [8] Use of undefined constant json - assumed 'json' D:\wamp\www\Finance\Admin\App\Home\Controller\UserController.class.php 第 28 行.

[ 2019-02-18T11:08:09+08:00 ] 127.0.0.1 /u/get_user_info.html
INFO: [ app_init ] --START--
INFO: Run Behavior\BuildLiteBehavior [ RunTime:0.000016s ]
INFO: [ app_init ] --END-- [ RunTime:0.000324s ]
INFO: [ app_begin ] --START--
INFO: Run Behavior\ReadHtmlCacheBehavior [ RunTime:0.000391s ]
INFO: [ app_begin ] --END-- [ RunTime:0.000467s ]
NOTIC: [8] Use of undefined constant json - assumed 'json' D:\wamp\www\Finance\Admin\App\Home\Controller\UserController.class.php 第 29 行.

[ 2019-02-18T11:09:12+08:00 ] 192.168.0.150 /u/get_user_info.html
INFO: [ app_init ] --START--
INFO: Run Behavior\BuildLiteBehavior [ RunTime:0.000015s ]
INFO: [ app_init ] --END-- [ RunTime:0.000254s ]
INFO: [ app_begin ] --START--
INFO: Run Behavior\ReadHtmlCacheBehavior [ RunTime:0.000313s ]
INFO: [ app_begin ] --END-- [ RunTime:0.000387s ]
NOTIC: [8] Use of undefined constant json - assumed 'json' D:\wamp\www\Finance\Admin\App\Home\Controller\UserController.class.php 第 29 行.

[ 2019-02-18T11:10:11+08:00 ] 192.168.0.150 /u/get_user_info.html
INFO: [ app_init ] --START--
INFO: Run Behavior\BuildLiteBehavior [ RunTime:0.000015s ]
INFO: [ app_init ] --END-- [ RunTime:0.000280s ]
INFO: [ app_begin ] --START--
INFO: Run Behavior\ReadHtmlCacheBehavior [ RunTime:0.000387s ]
INFO: [ app_begin ] --END-- [ RunTime:0.000463s ]
NOTIC: [8] Use of undefined constant json - assumed 'json' D:\wamp\www\Finance\Admin\App\Home\Controller\UserController.class.php 第 29 行.

[ 2019-02-18T11:10:23+08:00 ] 192.168.0.150 /u/get_user_info.html
INFO: [ app_init ] --START--
INFO: Run Behavior\BuildLiteBehavior [ RunTime:0.000014s ]
INFO: [ app_init ] --END-- [ RunTime:0.000251s ]
INFO: [ app_begin ] --START--
INFO: Run Behavior\ReadHtmlCacheBehavior [ RunTime:0.008236s ]
INFO: [ app_begin ] --END-- [ RunTime:0.008334s ]
NOTIC: [8] Use of undefined constant json - assumed 'json' D:\wamp\www\Finance\Admin\App\Home\Controller\UserController.class.php 第 29 行.

[ 2019-02-18T11:10:56+08:00 ] 192.168.0.150 /u/get_user_info.html
INFO: [ app_init ] --START--
INFO: Run Behavior\BuildLiteBehavior [ RunTime:0.000016s ]
INFO: [ app_init ] --END-- [ RunTime:0.000264s ]
INFO: [ app_begin ] --START--
INFO: Run Behavior\ReadHtmlCacheBehavior [ RunTime:0.000318s ]
INFO: [ app_begin ] --END-- [ RunTime:0.000393s ]
NOTIC: [8] Use of undefined constant json - assumed 'json' D:\wamp\www\Finance\Admin\App\Home\Controller\UserController.class.php 第 29 行.

[ 2019-02-18T11:10:59+08:00 ] 192.168.0.150 /u/get_user_info.html
INFO: [ app_init ] --START--
INFO: Run Behavior\BuildLiteBehavior [ RunTime:0.000016s ]
INFO: [ app_init ] --END-- [ RunTime:0.000302s ]
INFO: [ app_begin ] --START--
INFO: Run Behavior\ReadHtmlCacheBehavior [ RunTime:0.000327s ]
INFO: [ app_begin ] --END-- [ RunTime:0.000401s ]
NOTIC: [8] Use of undefined constant json - assumed 'json' D:\wamp\www\Finance\Admin\App\Home\Controller\UserController.class.php 第 29 行.

[ 2019-02-18T11:11:31+08:00 ] 192.168.0.150 /u/get_user_info.html
INFO: [ app_init ] --START--
INFO: Run Behavior\BuildLiteBehavior [ RunTime:0.000015s ]
INFO: [ app_init ] --END-- [ RunTime:0.000256s ]
INFO: [ app_begin ] --START--
INFO: Run Behavior\ReadHtmlCacheBehavior [ RunTime:0.000321s ]
INFO: [ app_begin ] --END-- [ RunTime:0.000396s ]
NOTIC: [8] Use of undefined constant json - assumed 'json' D:\wamp\www\Finance\Admin\App\Home\Controller\UserController.class.php 第 29 行.

[ 2019-02-18T11:19:05+08:00 ] 192.168.0.150 /u/get_user_info.html
INFO: [ app_init ] --START--
INFO: Run Behavior\BuildLiteBehavior [ RunTime:0.000016s ]
INFO: [ app_init ] --END-- [ RunTime:0.000284s ]
INFO: [ app_begin ] --START--
INFO: Run Behavior\ReadHtmlCacheBehavior [ RunTime:0.000387s ]
INFO: [ app_begin ] --END-- [ RunTime:0.000463s ]
NOTIC: [8] Use of undefined constant json - assumed 'json' D:\wamp\www\Finance\Admin\App\Home\Controller\UserController.class.php 第 28 行.

[ 2019-02-18T11:19:47+08:00 ] 192.168.0.150 /u/get_user_info.html
INFO: [ app_init ] --START--
INFO: Run Behavior\BuildLiteBehavior [ RunTime:0.000015s ]
INFO: [ app_init ] --END-- [ RunTime:0.000252s ]
INFO: [ app_begin ] --START--
INFO: Run Behavior\ReadHtmlCacheBehavior [ RunTime:0.000312s ]
INFO: [ app_begin ] --END-- [ RunTime:0.000387s ]
NOTIC: [8] Use of undefined constant json - assumed 'json' D:\wamp\www\Finance\Admin\App\Home\Controller\UserController.class.php 第 28 行.

[ 2019-02-18T11:19:58+08:00 ] 192.168.0.150 /u/get_user_info.html
INFO: [ app_init ] --START--
INFO: Run Behavior\BuildLiteBehavior [ RunTime:0.000014s ]
INFO: [ app_init ] --END-- [ RunTime:0.000252s ]
INFO: [ app_begin ] --START--
INFO: Run Behavior\ReadHtmlCacheBehavior [ RunTime:0.000312s ]
INFO: [ app_begin ] --END-- [ RunTime:0.000384s ]
NOTIC: [8] Use of undefined constant json - assumed 'json' D:\wamp\www\Finance\Admin\App\Home\Controller\UserController.class.php 第 28 行.

[ 2019-02-18T11:19:59+08:00 ] 192.168.0.150 /u/get_user_info.html
INFO: [ app_init ] --START--
INFO: Run Behavior\BuildLiteBehavior [ RunTime:0.000016s ]
INFO: [ app_init ] --END-- [ RunTime:0.000263s ]
INFO: [ app_begin ] --START--
INFO: Run Behavior\ReadHtmlCacheBehavior [ RunTime:0.000316s ]
INFO: [ app_begin ] --END-- [ RunTime:0.000390s ]
NOTIC: [8] Use of undefined constant json - assumed 'json' D:\wamp\www\Finance\Admin\App\Home\Controller\UserController.class.php 第 28 行.

[ 2019-02-18T11:19:59+08:00 ] 192.168.0.150 /u/get_user_info.html
INFO: [ app_init ] --START--
INFO: Run Behavior\BuildLiteBehavior [ RunTime:0.000017s ]
INFO: [ app_init ] --END-- [ RunTime:0.000267s ]
INFO: [ app_begin ] --START--
INFO: Run Behavior\ReadHtmlCacheBehavior [ RunTime:0.000314s ]
INFO: [ app_begin ] --END-- [ RunTime:0.000390s ]
NOTIC: [8] Use of undefined constant json - assumed 'json' D:\wamp\www\Finance\Admin\App\Home\Controller\UserController.class.php 第 28 行.

[ 2019-02-18T11:21:22+08:00 ] 192.168.0.150 /u/get_user_info.html
INFO: [ app_init ] --START--
INFO: Run Behavior\BuildLiteBehavior [ RunTime:0.000015s ]
INFO: [ app_init ] --END-- [ RunTime:0.000280s ]
INFO: [ app_begin ] --START--
INFO: Run Behavior\ReadHtmlCacheBehavior [ RunTime:0.000382s ]
INFO: [ app_begin ] --END-- [ RunTime:0.000456s ]
NOTIC: [8] Use of undefined constant json - assumed 'json' D:\wamp\www\Finance\Admin\App\Home\Controller\UserController.class.php 第 28 行.

[ 2019-02-18T11:21:31+08:00 ] 192.168.0.150 /u/get_user_info.html
INFO: [ app_init ] --START--
INFO: Run Behavior\BuildLiteBehavior [ RunTime:0.000016s ]
INFO: [ app_init ] --END-- [ RunTime:0.000264s ]
INFO: [ app_begin ] --START--
INFO: Run Behavior\ReadHtmlCacheBehavior [ RunTime:0.000316s ]
INFO: [ app_begin ] --END-- [ RunTime:0.000389s ]
NOTIC: [8] Use of undefined constant json - assumed 'json' D:\wamp\www\Finance\Admin\App\Home\Controller\UserController.class.php 第 28 行.

[ 2019-02-18T11:22:04+08:00 ] 192.168.0.150 /u/get_user_info.html
INFO: [ app_init ] --START--
INFO: Run Behavior\BuildLiteBehavior [ RunTime:0.000014s ]
INFO: [ app_init ] --END-- [ RunTime:0.000253s ]
INFO: [ app_begin ] --START--
INFO: Run Behavior\ReadHtmlCacheBehavior [ RunTime:0.000315s ]
INFO: [ app_begin ] --END-- [ RunTime:0.000388s ]
NOTIC: [8] Use of undefined constant json - assumed 'json' D:\wamp\www\Finance\Admin\App\Home\Controller\UserController.class.php 第 28 行.

[ 2019-02-18T11:24:59+08:00 ] 192.168.0.150 /u/get_user_info.html
INFO: [ app_init ] --START--
INFO: Run Behavior\BuildLiteBehavior [ RunTime:0.000015s ]
INFO: [ app_init ] --END-- [ RunTime:0.000288s ]
INFO: [ app_begin ] --START--
INFO: Run Behavior\ReadHtmlCacheBehavior [ RunTime:0.000381s ]
INFO: [ app_begin ] --END-- [ RunTime:0.000457s ]
NOTIC: [8] Use of undefined constant json - assumed 'json' D:\wamp\www\Finance\Admin\App\Home\Controller\UserController.class.php 第 28 行.

[ 2019-02-18T11:25:43+08:00 ] 192.168.0.150 /u/get_user_info.html
INFO: [ app_init ] --START--
INFO: Run Behavior\BuildLiteBehavior [ RunTime:0.000016s ]
INFO: [ app_init ] --END-- [ RunTime:0.000261s ]
INFO: [ app_begin ] --START--
INFO: Run Behavior\ReadHtmlCacheBehavior [ RunTime:0.000312s ]
INFO: [ app_begin ] --END-- [ RunTime:0.000386s ]
NOTIC: [8] Use of undefined constant json - assumed 'json' D:\wamp\www\Finance\Admin\App\Home\Controller\UserController.class.php 第 28 行.

[ 2019-02-18T11:27:02+08:00 ] 192.168.0.150 /u/get_user_info.html
INFO: [ app_init ] --START--
INFO: Run Behavior\BuildLiteBehavior [ RunTime:0.000022s ]
INFO: [ app_init ] --END-- [ RunTime:0.000300s ]
INFO: [ app_begin ] --START--
INFO: Run Behavior\ReadHtmlCacheBehavior [ RunTime:0.000393s ]
INFO: [ app_begin ] --END-- [ RunTime:0.000469s ]
NOTIC: [8] Use of undefined constant json - assumed 'json' D:\wamp\www\Finance\Admin\App\Home\Controller\UserController.class.php 第 28 行.

[ 2019-02-18T11:28:35+08:00 ] 192.168.0.150 /u/get_user_info.html
INFO: [ app_init ] --START--
INFO: Run Behavior\BuildLiteBehavior [ RunTime:0.000016s ]
INFO: [ app_init ] --END-- [ RunTime:0.000271s ]
INFO: [ app_begin ] --START--
INFO: Run Behavior\ReadHtmlCacheBehavior [ RunTime:0.000335s ]
INFO: [ app_begin ] --END-- [ RunTime:0.000414s ]
NOTIC: [8] Use of undefined constant json - assumed 'json' D:\wamp\www\Finance\Admin\App\Home\Controller\UserController.class.php 第 28 行.

[ 2019-02-18T11:53:50+08:00 ] 192.168.0.150 /u/get_user_info.html
INFO: [ app_init ] --START--
INFO: Run Behavior\BuildLiteBehavior [ RunTime:0.000016s ]
INFO: [ app_init ] --END-- [ RunTime:0.000284s ]
INFO: [ app_begin ] --START--
INFO: Run Behavior\ReadHtmlCacheBehavior [ RunTime:0.000383s ]
INFO: [ app_begin ] --END-- [ RunTime:0.000459s ]
NOTIC: [8] Use of undefined constant json - assumed 'json' D:\wamp\www\Finance\Admin\App\Home\Controller\UserController.class.php 第 28 行.

[ 2019-02-18T11:58:12+08:00 ] 192.168.0.150 /u/get_user_info.html
INFO: [ app_init ] --START--
INFO: Run Behavior\BuildLiteBehavior [ RunTime:0.000015s ]
INFO: [ app_init ] --END-- [ RunTime:0.000285s ]
INFO: [ app_begin ] --START--
INFO: Run Behavior\ReadHtmlCacheBehavior [ RunTime:0.000387s ]
INFO: [ app_begin ] --END-- [ RunTime:0.000463s ]
NOTIC: [8] Use of undefined constant json - assumed 'json' D:\wamp\www\Finance\Admin\App\Home\Controller\UserController.class.php 第 28 行.

[ 2019-02-18T12:19:06+08:00 ] 127.0.0.1 /u/get_user_info.html
INFO: [ app_init ] --START--
INFO: Run Behavior\BuildLiteBehavior [ RunTime:0.000020s ]
INFO: [ app_init ] --END-- [ RunTime:0.000531s ]
INFO: [ app_begin ] --START--
INFO: Run Behavior\ReadHtmlCacheBehavior [ RunTime:0.000445s ]
INFO: [ app_begin ] --END-- [ RunTime:0.000534s ]

[ 2019-02-18T12:19:48+08:00 ] 127.0.0.1 /u/get_user_info.html
INFO: [ app_init ] --START--
INFO: Run Behavior\BuildLiteBehavior [ RunTime:0.000016s ]
INFO: [ app_init ] --END-- [ RunTime:0.000261s ]
INFO: [ app_begin ] --START--
INFO: Run Behavior\ReadHtmlCacheBehavior [ RunTime:0.000329s ]
INFO: [ app_begin ] --END-- [ RunTime:0.000406s ]
NOTIC: [8] Use of undefined constant json - assumed 'json' D:\wamp\www\Finance\Admin\App\Home\Controller\UserController.class.php 第 28 行.

[ 2019-02-18T12:29:28+08:00 ] 127.0.0.1 /u/get_user_info.html
INFO: [ app_init ] --START--
INFO: Run Behavior\BuildLiteBehavior [ RunTime:0.000020s ]
INFO: [ app_init ] --END-- [ RunTime:0.000328s ]
INFO: [ app_begin ] --START--
INFO: Run Behavior\ReadHtmlCacheBehavior [ RunTime:0.000413s ]
INFO: [ app_begin ] --END-- [ RunTime:0.000495s ]
NOTIC: [8] Use of undefined constant json - assumed 'json' D:\wamp\www\Finance\Admin\App\Home\Controller\UserController.class.php 第 28 行.

[ 2019-02-18T12:31:42+08:00 ] 127.0.0.1 /u/get_user_info.html
INFO: [ app_init ] --START--
INFO: Run Behavior\BuildLiteBehavior [ RunTime:0.000018s ]
INFO: [ app_init ] --END-- [ RunTime:0.000321s ]
INFO: [ app_begin ] --START--
INFO: Run Behavior\ReadHtmlCacheBehavior [ RunTime:0.000434s ]
INFO: [ app_begin ] --END-- [ RunTime:0.000516s ]
NOTIC: [8] Use of undefined constant json - assumed 'json' D:\wamp\www\Finance\Admin\App\Home\Controller\UserController.class.php 第 28 行.

[ 2019-02-18T12:32:45+08:00 ] 192.168.0.175 /u/get_user_info.html
INFO: [ app_init ] --START--
INFO: Run Behavior\BuildLiteBehavior [ RunTime:0.000015s ]
INFO: [ app_init ] --END-- [ RunTime:0.000254s ]
INFO: [ app_begin ] --START--
INFO: Run Behavior\ReadHtmlCacheBehavior [ RunTime:0.000314s ]
INFO: [ app_begin ] --END-- [ RunTime:0.000389s ]
NOTIC: [8] Use of undefined constant json - assumed 'json' D:\wamp\www\Finance\Admin\App\Home\Controller\UserController.class.php 第 28 行.

[ 2019-02-18T12:33:20+08:00 ] 192.168.0.175 /u/get_user_info.html
INFO: [ app_init ] --START--
INFO: Run Behavior\BuildLiteBehavior [ RunTime:0.000015s ]
INFO: [ app_init ] --END-- [ RunTime:0.000258s ]
INFO: [ app_begin ] --START--
INFO: Run Behavior\ReadHtmlCacheBehavior [ RunTime:0.000316s ]
INFO: [ app_begin ] --END-- [ RunTime:0.000392s ]
NOTIC: [8] Use of undefined constant json - assumed 'json' D:\wamp\www\Finance\Admin\App\Home\Controller\UserController.class.php 第 28 行.

[ 2019-02-18T12:34:02+08:00 ] 192.168.0.175 /u/get_user_info.html
INFO: [ app_init ] --START--
INFO: Run Behavior\BuildLiteBehavior [ RunTime:0.000015s ]
INFO: [ app_init ] --END-- [ RunTime:0.000279s ]
INFO: [ app_begin ] --START--
INFO: Run Behavior\ReadHtmlCacheBehavior [ RunTime:0.000382s ]
INFO: [ app_begin ] --END-- [ RunTime:0.000457s ]
NOTIC: [8] Use of undefined constant json - assumed 'json' D:\wamp\www\Finance\Admin\App\Home\Controller\UserController.class.php 第 28 行.

[ 2019-02-18T13:12:18+08:00 ] 192.168.0.150 /u/get_user_info.html
INFO: [ app_init ] --START--
INFO: Run Behavior\BuildLiteBehavior [ RunTime:0.000016s ]
INFO: [ app_init ] --END-- [ RunTime:0.000297s ]
INFO: [ app_begin ] --START--
INFO: Run Behavior\ReadHtmlCacheBehavior [ RunTime:0.000392s ]
INFO: [ app_begin ] --END-- [ RunTime:0.000467s ]
NOTIC: [8] Use of undefined constant json - assumed 'json' D:\wamp\www\Finance\Admin\App\Home\Controller\UserController.class.php 第 28 行.

[ 2019-02-18T13:27:39+08:00 ] 192.168.0.150 /u/get_user_info.html
INFO: [ app_init ] --START--
INFO: Run Behavior\BuildLiteBehavior [ RunTime:0.000016s ]
INFO: [ app_init ] --END-- [ RunTime:0.000296s ]
INFO: [ app_begin ] --START--
INFO: Run Behavior\ReadHtmlCacheBehavior [ RunTime:0.000383s ]
INFO: [ app_begin ] --END-- [ RunTime:0.000459s ]
NOTIC: [8] Use of undefined constant json - assumed 'json' D:\wamp\www\Finance\Admin\App\Home\Controller\UserController.class.php 第 28 行.

[ 2019-02-18T13:27:51+08:00 ] 192.168.0.150 /u/get_user_info.html
INFO: [ app_init ] --START--
INFO: Run Behavior\BuildLiteBehavior [ RunTime:0.000018s ]
INFO: [ app_init ] --END-- [ RunTime:0.000276s ]
INFO: [ app_begin ] --START--
INFO: Run Behavior\ReadHtmlCacheBehavior [ RunTime:0.000328s ]
INFO: [ app_begin ] --END-- [ RunTime:0.000403s ]
NOTIC: [8] Use of undefined constant json - assumed 'json' D:\wamp\www\Finance\Admin\App\Home\Controller\UserController.class.php 第 28 行.

[ 2019-02-18T13:35:53+08:00 ] 192.168.0.150 /u/get_user_info.html
INFO: [ app_init ] --START--
INFO: Run Behavior\BuildLiteBehavior [ RunTime:0.000017s ]
INFO: [ app_init ] --END-- [ RunTime:0.000317s ]
INFO: [ app_begin ] --START--
INFO: Run Behavior\ReadHtmlCacheBehavior [ RunTime:0.000391s ]
INFO: [ app_begin ] --END-- [ RunTime:0.000465s ]
NOTIC: [8] Use of undefined constant json - assumed 'json' D:\wamp\www\Finance\Admin\App\Home\Controller\UserController.class.php 第 28 行.

[ 2019-02-18T13:37:03+08:00 ] 192.168.0.150 /u/get_user_info.html
INFO: [ app_init ] --START--
INFO: Run Behavior\BuildLiteBehavior [ RunTime:0.000014s ]
INFO: [ app_init ] --END-- [ RunTime:0.000256s ]
INFO: [ app_begin ] --START--
INFO: Run Behavior\ReadHtmlCacheBehavior [ RunTime:0.000315s ]
INFO: [ app_begin ] --END-- [ RunTime:0.000390s ]
NOTIC: [8] Use of undefined constant json - assumed 'json' D:\wamp\www\Finance\Admin\App\Home\Controller\UserController.class.php 第 28 行.

[ 2019-02-18T13:38:43+08:00 ] 192.168.0.150 /u/get_user_info.html
INFO: [ app_init ] --START--
INFO: Run Behavior\BuildLiteBehavior [ RunTime:0.000014s ]
INFO: [ app_init ] --END-- [ RunTime:0.000279s ]
INFO: [ app_begin ] --START--
INFO: Run Behavior\ReadHtmlCacheBehavior [ RunTime:0.009055s ]
INFO: [ app_begin ] --END-- [ RunTime:0.009153s ]
NOTIC: [8] Undefined index: user_name D:\wamp\www\Finance\Admin\App\Home\Controller\UserController.class.php 第 16 行.
NOTIC: [8] Use of undefined constant json - assumed 'json' D:\wamp\www\Finance\Admin\App\Home\Controller\UserController.class.php 第 28 行.

[ 2019-02-18T13:39:01+08:00 ] 192.168.0.150 /u/get_user_info.html
INFO: [ app_init ] --START--
INFO: Run Behavior\BuildLiteBehavior [ RunTime:0.000016s ]
INFO: [ app_init ] --END-- [ RunTime:0.000253s ]
INFO: [ app_begin ] --START--
INFO: Run Behavior\ReadHtmlCacheBehavior [ RunTime:0.000314s ]
INFO: [ app_begin ] --END-- [ RunTime:0.000388s ]
NOTIC: [8] Undefined index: user_name D:\wamp\www\Finance\Admin\App\Home\Controller\UserController.class.php 第 16 行.
NOTIC: [8] Use of undefined constant json - assumed 'json' D:\wamp\www\Finance\Admin\App\Home\Controller\UserController.class.php 第 28 行.

[ 2019-02-18T13:39:26+08:00 ] 192.168.0.150 /u/get_user_info.html
INFO: [ app_init ] --START--
INFO: Run Behavior\BuildLiteBehavior [ RunTime:0.000015s ]
INFO: [ app_init ] --END-- [ RunTime:0.000256s ]
INFO: [ app_begin ] --START--
INFO: Run Behavior\ReadHtmlCacheBehavior [ RunTime:0.000314s ]
INFO: [ app_begin ] --END-- [ RunTime:0.000388s ]
NOTIC: [8] Undefined index: user_name D:\wamp\www\Finance\Admin\App\Home\Controller\UserController.class.php 第 16 行.
NOTIC: [8] Use of undefined constant json - assumed 'json' D:\wamp\www\Finance\Admin\App\Home\Controller\UserController.class.php 第 28 行.

[ 2019-02-18T13:40:11+08:00 ] 192.168.0.150 /u/get_user_info.html
INFO: [ app_init ] --START--
INFO: Run Behavior\BuildLiteBehavior [ RunTime:0.000017s ]
INFO: [ app_init ] --END-- [ RunTime:0.000267s ]
INFO: [ app_begin ] --START--
INFO: Run Behavior\ReadHtmlCacheBehavior [ RunTime:0.000317s ]
INFO: [ app_begin ] --END-- [ RunTime:0.000392s ]
NOTIC: [8] Undefined index: user_name D:\wamp\www\Finance\Admin\App\Home\Controller\UserController.class.php 第 16 行.
NOTIC: [8] Use of undefined constant json - assumed 'json' D:\wamp\www\Finance\Admin\App\Home\Controller\UserController.class.php 第 28 行.

[ 2019-02-18T13:40:12+08:00 ] 127.0.0.1 /u/get_user_info.html
INFO: [ app_init ] --START--
INFO: Run Behavior\BuildLiteBehavior [ RunTime:0.000020s ]
INFO: [ app_init ] --END-- [ RunTime:0.000302s ]
INFO: [ app_begin ] --START--
INFO: Run Behavior\ReadHtmlCacheBehavior [ RunTime:0.000878s ]
INFO: [ app_begin ] --END-- [ RunTime:0.000952s ]
NOTIC: [8] Use of undefined constant json - assumed 'json' D:\wamp\www\Finance\Admin\App\Home\Controller\UserController.class.php 第 28 行.

[ 2019-02-18T13:40:38+08:00 ] 127.0.0.1 /u/get_user_info.html
INFO: [ app_init ] --START--
INFO: Run Behavior\BuildLiteBehavior [ RunTime:0.000015s ]
INFO: [ app_init ] --END-- [ RunTime:0.000256s ]
INFO: [ app_begin ] --START--
INFO: Run Behavior\ReadHtmlCacheBehavior [ RunTime:0.000320s ]
INFO: [ app_begin ] --END-- [ RunTime:0.000395s ]
NOTIC: [8] Use of undefined constant json - assumed 'json' D:\wamp\www\Finance\Admin\App\Home\Controller\UserController.class.php 第 28 行.

[ 2019-02-18T13:41:11+08:00 ] 192.168.0.150 /u/get_user_info.html
INFO: [ app_init ] --START--
INFO: Run Behavior\BuildLiteBehavior [ RunTime:0.000015s ]
INFO: [ app_init ] --END-- [ RunTime:0.000288s ]
INFO: [ app_begin ] --START--
INFO: Run Behavior\ReadHtmlCacheBehavior [ RunTime:0.000387s ]
INFO: [ app_begin ] --END-- [ RunTime:0.000464s ]
NOTIC: [8] Undefined index: user_name D:\wamp\www\Finance\Admin\App\Home\Controller\UserController.class.php 第 16 行.
NOTIC: [8] Use of undefined constant json - assumed 'json' D:\wamp\www\Finance\Admin\App\Home\Controller\UserController.class.php 第 28 行.

[ 2019-02-18T13:43:46+08:00 ] 192.168.0.150 /u/get_user_info.html
INFO: [ app_init ] --START--
INFO: Run Behavior\BuildLiteBehavior [ RunTime:0.000016s ]
INFO: [ app_init ] --END-- [ RunTime:0.000285s ]
INFO: [ app_begin ] --START--
INFO: Run Behavior\ReadHtmlCacheBehavior [ RunTime:0.000385s ]
INFO: [ app_begin ] --END-- [ RunTime:0.000460s ]
NOTIC: [8] Use of undefined constant json - assumed 'json' D:\wamp\www\Finance\Admin\App\Home\Controller\UserController.class.php 第 28 行.

[ 2019-02-18T13:44:58+08:00 ] 192.168.0.150 /u/get_user_info.html
INFO: [ app_init ] --START--
INFO: Run Behavior\BuildLiteBehavior [ RunTime:0.000016s ]
INFO: [ app_init ] --END-- [ RunTime:0.000256s ]
INFO: [ app_begin ] --START--
INFO: Run Behavior\ReadHtmlCacheBehavior [ RunTime:0.000311s ]
INFO: [ app_begin ] --END-- [ RunTime:0.000385s ]
NOTIC: [8] Use of undefined constant json - assumed 'json' D:\wamp\www\Finance\Admin\App\Home\Controller\UserController.class.php 第 28 行.

[ 2019-02-18T13:49:00+08:00 ] 192.168.0.150 /u/get_user_info.html
INFO: [ app_init ] --START--
INFO: Run Behavior\BuildLiteBehavior [ RunTime:0.000016s ]
INFO: [ app_init ] --END-- [ RunTime:0.000282s ]
INFO: [ app_begin ] --START--
INFO: Run Behavior\ReadHtmlCacheBehavior [ RunTime:0.000388s ]
INFO: [ app_begin ] --END-- [ RunTime:0.000463s ]
NOTIC: [8] Use of undefined constant json - assumed 'json' D:\wamp\www\Finance\Admin\App\Home\Controller\UserController.class.php 第 28 行.

[ 2019-02-18T14:04:19+08:00 ] 192.168.0.150 /u/get_user_info.html
INFO: [ app_init ] --START--
INFO: Run Behavior\BuildLiteBehavior [ RunTime:0.000015s ]
INFO: [ app_init ] --END-- [ RunTime:0.000289s ]
INFO: [ app_begin ] --START--
INFO: Run Behavior\ReadHtmlCacheBehavior [ RunTime:0.000382s ]
INFO: [ app_begin ] --END-- [ RunTime:0.000459s ]
NOTIC: [8] Use of undefined constant json - assumed 'json' D:\wamp\www\Finance\Admin\App\Home\Controller\UserController.class.php 第 28 行.

[ 2019-02-18T14:10:42+08:00 ] 192.168.0.150 /u/get_user_info.html
INFO: [ app_init ] --START--
INFO: Run Behavior\BuildLiteBehavior [ RunTime:0.000015s ]
INFO: [ app_init ] --END-- [ RunTime:0.000287s ]
INFO: [ app_begin ] --START--
INFO: Run Behavior\ReadHtmlCacheBehavior [ RunTime:0.000379s ]
INFO: [ app_begin ] --END-- [ RunTime:0.000455s ]
NOTIC: [8] Use of undefined constant json - assumed 'json' D:\wamp\www\Finance\Admin\App\Home\Controller\UserController.class.php 第 28 行.

[ 2019-02-18T14:10:45+08:00 ] 192.168.0.150 /u/get_user_info.html
INFO: [ app_init ] --START--
INFO: Run Behavior\BuildLiteBehavior [ RunTime:0.000017s ]
INFO: [ app_init ] --END-- [ RunTime:0.000273s ]
INFO: [ app_begin ] --START--
INFO: Run Behavior\ReadHtmlCacheBehavior [ RunTime:0.000325s ]
INFO: [ app_begin ] --END-- [ RunTime:0.000401s ]
NOTIC: [8] Use of undefined constant json - assumed 'json' D:\wamp\www\Finance\Admin\App\Home\Controller\UserController.class.php 第 28 行.

[ 2019-02-18T14:12:08+08:00 ] 192.168.0.150 /u/get_user_info.html
INFO: [ app_init ] --START--
INFO: Run Behavior\BuildLiteBehavior [ RunTime:0.000017s ]
INFO: [ app_init ] --END-- [ RunTime:0.000265s ]
INFO: [ app_begin ] --START--
INFO: Run Behavior\ReadHtmlCacheBehavior [ RunTime:0.000325s ]
INFO: [ app_begin ] --END-- [ RunTime:0.000400s ]
NOTIC: [8] Use of undefined constant json - assumed 'json' D:\wamp\www\Finance\Admin\App\Home\Controller\UserController.class.php 第 28 行.

[ 2019-02-18T14:12:10+08:00 ] 192.168.0.150 /u/get_user_info.html
INFO: [ app_init ] --START--
INFO: Run Behavior\BuildLiteBehavior [ RunTime:0.000016s ]
INFO: [ app_init ] --END-- [ RunTime:0.000258s ]
INFO: [ app_begin ] --START--
INFO: Run Behavior\ReadHtmlCacheBehavior [ RunTime:0.000314s ]
INFO: [ app_begin ] --END-- [ RunTime:0.000388s ]
NOTIC: [8] Use of undefined constant json - assumed 'json' D:\wamp\www\Finance\Admin\App\Home\Controller\UserController.class.php 第 28 行.

[ 2019-02-18T14:12:11+08:00 ] 192.168.0.150 /u/get_user_info.html
INFO: [ app_init ] --START--
INFO: Run Behavior\BuildLiteBehavior [ RunTime:0.000014s ]
INFO: [ app_init ] --END-- [ RunTime:0.000254s ]
INFO: [ app_begin ] --START--
INFO: Run Behavior\ReadHtmlCacheBehavior [ RunTime:0.000312s ]
INFO: [ app_begin ] --END-- [ RunTime:0.000386s ]
NOTIC: [8] Use of undefined constant json - assumed 'json' D:\wamp\www\Finance\Admin\App\Home\Controller\UserController.class.php 第 28 行.

[ 2019-02-18T14:13:01+08:00 ] 192.168.0.150 /u/get_user_info.html
INFO: [ app_init ] --START--
INFO: Run Behavior\BuildLiteBehavior [ RunTime:0.000015s ]
INFO: [ app_init ] --END-- [ RunTime:0.000278s ]
INFO: [ app_begin ] --START--
INFO: Run Behavior\ReadHtmlCacheBehavior [ RunTime:0.000382s ]
INFO: [ app_begin ] --END-- [ RunTime:0.000463s ]
NOTIC: [8] Use of undefined constant json - assumed 'json' D:\wamp\www\Finance\Admin\App\Home\Controller\UserController.class.php 第 28 行.

[ 2019-02-18T14:13:02+08:00 ] 192.168.0.150 /u/get_user_info.html
INFO: [ app_init ] --START--
INFO: Run Behavior\BuildLiteBehavior [ RunTime:0.000015s ]
INFO: [ app_init ] --END-- [ RunTime:0.000253s ]
INFO: [ app_begin ] --START--
INFO: Run Behavior\ReadHtmlCacheBehavior [ RunTime:0.000324s ]
INFO: [ app_begin ] --END-- [ RunTime:0.000398s ]
NOTIC: [8] Use of undefined constant json - assumed 'json' D:\wamp\www\Finance\Admin\App\Home\Controller\UserController.class.php 第 28 行.

[ 2019-02-18T14:13:04+08:00 ] 192.168.0.150 /u/get_user_info.html
INFO: [ app_init ] --START--
INFO: Run Behavior\BuildLiteBehavior [ RunTime:0.000016s ]
INFO: [ app_init ] --END-- [ RunTime:0.000266s ]
INFO: [ app_begin ] --START--
INFO: Run Behavior\ReadHtmlCacheBehavior [ RunTime:0.000332s ]
INFO: [ app_begin ] --END-- [ RunTime:0.000408s ]
NOTIC: [8] Use of undefined constant json - assumed 'json' D:\wamp\www\Finance\Admin\App\Home\Controller\UserController.class.php 第 28 行.

[ 2019-02-18T14:14:58+08:00 ] 192.168.0.150 /u/get_user_info.html
INFO: [ app_init ] --START--
INFO: Run Behavior\BuildLiteBehavior [ RunTime:0.000015s ]
INFO: [ app_init ] --END-- [ RunTime:0.000257s ]
INFO: [ app_begin ] --START--
INFO: Run Behavior\ReadHtmlCacheBehavior [ RunTime:0.000312s ]
INFO: [ app_begin ] --END-- [ RunTime:0.000386s ]
NOTIC: [8] Use of undefined constant json - assumed 'json' D:\wamp\www\Finance\Admin\App\Home\Controller\UserController.class.php 第 28 行.

[ 2019-02-18T14:15:17+08:00 ] 192.168.0.150 /u/get_user_info.html
INFO: [ app_init ] --START--
INFO: Run Behavior\BuildLiteBehavior [ RunTime:0.000017s ]
INFO: [ app_init ] --END-- [ RunTime:0.000300s ]
INFO: [ app_begin ] --START--
INFO: Run Behavior\ReadHtmlCacheBehavior [ RunTime:0.000388s ]
INFO: [ app_begin ] --END-- [ RunTime:0.000464s ]
NOTIC: [8] Use of undefined constant json - assumed 'json' D:\wamp\www\Finance\Admin\App\Home\Controller\UserController.class.php 第 28 行.

[ 2019-02-18T14:15:43+08:00 ] 192.168.0.150 /u/get_user_info.html
INFO: [ app_init ] --START--
INFO: Run Behavior\BuildLiteBehavior [ RunTime:0.000017s ]
INFO: [ app_init ] --END-- [ RunTime:0.000271s ]
INFO: [ app_begin ] --START--
INFO: Run Behavior\ReadHtmlCacheBehavior [ RunTime:0.000375s ]
INFO: [ app_begin ] --END-- [ RunTime:0.000462s ]
NOTIC: [8] Use of undefined constant json - assumed 'json' D:\wamp\www\Finance\Admin\App\Home\Controller\UserController.class.php 第 28 行.

[ 2019-02-18T14:15:46+08:00 ] 192.168.0.150 /u/get_user_info.html
INFO: [ app_init ] --START--
INFO: Run Behavior\BuildLiteBehavior [ RunTime:0.000015s ]
INFO: [ app_init ] --END-- [ RunTime:0.000263s ]
INFO: [ app_begin ] --START--
INFO: Run Behavior\ReadHtmlCacheBehavior [ RunTime:0.000321s ]
INFO: [ app_begin ] --END-- [ RunTime:0.000397s ]
NOTIC: [8] Use of undefined constant json - assumed 'json' D:\wamp\www\Finance\Admin\App\Home\Controller\UserController.class.php 第 28 行.

[ 2019-02-18T14:17:50+08:00 ] 192.168.0.150 /u/get_user_info.html
INFO: [ app_init ] --START--
INFO: Run Behavior\BuildLiteBehavior [ RunTime:0.000029s ]
INFO: [ app_init ] --END-- [ RunTime:0.000426s ]
INFO: [ app_begin ] --START--
INFO: Run Behavior\ReadHtmlCacheBehavior [ RunTime:0.000398s ]
INFO: [ app_begin ] --END-- [ RunTime:0.000475s ]
NOTIC: [8] Undefined index: user_name D:\wamp\www\Finance\Admin\App\Home\Controller\UserController.class.php 第 16 行.
NOTIC: [8] Use of undefined constant json - assumed 'json' D:\wamp\www\Finance\Admin\App\Home\Controller\UserController.class.php 第 28 行.

[ 2019-02-18T14:18:03+08:00 ] 192.168.0.150 /u/get_user_info.html
INFO: [ app_init ] --START--
INFO: Run Behavior\BuildLiteBehavior [ RunTime:0.000017s ]
INFO: [ app_init ] --END-- [ RunTime:0.000265s ]
INFO: [ app_begin ] --START--
INFO: Run Behavior\ReadHtmlCacheBehavior [ RunTime:0.000315s ]
INFO: [ app_begin ] --END-- [ RunTime:0.000388s ]
NOTIC: [8] Use of undefined constant json - assumed 'json' D:\wamp\www\Finance\Admin\App\Home\Controller\UserController.class.php 第 28 行.

[ 2019-02-18T14:18:29+08:00 ] 192.168.0.150 /u/get_user_info.html
INFO: [ app_init ] --START--
INFO: Run Behavior\BuildLiteBehavior [ RunTime:0.000033s ]
INFO: [ app_init ] --END-- [ RunTime:0.000425s ]
INFO: [ app_begin ] --START--
INFO: Run Behavior\ReadHtmlCacheBehavior [ RunTime:0.000332s ]
INFO: [ app_begin ] --END-- [ RunTime:0.000410s ]
NOTIC: [8] Use of undefined constant json - assumed 'json' D:\wamp\www\Finance\Admin\App\Home\Controller\UserController.class.php 第 28 行.

[ 2019-02-18T14:18:40+08:00 ] 192.168.0.150 /u/get_user_info.html
INFO: [ app_init ] --START--
INFO: Run Behavior\BuildLiteBehavior [ RunTime:0.000015s ]
INFO: [ app_init ] --END-- [ RunTime:0.000257s ]
INFO: [ app_begin ] --START--
INFO: Run Behavior\ReadHtmlCacheBehavior [ RunTime:0.000355s ]
INFO: [ app_begin ] --END-- [ RunTime:0.000438s ]
NOTIC: [8] Use of undefined constant json - assumed 'json' D:\wamp\www\Finance\Admin\App\Home\Controller\UserController.class.php 第 28 行.

[ 2019-02-18T14:18:41+08:00 ] 192.168.0.150 /u/get_user_info.html
INFO: [ app_init ] --START--
INFO: Run Behavior\BuildLiteBehavior [ RunTime:0.000016s ]
INFO: [ app_init ] --END-- [ RunTime:0.000272s ]
INFO: [ app_begin ] --START--
INFO: Run Behavior\ReadHtmlCacheBehavior [ RunTime:0.000320s ]
INFO: [ app_begin ] --END-- [ RunTime:0.000401s ]
NOTIC: [8] Use of undefined constant json - assumed 'json' D:\wamp\www\Finance\Admin\App\Home\Controller\UserController.class.php 第 28 行.

[ 2019-02-18T14:18:41+08:00 ] 192.168.0.150 /u/get_user_info.html
INFO: [ app_init ] --START--
INFO: Run Behavior\BuildLiteBehavior [ RunTime:0.000014s ]
INFO: [ app_init ] --END-- [ RunTime:0.000254s ]
INFO: [ app_begin ] --START--
INFO: Run Behavior\ReadHtmlCacheBehavior [ RunTime:0.000510s ]
INFO: [ app_begin ] --END-- [ RunTime:0.000640s ]
NOTIC: [8] Use of undefined constant json - assumed 'json' D:\wamp\www\Finance\Admin\App\Home\Controller\UserController.class.php 第 28 行.

[ 2019-02-18T14:18:42+08:00 ] 192.168.0.150 /u/get_user_info.html
INFO: [ app_init ] --START--
INFO: Run Behavior\BuildLiteBehavior [ RunTime:0.000017s ]
INFO: [ app_init ] --END-- [ RunTime:0.000302s ]
INFO: [ app_begin ] --START--
INFO: Run Behavior\ReadHtmlCacheBehavior [ RunTime:0.000323s ]
INFO: [ app_begin ] --END-- [ RunTime:0.000397s ]
NOTIC: [8] Use of undefined constant json - assumed 'json' D:\wamp\www\Finance\Admin\App\Home\Controller\UserController.class.php 第 28 行.

[ 2019-02-18T14:18:42+08:00 ] 192.168.0.150 /u/get_user_info.html
INFO: [ app_init ] --START--
INFO: Run Behavior\BuildLiteBehavior [ RunTime:0.000016s ]
INFO: [ app_init ] --END-- [ RunTime:0.000266s ]
INFO: [ app_begin ] --START--
INFO: Run Behavior\ReadHtmlCacheBehavior [ RunTime:0.000322s ]
INFO: [ app_begin ] --END-- [ RunTime:0.000396s ]
NOTIC: [8] Use of undefined constant json - assumed 'json' D:\wamp\www\Finance\Admin\App\Home\Controller\UserController.class.php 第 28 行.

[ 2019-02-18T14:18:42+08:00 ] 192.168.0.150 /u/get_user_info.html
INFO: [ app_init ] --START--
INFO: Run Behavior\BuildLiteBehavior [ RunTime:0.000014s ]
INFO: [ app_init ] --END-- [ RunTime:0.000264s ]
INFO: [ app_begin ] --START--
INFO: Run Behavior\ReadHtmlCacheBehavior [ RunTime:0.000313s ]
INFO: [ app_begin ] --END-- [ RunTime:0.000387s ]
NOTIC: [8] Use of undefined constant json - assumed 'json' D:\wamp\www\Finance\Admin\App\Home\Controller\UserController.class.php 第 28 行.

[ 2019-02-18T14:18:42+08:00 ] 192.168.0.150 /u/get_user_info.html
INFO: [ app_init ] --START--
INFO: Run Behavior\BuildLiteBehavior [ RunTime:0.000015s ]
INFO: [ app_init ] --END-- [ RunTime:0.000253s ]
INFO: [ app_begin ] --START--
INFO: Run Behavior\ReadHtmlCacheBehavior [ RunTime:0.000328s ]
INFO: [ app_begin ] --END-- [ RunTime:0.000402s ]
NOTIC: [8] Use of undefined constant json - assumed 'json' D:\wamp\www\Finance\Admin\App\Home\Controller\UserController.class.php 第 28 行.

[ 2019-02-18T14:18:42+08:00 ] 192.168.0.150 /u/get_user_info.html
INFO: [ app_init ] --START--
INFO: Run Behavior\BuildLiteBehavior [ RunTime:0.000016s ]
INFO: [ app_init ] --END-- [ RunTime:0.000273s ]
INFO: [ app_begin ] --START--
INFO: Run Behavior\ReadHtmlCacheBehavior [ RunTime:0.000379s ]
INFO: [ app_begin ] --END-- [ RunTime:0.000473s ]
NOTIC: [8] Use of undefined constant json - assumed 'json' D:\wamp\www\Finance\Admin\App\Home\Controller\UserController.class.php 第 28 行.

[ 2019-02-18T14:19:56+08:00 ] 192.168.0.150 /u/get_user_info.html
INFO: [ app_init ] --START--
INFO: Run Behavior\BuildLiteBehavior [ RunTime:0.000015s ]
INFO: [ app_init ] --END-- [ RunTime:0.000280s ]
INFO: [ app_begin ] --START--
INFO: Run Behavior\ReadHtmlCacheBehavior [ RunTime:0.000382s ]
INFO: [ app_begin ] --END-- [ RunTime:0.000457s ]
NOTIC: [8] Use of undefined constant json - assumed 'json' D:\wamp\www\Finance\Admin\App\Home\Controller\UserController.class.php 第 28 行.

[ 2019-02-18T14:19:57+08:00 ] 192.168.0.150 /u/get_user_info.html
INFO: [ app_init ] --START--
INFO: Run Behavior\BuildLiteBehavior [ RunTime:0.000015s ]
INFO: [ app_init ] --END-- [ RunTime:0.000256s ]
INFO: [ app_begin ] --START--
INFO: Run Behavior\ReadHtmlCacheBehavior [ RunTime:0.000321s ]
INFO: [ app_begin ] --END-- [ RunTime:0.000396s ]
NOTIC: [8] Use of undefined constant json - assumed 'json' D:\wamp\www\Finance\Admin\App\Home\Controller\UserController.class.php 第 28 行.

[ 2019-02-18T14:19:57+08:00 ] 192.168.0.150 /u/get_user_info.html
INFO: [ app_init ] --START--
INFO: Run Behavior\BuildLiteBehavior [ RunTime:0.000014s ]
INFO: [ app_init ] --END-- [ RunTime:0.000253s ]
INFO: [ app_begin ] --START--
INFO: Run Behavior\ReadHtmlCacheBehavior [ RunTime:0.000313s ]
INFO: [ app_begin ] --END-- [ RunTime:0.000388s ]
NOTIC: [8] Use of undefined constant json - assumed 'json' D:\wamp\www\Finance\Admin\App\Home\Controller\UserController.class.php 第 28 行.

[ 2019-02-18T14:19:57+08:00 ] 192.168.0.150 /u/get_user_info.html
INFO: [ app_init ] --START--
INFO: Run Behavior\BuildLiteBehavior [ RunTime:0.000015s ]
INFO: [ app_init ] --END-- [ RunTime:0.000267s ]
INFO: [ app_begin ] --START--
INFO: Run Behavior\ReadHtmlCacheBehavior [ RunTime:0.000321s ]
INFO: [ app_begin ] --END-- [ RunTime:0.000397s ]
NOTIC: [8] Use of undefined constant json - assumed 'json' D:\wamp\www\Finance\Admin\App\Home\Controller\UserController.class.php 第 28 行.

[ 2019-02-18T14:19:57+08:00 ] 192.168.0.150 /u/get_user_info.html
INFO: [ app_init ] --START--
INFO: Run Behavior\BuildLiteBehavior [ RunTime:0.000017s ]
INFO: [ app_init ] --END-- [ RunTime:0.000272s ]
INFO: [ app_begin ] --START--
INFO: Run Behavior\ReadHtmlCacheBehavior [ RunTime:0.000324s ]
INFO: [ app_begin ] --END-- [ RunTime:0.000400s ]
NOTIC: [8] Use of undefined constant json - assumed 'json' D:\wamp\www\Finance\Admin\App\Home\Controller\UserController.class.php 第 28 行.

[ 2019-02-18T14:19:57+08:00 ] 192.168.0.150 /u/get_user_info.html
INFO: [ app_init ] --START--
INFO: Run Behavior\BuildLiteBehavior [ RunTime:0.000018s ]
INFO: [ app_init ] --END-- [ RunTime:0.000274s ]
INFO: [ app_begin ] --START--
INFO: Run Behavior\ReadHtmlCacheBehavior [ RunTime:0.000326s ]
INFO: [ app_begin ] --END-- [ RunTime:0.000402s ]
NOTIC: [8] Use of undefined constant json - assumed 'json' D:\wamp\www\Finance\Admin\App\Home\Controller\UserController.class.php 第 28 行.

[ 2019-02-18T14:19:57+08:00 ] 192.168.0.150 /u/get_user_info.html
INFO: [ app_init ] --START--
INFO: Run Behavior\BuildLiteBehavior [ RunTime:0.000017s ]
INFO: [ app_init ] --END-- [ RunTime:0.000271s ]
INFO: [ app_begin ] --START--
INFO: Run Behavior\ReadHtmlCacheBehavior [ RunTime:0.000323s ]
INFO: [ app_begin ] --END-- [ RunTime:0.000399s ]
NOTIC: [8] Use of undefined constant json - assumed 'json' D:\wamp\www\Finance\Admin\App\Home\Controller\UserController.class.php 第 28 行.

[ 2019-02-18T14:19:58+08:00 ] 192.168.0.150 /u/get_user_info.html
INFO: [ app_init ] --START--
INFO: Run Behavior\BuildLiteBehavior [ RunTime:0.000015s ]
INFO: [ app_init ] --END-- [ RunTime:0.000254s ]
INFO: [ app_begin ] --START--
INFO: Run Behavior\ReadHtmlCacheBehavior [ RunTime:0.000315s ]
INFO: [ app_begin ] --END-- [ RunTime:0.000389s ]
NOTIC: [8] Use of undefined constant json - assumed 'json' D:\wamp\www\Finance\Admin\App\Home\Controller\UserController.class.php 第 28 行.

[ 2019-02-18T14:19:58+08:00 ] 192.168.0.150 /u/get_user_info.html
INFO: [ app_init ] --START--
INFO: Run Behavior\BuildLiteBehavior [ RunTime:0.000015s ]
INFO: [ app_init ] --END-- [ RunTime:0.000255s ]
INFO: [ app_begin ] --START--
INFO: Run Behavior\ReadHtmlCacheBehavior [ RunTime:0.000317s ]
INFO: [ app_begin ] --END-- [ RunTime:0.000391s ]
NOTIC: [8] Use of undefined constant json - assumed 'json' D:\wamp\www\Finance\Admin\App\Home\Controller\UserController.class.php 第 28 行.

[ 2019-02-18T14:19:58+08:00 ] 192.168.0.150 /u/get_user_info.html
INFO: [ app_init ] --START--
INFO: Run Behavior\BuildLiteBehavior [ RunTime:0.000016s ]
INFO: [ app_init ] --END-- [ RunTime:0.000261s ]
INFO: [ app_begin ] --START--
INFO: Run Behavior\ReadHtmlCacheBehavior [ RunTime:0.000319s ]
INFO: [ app_begin ] --END-- [ RunTime:0.000394s ]
NOTIC: [8] Use of undefined constant json - assumed 'json' D:\wamp\www\Finance\Admin\App\Home\Controller\UserController.class.php 第 28 行.

[ 2019-02-18T14:19:58+08:00 ] 192.168.0.150 /u/get_user_info.html
INFO: [ app_init ] --START--
INFO: Run Behavior\BuildLiteBehavior [ RunTime:0.000015s ]
INFO: [ app_init ] --END-- [ RunTime:0.000255s ]
INFO: [ app_begin ] --START--
INFO: Run Behavior\ReadHtmlCacheBehavior [ RunTime:0.000311s ]
INFO: [ app_begin ] --END-- [ RunTime:0.000386s ]
NOTIC: [8] Use of undefined constant json - assumed 'json' D:\wamp\www\Finance\Admin\App\Home\Controller\UserController.class.php 第 28 行.

[ 2019-02-18T14:19:58+08:00 ] 192.168.0.150 /u/get_user_info.html
INFO: [ app_init ] --START--
INFO: Run Behavior\BuildLiteBehavior [ RunTime:0.000015s ]
INFO: [ app_init ] --END-- [ RunTime:0.000254s ]
INFO: [ app_begin ] --START--
INFO: Run Behavior\ReadHtmlCacheBehavior [ RunTime:0.000322s ]
INFO: [ app_begin ] --END-- [ RunTime:0.000394s ]
NOTIC: [8] Use of undefined constant json - assumed 'json' D:\wamp\www\Finance\Admin\App\Home\Controller\UserController.class.php 第 28 行.

[ 2019-02-18T14:19:58+08:00 ] 192.168.0.150 /u/get_user_info.html
INFO: [ app_init ] --START--
INFO: Run Behavior\BuildLiteBehavior [ RunTime:0.000015s ]
INFO: [ app_init ] --END-- [ RunTime:0.000255s ]
INFO: [ app_begin ] --START--
INFO: Run Behavior\ReadHtmlCacheBehavior [ RunTime:0.000315s ]
INFO: [ app_begin ] --END-- [ RunTime:0.000397s ]
NOTIC: [8] Use of undefined constant json - assumed 'json' D:\wamp\www\Finance\Admin\App\Home\Controller\UserController.class.php 第 28 行.

[ 2019-02-18T14:19:59+08:00 ] 192.168.0.150 /u/get_user_info.html
INFO: [ app_init ] --START--
INFO: Run Behavior\BuildLiteBehavior [ RunTime:0.000015s ]
INFO: [ app_init ] --END-- [ RunTime:0.000254s ]
INFO: [ app_begin ] --START--
INFO: Run Behavior\ReadHtmlCacheBehavior [ RunTime:0.000314s ]
INFO: [ app_begin ] --END-- [ RunTime:0.000387s ]
NOTIC: [8] Use of undefined constant json - assumed 'json' D:\wamp\www\Finance\Admin\App\Home\Controller\UserController.class.php 第 28 行.

[ 2019-02-18T14:19:59+08:00 ] 192.168.0.150 /u/get_user_info.html
INFO: [ app_init ] --START--
INFO: Run Behavior\BuildLiteBehavior [ RunTime:0.000014s ]
INFO: [ app_init ] --END-- [ RunTime:0.000255s ]
INFO: [ app_begin ] --START--
INFO: Run Behavior\ReadHtmlCacheBehavior [ RunTime:0.000314s ]
INFO: [ app_begin ] --END-- [ RunTime:0.000389s ]
NOTIC: [8] Use of undefined constant json - assumed 'json' D:\wamp\www\Finance\Admin\App\Home\Controller\UserController.class.php 第 28 行.

[ 2019-02-18T14:19:59+08:00 ] 192.168.0.150 /u/get_user_info.html
INFO: [ app_init ] --START--
INFO: Run Behavior\BuildLiteBehavior [ RunTime:0.000015s ]
INFO: [ app_init ] --END-- [ RunTime:0.000254s ]
INFO: [ app_begin ] --START--
INFO: Run Behavior\ReadHtmlCacheBehavior [ RunTime:0.000316s ]
INFO: [ app_begin ] --END-- [ RunTime:0.000391s ]
NOTIC: [8] Use of undefined constant json - assumed 'json' D:\wamp\www\Finance\Admin\App\Home\Controller\UserController.class.php 第 28 行.

[ 2019-02-18T14:19:59+08:00 ] 192.168.0.150 /u/get_user_info.html
INFO: [ app_init ] --START--
INFO: Run Behavior\BuildLiteBehavior [ RunTime:0.000018s ]
INFO: [ app_init ] --END-- [ RunTime:0.000272s ]
INFO: [ app_begin ] --START--
INFO: Run Behavior\ReadHtmlCacheBehavior [ RunTime:0.000454s ]
INFO: [ app_begin ] --END-- [ RunTime:0.000559s ]
NOTIC: [8] Use of undefined constant json - assumed 'json' D:\wamp\www\Finance\Admin\App\Home\Controller\UserController.class.php 第 28 行.

[ 2019-02-18T14:19:59+08:00 ] 192.168.0.150 /u/get_user_info.html
INFO: [ app_init ] --START--
INFO: Run Behavior\BuildLiteBehavior [ RunTime:0.000015s ]
INFO: [ app_init ] --END-- [ RunTime:0.000251s ]
INFO: [ app_begin ] --START--
INFO: Run Behavior\ReadHtmlCacheBehavior [ RunTime:0.000314s ]
INFO: [ app_begin ] --END-- [ RunTime:0.000389s ]
NOTIC: [8] Use of undefined constant json - assumed 'json' D:\wamp\www\Finance\Admin\App\Home\Controller\UserController.class.php 第 28 行.

[ 2019-02-18T14:20:17+08:00 ] 192.168.0.150 /u/get_user_info.html
INFO: [ app_init ] --START--
INFO: Run Behavior\BuildLiteBehavior [ RunTime:0.000016s ]
INFO: [ app_init ] --END-- [ RunTime:0.000263s ]
INFO: [ app_begin ] --START--
INFO: Run Behavior\ReadHtmlCacheBehavior [ RunTime:0.000318s ]
INFO: [ app_begin ] --END-- [ RunTime:0.000391s ]
NOTIC: [8] Use of undefined constant json - assumed 'json' D:\wamp\www\Finance\Admin\App\Home\Controller\UserController.class.php 第 28 行.

[ 2019-02-18T14:20:41+08:00 ] 192.168.0.150 /u/get_user_info.html
INFO: [ app_init ] --START--
INFO: Run Behavior\BuildLiteBehavior [ RunTime:0.000016s ]
INFO: [ app_init ] --END-- [ RunTime:0.000269s ]
INFO: [ app_begin ] --START--
INFO: Run Behavior\ReadHtmlCacheBehavior [ RunTime:0.000327s ]
INFO: [ app_begin ] --END-- [ RunTime:0.000403s ]
NOTIC: [8] Use of undefined constant json - assumed 'json' D:\wamp\www\Finance\Admin\App\Home\Controller\UserController.class.php 第 28 行.

[ 2019-02-18T14:20:43+08:00 ] 192.168.0.150 /u/get_user_info.html
INFO: [ app_init ] --START--
INFO: Run Behavior\BuildLiteBehavior [ RunTime:0.000015s ]
INFO: [ app_init ] --END-- [ RunTime:0.000259s ]
INFO: [ app_begin ] --START--
INFO: Run Behavior\ReadHtmlCacheBehavior [ RunTime:0.000319s ]
INFO: [ app_begin ] --END-- [ RunTime:0.000395s ]
NOTIC: [8] Use of undefined constant json - assumed 'json' D:\wamp\www\Finance\Admin\App\Home\Controller\UserController.class.php 第 28 行.

[ 2019-02-18T14:20:56+08:00 ] 192.168.0.150 /u/get_user_info.html
INFO: [ app_init ] --START--
INFO: Run Behavior\BuildLiteBehavior [ RunTime:0.000037s ]
INFO: [ app_init ] --END-- [ RunTime:0.000390s ]
INFO: [ app_begin ] --START--
INFO: Run Behavior\ReadHtmlCacheBehavior [ RunTime:0.000341s ]
INFO: [ app_begin ] --END-- [ RunTime:0.000421s ]
NOTIC: [8] Use of undefined constant json - assumed 'json' D:\wamp\www\Finance\Admin\App\Home\Controller\UserController.class.php 第 28 行.

[ 2019-02-18T14:22:25+08:00 ] 192.168.0.150 /u/get_user_info.html
INFO: [ app_init ] --START--
INFO: Run Behavior\BuildLiteBehavior [ RunTime:0.000016s ]
INFO: [ app_init ] --END-- [ RunTime:0.000291s ]
INFO: [ app_begin ] --START--
INFO: Run Behavior\ReadHtmlCacheBehavior [ RunTime:0.000387s ]
INFO: [ app_begin ] --END-- [ RunTime:0.000464s ]
NOTIC: [8] Use of undefined constant json - assumed 'json' D:\wamp\www\Finance\Admin\App\Home\Controller\UserController.class.php 第 28 行.

[ 2019-02-18T14:22:44+08:00 ] 192.168.0.150 /u/get_user_info.html
INFO: [ app_init ] --START--
INFO: Run Behavior\BuildLiteBehavior [ RunTime:0.000015s ]
INFO: [ app_init ] --END-- [ RunTime:0.000253s ]
INFO: [ app_begin ] --START--
INFO: Run Behavior\ReadHtmlCacheBehavior [ RunTime:0.000314s ]
INFO: [ app_begin ] --END-- [ RunTime:0.000389s ]
NOTIC: [8] Use of undefined constant json - assumed 'json' D:\wamp\www\Finance\Admin\App\Home\Controller\UserController.class.php 第 28 行.

[ 2019-02-18T14:34:38+08:00 ] 192.168.0.150 /u/get_user_info.html
INFO: [ app_init ] --START--
INFO: Run Behavior\BuildLiteBehavior [ RunTime:0.000017s ]
INFO: [ app_init ] --END-- [ RunTime:0.000296s ]
INFO: [ app_begin ] --START--
INFO: Run Behavior\ReadHtmlCacheBehavior [ RunTime:0.000456s ]
INFO: [ app_begin ] --END-- [ RunTime:0.000531s ]
NOTIC: [8] Use of undefined constant json - assumed 'json' D:\wamp\www\Finance\Admin\App\Home\Controller\UserController.class.php 第 28 行.

[ 2019-02-18T14:37:48+08:00 ] 192.168.0.150 /u/get_user_info.html
INFO: [ app_init ] --START--
INFO: Run Behavior\BuildLiteBehavior [ RunTime:0.000017s ]
INFO: [ app_init ] --END-- [ RunTime:0.000308s ]
INFO: [ app_begin ] --START--
INFO: Run Behavior\ReadHtmlCacheBehavior [ RunTime:0.001740s ]
INFO: [ app_begin ] --END-- [ RunTime:0.001820s ]
NOTIC: [8] Use of undefined constant json - assumed 'json' D:\wamp\www\Finance\Admin\App\Home\Controller\UserController.class.php 第 28 行.

[ 2019-02-18T14:37:58+08:00 ] 192.168.0.150 /u/get_user_info.html
INFO: [ app_init ] --START--
INFO: Run Behavior\BuildLiteBehavior [ RunTime:0.000016s ]
INFO: [ app_init ] --END-- [ RunTime:0.000260s ]
INFO: [ app_begin ] --START--
INFO: Run Behavior\ReadHtmlCacheBehavior [ RunTime:0.000316s ]
INFO: [ app_begin ] --END-- [ RunTime:0.000390s ]
NOTIC: [8] Use of undefined constant json - assumed 'json' D:\wamp\www\Finance\Admin\App\Home\Controller\UserController.class.php 第 28 行.

[ 2019-02-18T14:38:08+08:00 ] 192.168.0.150 /u/get_user_info.html
INFO: [ app_init ] --START--
INFO: Run Behavior\BuildLiteBehavior [ RunTime:0.000015s ]
INFO: [ app_init ] --END-- [ RunTime:0.000261s ]
INFO: [ app_begin ] --START--
INFO: Run Behavior\ReadHtmlCacheBehavior [ RunTime:0.000316s ]
INFO: [ app_begin ] --END-- [ RunTime:0.000390s ]
NOTIC: [8] Use of undefined constant json - assumed 'json' D:\wamp\www\Finance\Admin\App\Home\Controller\UserController.class.php 第 28 行.

[ 2019-02-18T14:56:07+08:00 ] 192.168.0.150 /u/get_user_info.html
INFO: [ app_init ] --START--
INFO: Run Behavior\BuildLiteBehavior [ RunTime:0.000015s ]
INFO: [ app_init ] --END-- [ RunTime:0.000288s ]
INFO: [ app_begin ] --START--
INFO: Run Behavior\ReadHtmlCacheBehavior [ RunTime:0.000383s ]
INFO: [ app_begin ] --END-- [ RunTime:0.000457s ]
NOTIC: [8] Use of undefined constant json - assumed 'json' D:\wamp\www\Finance\Admin\App\Home\Controller\UserController.class.php 第 28 行.

[ 2019-02-18T14:56:39+08:00 ] 192.168.0.150 /u/get_user_info.html
INFO: [ app_init ] --START--
INFO: Run Behavior\BuildLiteBehavior [ RunTime:0.000015s ]
INFO: [ app_init ] --END-- [ RunTime:0.000254s ]
INFO: [ app_begin ] --START--
INFO: Run Behavior\ReadHtmlCacheBehavior [ RunTime:0.000314s ]
INFO: [ app_begin ] --END-- [ RunTime:0.000388s ]
NOTIC: [8] Use of undefined constant json - assumed 'json' D:\wamp\www\Finance\Admin\App\Home\Controller\UserController.class.php 第 28 行.

[ 2019-02-18T14:56:42+08:00 ] 192.168.0.150 /u/get_user_info.html
INFO: [ app_init ] --START--
INFO: Run Behavior\BuildLiteBehavior [ RunTime:0.000016s ]
INFO: [ app_init ] --END-- [ RunTime:0.000255s ]
INFO: [ app_begin ] --START--
INFO: Run Behavior\ReadHtmlCacheBehavior [ RunTime:0.000319s ]
INFO: [ app_begin ] --END-- [ RunTime:0.000394s ]
NOTIC: [8] Use of undefined constant json - assumed 'json' D:\wamp\www\Finance\Admin\App\Home\Controller\UserController.class.php 第 28 行.

[ 2019-02-18T14:57:01+08:00 ] 192.168.0.150 /u/get_user_info.html
INFO: [ app_init ] --START--
INFO: Run Behavior\BuildLiteBehavior [ RunTime:0.000016s ]
INFO: [ app_init ] --END-- [ RunTime:0.000261s ]
INFO: [ app_begin ] --START--
INFO: Run Behavior\ReadHtmlCacheBehavior [ RunTime:0.000316s ]
INFO: [ app_begin ] --END-- [ RunTime:0.000400s ]
NOTIC: [8] Use of undefined constant json - assumed 'json' D:\wamp\www\Finance\Admin\App\Home\Controller\UserController.class.php 第 28 行.

[ 2019-02-18T14:57:04+08:00 ] 192.168.0.150 /u/get_user_info.html
INFO: [ app_init ] --START--
INFO: Run Behavior\BuildLiteBehavior [ RunTime:0.000015s ]
INFO: [ app_init ] --END-- [ RunTime:0.000253s ]
INFO: [ app_begin ] --START--
INFO: Run Behavior\ReadHtmlCacheBehavior [ RunTime:0.000314s ]
INFO: [ app_begin ] --END-- [ RunTime:0.000388s ]
NOTIC: [8] Use of undefined constant json - assumed 'json' D:\wamp\www\Finance\Admin\App\Home\Controller\UserController.class.php 第 28 行.

[ 2019-02-18T14:57:17+08:00 ] 192.168.0.150 /u/get_user_info.html
INFO: [ app_init ] --START--
INFO: Run Behavior\BuildLiteBehavior [ RunTime:0.000016s ]
INFO: [ app_init ] --END-- [ RunTime:0.000263s ]
INFO: [ app_begin ] --START--
INFO: Run Behavior\ReadHtmlCacheBehavior [ RunTime:0.000317s ]
INFO: [ app_begin ] --END-- [ RunTime:0.000392s ]
NOTIC: [8] Use of undefined constant json - assumed 'json' D:\wamp\www\Finance\Admin\App\Home\Controller\UserController.class.php 第 28 行.

[ 2019-02-18T15:01:02+08:00 ] 192.168.0.150 /u/get_user_info.html
INFO: [ app_init ] --START--
INFO: Run Behavior\BuildLiteBehavior [ RunTime:0.000015s ]
INFO: [ app_init ] --END-- [ RunTime:0.000281s ]
INFO: [ app_begin ] --START--
INFO: Run Behavior\ReadHtmlCacheBehavior [ RunTime:0.000381s ]
INFO: [ app_begin ] --END-- [ RunTime:0.000455s ]
NOTIC: [8] Use of undefined constant json - assumed 'json' D:\wamp\www\Finance\Admin\App\Home\Controller\UserController.class.php 第 28 行.

[ 2019-02-18T15:45:26+08:00 ] 192.168.0.150 /u/get_user_info.html
INFO: [ app_init ] --START--
INFO: Run Behavior\BuildLiteBehavior [ RunTime:0.000014s ]
INFO: [ app_init ] --END-- [ RunTime:0.000284s ]
INFO: [ app_begin ] --START--
INFO: Run Behavior\ReadHtmlCacheBehavior [ RunTime:0.000391s ]
INFO: [ app_begin ] --END-- [ RunTime:0.000466s ]
NOTIC: [8] Use of undefined constant json - assumed 'json' D:\wamp\www\Finance\Admin\App\Home\Controller\UserController.class.php 第 28 行.

[ 2019-02-18T16:23:15+08:00 ] 192.168.0.150 /u/get_user_info.html
INFO: [ app_init ] --START--
INFO: Run Behavior\BuildLiteBehavior [ RunTime:0.000015s ]
INFO: [ app_init ] --END-- [ RunTime:0.000282s ]
INFO: [ app_begin ] --START--
INFO: Run Behavior\ReadHtmlCacheBehavior [ RunTime:0.000383s ]
INFO: [ app_begin ] --END-- [ RunTime:0.000457s ]
NOTIC: [8] Use of undefined constant json - assumed 'json' D:\wamp\www\Finance\Admin\App\Home\Controller\UserController.class.php 第 28 行.

[ 2019-02-18T16:23:39+08:00 ] 192.168.0.150 /u/get_user_info.html
INFO: [ app_init ] --START--
INFO: Run Behavior\BuildLiteBehavior [ RunTime:0.000015s ]
INFO: [ app_init ] --END-- [ RunTime:0.000258s ]
INFO: [ app_begin ] --START--
INFO: Run Behavior\ReadHtmlCacheBehavior [ RunTime:0.000317s ]
INFO: [ app_begin ] --END-- [ RunTime:0.000392s ]
NOTIC: [8] Use of undefined constant json - assumed 'json' D:\wamp\www\Finance\Admin\App\Home\Controller\UserController.class.php 第 28 行.

[ 2019-02-18T16:29:19+08:00 ] 192.168.0.150 /u/get_user_info.html
INFO: [ app_init ] --START--
INFO: Run Behavior\BuildLiteBehavior [ RunTime:0.000018s ]
INFO: [ app_init ] --END-- [ RunTime:0.000325s ]
INFO: [ app_begin ] --START--
INFO: Run Behavior\ReadHtmlCacheBehavior [ RunTime:0.000410s ]
INFO: [ app_begin ] --END-- [ RunTime:0.000499s ]
NOTIC: [8] Use of undefined constant json - assumed 'json' D:\wamp\www\Finance\Admin\App\Home\Controller\UserController.class.php 第 28 行.

[ 2019-02-18T16:30:28+08:00 ] 127.0.0.1 /u/get_user_info
INFO: [ app_init ] --START--
INFO: Run Behavior\BuildLiteBehavior [ RunTime:0.000015s ]
INFO: [ app_init ] --END-- [ RunTime:0.000258s ]
INFO: [ app_begin ] --START--
INFO: Run Behavior\ReadHtmlCacheBehavior [ RunTime:0.000315s ]
INFO: [ app_begin ] --END-- [ RunTime:0.000388s ]
NOTIC: [8] Undefined index: user_name D:\wamp\www\Finance\Admin\App\Home\Controller\UserController.class.php 第 16 行.
NOTIC: [8] Use of undefined constant json - assumed 'json' D:\wamp\www\Finance\Admin\App\Home\Controller\UserController.class.php 第 28 行.

[ 2019-02-18T16:34:37+08:00 ] 192.168.0.150 /u/get_user_info.html
INFO: [ app_init ] --START--
INFO: Run Behavior\BuildLiteBehavior [ RunTime:0.000015s ]
INFO: [ app_init ] --END-- [ RunTime:0.000284s ]
INFO: [ app_begin ] --START--
INFO: Run Behavior\ReadHtmlCacheBehavior [ RunTime:0.000426s ]
INFO: [ app_begin ] --END-- [ RunTime:0.000512s ]
NOTIC: [8] Use of undefined constant json - assumed 'json' D:\wamp\www\Finance\Admin\App\Home\Controller\UserController.class.php 第 28 行.

[ 2019-02-18T16:38:04+08:00 ] 127.0.0.1 /u/get_user_info
INFO: [ app_init ] --START--
INFO: Run Behavior\BuildLiteBehavior [ RunTime:0.000016s ]
INFO: [ app_init ] --END-- [ RunTime:0.000296s ]
INFO: [ app_begin ] --START--
INFO: Run Behavior\ReadHtmlCacheBehavior [ RunTime:0.000396s ]
INFO: [ app_begin ] --END-- [ RunTime:0.000470s ]
NOTIC: [8] Undefined index: user_name D:\wamp\www\Finance\Admin\App\Home\Controller\UserController.class.php 第 16 行.
NOTIC: [8] Use of undefined constant json - assumed 'json' D:\wamp\www\Finance\Admin\App\Home\Controller\UserController.class.php 第 28 行.

[ 2019-02-18T16:38:12+08:00 ] 127.0.0.1 /u/get_user_info
INFO: [ app_init ] --START--
INFO: Run Behavior\BuildLiteBehavior [ RunTime:0.000015s ]
INFO: [ app_init ] --END-- [ RunTime:0.000258s ]
INFO: [ app_begin ] --START--
INFO: Run Behavior\ReadHtmlCacheBehavior [ RunTime:0.000316s ]
INFO: [ app_begin ] --END-- [ RunTime:0.000390s ]
NOTIC: [8] Undefined index: user_name D:\wamp\www\Finance\Admin\App\Home\Controller\UserController.class.php 第 16 行.
NOTIC: [8] Use of undefined constant json - assumed 'json' D:\wamp\www\Finance\Admin\App\Home\Controller\UserController.class.php 第 28 行.

[ 2019-02-18T16:38:12+08:00 ] 127.0.0.1 /u/get_user_info
INFO: [ app_init ] --START--
INFO: Run Behavior\BuildLiteBehavior [ RunTime:0.000016s ]
INFO: [ app_init ] --END-- [ RunTime:0.000261s ]
INFO: [ app_begin ] --START--
INFO: Run Behavior\ReadHtmlCacheBehavior [ RunTime:0.000316s ]
INFO: [ app_begin ] --END-- [ RunTime:0.000390s ]
NOTIC: [8] Undefined index: user_name D:\wamp\www\Finance\Admin\App\Home\Controller\UserController.class.php 第 16 行.
NOTIC: [8] Use of undefined constant json - assumed 'json' D:\wamp\www\Finance\Admin\App\Home\Controller\UserController.class.php 第 28 行.

[ 2019-02-18T16:40:56+08:00 ] 192.168.0.150 /u/get_user_info.html
INFO: [ app_init ] --START--
INFO: Run Behavior\BuildLiteBehavior [ RunTime:0.000015s ]
INFO: [ app_init ] --END-- [ RunTime:0.000284s ]
INFO: [ app_begin ] --START--
INFO: Run Behavior\ReadHtmlCacheBehavior [ RunTime:0.000381s ]
INFO: [ app_begin ] --END-- [ RunTime:0.000455s ]
NOTIC: [8] Use of undefined constant json - assumed 'json' D:\wamp\www\Finance\Admin\App\Home\Controller\UserController.class.php 第 28 行.

[ 2019-02-18T16:49:56+08:00 ] 192.168.0.150 /u/get_user_info.html
INFO: [ app_init ] --START--
INFO: Run Behavior\BuildLiteBehavior [ RunTime:0.000015s ]
INFO: [ app_init ] --END-- [ RunTime:0.000289s ]
INFO: [ app_begin ] --START--
INFO: Run Behavior\ReadHtmlCacheBehavior [ RunTime:0.000382s ]
INFO: [ app_begin ] --END-- [ RunTime:0.000459s ]
NOTIC: [8] Use of undefined constant json - assumed 'json' D:\wamp\www\Finance\Admin\App\Home\Controller\UserController.class.php 第 28 行.

[ 2019-02-18T17:00:12+08:00 ] 127.0.0.1 /u/get_user_info
INFO: [ app_init ] --START--
INFO: Run Behavior\BuildLiteBehavior [ RunTime:0.000019s ]
INFO: [ app_init ] --END-- [ RunTime:0.000683s ]
INFO: [ app_begin ] --START--
INFO: Run Behavior\ReadHtmlCacheBehavior [ RunTime:0.000407s ]
INFO: [ app_begin ] --END-- [ RunTime:0.000486s ]
NOTIC: [8] Undefined index: user_name D:\wamp\www\Finance\Admin\App\Home\Controller\UserController.class.php 第 16 行.
NOTIC: [8] Use of undefined constant json - assumed 'json' D:\wamp\www\Finance\Admin\App\Home\Controller\UserController.class.php 第 28 行.

[ 2019-02-18T17:00:12+08:00 ] 127.0.0.1 /u/get_user_info
INFO: [ app_init ] --START--
INFO: Run Behavior\BuildLiteBehavior [ RunTime:0.000018s ]
INFO: [ app_init ] --END-- [ RunTime:0.000265s ]
INFO: [ app_begin ] --START--
INFO: Run Behavior\ReadHtmlCacheBehavior [ RunTime:0.000321s ]
INFO: [ app_begin ] --END-- [ RunTime:0.000395s ]
NOTIC: [8] Undefined index: user_name D:\wamp\www\Finance\Admin\App\Home\Controller\UserController.class.php 第 16 行.
NOTIC: [8] Use of undefined constant json - assumed 'json' D:\wamp\www\Finance\Admin\App\Home\Controller\UserController.class.php 第 28 行.

[ 2019-02-18T17:02:22+08:00 ] 192.168.0.150 /u/get_user_info.html
INFO: [ app_init ] --START--
INFO: Run Behavior\BuildLiteBehavior [ RunTime:0.000027s ]
INFO: [ app_init ] --END-- [ RunTime:0.000398s ]
INFO: [ app_begin ] --START--
INFO: Run Behavior\ReadHtmlCacheBehavior [ RunTime:0.000398s ]
INFO: [ app_begin ] --END-- [ RunTime:0.000476s ]
NOTIC: [8] Use of undefined constant json - assumed 'json' D:\wamp\www\Finance\Admin\App\Home\Controller\UserController.class.php 第 28 行.

