[ 2019-02-25T09:59:09+08:00 ] 192.168.0.150 /u/get_user_info.html
INFO: [ app_init ] --START--
INFO: Run Behavior\BuildLiteBehavior [ RunTime:0.000019s ]
INFO: [ app_init ] --END-- [ RunTime:0.000759s ]
NOTIC: [8] Use of undefined constant SELLER_ID - assumed 'SELLER_ID' D:\wamp\www\Finance\Admin\ThinkPHP\Library\Org\Api\ServiceProxy.class.php 第 276 行.
NOTIC: [8] Use of undefined constant SHOP_ID - assumed 'SHOP_ID' D:\wamp\www\Finance\Admin\ThinkPHP\Library\Org\Api\ServiceProxy.class.php 第 277 行.
NOTIC: [2] Yar_Client::setOpt(): expects a long integer timeout value D:\wamp\www\Finance\Admin\ThinkPHP\Library\Org\Api\ServiceProxy.class.php 第 683 行.
NOTIC: [2] Yar_Client::setOpt(): expects a long integer timeout value D:\wamp\www\Finance\Admin\ThinkPHP\Library\Org\Api\ServiceProxy.class.php 第 683 行.
NOTIC: [8] Undefined index: shop_url D:\wamp\www\Finance\Admin\ThinkPHP\Library\Org\Api\ServiceProxy.class.php 第 403 行.
NOTIC: [8] Undefined index: platform_domain D:\wamp\www\Finance\Admin\ThinkPHP\Library\Org\Api\ServiceProxy.class.php 第 404 行.
NOTIC: [8] Undefined index: TOKEN D:\wamp\www\Finance\Admin\App\Common\Conf\siteInfo.php 第 15 行.
INFO: [ app_begin ] --START--
INFO: Run Behavior\ReadHtmlCacheBehavior [ RunTime:0.006072s ]
INFO: [ app_begin ] --END-- [ RunTime:0.006178s ]
NOTIC: [8] Use of undefined constant json - assumed 'json' D:\wamp\www\Finance\Admin\App\Home\Controller\UserController.class.php 第 31 行.

[ 2019-02-25T10:02:34+08:00 ] 192.168.0.150 /u/get_user_info.html
INFO: [ app_init ] --START--
INFO: Run Behavior\BuildLiteBehavior [ RunTime:0.000016s ]
INFO: [ app_init ] --END-- [ RunTime:0.000468s ]
NOTIC: [8] Use of undefined constant SELLER_ID - assumed 'SELLER_ID' D:\wamp\www\Finance\Admin\ThinkPHP\Library\Org\Api\ServiceProxy.class.php 第 276 行.
NOTIC: [8] Use of undefined constant SHOP_ID - assumed 'SHOP_ID' D:\wamp\www\Finance\Admin\ThinkPHP\Library\Org\Api\ServiceProxy.class.php 第 277 行.
NOTIC: [2] Yar_Client::setOpt(): expects a long integer timeout value D:\wamp\www\Finance\Admin\ThinkPHP\Library\Org\Api\ServiceProxy.class.php 第 683 行.
NOTIC: [2] Yar_Client::setOpt(): expects a long integer timeout value D:\wamp\www\Finance\Admin\ThinkPHP\Library\Org\Api\ServiceProxy.class.php 第 683 行.
NOTIC: [8] Undefined index: shop_url D:\wamp\www\Finance\Admin\ThinkPHP\Library\Org\Api\ServiceProxy.class.php 第 403 行.
NOTIC: [8] Undefined index: platform_domain D:\wamp\www\Finance\Admin\ThinkPHP\Library\Org\Api\ServiceProxy.class.php 第 404 行.
NOTIC: [8] Undefined index: TOKEN D:\wamp\www\Finance\Admin\App\Common\Conf\siteInfo.php 第 15 行.
INFO: [ app_begin ] --START--
INFO: Run Behavior\ReadHtmlCacheBehavior [ RunTime:0.000711s ]
INFO: [ app_begin ] --END-- [ RunTime:0.000790s ]
NOTIC: [8] Use of undefined constant json - assumed 'json' D:\wamp\www\Finance\Admin\App\Home\Controller\UserController.class.php 第 31 行.

[ 2019-02-25T10:02:53+08:00 ] 192.168.0.150 /u/get_user_info.html
INFO: [ app_init ] --START--
INFO: Run Behavior\BuildLiteBehavior [ RunTime:0.000016s ]
INFO: [ app_init ] --END-- [ RunTime:0.000437s ]
NOTIC: [8] Use of undefined constant SELLER_ID - assumed 'SELLER_ID' D:\wamp\www\Finance\Admin\ThinkPHP\Library\Org\Api\ServiceProxy.class.php 第 276 行.
NOTIC: [8] Use of undefined constant SHOP_ID - assumed 'SHOP_ID' D:\wamp\www\Finance\Admin\ThinkPHP\Library\Org\Api\ServiceProxy.class.php 第 277 行.
NOTIC: [2] Yar_Client::setOpt(): expects a long integer timeout value D:\wamp\www\Finance\Admin\ThinkPHP\Library\Org\Api\ServiceProxy.class.php 第 683 行.
NOTIC: [2] Yar_Client::setOpt(): expects a long integer timeout value D:\wamp\www\Finance\Admin\ThinkPHP\Library\Org\Api\ServiceProxy.class.php 第 683 行.
NOTIC: [8] Undefined index: shop_url D:\wamp\www\Finance\Admin\ThinkPHP\Library\Org\Api\ServiceProxy.class.php 第 403 行.
NOTIC: [8] Undefined index: platform_domain D:\wamp\www\Finance\Admin\ThinkPHP\Library\Org\Api\ServiceProxy.class.php 第 404 行.
NOTIC: [8] Undefined index: TOKEN D:\wamp\www\Finance\Admin\App\Common\Conf\siteInfo.php 第 15 行.
INFO: [ app_begin ] --START--
INFO: Run Behavior\ReadHtmlCacheBehavior [ RunTime:0.000708s ]
INFO: [ app_begin ] --END-- [ RunTime:0.000788s ]
NOTIC: [8] Use of undefined constant json - assumed 'json' D:\wamp\www\Finance\Admin\App\Home\Controller\UserController.class.php 第 31 行.

[ 2019-02-25T10:07:41+08:00 ] 192.168.0.150 /u/get_user_info.html
INFO: [ app_init ] --START--
INFO: Run Behavior\BuildLiteBehavior [ RunTime:0.000018s ]
INFO: [ app_init ] --END-- [ RunTime:0.000462s ]
NOTIC: [8] Use of undefined constant SELLER_ID - assumed 'SELLER_ID' D:\wamp\www\Finance\Admin\ThinkPHP\Library\Org\Api\ServiceProxy.class.php 第 276 行.
NOTIC: [8] Use of undefined constant SHOP_ID - assumed 'SHOP_ID' D:\wamp\www\Finance\Admin\ThinkPHP\Library\Org\Api\ServiceProxy.class.php 第 277 行.
NOTIC: [2] Yar_Client::setOpt(): expects a long integer timeout value D:\wamp\www\Finance\Admin\ThinkPHP\Library\Org\Api\ServiceProxy.class.php 第 683 行.
NOTIC: [2] Yar_Client::setOpt(): expects a long integer timeout value D:\wamp\www\Finance\Admin\ThinkPHP\Library\Org\Api\ServiceProxy.class.php 第 683 行.
NOTIC: [8] Undefined index: shop_url D:\wamp\www\Finance\Admin\ThinkPHP\Library\Org\Api\ServiceProxy.class.php 第 403 行.
NOTIC: [8] Undefined index: platform_domain D:\wamp\www\Finance\Admin\ThinkPHP\Library\Org\Api\ServiceProxy.class.php 第 404 行.
NOTIC: [8] Undefined index: TOKEN D:\wamp\www\Finance\Admin\App\Common\Conf\siteInfo.php 第 15 行.
INFO: [ app_begin ] --START--
INFO: Run Behavior\ReadHtmlCacheBehavior [ RunTime:0.000714s ]
INFO: [ app_begin ] --END-- [ RunTime:0.000792s ]
NOTIC: [8] Use of undefined constant json - assumed 'json' D:\wamp\www\Finance\Admin\App\Home\Controller\UserController.class.php 第 31 行.

[ 2019-02-25T10:07:47+08:00 ] 192.168.0.150 /u/get_user_info.html
INFO: [ app_init ] --START--
INFO: Run Behavior\BuildLiteBehavior [ RunTime:0.000016s ]
INFO: [ app_init ] --END-- [ RunTime:0.000430s ]
NOTIC: [8] Use of undefined constant SELLER_ID - assumed 'SELLER_ID' D:\wamp\www\Finance\Admin\ThinkPHP\Library\Org\Api\ServiceProxy.class.php 第 276 行.
NOTIC: [8] Use of undefined constant SHOP_ID - assumed 'SHOP_ID' D:\wamp\www\Finance\Admin\ThinkPHP\Library\Org\Api\ServiceProxy.class.php 第 277 行.
NOTIC: [2] Yar_Client::setOpt(): expects a long integer timeout value D:\wamp\www\Finance\Admin\ThinkPHP\Library\Org\Api\ServiceProxy.class.php 第 683 行.
NOTIC: [2] Yar_Client::setOpt(): expects a long integer timeout value D:\wamp\www\Finance\Admin\ThinkPHP\Library\Org\Api\ServiceProxy.class.php 第 683 行.
NOTIC: [8] Undefined index: shop_url D:\wamp\www\Finance\Admin\ThinkPHP\Library\Org\Api\ServiceProxy.class.php 第 403 行.
NOTIC: [8] Undefined index: platform_domain D:\wamp\www\Finance\Admin\ThinkPHP\Library\Org\Api\ServiceProxy.class.php 第 404 行.
NOTIC: [8] Undefined index: TOKEN D:\wamp\www\Finance\Admin\App\Common\Conf\siteInfo.php 第 15 行.
INFO: [ app_begin ] --START--
INFO: Run Behavior\ReadHtmlCacheBehavior [ RunTime:0.000717s ]
INFO: [ app_begin ] --END-- [ RunTime:0.000797s ]
NOTIC: [8] Use of undefined constant json - assumed 'json' D:\wamp\www\Finance\Admin\App\Home\Controller\UserController.class.php 第 31 行.

[ 2019-02-25T10:09:05+08:00 ] 192.168.0.150 /u/get_user_info.html
INFO: [ app_init ] --START--
INFO: Run Behavior\BuildLiteBehavior [ RunTime:0.000016s ]
INFO: [ app_init ] --END-- [ RunTime:0.000399s ]
NOTIC: [8] Use of undefined constant SELLER_ID - assumed 'SELLER_ID' D:\wamp\www\Finance\Admin\ThinkPHP\Library\Org\Api\ServiceProxy.class.php 第 276 行.
NOTIC: [8] Use of undefined constant SHOP_ID - assumed 'SHOP_ID' D:\wamp\www\Finance\Admin\ThinkPHP\Library\Org\Api\ServiceProxy.class.php 第 277 行.
NOTIC: [2] Yar_Client::setOpt(): expects a long integer timeout value D:\wamp\www\Finance\Admin\ThinkPHP\Library\Org\Api\ServiceProxy.class.php 第 683 行.
NOTIC: [2] Yar_Client::setOpt(): expects a long integer timeout value D:\wamp\www\Finance\Admin\ThinkPHP\Library\Org\Api\ServiceProxy.class.php 第 683 行.
NOTIC: [8] Undefined index: shop_url D:\wamp\www\Finance\Admin\ThinkPHP\Library\Org\Api\ServiceProxy.class.php 第 403 行.
NOTIC: [8] Undefined index: platform_domain D:\wamp\www\Finance\Admin\ThinkPHP\Library\Org\Api\ServiceProxy.class.php 第 404 行.
NOTIC: [8] Undefined index: TOKEN D:\wamp\www\Finance\Admin\App\Common\Conf\siteInfo.php 第 15 行.
INFO: [ app_begin ] --START--
INFO: Run Behavior\ReadHtmlCacheBehavior [ RunTime:0.000690s ]
INFO: [ app_begin ] --END-- [ RunTime:0.000769s ]
NOTIC: [8] Use of undefined constant json - assumed 'json' D:\wamp\www\Finance\Admin\App\Home\Controller\UserController.class.php 第 31 行.

[ 2019-02-25T10:09:33+08:00 ] 192.168.0.150 /u/get_user_info.html
INFO: [ app_init ] --START--
INFO: Run Behavior\BuildLiteBehavior [ RunTime:0.000016s ]
INFO: [ app_init ] --END-- [ RunTime:0.000489s ]
NOTIC: [8] Use of undefined constant SELLER_ID - assumed 'SELLER_ID' D:\wamp\www\Finance\Admin\ThinkPHP\Library\Org\Api\ServiceProxy.class.php 第 276 行.
NOTIC: [8] Use of undefined constant SHOP_ID - assumed 'SHOP_ID' D:\wamp\www\Finance\Admin\ThinkPHP\Library\Org\Api\ServiceProxy.class.php 第 277 行.
NOTIC: [2] Yar_Client::setOpt(): expects a long integer timeout value D:\wamp\www\Finance\Admin\ThinkPHP\Library\Org\Api\ServiceProxy.class.php 第 683 行.
NOTIC: [2] Yar_Client::setOpt(): expects a long integer timeout value D:\wamp\www\Finance\Admin\ThinkPHP\Library\Org\Api\ServiceProxy.class.php 第 683 行.
NOTIC: [8] Undefined index: shop_url D:\wamp\www\Finance\Admin\ThinkPHP\Library\Org\Api\ServiceProxy.class.php 第 403 行.
NOTIC: [8] Undefined index: platform_domain D:\wamp\www\Finance\Admin\ThinkPHP\Library\Org\Api\ServiceProxy.class.php 第 404 行.
NOTIC: [8] Undefined index: TOKEN D:\wamp\www\Finance\Admin\App\Common\Conf\siteInfo.php 第 15 行.
INFO: [ app_begin ] --START--
INFO: Run Behavior\ReadHtmlCacheBehavior [ RunTime:0.000730s ]
INFO: [ app_begin ] --END-- [ RunTime:0.000807s ]
NOTIC: [8] Use of undefined constant json - assumed 'json' D:\wamp\www\Finance\Admin\App\Home\Controller\UserController.class.php 第 31 行.

[ 2019-02-25T10:10:58+08:00 ] 192.168.0.150 /u/get_user_info.html
INFO: [ app_init ] --START--
INFO: Run Behavior\BuildLiteBehavior [ RunTime:0.000017s ]
INFO: [ app_init ] --END-- [ RunTime:0.000404s ]
NOTIC: [8] Use of undefined constant SELLER_ID - assumed 'SELLER_ID' D:\wamp\www\Finance\Admin\ThinkPHP\Library\Org\Api\ServiceProxy.class.php 第 276 行.
NOTIC: [8] Use of undefined constant SHOP_ID - assumed 'SHOP_ID' D:\wamp\www\Finance\Admin\ThinkPHP\Library\Org\Api\ServiceProxy.class.php 第 277 行.
NOTIC: [2] Yar_Client::setOpt(): expects a long integer timeout value D:\wamp\www\Finance\Admin\ThinkPHP\Library\Org\Api\ServiceProxy.class.php 第 683 行.
NOTIC: [2] Yar_Client::setOpt(): expects a long integer timeout value D:\wamp\www\Finance\Admin\ThinkPHP\Library\Org\Api\ServiceProxy.class.php 第 683 行.
NOTIC: [8] Undefined index: shop_url D:\wamp\www\Finance\Admin\ThinkPHP\Library\Org\Api\ServiceProxy.class.php 第 403 行.
NOTIC: [8] Undefined index: platform_domain D:\wamp\www\Finance\Admin\ThinkPHP\Library\Org\Api\ServiceProxy.class.php 第 404 行.
NOTIC: [8] Undefined index: TOKEN D:\wamp\www\Finance\Admin\App\Common\Conf\siteInfo.php 第 15 行.
INFO: [ app_begin ] --START--
INFO: Run Behavior\ReadHtmlCacheBehavior [ RunTime:0.000720s ]
INFO: [ app_begin ] --END-- [ RunTime:0.000799s ]
NOTIC: [8] Use of undefined constant json - assumed 'json' D:\wamp\www\Finance\Admin\App\Home\Controller\UserController.class.php 第 31 行.

[ 2019-02-25T10:11:34+08:00 ] 192.168.0.150 /u/get_user_info.html
INFO: [ app_init ] --START--
INFO: Run Behavior\BuildLiteBehavior [ RunTime:0.000016s ]
INFO: [ app_init ] --END-- [ RunTime:0.000454s ]
NOTIC: [8] Use of undefined constant SELLER_ID - assumed 'SELLER_ID' D:\wamp\www\Finance\Admin\ThinkPHP\Library\Org\Api\ServiceProxy.class.php 第 276 行.
NOTIC: [8] Use of undefined constant SHOP_ID - assumed 'SHOP_ID' D:\wamp\www\Finance\Admin\ThinkPHP\Library\Org\Api\ServiceProxy.class.php 第 277 行.
NOTIC: [2] Yar_Client::setOpt(): expects a long integer timeout value D:\wamp\www\Finance\Admin\ThinkPHP\Library\Org\Api\ServiceProxy.class.php 第 683 行.
NOTIC: [2] Yar_Client::setOpt(): expects a long integer timeout value D:\wamp\www\Finance\Admin\ThinkPHP\Library\Org\Api\ServiceProxy.class.php 第 683 行.
NOTIC: [8] Undefined index: shop_url D:\wamp\www\Finance\Admin\ThinkPHP\Library\Org\Api\ServiceProxy.class.php 第 403 行.
NOTIC: [8] Undefined index: platform_domain D:\wamp\www\Finance\Admin\ThinkPHP\Library\Org\Api\ServiceProxy.class.php 第 404 行.
NOTIC: [8] Undefined index: TOKEN D:\wamp\www\Finance\Admin\App\Common\Conf\siteInfo.php 第 15 行.
INFO: [ app_begin ] --START--
INFO: Run Behavior\ReadHtmlCacheBehavior [ RunTime:0.000782s ]
INFO: [ app_begin ] --END-- [ RunTime:0.000866s ]
NOTIC: [8] Use of undefined constant json - assumed 'json' D:\wamp\www\Finance\Admin\App\Home\Controller\UserController.class.php 第 31 行.

[ 2019-02-25T10:11:41+08:00 ] 192.168.0.150 /u/get_user_info.html
INFO: [ app_init ] --START--
INFO: Run Behavior\BuildLiteBehavior [ RunTime:0.000028s ]
INFO: [ app_init ] --END-- [ RunTime:0.000528s ]
NOTIC: [8] Use of undefined constant SELLER_ID - assumed 'SELLER_ID' D:\wamp\www\Finance\Admin\ThinkPHP\Library\Org\Api\ServiceProxy.class.php 第 276 行.
NOTIC: [8] Use of undefined constant SHOP_ID - assumed 'SHOP_ID' D:\wamp\www\Finance\Admin\ThinkPHP\Library\Org\Api\ServiceProxy.class.php 第 277 行.
NOTIC: [2] Yar_Client::setOpt(): expects a long integer timeout value D:\wamp\www\Finance\Admin\ThinkPHP\Library\Org\Api\ServiceProxy.class.php 第 683 行.
NOTIC: [2] Yar_Client::setOpt(): expects a long integer timeout value D:\wamp\www\Finance\Admin\ThinkPHP\Library\Org\Api\ServiceProxy.class.php 第 683 行.
NOTIC: [8] Undefined index: shop_url D:\wamp\www\Finance\Admin\ThinkPHP\Library\Org\Api\ServiceProxy.class.php 第 403 行.
NOTIC: [8] Undefined index: platform_domain D:\wamp\www\Finance\Admin\ThinkPHP\Library\Org\Api\ServiceProxy.class.php 第 404 行.
NOTIC: [8] Undefined index: TOKEN D:\wamp\www\Finance\Admin\App\Common\Conf\siteInfo.php 第 15 行.
INFO: [ app_begin ] --START--
INFO: Run Behavior\ReadHtmlCacheBehavior [ RunTime:0.000742s ]
INFO: [ app_begin ] --END-- [ RunTime:0.000825s ]
NOTIC: [8] Use of undefined constant json - assumed 'json' D:\wamp\www\Finance\Admin\App\Home\Controller\UserController.class.php 第 31 行.

[ 2019-02-25T10:12:36+08:00 ] 192.168.0.150 /u/get_user_info.html
INFO: [ app_init ] --START--
INFO: Run Behavior\BuildLiteBehavior [ RunTime:0.000017s ]
INFO: [ app_init ] --END-- [ RunTime:0.000472s ]
NOTIC: [8] Use of undefined constant SELLER_ID - assumed 'SELLER_ID' D:\wamp\www\Finance\Admin\ThinkPHP\Library\Org\Api\ServiceProxy.class.php 第 276 行.
NOTIC: [8] Use of undefined constant SHOP_ID - assumed 'SHOP_ID' D:\wamp\www\Finance\Admin\ThinkPHP\Library\Org\Api\ServiceProxy.class.php 第 277 行.
NOTIC: [2] Yar_Client::setOpt(): expects a long integer timeout value D:\wamp\www\Finance\Admin\ThinkPHP\Library\Org\Api\ServiceProxy.class.php 第 683 行.
NOTIC: [2] Yar_Client::setOpt(): expects a long integer timeout value D:\wamp\www\Finance\Admin\ThinkPHP\Library\Org\Api\ServiceProxy.class.php 第 683 行.
NOTIC: [8] Undefined index: shop_url D:\wamp\www\Finance\Admin\ThinkPHP\Library\Org\Api\ServiceProxy.class.php 第 403 行.
NOTIC: [8] Undefined index: platform_domain D:\wamp\www\Finance\Admin\ThinkPHP\Library\Org\Api\ServiceProxy.class.php 第 404 行.
NOTIC: [8] Undefined index: TOKEN D:\wamp\www\Finance\Admin\App\Common\Conf\siteInfo.php 第 15 行.
INFO: [ app_begin ] --START--
INFO: Run Behavior\ReadHtmlCacheBehavior [ RunTime:0.000746s ]
INFO: [ app_begin ] --END-- [ RunTime:0.000825s ]
NOTIC: [8] Use of undefined constant json - assumed 'json' D:\wamp\www\Finance\Admin\App\Home\Controller\UserController.class.php 第 31 行.

[ 2019-02-25T10:12:44+08:00 ] 192.168.0.150 /u/get_user_info.html
INFO: [ app_init ] --START--
INFO: Run Behavior\BuildLiteBehavior [ RunTime:0.000017s ]
INFO: [ app_init ] --END-- [ RunTime:0.000447s ]
NOTIC: [8] Use of undefined constant SELLER_ID - assumed 'SELLER_ID' D:\wamp\www\Finance\Admin\ThinkPHP\Library\Org\Api\ServiceProxy.class.php 第 276 行.
NOTIC: [8] Use of undefined constant SHOP_ID - assumed 'SHOP_ID' D:\wamp\www\Finance\Admin\ThinkPHP\Library\Org\Api\ServiceProxy.class.php 第 277 行.
NOTIC: [2] Yar_Client::setOpt(): expects a long integer timeout value D:\wamp\www\Finance\Admin\ThinkPHP\Library\Org\Api\ServiceProxy.class.php 第 683 行.
NOTIC: [2] Yar_Client::setOpt(): expects a long integer timeout value D:\wamp\www\Finance\Admin\ThinkPHP\Library\Org\Api\ServiceProxy.class.php 第 683 行.
NOTIC: [8] Undefined index: shop_url D:\wamp\www\Finance\Admin\ThinkPHP\Library\Org\Api\ServiceProxy.class.php 第 403 行.
NOTIC: [8] Undefined index: platform_domain D:\wamp\www\Finance\Admin\ThinkPHP\Library\Org\Api\ServiceProxy.class.php 第 404 行.
NOTIC: [8] Undefined index: TOKEN D:\wamp\www\Finance\Admin\App\Common\Conf\siteInfo.php 第 15 行.
INFO: [ app_begin ] --START--
INFO: Run Behavior\ReadHtmlCacheBehavior [ RunTime:0.000697s ]
INFO: [ app_begin ] --END-- [ RunTime:0.000781s ]
NOTIC: [8] Use of undefined constant json - assumed 'json' D:\wamp\www\Finance\Admin\App\Home\Controller\UserController.class.php 第 31 行.

[ 2019-02-25T10:15:31+08:00 ] 192.168.0.150 /u/get_user_info.html
INFO: [ app_init ] --START--
INFO: Run Behavior\BuildLiteBehavior [ RunTime:0.000016s ]
INFO: [ app_init ] --END-- [ RunTime:0.000461s ]
NOTIC: [8] Use of undefined constant SELLER_ID - assumed 'SELLER_ID' D:\wamp\www\Finance\Admin\ThinkPHP\Library\Org\Api\ServiceProxy.class.php 第 276 行.
NOTIC: [8] Use of undefined constant SHOP_ID - assumed 'SHOP_ID' D:\wamp\www\Finance\Admin\ThinkPHP\Library\Org\Api\ServiceProxy.class.php 第 277 行.
NOTIC: [2] Yar_Client::setOpt(): expects a long integer timeout value D:\wamp\www\Finance\Admin\ThinkPHP\Library\Org\Api\ServiceProxy.class.php 第 683 行.
NOTIC: [2] Yar_Client::setOpt(): expects a long integer timeout value D:\wamp\www\Finance\Admin\ThinkPHP\Library\Org\Api\ServiceProxy.class.php 第 683 行.
NOTIC: [8] Undefined index: shop_url D:\wamp\www\Finance\Admin\ThinkPHP\Library\Org\Api\ServiceProxy.class.php 第 403 行.
NOTIC: [8] Undefined index: platform_domain D:\wamp\www\Finance\Admin\ThinkPHP\Library\Org\Api\ServiceProxy.class.php 第 404 行.
NOTIC: [8] Undefined index: TOKEN D:\wamp\www\Finance\Admin\App\Common\Conf\siteInfo.php 第 15 行.
INFO: [ app_begin ] --START--
INFO: Run Behavior\ReadHtmlCacheBehavior [ RunTime:0.000767s ]
INFO: [ app_begin ] --END-- [ RunTime:0.000852s ]
NOTIC: [8] Use of undefined constant json - assumed 'json' D:\wamp\www\Finance\Admin\App\Home\Controller\UserController.class.php 第 31 行.

[ 2019-02-25T10:15:52+08:00 ] 192.168.0.150 /u/get_user_info.html
INFO: [ app_init ] --START--
INFO: Run Behavior\BuildLiteBehavior [ RunTime:0.000017s ]
INFO: [ app_init ] --END-- [ RunTime:0.000445s ]
NOTIC: [8] Use of undefined constant SELLER_ID - assumed 'SELLER_ID' D:\wamp\www\Finance\Admin\ThinkPHP\Library\Org\Api\ServiceProxy.class.php 第 276 行.
NOTIC: [8] Use of undefined constant SHOP_ID - assumed 'SHOP_ID' D:\wamp\www\Finance\Admin\ThinkPHP\Library\Org\Api\ServiceProxy.class.php 第 277 行.
NOTIC: [2] Yar_Client::setOpt(): expects a long integer timeout value D:\wamp\www\Finance\Admin\ThinkPHP\Library\Org\Api\ServiceProxy.class.php 第 683 行.
NOTIC: [2] Yar_Client::setOpt(): expects a long integer timeout value D:\wamp\www\Finance\Admin\ThinkPHP\Library\Org\Api\ServiceProxy.class.php 第 683 行.
NOTIC: [8] Undefined index: shop_url D:\wamp\www\Finance\Admin\ThinkPHP\Library\Org\Api\ServiceProxy.class.php 第 403 行.
NOTIC: [8] Undefined index: platform_domain D:\wamp\www\Finance\Admin\ThinkPHP\Library\Org\Api\ServiceProxy.class.php 第 404 行.
NOTIC: [8] Undefined index: TOKEN D:\wamp\www\Finance\Admin\App\Common\Conf\siteInfo.php 第 15 行.
INFO: [ app_begin ] --START--
INFO: Run Behavior\ReadHtmlCacheBehavior [ RunTime:0.000756s ]
INFO: [ app_begin ] --END-- [ RunTime:0.000837s ]
NOTIC: [8] Use of undefined constant json - assumed 'json' D:\wamp\www\Finance\Admin\App\Home\Controller\UserController.class.php 第 31 行.

[ 2019-02-25T12:44:45+08:00 ] 192.168.0.150 /u/get_user_info.html
INFO: [ app_init ] --START--
INFO: Run Behavior\BuildLiteBehavior [ RunTime:0.000018s ]
INFO: [ app_init ] --END-- [ RunTime:0.000452s ]
NOTIC: [8] Use of undefined constant SELLER_ID - assumed 'SELLER_ID' D:\wamp\www\Finance\Admin\ThinkPHP\Library\Org\Api\ServiceProxy.class.php 第 276 行.
NOTIC: [8] Use of undefined constant SHOP_ID - assumed 'SHOP_ID' D:\wamp\www\Finance\Admin\ThinkPHP\Library\Org\Api\ServiceProxy.class.php 第 277 行.
NOTIC: [2] Yar_Client::setOpt(): expects a long integer timeout value D:\wamp\www\Finance\Admin\ThinkPHP\Library\Org\Api\ServiceProxy.class.php 第 683 行.
NOTIC: [2] Yar_Client::setOpt(): expects a long integer timeout value D:\wamp\www\Finance\Admin\ThinkPHP\Library\Org\Api\ServiceProxy.class.php 第 683 行.
NOTIC: [8] Undefined index: shop_url D:\wamp\www\Finance\Admin\ThinkPHP\Library\Org\Api\ServiceProxy.class.php 第 403 行.
NOTIC: [8] Undefined index: platform_domain D:\wamp\www\Finance\Admin\ThinkPHP\Library\Org\Api\ServiceProxy.class.php 第 404 行.
NOTIC: [8] Undefined index: TOKEN D:\wamp\www\Finance\Admin\App\Common\Conf\siteInfo.php 第 15 行.
INFO: [ app_begin ] --START--
INFO: Run Behavior\ReadHtmlCacheBehavior [ RunTime:0.000753s ]
INFO: [ app_begin ] --END-- [ RunTime:0.000835s ]
NOTIC: [8] Use of undefined constant json - assumed 'json' D:\wamp\www\Finance\Admin\App\Home\Controller\UserController.class.php 第 32 行.

[ 2019-02-25T12:49:21+08:00 ] 127.0.0.1 /u/get_user_info.html
INFO: [ app_init ] --START--
INFO: Run Behavior\BuildLiteBehavior [ RunTime:0.000017s ]
INFO: [ app_init ] --END-- [ RunTime:0.000470s ]
NOTIC: [8] Use of undefined constant SELLER_ID - assumed 'SELLER_ID' D:\wamp\www\Finance\Admin\ThinkPHP\Library\Org\Api\ServiceProxy.class.php 第 276 行.
NOTIC: [8] Use of undefined constant SHOP_ID - assumed 'SHOP_ID' D:\wamp\www\Finance\Admin\ThinkPHP\Library\Org\Api\ServiceProxy.class.php 第 277 行.
NOTIC: [2] Yar_Client::setOpt(): expects a long integer timeout value D:\wamp\www\Finance\Admin\ThinkPHP\Library\Org\Api\ServiceProxy.class.php 第 683 行.
NOTIC: [2] Yar_Client::setOpt(): expects a long integer timeout value D:\wamp\www\Finance\Admin\ThinkPHP\Library\Org\Api\ServiceProxy.class.php 第 683 行.
NOTIC: [8] Undefined index: shop_url D:\wamp\www\Finance\Admin\ThinkPHP\Library\Org\Api\ServiceProxy.class.php 第 403 行.
NOTIC: [8] Undefined index: platform_domain D:\wamp\www\Finance\Admin\ThinkPHP\Library\Org\Api\ServiceProxy.class.php 第 404 行.
NOTIC: [8] Undefined index: TOKEN D:\wamp\www\Finance\Admin\App\Common\Conf\siteInfo.php 第 15 行.
INFO: [ app_begin ] --START--
INFO: Run Behavior\ReadHtmlCacheBehavior [ RunTime:0.000708s ]
INFO: [ app_begin ] --END-- [ RunTime:0.000789s ]
NOTIC: [2] Yar_Client::setOpt(): expects a long integer timeout value D:\wamp\www\Finance\Admin\ThinkPHP\Library\Org\Api\ServiceProxy.class.php 第 683 行.
NOTIC: [8] Undefined index: user_name D:\wamp\www\Finance\Admin\App\Home\Controller\UserController.class.php 第 24 行.
NOTIC: [8] Use of undefined constant json - assumed 'json' D:\wamp\www\Finance\Admin\App\Home\Controller\UserController.class.php 第 36 行.

[ 2019-02-25T12:49:37+08:00 ] 127.0.0.1 /u/get_user_info.html
INFO: [ app_init ] --START--
INFO: Run Behavior\BuildLiteBehavior [ RunTime:0.000018s ]
INFO: [ app_init ] --END-- [ RunTime:0.000520s ]
NOTIC: [8] Use of undefined constant SELLER_ID - assumed 'SELLER_ID' D:\wamp\www\Finance\Admin\ThinkPHP\Library\Org\Api\ServiceProxy.class.php 第 276 行.
NOTIC: [8] Use of undefined constant SHOP_ID - assumed 'SHOP_ID' D:\wamp\www\Finance\Admin\ThinkPHP\Library\Org\Api\ServiceProxy.class.php 第 277 行.
NOTIC: [2] Yar_Client::setOpt(): expects a long integer timeout value D:\wamp\www\Finance\Admin\ThinkPHP\Library\Org\Api\ServiceProxy.class.php 第 683 行.
NOTIC: [2] Yar_Client::setOpt(): expects a long integer timeout value D:\wamp\www\Finance\Admin\ThinkPHP\Library\Org\Api\ServiceProxy.class.php 第 683 行.
NOTIC: [8] Undefined index: shop_url D:\wamp\www\Finance\Admin\ThinkPHP\Library\Org\Api\ServiceProxy.class.php 第 403 行.
NOTIC: [8] Undefined index: platform_domain D:\wamp\www\Finance\Admin\ThinkPHP\Library\Org\Api\ServiceProxy.class.php 第 404 行.
NOTIC: [8] Undefined index: TOKEN D:\wamp\www\Finance\Admin\App\Common\Conf\siteInfo.php 第 15 行.
INFO: [ app_begin ] --START--
INFO: Run Behavior\ReadHtmlCacheBehavior [ RunTime:0.000698s ]
INFO: [ app_begin ] --END-- [ RunTime:0.000781s ]
NOTIC: [2] Yar_Client::setOpt(): expects a long integer timeout value D:\wamp\www\Finance\Admin\ThinkPHP\Library\Org\Api\ServiceProxy.class.php 第 683 行.
NOTIC: [8] Undefined index: user_name D:\wamp\www\Finance\Admin\App\Home\Controller\UserController.class.php 第 24 行.
NOTIC: [8] Use of undefined constant json - assumed 'json' D:\wamp\www\Finance\Admin\App\Home\Controller\UserController.class.php 第 36 行.

[ 2019-02-25T12:50:19+08:00 ] 127.0.0.1 /u/get_user_info.html
INFO: [ app_init ] --START--
INFO: Run Behavior\BuildLiteBehavior [ RunTime:0.000017s ]
INFO: [ app_init ] --END-- [ RunTime:0.000463s ]
NOTIC: [8] Use of undefined constant SELLER_ID - assumed 'SELLER_ID' D:\wamp\www\Finance\Admin\ThinkPHP\Library\Org\Api\ServiceProxy.class.php 第 276 行.
NOTIC: [8] Use of undefined constant SHOP_ID - assumed 'SHOP_ID' D:\wamp\www\Finance\Admin\ThinkPHP\Library\Org\Api\ServiceProxy.class.php 第 277 行.
NOTIC: [2] Yar_Client::setOpt(): expects a long integer timeout value D:\wamp\www\Finance\Admin\ThinkPHP\Library\Org\Api\ServiceProxy.class.php 第 683 行.
NOTIC: [2] Yar_Client::setOpt(): expects a long integer timeout value D:\wamp\www\Finance\Admin\ThinkPHP\Library\Org\Api\ServiceProxy.class.php 第 683 行.
NOTIC: [8] Undefined index: shop_url D:\wamp\www\Finance\Admin\ThinkPHP\Library\Org\Api\ServiceProxy.class.php 第 403 行.
NOTIC: [8] Undefined index: platform_domain D:\wamp\www\Finance\Admin\ThinkPHP\Library\Org\Api\ServiceProxy.class.php 第 404 行.
NOTIC: [8] Undefined index: TOKEN D:\wamp\www\Finance\Admin\App\Common\Conf\siteInfo.php 第 15 行.
INFO: [ app_begin ] --START--
INFO: Run Behavior\ReadHtmlCacheBehavior [ RunTime:0.000688s ]
INFO: [ app_begin ] --END-- [ RunTime:0.000767s ]
NOTIC: [2] Yar_Client::setOpt(): expects a long integer timeout value D:\wamp\www\Finance\Admin\ThinkPHP\Library\Org\Api\ServiceProxy.class.php 第 683 行.
NOTIC: [8] Undefined index: user_name D:\wamp\www\Finance\Admin\App\Home\Controller\UserController.class.php 第 24 行.
NOTIC: [8] Use of undefined constant json - assumed 'json' D:\wamp\www\Finance\Admin\App\Home\Controller\UserController.class.php 第 36 行.

[ 2019-02-25T12:51:40+08:00 ] 127.0.0.1 /u/get_user_info.html
INFO: [ app_init ] --START--
INFO: Run Behavior\BuildLiteBehavior [ RunTime:0.000018s ]
INFO: [ app_init ] --END-- [ RunTime:0.000481s ]
NOTIC: [8] Use of undefined constant SELLER_ID - assumed 'SELLER_ID' D:\wamp\www\Finance\Admin\ThinkPHP\Library\Org\Api\ServiceProxy.class.php 第 276 行.
NOTIC: [8] Use of undefined constant SHOP_ID - assumed 'SHOP_ID' D:\wamp\www\Finance\Admin\ThinkPHP\Library\Org\Api\ServiceProxy.class.php 第 277 行.
NOTIC: [2] Yar_Client::setOpt(): expects a long integer timeout value D:\wamp\www\Finance\Admin\ThinkPHP\Library\Org\Api\ServiceProxy.class.php 第 683 行.
NOTIC: [2] Yar_Client::setOpt(): expects a long integer timeout value D:\wamp\www\Finance\Admin\ThinkPHP\Library\Org\Api\ServiceProxy.class.php 第 683 行.
NOTIC: [8] Undefined index: shop_url D:\wamp\www\Finance\Admin\ThinkPHP\Library\Org\Api\ServiceProxy.class.php 第 403 行.
NOTIC: [8] Undefined index: platform_domain D:\wamp\www\Finance\Admin\ThinkPHP\Library\Org\Api\ServiceProxy.class.php 第 404 行.
NOTIC: [8] Undefined index: TOKEN D:\wamp\www\Finance\Admin\App\Common\Conf\siteInfo.php 第 15 行.
INFO: [ app_begin ] --START--
INFO: Run Behavior\ReadHtmlCacheBehavior [ RunTime:0.000753s ]
INFO: [ app_begin ] --END-- [ RunTime:0.000838s ]
NOTIC: [2] Yar_Client::setOpt(): expects a long integer timeout value D:\wamp\www\Finance\Admin\ThinkPHP\Library\Org\Api\ServiceProxy.class.php 第 683 行.
NOTIC: [8] Undefined index: user_name D:\wamp\www\Finance\Admin\App\Home\Controller\UserController.class.php 第 24 行.
NOTIC: [8] Use of undefined constant json - assumed 'json' D:\wamp\www\Finance\Admin\App\Home\Controller\UserController.class.php 第 36 行.

[ 2019-02-25T12:51:50+08:00 ] 127.0.0.1 /u/get_user_info.html
INFO: [ app_init ] --START--
INFO: Run Behavior\BuildLiteBehavior [ RunTime:0.000017s ]
INFO: [ app_init ] --END-- [ RunTime:0.000468s ]
NOTIC: [8] Use of undefined constant SELLER_ID - assumed 'SELLER_ID' D:\wamp\www\Finance\Admin\ThinkPHP\Library\Org\Api\ServiceProxy.class.php 第 276 行.
NOTIC: [8] Use of undefined constant SHOP_ID - assumed 'SHOP_ID' D:\wamp\www\Finance\Admin\ThinkPHP\Library\Org\Api\ServiceProxy.class.php 第 277 行.
NOTIC: [2] Yar_Client::setOpt(): expects a long integer timeout value D:\wamp\www\Finance\Admin\ThinkPHP\Library\Org\Api\ServiceProxy.class.php 第 683 行.
NOTIC: [2] Yar_Client::setOpt(): expects a long integer timeout value D:\wamp\www\Finance\Admin\ThinkPHP\Library\Org\Api\ServiceProxy.class.php 第 683 行.
NOTIC: [8] Undefined index: shop_url D:\wamp\www\Finance\Admin\ThinkPHP\Library\Org\Api\ServiceProxy.class.php 第 403 行.
NOTIC: [8] Undefined index: platform_domain D:\wamp\www\Finance\Admin\ThinkPHP\Library\Org\Api\ServiceProxy.class.php 第 404 行.
NOTIC: [8] Undefined index: TOKEN D:\wamp\www\Finance\Admin\App\Common\Conf\siteInfo.php 第 15 行.
INFO: [ app_begin ] --START--
INFO: Run Behavior\ReadHtmlCacheBehavior [ RunTime:0.000719s ]
INFO: [ app_begin ] --END-- [ RunTime:0.000799s ]
NOTIC: [2] Yar_Client::setOpt(): expects a long integer timeout value D:\wamp\www\Finance\Admin\ThinkPHP\Library\Org\Api\ServiceProxy.class.php 第 683 行.
NOTIC: [8] Undefined index: user_name D:\wamp\www\Finance\Admin\App\Home\Controller\UserController.class.php 第 24 行.
NOTIC: [8] Use of undefined constant json - assumed 'json' D:\wamp\www\Finance\Admin\App\Home\Controller\UserController.class.php 第 36 行.

[ 2019-02-25T12:51:56+08:00 ] 127.0.0.1 /u/get_user_info.html
INFO: [ app_init ] --START--
INFO: Run Behavior\BuildLiteBehavior [ RunTime:0.000017s ]
INFO: [ app_init ] --END-- [ RunTime:0.000449s ]
NOTIC: [8] Use of undefined constant SELLER_ID - assumed 'SELLER_ID' D:\wamp\www\Finance\Admin\ThinkPHP\Library\Org\Api\ServiceProxy.class.php 第 276 行.
NOTIC: [8] Use of undefined constant SHOP_ID - assumed 'SHOP_ID' D:\wamp\www\Finance\Admin\ThinkPHP\Library\Org\Api\ServiceProxy.class.php 第 277 行.
NOTIC: [2] Yar_Client::setOpt(): expects a long integer timeout value D:\wamp\www\Finance\Admin\ThinkPHP\Library\Org\Api\ServiceProxy.class.php 第 683 行.
NOTIC: [2] Yar_Client::setOpt(): expects a long integer timeout value D:\wamp\www\Finance\Admin\ThinkPHP\Library\Org\Api\ServiceProxy.class.php 第 683 行.
NOTIC: [8] Undefined index: shop_url D:\wamp\www\Finance\Admin\ThinkPHP\Library\Org\Api\ServiceProxy.class.php 第 403 行.
NOTIC: [8] Undefined index: platform_domain D:\wamp\www\Finance\Admin\ThinkPHP\Library\Org\Api\ServiceProxy.class.php 第 404 行.
NOTIC: [8] Undefined index: TOKEN D:\wamp\www\Finance\Admin\App\Common\Conf\siteInfo.php 第 15 行.
INFO: [ app_begin ] --START--
INFO: Run Behavior\ReadHtmlCacheBehavior [ RunTime:0.000729s ]
INFO: [ app_begin ] --END-- [ RunTime:0.000812s ]
NOTIC: [2] Yar_Client::setOpt(): expects a long integer timeout value D:\wamp\www\Finance\Admin\ThinkPHP\Library\Org\Api\ServiceProxy.class.php 第 683 行.
NOTIC: [8] Undefined index: user_name D:\wamp\www\Finance\Admin\App\Home\Controller\UserController.class.php 第 24 行.
NOTIC: [8] Use of undefined constant json - assumed 'json' D:\wamp\www\Finance\Admin\App\Home\Controller\UserController.class.php 第 36 行.

[ 2019-02-25T12:52:19+08:00 ] 127.0.0.1 /u/get_user_info.html
INFO: [ app_init ] --START--
INFO: Run Behavior\BuildLiteBehavior [ RunTime:0.000016s ]
INFO: [ app_init ] --END-- [ RunTime:0.000401s ]
NOTIC: [8] Use of undefined constant SELLER_ID - assumed 'SELLER_ID' D:\wamp\www\Finance\Admin\ThinkPHP\Library\Org\Api\ServiceProxy.class.php 第 276 行.
NOTIC: [8] Use of undefined constant SHOP_ID - assumed 'SHOP_ID' D:\wamp\www\Finance\Admin\ThinkPHP\Library\Org\Api\ServiceProxy.class.php 第 277 行.
NOTIC: [2] Yar_Client::setOpt(): expects a long integer timeout value D:\wamp\www\Finance\Admin\ThinkPHP\Library\Org\Api\ServiceProxy.class.php 第 683 行.
NOTIC: [2] Yar_Client::setOpt(): expects a long integer timeout value D:\wamp\www\Finance\Admin\ThinkPHP\Library\Org\Api\ServiceProxy.class.php 第 683 行.
NOTIC: [8] Undefined index: shop_url D:\wamp\www\Finance\Admin\ThinkPHP\Library\Org\Api\ServiceProxy.class.php 第 403 行.
NOTIC: [8] Undefined index: platform_domain D:\wamp\www\Finance\Admin\ThinkPHP\Library\Org\Api\ServiceProxy.class.php 第 404 行.
NOTIC: [8] Undefined index: TOKEN D:\wamp\www\Finance\Admin\App\Common\Conf\siteInfo.php 第 15 行.
INFO: [ app_begin ] --START--
INFO: Run Behavior\ReadHtmlCacheBehavior [ RunTime:0.000711s ]
INFO: [ app_begin ] --END-- [ RunTime:0.000793s ]
NOTIC: [2] Yar_Client::setOpt(): expects a long integer timeout value D:\wamp\www\Finance\Admin\ThinkPHP\Library\Org\Api\ServiceProxy.class.php 第 683 行.
NOTIC: [8] Undefined index: user_name D:\wamp\www\Finance\Admin\App\Home\Controller\UserController.class.php 第 24 行.
NOTIC: [8] Use of undefined constant json - assumed 'json' D:\wamp\www\Finance\Admin\App\Home\Controller\UserController.class.php 第 36 行.

[ 2019-02-25T12:52:49+08:00 ] 127.0.0.1 /u/get_user_info.html
INFO: [ app_init ] --START--
INFO: Run Behavior\BuildLiteBehavior [ RunTime:0.000019s ]
INFO: [ app_init ] --END-- [ RunTime:0.000488s ]
NOTIC: [8] Use of undefined constant SELLER_ID - assumed 'SELLER_ID' D:\wamp\www\Finance\Admin\ThinkPHP\Library\Org\Api\ServiceProxy.class.php 第 276 行.
NOTIC: [8] Use of undefined constant SHOP_ID - assumed 'SHOP_ID' D:\wamp\www\Finance\Admin\ThinkPHP\Library\Org\Api\ServiceProxy.class.php 第 277 行.
NOTIC: [2] Yar_Client::setOpt(): expects a long integer timeout value D:\wamp\www\Finance\Admin\ThinkPHP\Library\Org\Api\ServiceProxy.class.php 第 683 行.
NOTIC: [2] Yar_Client::setOpt(): expects a long integer timeout value D:\wamp\www\Finance\Admin\ThinkPHP\Library\Org\Api\ServiceProxy.class.php 第 683 行.
NOTIC: [8] Undefined index: shop_url D:\wamp\www\Finance\Admin\ThinkPHP\Library\Org\Api\ServiceProxy.class.php 第 403 行.
NOTIC: [8] Undefined index: platform_domain D:\wamp\www\Finance\Admin\ThinkPHP\Library\Org\Api\ServiceProxy.class.php 第 404 行.
NOTIC: [8] Undefined index: TOKEN D:\wamp\www\Finance\Admin\App\Common\Conf\siteInfo.php 第 15 行.
INFO: [ app_begin ] --START--
INFO: Run Behavior\ReadHtmlCacheBehavior [ RunTime:0.001134s ]
INFO: [ app_begin ] --END-- [ RunTime:0.001249s ]
NOTIC: [2] Yar_Client::setOpt(): expects a long integer timeout value D:\wamp\www\Finance\Admin\ThinkPHP\Library\Org\Api\ServiceProxy.class.php 第 683 行.
NOTIC: [8] Undefined index: user_name D:\wamp\www\Finance\Admin\App\Home\Controller\UserController.class.php 第 24 行.
NOTIC: [8] Use of undefined constant json - assumed 'json' D:\wamp\www\Finance\Admin\App\Home\Controller\UserController.class.php 第 36 行.

[ 2019-02-25T12:53:12+08:00 ] 127.0.0.1 /u/get_user_info.html
INFO: [ app_init ] --START--
INFO: Run Behavior\BuildLiteBehavior [ RunTime:0.000017s ]
INFO: [ app_init ] --END-- [ RunTime:0.000464s ]
NOTIC: [8] Use of undefined constant SELLER_ID - assumed 'SELLER_ID' D:\wamp\www\Finance\Admin\ThinkPHP\Library\Org\Api\ServiceProxy.class.php 第 276 行.
NOTIC: [8] Use of undefined constant SHOP_ID - assumed 'SHOP_ID' D:\wamp\www\Finance\Admin\ThinkPHP\Library\Org\Api\ServiceProxy.class.php 第 277 行.
NOTIC: [2] Yar_Client::setOpt(): expects a long integer timeout value D:\wamp\www\Finance\Admin\ThinkPHP\Library\Org\Api\ServiceProxy.class.php 第 683 行.
NOTIC: [2] Yar_Client::setOpt(): expects a long integer timeout value D:\wamp\www\Finance\Admin\ThinkPHP\Library\Org\Api\ServiceProxy.class.php 第 683 行.
NOTIC: [8] Undefined index: shop_url D:\wamp\www\Finance\Admin\ThinkPHP\Library\Org\Api\ServiceProxy.class.php 第 403 行.
NOTIC: [8] Undefined index: platform_domain D:\wamp\www\Finance\Admin\ThinkPHP\Library\Org\Api\ServiceProxy.class.php 第 404 行.
NOTIC: [8] Undefined index: TOKEN D:\wamp\www\Finance\Admin\App\Common\Conf\siteInfo.php 第 15 行.
INFO: [ app_begin ] --START--
INFO: Run Behavior\ReadHtmlCacheBehavior [ RunTime:0.000707s ]
INFO: [ app_begin ] --END-- [ RunTime:0.000787s ]
NOTIC: [2] Yar_Client::setOpt(): expects a long integer timeout value D:\wamp\www\Finance\Admin\ThinkPHP\Library\Org\Api\ServiceProxy.class.php 第 683 行.
NOTIC: [8] Undefined index: user_name D:\wamp\www\Finance\Admin\App\Home\Controller\UserController.class.php 第 24 行.
NOTIC: [8] Use of undefined constant json - assumed 'json' D:\wamp\www\Finance\Admin\App\Home\Controller\UserController.class.php 第 36 行.

[ 2019-02-25T12:54:39+08:00 ] 192.168.0.150 /u/get_user_info.html
INFO: [ app_init ] --START--
INFO: Run Behavior\BuildLiteBehavior [ RunTime:0.000016s ]
INFO: [ app_init ] --END-- [ RunTime:0.000436s ]
NOTIC: [8] Use of undefined constant SELLER_ID - assumed 'SELLER_ID' D:\wamp\www\Finance\Admin\ThinkPHP\Library\Org\Api\ServiceProxy.class.php 第 276 行.
NOTIC: [8] Use of undefined constant SHOP_ID - assumed 'SHOP_ID' D:\wamp\www\Finance\Admin\ThinkPHP\Library\Org\Api\ServiceProxy.class.php 第 277 行.
NOTIC: [2] Yar_Client::setOpt(): expects a long integer timeout value D:\wamp\www\Finance\Admin\ThinkPHP\Library\Org\Api\ServiceProxy.class.php 第 683 行.
NOTIC: [2] Yar_Client::setOpt(): expects a long integer timeout value D:\wamp\www\Finance\Admin\ThinkPHP\Library\Org\Api\ServiceProxy.class.php 第 683 行.
NOTIC: [8] Undefined index: shop_url D:\wamp\www\Finance\Admin\ThinkPHP\Library\Org\Api\ServiceProxy.class.php 第 403 行.
NOTIC: [8] Undefined index: platform_domain D:\wamp\www\Finance\Admin\ThinkPHP\Library\Org\Api\ServiceProxy.class.php 第 404 行.
NOTIC: [8] Undefined index: TOKEN D:\wamp\www\Finance\Admin\App\Common\Conf\siteInfo.php 第 15 行.
INFO: [ app_begin ] --START--
INFO: Run Behavior\ReadHtmlCacheBehavior [ RunTime:0.000758s ]
INFO: [ app_begin ] --END-- [ RunTime:0.000845s ]
NOTIC: [2] Yar_Client::setOpt(): expects a long integer timeout value D:\wamp\www\Finance\Admin\ThinkPHP\Library\Org\Api\ServiceProxy.class.php 第 683 行.
NOTIC: [8] Use of undefined constant json - assumed 'json' D:\wamp\www\Finance\Admin\App\Home\Controller\UserController.class.php 第 29 行.

[ 2019-02-25T12:55:46+08:00 ] 192.168.0.150 /u/get_user_info.html
INFO: [ app_init ] --START--
INFO: Run Behavior\BuildLiteBehavior [ RunTime:0.000017s ]
INFO: [ app_init ] --END-- [ RunTime:0.000462s ]
NOTIC: [8] Use of undefined constant SELLER_ID - assumed 'SELLER_ID' D:\wamp\www\Finance\Admin\ThinkPHP\Library\Org\Api\ServiceProxy.class.php 第 276 行.
NOTIC: [8] Use of undefined constant SHOP_ID - assumed 'SHOP_ID' D:\wamp\www\Finance\Admin\ThinkPHP\Library\Org\Api\ServiceProxy.class.php 第 277 行.
NOTIC: [2] Yar_Client::setOpt(): expects a long integer timeout value D:\wamp\www\Finance\Admin\ThinkPHP\Library\Org\Api\ServiceProxy.class.php 第 683 行.
NOTIC: [2] Yar_Client::setOpt(): expects a long integer timeout value D:\wamp\www\Finance\Admin\ThinkPHP\Library\Org\Api\ServiceProxy.class.php 第 683 行.
NOTIC: [8] Undefined index: shop_url D:\wamp\www\Finance\Admin\ThinkPHP\Library\Org\Api\ServiceProxy.class.php 第 403 行.
NOTIC: [8] Undefined index: platform_domain D:\wamp\www\Finance\Admin\ThinkPHP\Library\Org\Api\ServiceProxy.class.php 第 404 行.
NOTIC: [8] Undefined index: TOKEN D:\wamp\www\Finance\Admin\App\Common\Conf\siteInfo.php 第 15 行.
INFO: [ app_begin ] --START--
INFO: Run Behavior\ReadHtmlCacheBehavior [ RunTime:0.000719s ]
INFO: [ app_begin ] --END-- [ RunTime:0.000805s ]
NOTIC: [2] Yar_Client::setOpt(): expects a long integer timeout value D:\wamp\www\Finance\Admin\ThinkPHP\Library\Org\Api\ServiceProxy.class.php 第 683 行.
NOTIC: [8] Use of undefined constant json - assumed 'json' D:\wamp\www\Finance\Admin\App\Home\Controller\UserController.class.php 第 31 行.

[ 2019-02-25T12:55:50+08:00 ] 192.168.0.150 /u/get_user_info.html
INFO: [ app_init ] --START--
INFO: Run Behavior\BuildLiteBehavior [ RunTime:0.000018s ]
INFO: [ app_init ] --END-- [ RunTime:0.000462s ]
NOTIC: [8] Use of undefined constant SELLER_ID - assumed 'SELLER_ID' D:\wamp\www\Finance\Admin\ThinkPHP\Library\Org\Api\ServiceProxy.class.php 第 276 行.
NOTIC: [8] Use of undefined constant SHOP_ID - assumed 'SHOP_ID' D:\wamp\www\Finance\Admin\ThinkPHP\Library\Org\Api\ServiceProxy.class.php 第 277 行.
NOTIC: [2] Yar_Client::setOpt(): expects a long integer timeout value D:\wamp\www\Finance\Admin\ThinkPHP\Library\Org\Api\ServiceProxy.class.php 第 683 行.
NOTIC: [2] Yar_Client::setOpt(): expects a long integer timeout value D:\wamp\www\Finance\Admin\ThinkPHP\Library\Org\Api\ServiceProxy.class.php 第 683 行.
NOTIC: [8] Undefined index: shop_url D:\wamp\www\Finance\Admin\ThinkPHP\Library\Org\Api\ServiceProxy.class.php 第 403 行.
NOTIC: [8] Undefined index: platform_domain D:\wamp\www\Finance\Admin\ThinkPHP\Library\Org\Api\ServiceProxy.class.php 第 404 行.
NOTIC: [8] Undefined index: TOKEN D:\wamp\www\Finance\Admin\App\Common\Conf\siteInfo.php 第 15 行.
INFO: [ app_begin ] --START--
INFO: Run Behavior\ReadHtmlCacheBehavior [ RunTime:0.000691s ]
INFO: [ app_begin ] --END-- [ RunTime:0.000775s ]
NOTIC: [2] Yar_Client::setOpt(): expects a long integer timeout value D:\wamp\www\Finance\Admin\ThinkPHP\Library\Org\Api\ServiceProxy.class.php 第 683 行.
NOTIC: [8] Use of undefined constant json - assumed 'json' D:\wamp\www\Finance\Admin\App\Home\Controller\UserController.class.php 第 31 行.

[ 2019-02-25T12:56:23+08:00 ] 192.168.0.150 /u/get_user_info.html
INFO: [ app_init ] --START--
INFO: Run Behavior\BuildLiteBehavior [ RunTime:0.000018s ]
INFO: [ app_init ] --END-- [ RunTime:0.000446s ]
NOTIC: [8] Use of undefined constant SELLER_ID - assumed 'SELLER_ID' D:\wamp\www\Finance\Admin\ThinkPHP\Library\Org\Api\ServiceProxy.class.php 第 276 行.
NOTIC: [8] Use of undefined constant SHOP_ID - assumed 'SHOP_ID' D:\wamp\www\Finance\Admin\ThinkPHP\Library\Org\Api\ServiceProxy.class.php 第 277 行.
NOTIC: [2] Yar_Client::setOpt(): expects a long integer timeout value D:\wamp\www\Finance\Admin\ThinkPHP\Library\Org\Api\ServiceProxy.class.php 第 683 行.
NOTIC: [2] Yar_Client::setOpt(): expects a long integer timeout value D:\wamp\www\Finance\Admin\ThinkPHP\Library\Org\Api\ServiceProxy.class.php 第 683 行.
NOTIC: [8] Undefined index: shop_url D:\wamp\www\Finance\Admin\ThinkPHP\Library\Org\Api\ServiceProxy.class.php 第 403 行.
NOTIC: [8] Undefined index: platform_domain D:\wamp\www\Finance\Admin\ThinkPHP\Library\Org\Api\ServiceProxy.class.php 第 404 行.
NOTIC: [8] Undefined index: TOKEN D:\wamp\www\Finance\Admin\App\Common\Conf\siteInfo.php 第 15 行.
INFO: [ app_begin ] --START--
INFO: Run Behavior\ReadHtmlCacheBehavior [ RunTime:0.000687s ]
INFO: [ app_begin ] --END-- [ RunTime:0.000765s ]
NOTIC: [2] Yar_Client::setOpt(): expects a long integer timeout value D:\wamp\www\Finance\Admin\ThinkPHP\Library\Org\Api\ServiceProxy.class.php 第 683 行.
NOTIC: [8] Undefined variable: returnData D:\wamp\www\Finance\Admin\App\Home\Controller\UserController.class.php 第 31 行.
NOTIC: [8] Use of undefined constant json - assumed 'json' D:\wamp\www\Finance\Admin\App\Home\Controller\UserController.class.php 第 31 行.

[ 2019-02-25T12:56:36+08:00 ] 192.168.0.150 /u/get_user_info.html
INFO: [ app_init ] --START--
INFO: Run Behavior\BuildLiteBehavior [ RunTime:0.000016s ]
INFO: [ app_init ] --END-- [ RunTime:0.000390s ]
NOTIC: [8] Use of undefined constant SELLER_ID - assumed 'SELLER_ID' D:\wamp\www\Finance\Admin\ThinkPHP\Library\Org\Api\ServiceProxy.class.php 第 276 行.
NOTIC: [8] Use of undefined constant SHOP_ID - assumed 'SHOP_ID' D:\wamp\www\Finance\Admin\ThinkPHP\Library\Org\Api\ServiceProxy.class.php 第 277 行.
NOTIC: [2] Yar_Client::setOpt(): expects a long integer timeout value D:\wamp\www\Finance\Admin\ThinkPHP\Library\Org\Api\ServiceProxy.class.php 第 683 行.
NOTIC: [2] Yar_Client::setOpt(): expects a long integer timeout value D:\wamp\www\Finance\Admin\ThinkPHP\Library\Org\Api\ServiceProxy.class.php 第 683 行.
NOTIC: [8] Undefined index: shop_url D:\wamp\www\Finance\Admin\ThinkPHP\Library\Org\Api\ServiceProxy.class.php 第 403 行.
NOTIC: [8] Undefined index: platform_domain D:\wamp\www\Finance\Admin\ThinkPHP\Library\Org\Api\ServiceProxy.class.php 第 404 行.
NOTIC: [8] Undefined index: TOKEN D:\wamp\www\Finance\Admin\App\Common\Conf\siteInfo.php 第 15 行.
INFO: [ app_begin ] --START--
INFO: Run Behavior\ReadHtmlCacheBehavior [ RunTime:0.000746s ]
INFO: [ app_begin ] --END-- [ RunTime:0.000865s ]
NOTIC: [2] Yar_Client::setOpt(): expects a long integer timeout value D:\wamp\www\Finance\Admin\ThinkPHP\Library\Org\Api\ServiceProxy.class.php 第 683 行.
NOTIC: [8] Undefined variable: returnData D:\wamp\www\Finance\Admin\App\Home\Controller\UserController.class.php 第 31 行.
NOTIC: [8] Use of undefined constant json - assumed 'json' D:\wamp\www\Finance\Admin\App\Home\Controller\UserController.class.php 第 31 行.

[ 2019-02-25T12:56:37+08:00 ] 127.0.0.1 /u/get_user_info.html
INFO: [ app_init ] --START--
INFO: Run Behavior\BuildLiteBehavior [ RunTime:0.000017s ]
INFO: [ app_init ] --END-- [ RunTime:0.000458s ]
NOTIC: [8] Use of undefined constant SELLER_ID - assumed 'SELLER_ID' D:\wamp\www\Finance\Admin\ThinkPHP\Library\Org\Api\ServiceProxy.class.php 第 276 行.
NOTIC: [8] Use of undefined constant SHOP_ID - assumed 'SHOP_ID' D:\wamp\www\Finance\Admin\ThinkPHP\Library\Org\Api\ServiceProxy.class.php 第 277 行.
NOTIC: [2] Yar_Client::setOpt(): expects a long integer timeout value D:\wamp\www\Finance\Admin\ThinkPHP\Library\Org\Api\ServiceProxy.class.php 第 683 行.
NOTIC: [2] Yar_Client::setOpt(): expects a long integer timeout value D:\wamp\www\Finance\Admin\ThinkPHP\Library\Org\Api\ServiceProxy.class.php 第 683 行.
NOTIC: [8] Undefined index: shop_url D:\wamp\www\Finance\Admin\ThinkPHP\Library\Org\Api\ServiceProxy.class.php 第 403 行.
NOTIC: [8] Undefined index: platform_domain D:\wamp\www\Finance\Admin\ThinkPHP\Library\Org\Api\ServiceProxy.class.php 第 404 行.
NOTIC: [8] Undefined index: TOKEN D:\wamp\www\Finance\Admin\App\Common\Conf\siteInfo.php 第 15 行.
INFO: [ app_begin ] --START--
INFO: Run Behavior\ReadHtmlCacheBehavior [ RunTime:0.000666s ]
INFO: [ app_begin ] --END-- [ RunTime:0.000744s ]
NOTIC: [2] Yar_Client::setOpt(): expects a long integer timeout value D:\wamp\www\Finance\Admin\ThinkPHP\Library\Org\Api\ServiceProxy.class.php 第 683 行.
NOTIC: [8] Use of undefined constant json - assumed 'json' D:\wamp\www\Finance\Admin\App\Home\Controller\UserController.class.php 第 31 行.

[ 2019-02-25T12:56:57+08:00 ] 192.168.0.150 /u/get_user_info.html
INFO: [ app_init ] --START--
INFO: Run Behavior\BuildLiteBehavior [ RunTime:0.000020s ]
INFO: [ app_init ] --END-- [ RunTime:0.000565s ]
NOTIC: [8] Use of undefined constant SELLER_ID - assumed 'SELLER_ID' D:\wamp\www\Finance\Admin\ThinkPHP\Library\Org\Api\ServiceProxy.class.php 第 276 行.
NOTIC: [8] Use of undefined constant SHOP_ID - assumed 'SHOP_ID' D:\wamp\www\Finance\Admin\ThinkPHP\Library\Org\Api\ServiceProxy.class.php 第 277 行.
NOTIC: [2] Yar_Client::setOpt(): expects a long integer timeout value D:\wamp\www\Finance\Admin\ThinkPHP\Library\Org\Api\ServiceProxy.class.php 第 683 行.
NOTIC: [2] Yar_Client::setOpt(): expects a long integer timeout value D:\wamp\www\Finance\Admin\ThinkPHP\Library\Org\Api\ServiceProxy.class.php 第 683 行.
NOTIC: [8] Undefined index: shop_url D:\wamp\www\Finance\Admin\ThinkPHP\Library\Org\Api\ServiceProxy.class.php 第 403 行.
NOTIC: [8] Undefined index: platform_domain D:\wamp\www\Finance\Admin\ThinkPHP\Library\Org\Api\ServiceProxy.class.php 第 404 行.
NOTIC: [8] Undefined index: TOKEN D:\wamp\www\Finance\Admin\App\Common\Conf\siteInfo.php 第 15 行.
INFO: [ app_begin ] --START--
INFO: Run Behavior\ReadHtmlCacheBehavior [ RunTime:0.000675s ]
INFO: [ app_begin ] --END-- [ RunTime:0.000756s ]
NOTIC: [2] Yar_Client::setOpt(): expects a long integer timeout value D:\wamp\www\Finance\Admin\ThinkPHP\Library\Org\Api\ServiceProxy.class.php 第 683 行.
NOTIC: [8] Use of undefined constant json - assumed 'json' D:\wamp\www\Finance\Admin\App\Home\Controller\UserController.class.php 第 31 行.

[ 2019-02-25T13:22:16+08:00 ] 192.168.0.150 /u/get_user_info.html
INFO: [ app_init ] --START--
INFO: Run Behavior\BuildLiteBehavior [ RunTime:0.000018s ]
INFO: [ app_init ] --END-- [ RunTime:0.000467s ]
NOTIC: [8] Use of undefined constant SELLER_ID - assumed 'SELLER_ID' D:\wamp\www\Finance\Admin\ThinkPHP\Library\Org\Api\ServiceProxy.class.php 第 276 行.
NOTIC: [8] Use of undefined constant SHOP_ID - assumed 'SHOP_ID' D:\wamp\www\Finance\Admin\ThinkPHP\Library\Org\Api\ServiceProxy.class.php 第 277 行.
NOTIC: [2] Yar_Client::setOpt(): expects a long integer timeout value D:\wamp\www\Finance\Admin\ThinkPHP\Library\Org\Api\ServiceProxy.class.php 第 683 行.
NOTIC: [2] Yar_Client::setOpt(): expects a long integer timeout value D:\wamp\www\Finance\Admin\ThinkPHP\Library\Org\Api\ServiceProxy.class.php 第 683 行.
NOTIC: [8] Undefined index: shop_url D:\wamp\www\Finance\Admin\ThinkPHP\Library\Org\Api\ServiceProxy.class.php 第 403 行.
NOTIC: [8] Undefined index: platform_domain D:\wamp\www\Finance\Admin\ThinkPHP\Library\Org\Api\ServiceProxy.class.php 第 404 行.
NOTIC: [8] Undefined index: TOKEN D:\wamp\www\Finance\Admin\App\Common\Conf\siteInfo.php 第 15 行.
INFO: [ app_begin ] --START--
INFO: Run Behavior\ReadHtmlCacheBehavior [ RunTime:0.001170s ]
INFO: [ app_begin ] --END-- [ RunTime:0.001306s ]
NOTIC: [2] Yar_Client::setOpt(): expects a long integer timeout value D:\wamp\www\Finance\Admin\ThinkPHP\Library\Org\Api\ServiceProxy.class.php 第 683 行.
NOTIC: [8] Use of undefined constant json - assumed 'json' D:\wamp\www\Finance\Admin\App\Home\Controller\UserController.class.php 第 33 行.

[ 2019-02-25T13:22:57+08:00 ] 192.168.0.150 /u/get_user_info.html
INFO: [ app_init ] --START--
INFO: Run Behavior\BuildLiteBehavior [ RunTime:0.000017s ]
INFO: [ app_init ] --END-- [ RunTime:0.000441s ]
NOTIC: [8] Use of undefined constant SELLER_ID - assumed 'SELLER_ID' D:\wamp\www\Finance\Admin\ThinkPHP\Library\Org\Api\ServiceProxy.class.php 第 276 行.
NOTIC: [8] Use of undefined constant SHOP_ID - assumed 'SHOP_ID' D:\wamp\www\Finance\Admin\ThinkPHP\Library\Org\Api\ServiceProxy.class.php 第 277 行.
NOTIC: [2] Yar_Client::setOpt(): expects a long integer timeout value D:\wamp\www\Finance\Admin\ThinkPHP\Library\Org\Api\ServiceProxy.class.php 第 683 行.
NOTIC: [2] Yar_Client::setOpt(): expects a long integer timeout value D:\wamp\www\Finance\Admin\ThinkPHP\Library\Org\Api\ServiceProxy.class.php 第 683 行.
NOTIC: [8] Undefined index: shop_url D:\wamp\www\Finance\Admin\ThinkPHP\Library\Org\Api\ServiceProxy.class.php 第 403 行.
NOTIC: [8] Undefined index: platform_domain D:\wamp\www\Finance\Admin\ThinkPHP\Library\Org\Api\ServiceProxy.class.php 第 404 行.
NOTIC: [8] Undefined index: TOKEN D:\wamp\www\Finance\Admin\App\Common\Conf\siteInfo.php 第 15 行.
INFO: [ app_begin ] --START--
INFO: Run Behavior\ReadHtmlCacheBehavior [ RunTime:0.000674s ]
INFO: [ app_begin ] --END-- [ RunTime:0.000757s ]
NOTIC: [2] Yar_Client::setOpt(): expects a long integer timeout value D:\wamp\www\Finance\Admin\ThinkPHP\Library\Org\Api\ServiceProxy.class.php 第 683 行.
NOTIC: [8] Use of undefined constant json - assumed 'json' D:\wamp\www\Finance\Admin\App\Home\Controller\UserController.class.php 第 33 行.

[ 2019-02-25T13:23:25+08:00 ] 192.168.0.150 /u/get_user_info.html
INFO: [ app_init ] --START--
INFO: Run Behavior\BuildLiteBehavior [ RunTime:0.000018s ]
INFO: [ app_init ] --END-- [ RunTime:0.000452s ]
NOTIC: [8] Use of undefined constant SELLER_ID - assumed 'SELLER_ID' D:\wamp\www\Finance\Admin\ThinkPHP\Library\Org\Api\ServiceProxy.class.php 第 276 行.
NOTIC: [8] Use of undefined constant SHOP_ID - assumed 'SHOP_ID' D:\wamp\www\Finance\Admin\ThinkPHP\Library\Org\Api\ServiceProxy.class.php 第 277 行.
NOTIC: [2] Yar_Client::setOpt(): expects a long integer timeout value D:\wamp\www\Finance\Admin\ThinkPHP\Library\Org\Api\ServiceProxy.class.php 第 683 行.
NOTIC: [2] Yar_Client::setOpt(): expects a long integer timeout value D:\wamp\www\Finance\Admin\ThinkPHP\Library\Org\Api\ServiceProxy.class.php 第 683 行.
NOTIC: [8] Undefined index: shop_url D:\wamp\www\Finance\Admin\ThinkPHP\Library\Org\Api\ServiceProxy.class.php 第 403 行.
NOTIC: [8] Undefined index: platform_domain D:\wamp\www\Finance\Admin\ThinkPHP\Library\Org\Api\ServiceProxy.class.php 第 404 行.
NOTIC: [8] Undefined index: TOKEN D:\wamp\www\Finance\Admin\App\Common\Conf\siteInfo.php 第 15 行.
INFO: [ app_begin ] --START--
INFO: Run Behavior\ReadHtmlCacheBehavior [ RunTime:0.000735s ]
INFO: [ app_begin ] --END-- [ RunTime:0.000819s ]
NOTIC: [2] Yar_Client::setOpt(): expects a long integer timeout value D:\wamp\www\Finance\Admin\ThinkPHP\Library\Org\Api\ServiceProxy.class.php 第 683 行.
NOTIC: [8] Use of undefined constant json - assumed 'json' D:\wamp\www\Finance\Admin\App\Home\Controller\UserController.class.php 第 33 行.

[ 2019-02-25T13:24:58+08:00 ] 192.168.0.150 /u/get_user_info.html
INFO: [ app_init ] --START--
INFO: Run Behavior\BuildLiteBehavior [ RunTime:0.000018s ]
INFO: [ app_init ] --END-- [ RunTime:0.000619s ]
NOTIC: [8] Use of undefined constant SELLER_ID - assumed 'SELLER_ID' D:\wamp\www\Finance\Admin\ThinkPHP\Library\Org\Api\ServiceProxy.class.php 第 276 行.
NOTIC: [8] Use of undefined constant SHOP_ID - assumed 'SHOP_ID' D:\wamp\www\Finance\Admin\ThinkPHP\Library\Org\Api\ServiceProxy.class.php 第 277 行.
NOTIC: [2] Yar_Client::setOpt(): expects a long integer timeout value D:\wamp\www\Finance\Admin\ThinkPHP\Library\Org\Api\ServiceProxy.class.php 第 683 行.
NOTIC: [2] Yar_Client::setOpt(): expects a long integer timeout value D:\wamp\www\Finance\Admin\ThinkPHP\Library\Org\Api\ServiceProxy.class.php 第 683 行.
NOTIC: [8] Undefined index: shop_url D:\wamp\www\Finance\Admin\ThinkPHP\Library\Org\Api\ServiceProxy.class.php 第 403 行.
NOTIC: [8] Undefined index: platform_domain D:\wamp\www\Finance\Admin\ThinkPHP\Library\Org\Api\ServiceProxy.class.php 第 404 行.
NOTIC: [8] Undefined index: TOKEN D:\wamp\www\Finance\Admin\App\Common\Conf\siteInfo.php 第 15 行.
INFO: [ app_begin ] --START--
INFO: Run Behavior\ReadHtmlCacheBehavior [ RunTime:0.000726s ]
INFO: [ app_begin ] --END-- [ RunTime:0.000809s ]
NOTIC: [2] Yar_Client::setOpt(): expects a long integer timeout value D:\wamp\www\Finance\Admin\ThinkPHP\Library\Org\Api\ServiceProxy.class.php 第 683 行.
NOTIC: [8] Use of undefined constant json - assumed 'json' D:\wamp\www\Finance\Admin\App\Home\Controller\UserController.class.php 第 33 行.

[ 2019-02-25T13:42:51+08:00 ] 192.168.0.150 /u/get_user_info.html
INFO: [ app_init ] --START--
INFO: Run Behavior\BuildLiteBehavior [ RunTime:0.000017s ]
INFO: [ app_init ] --END-- [ RunTime:0.000494s ]
NOTIC: [8] Use of undefined constant SELLER_ID - assumed 'SELLER_ID' D:\wamp\www\Finance\Admin\ThinkPHP\Library\Org\Api\ServiceProxy.class.php 第 276 行.
NOTIC: [8] Use of undefined constant SHOP_ID - assumed 'SHOP_ID' D:\wamp\www\Finance\Admin\ThinkPHP\Library\Org\Api\ServiceProxy.class.php 第 277 行.
NOTIC: [2] Yar_Client::setOpt(): expects a long integer timeout value D:\wamp\www\Finance\Admin\ThinkPHP\Library\Org\Api\ServiceProxy.class.php 第 683 行.
NOTIC: [2] Yar_Client::setOpt(): expects a long integer timeout value D:\wamp\www\Finance\Admin\ThinkPHP\Library\Org\Api\ServiceProxy.class.php 第 683 行.
NOTIC: [8] Undefined index: shop_url D:\wamp\www\Finance\Admin\ThinkPHP\Library\Org\Api\ServiceProxy.class.php 第 403 行.
NOTIC: [8] Undefined index: platform_domain D:\wamp\www\Finance\Admin\ThinkPHP\Library\Org\Api\ServiceProxy.class.php 第 404 行.
NOTIC: [8] Undefined index: TOKEN D:\wamp\www\Finance\Admin\App\Common\Conf\siteInfo.php 第 15 行.
INFO: [ app_begin ] --START--
INFO: Run Behavior\ReadHtmlCacheBehavior [ RunTime:0.000750s ]
INFO: [ app_begin ] --END-- [ RunTime:0.000833s ]
NOTIC: [2] Yar_Client::setOpt(): expects a long integer timeout value D:\wamp\www\Finance\Admin\ThinkPHP\Library\Org\Api\ServiceProxy.class.php 第 683 行.
NOTIC: [8] Use of undefined constant json - assumed 'json' D:\wamp\www\Finance\Admin\App\Home\Controller\UserController.class.php 第 33 行.

[ 2019-02-25T13:43:22+08:00 ] 192.168.0.150 /u/get_user_info.html
INFO: [ app_init ] --START--
INFO: Run Behavior\BuildLiteBehavior [ RunTime:0.000018s ]
INFO: [ app_init ] --END-- [ RunTime:0.000451s ]
NOTIC: [8] Use of undefined constant SELLER_ID - assumed 'SELLER_ID' D:\wamp\www\Finance\Admin\ThinkPHP\Library\Org\Api\ServiceProxy.class.php 第 276 行.
NOTIC: [8] Use of undefined constant SHOP_ID - assumed 'SHOP_ID' D:\wamp\www\Finance\Admin\ThinkPHP\Library\Org\Api\ServiceProxy.class.php 第 277 行.
NOTIC: [2] Yar_Client::setOpt(): expects a long integer timeout value D:\wamp\www\Finance\Admin\ThinkPHP\Library\Org\Api\ServiceProxy.class.php 第 683 行.
NOTIC: [2] Yar_Client::setOpt(): expects a long integer timeout value D:\wamp\www\Finance\Admin\ThinkPHP\Library\Org\Api\ServiceProxy.class.php 第 683 行.
NOTIC: [8] Undefined index: shop_url D:\wamp\www\Finance\Admin\ThinkPHP\Library\Org\Api\ServiceProxy.class.php 第 403 行.
NOTIC: [8] Undefined index: platform_domain D:\wamp\www\Finance\Admin\ThinkPHP\Library\Org\Api\ServiceProxy.class.php 第 404 行.
NOTIC: [8] Undefined index: TOKEN D:\wamp\www\Finance\Admin\App\Common\Conf\siteInfo.php 第 15 行.
INFO: [ app_begin ] --START--
INFO: Run Behavior\ReadHtmlCacheBehavior [ RunTime:0.000673s ]
INFO: [ app_begin ] --END-- [ RunTime:0.000753s ]
NOTIC: [2] Yar_Client::setOpt(): expects a long integer timeout value D:\wamp\www\Finance\Admin\ThinkPHP\Library\Org\Api\ServiceProxy.class.php 第 683 行.
NOTIC: [8] Use of undefined constant json - assumed 'json' D:\wamp\www\Finance\Admin\App\Home\Controller\UserController.class.php 第 33 行.

[ 2019-02-25T13:46:35+08:00 ] 192.168.0.150 /u/get_user_info.html
INFO: [ app_init ] --START--
INFO: Run Behavior\BuildLiteBehavior [ RunTime:0.000017s ]
INFO: [ app_init ] --END-- [ RunTime:0.000491s ]
NOTIC: [8] Use of undefined constant SELLER_ID - assumed 'SELLER_ID' D:\wamp\www\Finance\Admin\ThinkPHP\Library\Org\Api\ServiceProxy.class.php 第 276 行.
NOTIC: [8] Use of undefined constant SHOP_ID - assumed 'SHOP_ID' D:\wamp\www\Finance\Admin\ThinkPHP\Library\Org\Api\ServiceProxy.class.php 第 277 行.
NOTIC: [2] Yar_Client::setOpt(): expects a long integer timeout value D:\wamp\www\Finance\Admin\ThinkPHP\Library\Org\Api\ServiceProxy.class.php 第 683 行.
NOTIC: [2] Yar_Client::setOpt(): expects a long integer timeout value D:\wamp\www\Finance\Admin\ThinkPHP\Library\Org\Api\ServiceProxy.class.php 第 683 行.
NOTIC: [8] Undefined index: shop_url D:\wamp\www\Finance\Admin\ThinkPHP\Library\Org\Api\ServiceProxy.class.php 第 403 行.
NOTIC: [8] Undefined index: platform_domain D:\wamp\www\Finance\Admin\ThinkPHP\Library\Org\Api\ServiceProxy.class.php 第 404 行.
NOTIC: [8] Undefined index: TOKEN D:\wamp\www\Finance\Admin\App\Common\Conf\siteInfo.php 第 15 行.
INFO: [ app_begin ] --START--
INFO: Run Behavior\ReadHtmlCacheBehavior [ RunTime:0.000683s ]
INFO: [ app_begin ] --END-- [ RunTime:0.000764s ]
NOTIC: [2] Yar_Client::setOpt(): expects a long integer timeout value D:\wamp\www\Finance\Admin\ThinkPHP\Library\Org\Api\ServiceProxy.class.php 第 683 行.
NOTIC: [8] Use of undefined constant json - assumed 'json' D:\wamp\www\Finance\Admin\App\Home\Controller\UserController.class.php 第 33 行.

[ 2019-02-25T13:47:54+08:00 ] 192.168.0.150 /u/get_user_info.html
INFO: [ app_init ] --START--
INFO: Run Behavior\BuildLiteBehavior [ RunTime:0.000017s ]
INFO: [ app_init ] --END-- [ RunTime:0.000458s ]
NOTIC: [8] Use of undefined constant SELLER_ID - assumed 'SELLER_ID' D:\wamp\www\Finance\Admin\ThinkPHP\Library\Org\Api\ServiceProxy.class.php 第 276 行.
NOTIC: [8] Use of undefined constant SHOP_ID - assumed 'SHOP_ID' D:\wamp\www\Finance\Admin\ThinkPHP\Library\Org\Api\ServiceProxy.class.php 第 277 行.
NOTIC: [2] Yar_Client::setOpt(): expects a long integer timeout value D:\wamp\www\Finance\Admin\ThinkPHP\Library\Org\Api\ServiceProxy.class.php 第 683 行.
NOTIC: [2] Yar_Client::setOpt(): expects a long integer timeout value D:\wamp\www\Finance\Admin\ThinkPHP\Library\Org\Api\ServiceProxy.class.php 第 683 行.
NOTIC: [8] Undefined index: shop_url D:\wamp\www\Finance\Admin\ThinkPHP\Library\Org\Api\ServiceProxy.class.php 第 403 行.
NOTIC: [8] Undefined index: platform_domain D:\wamp\www\Finance\Admin\ThinkPHP\Library\Org\Api\ServiceProxy.class.php 第 404 行.
NOTIC: [8] Undefined index: TOKEN D:\wamp\www\Finance\Admin\App\Common\Conf\siteInfo.php 第 15 行.
INFO: [ app_begin ] --START--
INFO: Run Behavior\ReadHtmlCacheBehavior [ RunTime:0.000718s ]
INFO: [ app_begin ] --END-- [ RunTime:0.000801s ]
NOTIC: [2] Yar_Client::setOpt(): expects a long integer timeout value D:\wamp\www\Finance\Admin\ThinkPHP\Library\Org\Api\ServiceProxy.class.php 第 683 行.
NOTIC: [8] Use of undefined constant json - assumed 'json' D:\wamp\www\Finance\Admin\App\Home\Controller\UserController.class.php 第 33 行.

[ 2019-02-25T13:55:40+08:00 ] 192.168.0.150 /u/get_user_info.html
INFO: [ app_init ] --START--
INFO: Run Behavior\BuildLiteBehavior [ RunTime:0.000018s ]
INFO: [ app_init ] --END-- [ RunTime:0.000500s ]
NOTIC: [8] Use of undefined constant SELLER_ID - assumed 'SELLER_ID' D:\wamp\www\Finance\Admin\ThinkPHP\Library\Org\Api\ServiceProxy.class.php 第 276 行.
NOTIC: [8] Use of undefined constant SHOP_ID - assumed 'SHOP_ID' D:\wamp\www\Finance\Admin\ThinkPHP\Library\Org\Api\ServiceProxy.class.php 第 277 行.
NOTIC: [2] Yar_Client::setOpt(): expects a long integer timeout value D:\wamp\www\Finance\Admin\ThinkPHP\Library\Org\Api\ServiceProxy.class.php 第 683 行.
NOTIC: [2] Yar_Client::setOpt(): expects a long integer timeout value D:\wamp\www\Finance\Admin\ThinkPHP\Library\Org\Api\ServiceProxy.class.php 第 683 行.
NOTIC: [8] Undefined index: shop_url D:\wamp\www\Finance\Admin\ThinkPHP\Library\Org\Api\ServiceProxy.class.php 第 403 行.
NOTIC: [8] Undefined index: platform_domain D:\wamp\www\Finance\Admin\ThinkPHP\Library\Org\Api\ServiceProxy.class.php 第 404 行.
NOTIC: [8] Undefined index: TOKEN D:\wamp\www\Finance\Admin\App\Common\Conf\siteInfo.php 第 15 行.
INFO: [ app_begin ] --START--
INFO: Run Behavior\ReadHtmlCacheBehavior [ RunTime:0.000745s ]
INFO: [ app_begin ] --END-- [ RunTime:0.000827s ]
NOTIC: [2] Yar_Client::setOpt(): expects a long integer timeout value D:\wamp\www\Finance\Admin\ThinkPHP\Library\Org\Api\ServiceProxy.class.php 第 683 行.
NOTIC: [8] Use of undefined constant json - assumed 'json' D:\wamp\www\Finance\Admin\App\Home\Controller\UserController.class.php 第 33 行.

[ 2019-02-25T13:56:07+08:00 ] 192.168.0.150 /u/get_user_info.html
INFO: [ app_init ] --START--
INFO: Run Behavior\BuildLiteBehavior [ RunTime:0.000016s ]
INFO: [ app_init ] --END-- [ RunTime:0.000442s ]
NOTIC: [8] Use of undefined constant SELLER_ID - assumed 'SELLER_ID' D:\wamp\www\Finance\Admin\ThinkPHP\Library\Org\Api\ServiceProxy.class.php 第 276 行.
NOTIC: [8] Use of undefined constant SHOP_ID - assumed 'SHOP_ID' D:\wamp\www\Finance\Admin\ThinkPHP\Library\Org\Api\ServiceProxy.class.php 第 277 行.
NOTIC: [2] Yar_Client::setOpt(): expects a long integer timeout value D:\wamp\www\Finance\Admin\ThinkPHP\Library\Org\Api\ServiceProxy.class.php 第 683 行.
NOTIC: [2] Yar_Client::setOpt(): expects a long integer timeout value D:\wamp\www\Finance\Admin\ThinkPHP\Library\Org\Api\ServiceProxy.class.php 第 683 行.
NOTIC: [8] Undefined index: shop_url D:\wamp\www\Finance\Admin\ThinkPHP\Library\Org\Api\ServiceProxy.class.php 第 403 行.
NOTIC: [8] Undefined index: platform_domain D:\wamp\www\Finance\Admin\ThinkPHP\Library\Org\Api\ServiceProxy.class.php 第 404 行.
NOTIC: [8] Undefined index: TOKEN D:\wamp\www\Finance\Admin\App\Common\Conf\siteInfo.php 第 15 行.
INFO: [ app_begin ] --START--
INFO: Run Behavior\ReadHtmlCacheBehavior [ RunTime:0.000742s ]
INFO: [ app_begin ] --END-- [ RunTime:0.000824s ]
NOTIC: [2] Yar_Client::setOpt(): expects a long integer timeout value D:\wamp\www\Finance\Admin\ThinkPHP\Library\Org\Api\ServiceProxy.class.php 第 683 行.
NOTIC: [8] Use of undefined constant json - assumed 'json' D:\wamp\www\Finance\Admin\App\Home\Controller\UserController.class.php 第 33 行.

[ 2019-02-25T13:56:48+08:00 ] 192.168.0.150 /u/get_user_info.html
INFO: [ app_init ] --START--
INFO: Run Behavior\BuildLiteBehavior [ RunTime:0.000017s ]
INFO: [ app_init ] --END-- [ RunTime:0.000437s ]
NOTIC: [8] Use of undefined constant SELLER_ID - assumed 'SELLER_ID' D:\wamp\www\Finance\Admin\ThinkPHP\Library\Org\Api\ServiceProxy.class.php 第 276 行.
NOTIC: [8] Use of undefined constant SHOP_ID - assumed 'SHOP_ID' D:\wamp\www\Finance\Admin\ThinkPHP\Library\Org\Api\ServiceProxy.class.php 第 277 行.
NOTIC: [2] Yar_Client::setOpt(): expects a long integer timeout value D:\wamp\www\Finance\Admin\ThinkPHP\Library\Org\Api\ServiceProxy.class.php 第 683 行.
NOTIC: [2] Yar_Client::setOpt(): expects a long integer timeout value D:\wamp\www\Finance\Admin\ThinkPHP\Library\Org\Api\ServiceProxy.class.php 第 683 行.
NOTIC: [8] Undefined index: shop_url D:\wamp\www\Finance\Admin\ThinkPHP\Library\Org\Api\ServiceProxy.class.php 第 403 行.
NOTIC: [8] Undefined index: platform_domain D:\wamp\www\Finance\Admin\ThinkPHP\Library\Org\Api\ServiceProxy.class.php 第 404 行.
NOTIC: [8] Undefined index: TOKEN D:\wamp\www\Finance\Admin\App\Common\Conf\siteInfo.php 第 15 行.
INFO: [ app_begin ] --START--
INFO: Run Behavior\ReadHtmlCacheBehavior [ RunTime:0.000722s ]
INFO: [ app_begin ] --END-- [ RunTime:0.000808s ]
NOTIC: [2] Yar_Client::setOpt(): expects a long integer timeout value D:\wamp\www\Finance\Admin\ThinkPHP\Library\Org\Api\ServiceProxy.class.php 第 683 行.
NOTIC: [8] Use of undefined constant json - assumed 'json' D:\wamp\www\Finance\Admin\App\Home\Controller\UserController.class.php 第 33 行.

[ 2019-02-25T13:57:25+08:00 ] 192.168.0.150 /u/get_user_info.html
INFO: [ app_init ] --START--
INFO: Run Behavior\BuildLiteBehavior [ RunTime:0.000017s ]
INFO: [ app_init ] --END-- [ RunTime:0.000454s ]
NOTIC: [8] Use of undefined constant SELLER_ID - assumed 'SELLER_ID' D:\wamp\www\Finance\Admin\ThinkPHP\Library\Org\Api\ServiceProxy.class.php 第 276 行.
NOTIC: [8] Use of undefined constant SHOP_ID - assumed 'SHOP_ID' D:\wamp\www\Finance\Admin\ThinkPHP\Library\Org\Api\ServiceProxy.class.php 第 277 行.
NOTIC: [2] Yar_Client::setOpt(): expects a long integer timeout value D:\wamp\www\Finance\Admin\ThinkPHP\Library\Org\Api\ServiceProxy.class.php 第 683 行.
NOTIC: [2] Yar_Client::setOpt(): expects a long integer timeout value D:\wamp\www\Finance\Admin\ThinkPHP\Library\Org\Api\ServiceProxy.class.php 第 683 行.
NOTIC: [8] Undefined index: shop_url D:\wamp\www\Finance\Admin\ThinkPHP\Library\Org\Api\ServiceProxy.class.php 第 403 行.
NOTIC: [8] Undefined index: platform_domain D:\wamp\www\Finance\Admin\ThinkPHP\Library\Org\Api\ServiceProxy.class.php 第 404 行.
NOTIC: [8] Undefined index: TOKEN D:\wamp\www\Finance\Admin\App\Common\Conf\siteInfo.php 第 15 行.
INFO: [ app_begin ] --START--
INFO: Run Behavior\ReadHtmlCacheBehavior [ RunTime:0.000713s ]
INFO: [ app_begin ] --END-- [ RunTime:0.000799s ]
NOTIC: [2] Yar_Client::setOpt(): expects a long integer timeout value D:\wamp\www\Finance\Admin\ThinkPHP\Library\Org\Api\ServiceProxy.class.php 第 683 行.
NOTIC: [8] Use of undefined constant json - assumed 'json' D:\wamp\www\Finance\Admin\App\Home\Controller\UserController.class.php 第 33 行.

[ 2019-02-25T14:11:14+08:00 ] 192.168.0.150 /u/get_user_info.html
INFO: [ app_init ] --START--
INFO: Run Behavior\BuildLiteBehavior [ RunTime:0.000016s ]
INFO: [ app_init ] --END-- [ RunTime:0.000419s ]
NOTIC: [8] Use of undefined constant SELLER_ID - assumed 'SELLER_ID' D:\wamp\www\Finance\Admin\ThinkPHP\Library\Org\Api\ServiceProxy.class.php 第 276 行.
NOTIC: [8] Use of undefined constant SHOP_ID - assumed 'SHOP_ID' D:\wamp\www\Finance\Admin\ThinkPHP\Library\Org\Api\ServiceProxy.class.php 第 277 行.
NOTIC: [2] Yar_Client::setOpt(): expects a long integer timeout value D:\wamp\www\Finance\Admin\ThinkPHP\Library\Org\Api\ServiceProxy.class.php 第 683 行.
NOTIC: [2] Yar_Client::setOpt(): expects a long integer timeout value D:\wamp\www\Finance\Admin\ThinkPHP\Library\Org\Api\ServiceProxy.class.php 第 683 行.
NOTIC: [8] Undefined index: shop_url D:\wamp\www\Finance\Admin\ThinkPHP\Library\Org\Api\ServiceProxy.class.php 第 403 行.
NOTIC: [8] Undefined index: platform_domain D:\wamp\www\Finance\Admin\ThinkPHP\Library\Org\Api\ServiceProxy.class.php 第 404 行.
NOTIC: [8] Undefined index: TOKEN D:\wamp\www\Finance\Admin\App\Common\Conf\siteInfo.php 第 15 行.
INFO: [ app_begin ] --START--
INFO: Run Behavior\ReadHtmlCacheBehavior [ RunTime:0.000780s ]
INFO: [ app_begin ] --END-- [ RunTime:0.000867s ]
NOTIC: [2] Yar_Client::setOpt(): expects a long integer timeout value D:\wamp\www\Finance\Admin\ThinkPHP\Library\Org\Api\ServiceProxy.class.php 第 683 行.
NOTIC: [8] Use of undefined constant json - assumed 'json' D:\wamp\www\Finance\Admin\App\Home\Controller\UserController.class.php 第 33 行.

[ 2019-02-25T14:11:31+08:00 ] 192.168.0.150 /u/get_user_info.html
INFO: [ app_init ] --START--
INFO: Run Behavior\BuildLiteBehavior [ RunTime:0.000019s ]
INFO: [ app_init ] --END-- [ RunTime:0.000477s ]
NOTIC: [8] Use of undefined constant SELLER_ID - assumed 'SELLER_ID' D:\wamp\www\Finance\Admin\ThinkPHP\Library\Org\Api\ServiceProxy.class.php 第 276 行.
NOTIC: [8] Use of undefined constant SHOP_ID - assumed 'SHOP_ID' D:\wamp\www\Finance\Admin\ThinkPHP\Library\Org\Api\ServiceProxy.class.php 第 277 行.
NOTIC: [2] Yar_Client::setOpt(): expects a long integer timeout value D:\wamp\www\Finance\Admin\ThinkPHP\Library\Org\Api\ServiceProxy.class.php 第 683 行.
NOTIC: [2] Yar_Client::setOpt(): expects a long integer timeout value D:\wamp\www\Finance\Admin\ThinkPHP\Library\Org\Api\ServiceProxy.class.php 第 683 行.
NOTIC: [8] Undefined index: shop_url D:\wamp\www\Finance\Admin\ThinkPHP\Library\Org\Api\ServiceProxy.class.php 第 403 行.
NOTIC: [8] Undefined index: platform_domain D:\wamp\www\Finance\Admin\ThinkPHP\Library\Org\Api\ServiceProxy.class.php 第 404 行.
NOTIC: [8] Undefined index: TOKEN D:\wamp\www\Finance\Admin\App\Common\Conf\siteInfo.php 第 15 行.
INFO: [ app_begin ] --START--
INFO: Run Behavior\ReadHtmlCacheBehavior [ RunTime:0.000680s ]
INFO: [ app_begin ] --END-- [ RunTime:0.000761s ]
NOTIC: [2] Yar_Client::setOpt(): expects a long integer timeout value D:\wamp\www\Finance\Admin\ThinkPHP\Library\Org\Api\ServiceProxy.class.php 第 683 行.
NOTIC: [8] Use of undefined constant json - assumed 'json' D:\wamp\www\Finance\Admin\App\Home\Controller\UserController.class.php 第 33 行.

[ 2019-02-25T14:11:41+08:00 ] 192.168.0.150 /u/get_user_info.html
INFO: [ app_init ] --START--
INFO: Run Behavior\BuildLiteBehavior [ RunTime:0.000017s ]
INFO: [ app_init ] --END-- [ RunTime:0.000441s ]
NOTIC: [8] Use of undefined constant SELLER_ID - assumed 'SELLER_ID' D:\wamp\www\Finance\Admin\ThinkPHP\Library\Org\Api\ServiceProxy.class.php 第 276 行.
NOTIC: [8] Use of undefined constant SHOP_ID - assumed 'SHOP_ID' D:\wamp\www\Finance\Admin\ThinkPHP\Library\Org\Api\ServiceProxy.class.php 第 277 行.
NOTIC: [2] Yar_Client::setOpt(): expects a long integer timeout value D:\wamp\www\Finance\Admin\ThinkPHP\Library\Org\Api\ServiceProxy.class.php 第 683 行.
NOTIC: [2] Yar_Client::setOpt(): expects a long integer timeout value D:\wamp\www\Finance\Admin\ThinkPHP\Library\Org\Api\ServiceProxy.class.php 第 683 行.
NOTIC: [8] Undefined index: shop_url D:\wamp\www\Finance\Admin\ThinkPHP\Library\Org\Api\ServiceProxy.class.php 第 403 行.
NOTIC: [8] Undefined index: platform_domain D:\wamp\www\Finance\Admin\ThinkPHP\Library\Org\Api\ServiceProxy.class.php 第 404 行.
NOTIC: [8] Undefined index: TOKEN D:\wamp\www\Finance\Admin\App\Common\Conf\siteInfo.php 第 15 行.
INFO: [ app_begin ] --START--
INFO: Run Behavior\ReadHtmlCacheBehavior [ RunTime:0.000678s ]
INFO: [ app_begin ] --END-- [ RunTime:0.000757s ]
NOTIC: [2] Yar_Client::setOpt(): expects a long integer timeout value D:\wamp\www\Finance\Admin\ThinkPHP\Library\Org\Api\ServiceProxy.class.php 第 683 行.
NOTIC: [8] Use of undefined constant json - assumed 'json' D:\wamp\www\Finance\Admin\App\Home\Controller\UserController.class.php 第 33 行.

[ 2019-02-25T14:11:56+08:00 ] 192.168.0.150 /u/get_user_info.html
INFO: [ app_init ] --START--
INFO: Run Behavior\BuildLiteBehavior [ RunTime:0.000017s ]
INFO: [ app_init ] --END-- [ RunTime:0.000472s ]
NOTIC: [8] Use of undefined constant SELLER_ID - assumed 'SELLER_ID' D:\wamp\www\Finance\Admin\ThinkPHP\Library\Org\Api\ServiceProxy.class.php 第 276 行.
NOTIC: [8] Use of undefined constant SHOP_ID - assumed 'SHOP_ID' D:\wamp\www\Finance\Admin\ThinkPHP\Library\Org\Api\ServiceProxy.class.php 第 277 行.
NOTIC: [2] Yar_Client::setOpt(): expects a long integer timeout value D:\wamp\www\Finance\Admin\ThinkPHP\Library\Org\Api\ServiceProxy.class.php 第 683 行.
NOTIC: [2] Yar_Client::setOpt(): expects a long integer timeout value D:\wamp\www\Finance\Admin\ThinkPHP\Library\Org\Api\ServiceProxy.class.php 第 683 行.
NOTIC: [8] Undefined index: shop_url D:\wamp\www\Finance\Admin\ThinkPHP\Library\Org\Api\ServiceProxy.class.php 第 403 行.
NOTIC: [8] Undefined index: platform_domain D:\wamp\www\Finance\Admin\ThinkPHP\Library\Org\Api\ServiceProxy.class.php 第 404 行.
NOTIC: [8] Undefined index: TOKEN D:\wamp\www\Finance\Admin\App\Common\Conf\siteInfo.php 第 15 行.
INFO: [ app_begin ] --START--
INFO: Run Behavior\ReadHtmlCacheBehavior [ RunTime:0.000731s ]
INFO: [ app_begin ] --END-- [ RunTime:0.000814s ]
NOTIC: [2] Yar_Client::setOpt(): expects a long integer timeout value D:\wamp\www\Finance\Admin\ThinkPHP\Library\Org\Api\ServiceProxy.class.php 第 683 行.
NOTIC: [8] Use of undefined constant json - assumed 'json' D:\wamp\www\Finance\Admin\App\Home\Controller\UserController.class.php 第 33 行.

[ 2019-02-25T14:13:11+08:00 ] 192.168.0.150 /u/get_user_info.html
INFO: [ app_init ] --START--
INFO: Run Behavior\BuildLiteBehavior [ RunTime:0.000016s ]
INFO: [ app_init ] --END-- [ RunTime:0.000462s ]
NOTIC: [8] Use of undefined constant SELLER_ID - assumed 'SELLER_ID' D:\wamp\www\Finance\Admin\ThinkPHP\Library\Org\Api\ServiceProxy.class.php 第 276 行.
NOTIC: [8] Use of undefined constant SHOP_ID - assumed 'SHOP_ID' D:\wamp\www\Finance\Admin\ThinkPHP\Library\Org\Api\ServiceProxy.class.php 第 277 行.
NOTIC: [2] Yar_Client::setOpt(): expects a long integer timeout value D:\wamp\www\Finance\Admin\ThinkPHP\Library\Org\Api\ServiceProxy.class.php 第 683 行.
NOTIC: [2] Yar_Client::setOpt(): expects a long integer timeout value D:\wamp\www\Finance\Admin\ThinkPHP\Library\Org\Api\ServiceProxy.class.php 第 683 行.
NOTIC: [8] Undefined index: shop_url D:\wamp\www\Finance\Admin\ThinkPHP\Library\Org\Api\ServiceProxy.class.php 第 403 行.
NOTIC: [8] Undefined index: platform_domain D:\wamp\www\Finance\Admin\ThinkPHP\Library\Org\Api\ServiceProxy.class.php 第 404 行.
NOTIC: [8] Undefined index: TOKEN D:\wamp\www\Finance\Admin\App\Common\Conf\siteInfo.php 第 15 行.
INFO: [ app_begin ] --START--
INFO: Run Behavior\ReadHtmlCacheBehavior [ RunTime:0.000693s ]
INFO: [ app_begin ] --END-- [ RunTime:0.000772s ]
NOTIC: [2] Yar_Client::setOpt(): expects a long integer timeout value D:\wamp\www\Finance\Admin\ThinkPHP\Library\Org\Api\ServiceProxy.class.php 第 683 行.
NOTIC: [8] Use of undefined constant json - assumed 'json' D:\wamp\www\Finance\Admin\App\Home\Controller\UserController.class.php 第 33 行.

[ 2019-02-25T14:14:59+08:00 ] 192.168.0.150 /u/get_user_info.html
INFO: [ app_init ] --START--
INFO: Run Behavior\BuildLiteBehavior [ RunTime:0.000017s ]
INFO: [ app_init ] --END-- [ RunTime:0.000466s ]
NOTIC: [8] Use of undefined constant SELLER_ID - assumed 'SELLER_ID' D:\wamp\www\Finance\Admin\ThinkPHP\Library\Org\Api\ServiceProxy.class.php 第 276 行.
NOTIC: [8] Use of undefined constant SHOP_ID - assumed 'SHOP_ID' D:\wamp\www\Finance\Admin\ThinkPHP\Library\Org\Api\ServiceProxy.class.php 第 277 行.
NOTIC: [2] Yar_Client::setOpt(): expects a long integer timeout value D:\wamp\www\Finance\Admin\ThinkPHP\Library\Org\Api\ServiceProxy.class.php 第 683 行.
NOTIC: [2] Yar_Client::setOpt(): expects a long integer timeout value D:\wamp\www\Finance\Admin\ThinkPHP\Library\Org\Api\ServiceProxy.class.php 第 683 行.
NOTIC: [8] Undefined index: shop_url D:\wamp\www\Finance\Admin\ThinkPHP\Library\Org\Api\ServiceProxy.class.php 第 403 行.
NOTIC: [8] Undefined index: platform_domain D:\wamp\www\Finance\Admin\ThinkPHP\Library\Org\Api\ServiceProxy.class.php 第 404 行.
NOTIC: [8] Undefined index: TOKEN D:\wamp\www\Finance\Admin\App\Common\Conf\siteInfo.php 第 15 行.
INFO: [ app_begin ] --START--
INFO: Run Behavior\ReadHtmlCacheBehavior [ RunTime:0.000699s ]
INFO: [ app_begin ] --END-- [ RunTime:0.000781s ]
NOTIC: [2] Yar_Client::setOpt(): expects a long integer timeout value D:\wamp\www\Finance\Admin\ThinkPHP\Library\Org\Api\ServiceProxy.class.php 第 683 行.
NOTIC: [8] Use of undefined constant json - assumed 'json' D:\wamp\www\Finance\Admin\App\Home\Controller\UserController.class.php 第 33 行.

[ 2019-02-25T14:15:26+08:00 ] 192.168.0.150 /u/get_user_info.html
INFO: [ app_init ] --START--
INFO: Run Behavior\BuildLiteBehavior [ RunTime:0.000018s ]
INFO: [ app_init ] --END-- [ RunTime:0.000450s ]
NOTIC: [8] Use of undefined constant SELLER_ID - assumed 'SELLER_ID' D:\wamp\www\Finance\Admin\ThinkPHP\Library\Org\Api\ServiceProxy.class.php 第 276 行.
NOTIC: [8] Use of undefined constant SHOP_ID - assumed 'SHOP_ID' D:\wamp\www\Finance\Admin\ThinkPHP\Library\Org\Api\ServiceProxy.class.php 第 277 行.
NOTIC: [2] Yar_Client::setOpt(): expects a long integer timeout value D:\wamp\www\Finance\Admin\ThinkPHP\Library\Org\Api\ServiceProxy.class.php 第 683 行.
NOTIC: [2] Yar_Client::setOpt(): expects a long integer timeout value D:\wamp\www\Finance\Admin\ThinkPHP\Library\Org\Api\ServiceProxy.class.php 第 683 行.
NOTIC: [8] Undefined index: shop_url D:\wamp\www\Finance\Admin\ThinkPHP\Library\Org\Api\ServiceProxy.class.php 第 403 行.
NOTIC: [8] Undefined index: platform_domain D:\wamp\www\Finance\Admin\ThinkPHP\Library\Org\Api\ServiceProxy.class.php 第 404 行.
NOTIC: [8] Undefined index: TOKEN D:\wamp\www\Finance\Admin\App\Common\Conf\siteInfo.php 第 15 行.
INFO: [ app_begin ] --START--
INFO: Run Behavior\ReadHtmlCacheBehavior [ RunTime:0.000706s ]
INFO: [ app_begin ] --END-- [ RunTime:0.000787s ]
NOTIC: [2] Yar_Client::setOpt(): expects a long integer timeout value D:\wamp\www\Finance\Admin\ThinkPHP\Library\Org\Api\ServiceProxy.class.php 第 683 行.
NOTIC: [8] Use of undefined constant json - assumed 'json' D:\wamp\www\Finance\Admin\App\Home\Controller\UserController.class.php 第 33 行.

[ 2019-02-25T14:15:48+08:00 ] 192.168.0.150 /u/get_user_info.html
INFO: [ app_init ] --START--
INFO: Run Behavior\BuildLiteBehavior [ RunTime:0.000017s ]
INFO: [ app_init ] --END-- [ RunTime:0.000423s ]
NOTIC: [8] Use of undefined constant SELLER_ID - assumed 'SELLER_ID' D:\wamp\www\Finance\Admin\ThinkPHP\Library\Org\Api\ServiceProxy.class.php 第 276 行.
NOTIC: [8] Use of undefined constant SHOP_ID - assumed 'SHOP_ID' D:\wamp\www\Finance\Admin\ThinkPHP\Library\Org\Api\ServiceProxy.class.php 第 277 行.
NOTIC: [2] Yar_Client::setOpt(): expects a long integer timeout value D:\wamp\www\Finance\Admin\ThinkPHP\Library\Org\Api\ServiceProxy.class.php 第 683 行.
NOTIC: [2] Yar_Client::setOpt(): expects a long integer timeout value D:\wamp\www\Finance\Admin\ThinkPHP\Library\Org\Api\ServiceProxy.class.php 第 683 行.
NOTIC: [8] Undefined index: shop_url D:\wamp\www\Finance\Admin\ThinkPHP\Library\Org\Api\ServiceProxy.class.php 第 403 行.
NOTIC: [8] Undefined index: platform_domain D:\wamp\www\Finance\Admin\ThinkPHP\Library\Org\Api\ServiceProxy.class.php 第 404 行.
NOTIC: [8] Undefined index: TOKEN D:\wamp\www\Finance\Admin\App\Common\Conf\siteInfo.php 第 15 行.
INFO: [ app_begin ] --START--
INFO: Run Behavior\ReadHtmlCacheBehavior [ RunTime:0.000695s ]
INFO: [ app_begin ] --END-- [ RunTime:0.000774s ]
NOTIC: [2] Yar_Client::setOpt(): expects a long integer timeout value D:\wamp\www\Finance\Admin\ThinkPHP\Library\Org\Api\ServiceProxy.class.php 第 683 行.
NOTIC: [8] Use of undefined constant json - assumed 'json' D:\wamp\www\Finance\Admin\App\Home\Controller\UserController.class.php 第 33 行.

[ 2019-02-25T14:16:09+08:00 ] 192.168.0.150 /u/get_user_info.html
INFO: [ app_init ] --START--
INFO: Run Behavior\BuildLiteBehavior [ RunTime:0.000016s ]
INFO: [ app_init ] --END-- [ RunTime:0.000457s ]
NOTIC: [8] Use of undefined constant SELLER_ID - assumed 'SELLER_ID' D:\wamp\www\Finance\Admin\ThinkPHP\Library\Org\Api\ServiceProxy.class.php 第 276 行.
NOTIC: [8] Use of undefined constant SHOP_ID - assumed 'SHOP_ID' D:\wamp\www\Finance\Admin\ThinkPHP\Library\Org\Api\ServiceProxy.class.php 第 277 行.
NOTIC: [2] Yar_Client::setOpt(): expects a long integer timeout value D:\wamp\www\Finance\Admin\ThinkPHP\Library\Org\Api\ServiceProxy.class.php 第 683 行.
NOTIC: [2] Yar_Client::setOpt(): expects a long integer timeout value D:\wamp\www\Finance\Admin\ThinkPHP\Library\Org\Api\ServiceProxy.class.php 第 683 行.
NOTIC: [8] Undefined index: shop_url D:\wamp\www\Finance\Admin\ThinkPHP\Library\Org\Api\ServiceProxy.class.php 第 403 行.
NOTIC: [8] Undefined index: platform_domain D:\wamp\www\Finance\Admin\ThinkPHP\Library\Org\Api\ServiceProxy.class.php 第 404 行.
NOTIC: [8] Undefined index: TOKEN D:\wamp\www\Finance\Admin\App\Common\Conf\siteInfo.php 第 15 行.
INFO: [ app_begin ] --START--
INFO: Run Behavior\ReadHtmlCacheBehavior [ RunTime:0.000677s ]
INFO: [ app_begin ] --END-- [ RunTime:0.000757s ]
NOTIC: [2] Yar_Client::setOpt(): expects a long integer timeout value D:\wamp\www\Finance\Admin\ThinkPHP\Library\Org\Api\ServiceProxy.class.php 第 683 行.
NOTIC: [8] Use of undefined constant json - assumed 'json' D:\wamp\www\Finance\Admin\App\Home\Controller\UserController.class.php 第 33 行.

[ 2019-02-25T14:20:30+08:00 ] 192.168.0.150 /u/get_user_info.html
INFO: [ app_init ] --START--
INFO: Run Behavior\BuildLiteBehavior [ RunTime:0.000015s ]
INFO: [ app_init ] --END-- [ RunTime:0.000458s ]
NOTIC: [8] Use of undefined constant SELLER_ID - assumed 'SELLER_ID' D:\wamp\www\Finance\Admin\ThinkPHP\Library\Org\Api\ServiceProxy.class.php 第 276 行.
NOTIC: [8] Use of undefined constant SHOP_ID - assumed 'SHOP_ID' D:\wamp\www\Finance\Admin\ThinkPHP\Library\Org\Api\ServiceProxy.class.php 第 277 行.
NOTIC: [2] Yar_Client::setOpt(): expects a long integer timeout value D:\wamp\www\Finance\Admin\ThinkPHP\Library\Org\Api\ServiceProxy.class.php 第 683 行.
NOTIC: [2] Yar_Client::setOpt(): expects a long integer timeout value D:\wamp\www\Finance\Admin\ThinkPHP\Library\Org\Api\ServiceProxy.class.php 第 683 行.
NOTIC: [8] Undefined index: shop_url D:\wamp\www\Finance\Admin\ThinkPHP\Library\Org\Api\ServiceProxy.class.php 第 403 行.
NOTIC: [8] Undefined index: platform_domain D:\wamp\www\Finance\Admin\ThinkPHP\Library\Org\Api\ServiceProxy.class.php 第 404 行.
NOTIC: [8] Undefined index: TOKEN D:\wamp\www\Finance\Admin\App\Common\Conf\siteInfo.php 第 15 行.
INFO: [ app_begin ] --START--
INFO: Run Behavior\ReadHtmlCacheBehavior [ RunTime:0.000670s ]
INFO: [ app_begin ] --END-- [ RunTime:0.000749s ]
NOTIC: [2] Yar_Client::setOpt(): expects a long integer timeout value D:\wamp\www\Finance\Admin\ThinkPHP\Library\Org\Api\ServiceProxy.class.php 第 683 行.
NOTIC: [8] Use of undefined constant json - assumed 'json' D:\wamp\www\Finance\Admin\App\Home\Controller\UserController.class.php 第 33 行.

[ 2019-02-25T14:21:49+08:00 ] 192.168.0.150 /u/get_user_info.html
INFO: [ app_init ] --START--
INFO: Run Behavior\BuildLiteBehavior [ RunTime:0.000016s ]
INFO: [ app_init ] --END-- [ RunTime:0.000471s ]
NOTIC: [8] Use of undefined constant SELLER_ID - assumed 'SELLER_ID' D:\wamp\www\Finance\Admin\ThinkPHP\Library\Org\Api\ServiceProxy.class.php 第 276 行.
NOTIC: [8] Use of undefined constant SHOP_ID - assumed 'SHOP_ID' D:\wamp\www\Finance\Admin\ThinkPHP\Library\Org\Api\ServiceProxy.class.php 第 277 行.
NOTIC: [2] Yar_Client::setOpt(): expects a long integer timeout value D:\wamp\www\Finance\Admin\ThinkPHP\Library\Org\Api\ServiceProxy.class.php 第 683 行.
NOTIC: [2] Yar_Client::setOpt(): expects a long integer timeout value D:\wamp\www\Finance\Admin\ThinkPHP\Library\Org\Api\ServiceProxy.class.php 第 683 行.
NOTIC: [8] Undefined index: shop_url D:\wamp\www\Finance\Admin\ThinkPHP\Library\Org\Api\ServiceProxy.class.php 第 403 行.
NOTIC: [8] Undefined index: platform_domain D:\wamp\www\Finance\Admin\ThinkPHP\Library\Org\Api\ServiceProxy.class.php 第 404 行.
NOTIC: [8] Undefined index: TOKEN D:\wamp\www\Finance\Admin\App\Common\Conf\siteInfo.php 第 15 行.
INFO: [ app_begin ] --START--
INFO: Run Behavior\ReadHtmlCacheBehavior [ RunTime:0.000717s ]
INFO: [ app_begin ] --END-- [ RunTime:0.000797s ]
NOTIC: [2] Yar_Client::setOpt(): expects a long integer timeout value D:\wamp\www\Finance\Admin\ThinkPHP\Library\Org\Api\ServiceProxy.class.php 第 683 行.
NOTIC: [8] Use of undefined constant json - assumed 'json' D:\wamp\www\Finance\Admin\App\Home\Controller\UserController.class.php 第 33 行.

[ 2019-02-25T14:21:55+08:00 ] 192.168.0.150 /u/get_user_info.html
INFO: [ app_init ] --START--
INFO: Run Behavior\BuildLiteBehavior [ RunTime:0.000016s ]
INFO: [ app_init ] --END-- [ RunTime:0.000454s ]
NOTIC: [8] Use of undefined constant SELLER_ID - assumed 'SELLER_ID' D:\wamp\www\Finance\Admin\ThinkPHP\Library\Org\Api\ServiceProxy.class.php 第 276 行.
NOTIC: [8] Use of undefined constant SHOP_ID - assumed 'SHOP_ID' D:\wamp\www\Finance\Admin\ThinkPHP\Library\Org\Api\ServiceProxy.class.php 第 277 行.
NOTIC: [2] Yar_Client::setOpt(): expects a long integer timeout value D:\wamp\www\Finance\Admin\ThinkPHP\Library\Org\Api\ServiceProxy.class.php 第 683 行.
NOTIC: [2] Yar_Client::setOpt(): expects a long integer timeout value D:\wamp\www\Finance\Admin\ThinkPHP\Library\Org\Api\ServiceProxy.class.php 第 683 行.
NOTIC: [8] Undefined index: shop_url D:\wamp\www\Finance\Admin\ThinkPHP\Library\Org\Api\ServiceProxy.class.php 第 403 行.
NOTIC: [8] Undefined index: platform_domain D:\wamp\www\Finance\Admin\ThinkPHP\Library\Org\Api\ServiceProxy.class.php 第 404 行.
NOTIC: [8] Undefined index: TOKEN D:\wamp\www\Finance\Admin\App\Common\Conf\siteInfo.php 第 15 行.
INFO: [ app_begin ] --START--
INFO: Run Behavior\ReadHtmlCacheBehavior [ RunTime:0.000716s ]
INFO: [ app_begin ] --END-- [ RunTime:0.000796s ]
NOTIC: [2] Yar_Client::setOpt(): expects a long integer timeout value D:\wamp\www\Finance\Admin\ThinkPHP\Library\Org\Api\ServiceProxy.class.php 第 683 行.
NOTIC: [8] Use of undefined constant json - assumed 'json' D:\wamp\www\Finance\Admin\App\Home\Controller\UserController.class.php 第 33 行.

[ 2019-02-25T14:23:16+08:00 ] 192.168.0.150 /u/get_user_info.html
INFO: [ app_init ] --START--
INFO: Run Behavior\BuildLiteBehavior [ RunTime:0.000018s ]
INFO: [ app_init ] --END-- [ RunTime:0.000475s ]
NOTIC: [8] Use of undefined constant SELLER_ID - assumed 'SELLER_ID' D:\wamp\www\Finance\Admin\ThinkPHP\Library\Org\Api\ServiceProxy.class.php 第 276 行.
NOTIC: [8] Use of undefined constant SHOP_ID - assumed 'SHOP_ID' D:\wamp\www\Finance\Admin\ThinkPHP\Library\Org\Api\ServiceProxy.class.php 第 277 行.
NOTIC: [2] Yar_Client::setOpt(): expects a long integer timeout value D:\wamp\www\Finance\Admin\ThinkPHP\Library\Org\Api\ServiceProxy.class.php 第 683 行.
NOTIC: [2] Yar_Client::setOpt(): expects a long integer timeout value D:\wamp\www\Finance\Admin\ThinkPHP\Library\Org\Api\ServiceProxy.class.php 第 683 行.
NOTIC: [8] Undefined index: shop_url D:\wamp\www\Finance\Admin\ThinkPHP\Library\Org\Api\ServiceProxy.class.php 第 403 行.
NOTIC: [8] Undefined index: platform_domain D:\wamp\www\Finance\Admin\ThinkPHP\Library\Org\Api\ServiceProxy.class.php 第 404 行.
NOTIC: [8] Undefined index: TOKEN D:\wamp\www\Finance\Admin\App\Common\Conf\siteInfo.php 第 15 行.
INFO: [ app_begin ] --START--
INFO: Run Behavior\ReadHtmlCacheBehavior [ RunTime:0.000727s ]
INFO: [ app_begin ] --END-- [ RunTime:0.000808s ]
NOTIC: [2] Yar_Client::setOpt(): expects a long integer timeout value D:\wamp\www\Finance\Admin\ThinkPHP\Library\Org\Api\ServiceProxy.class.php 第 683 行.
NOTIC: [8] Use of undefined constant json - assumed 'json' D:\wamp\www\Finance\Admin\App\Home\Controller\UserController.class.php 第 33 行.

[ 2019-02-25T14:38:15+08:00 ] 192.168.0.150 /u/get_user_info.html
INFO: [ app_init ] --START--
INFO: Run Behavior\BuildLiteBehavior [ RunTime:0.000016s ]
INFO: [ app_init ] --END-- [ RunTime:0.000458s ]
NOTIC: [8] Use of undefined constant SELLER_ID - assumed 'SELLER_ID' D:\wamp\www\Finance\Admin\ThinkPHP\Library\Org\Api\ServiceProxy.class.php 第 276 行.
NOTIC: [8] Use of undefined constant SHOP_ID - assumed 'SHOP_ID' D:\wamp\www\Finance\Admin\ThinkPHP\Library\Org\Api\ServiceProxy.class.php 第 277 行.
NOTIC: [2] Yar_Client::setOpt(): expects a long integer timeout value D:\wamp\www\Finance\Admin\ThinkPHP\Library\Org\Api\ServiceProxy.class.php 第 683 行.
NOTIC: [2] Yar_Client::setOpt(): expects a long integer timeout value D:\wamp\www\Finance\Admin\ThinkPHP\Library\Org\Api\ServiceProxy.class.php 第 683 行.
NOTIC: [8] Undefined index: shop_url D:\wamp\www\Finance\Admin\ThinkPHP\Library\Org\Api\ServiceProxy.class.php 第 403 行.
NOTIC: [8] Undefined index: platform_domain D:\wamp\www\Finance\Admin\ThinkPHP\Library\Org\Api\ServiceProxy.class.php 第 404 行.
NOTIC: [8] Undefined index: TOKEN D:\wamp\www\Finance\Admin\App\Common\Conf\siteInfo.php 第 15 行.
INFO: [ app_begin ] --START--
INFO: Run Behavior\ReadHtmlCacheBehavior [ RunTime:0.000742s ]
INFO: [ app_begin ] --END-- [ RunTime:0.000825s ]
NOTIC: [2] Yar_Client::setOpt(): expects a long integer timeout value D:\wamp\www\Finance\Admin\ThinkPHP\Library\Org\Api\ServiceProxy.class.php 第 683 行.
NOTIC: [8] Use of undefined constant json - assumed 'json' D:\wamp\www\Finance\Admin\App\Home\Controller\UserController.class.php 第 33 行.

[ 2019-02-25T14:40:14+08:00 ] 192.168.0.150 /u/get_user_info.html
INFO: [ app_init ] --START--
INFO: Run Behavior\BuildLiteBehavior [ RunTime:0.000018s ]
INFO: [ app_init ] --END-- [ RunTime:0.000456s ]
NOTIC: [8] Use of undefined constant SELLER_ID - assumed 'SELLER_ID' D:\wamp\www\Finance\Admin\ThinkPHP\Library\Org\Api\ServiceProxy.class.php 第 276 行.
NOTIC: [8] Use of undefined constant SHOP_ID - assumed 'SHOP_ID' D:\wamp\www\Finance\Admin\ThinkPHP\Library\Org\Api\ServiceProxy.class.php 第 277 行.
NOTIC: [2] Yar_Client::setOpt(): expects a long integer timeout value D:\wamp\www\Finance\Admin\ThinkPHP\Library\Org\Api\ServiceProxy.class.php 第 683 行.
NOTIC: [2] Yar_Client::setOpt(): expects a long integer timeout value D:\wamp\www\Finance\Admin\ThinkPHP\Library\Org\Api\ServiceProxy.class.php 第 683 行.
NOTIC: [8] Undefined index: shop_url D:\wamp\www\Finance\Admin\ThinkPHP\Library\Org\Api\ServiceProxy.class.php 第 403 行.
NOTIC: [8] Undefined index: platform_domain D:\wamp\www\Finance\Admin\ThinkPHP\Library\Org\Api\ServiceProxy.class.php 第 404 行.
NOTIC: [8] Undefined index: TOKEN D:\wamp\www\Finance\Admin\App\Common\Conf\siteInfo.php 第 15 行.
INFO: [ app_begin ] --START--
INFO: Run Behavior\ReadHtmlCacheBehavior [ RunTime:0.000689s ]
INFO: [ app_begin ] --END-- [ RunTime:0.000774s ]
NOTIC: [2] Yar_Client::setOpt(): expects a long integer timeout value D:\wamp\www\Finance\Admin\ThinkPHP\Library\Org\Api\ServiceProxy.class.php 第 683 行.
NOTIC: [8] Use of undefined constant json - assumed 'json' D:\wamp\www\Finance\Admin\App\Home\Controller\UserController.class.php 第 33 行.

[ 2019-02-25T14:44:35+08:00 ] 192.168.0.150 /g/set_visible.html
INFO: [ app_init ] --START--
INFO: Run Behavior\BuildLiteBehavior [ RunTime:0.000017s ]
INFO: [ app_init ] --END-- [ RunTime:0.000463s ]
NOTIC: [8] Use of undefined constant SELLER_ID - assumed 'SELLER_ID' D:\wamp\www\Finance\Admin\ThinkPHP\Library\Org\Api\ServiceProxy.class.php 第 276 行.
NOTIC: [8] Use of undefined constant SHOP_ID - assumed 'SHOP_ID' D:\wamp\www\Finance\Admin\ThinkPHP\Library\Org\Api\ServiceProxy.class.php 第 277 行.
NOTIC: [2] Yar_Client::setOpt(): expects a long integer timeout value D:\wamp\www\Finance\Admin\ThinkPHP\Library\Org\Api\ServiceProxy.class.php 第 683 行.
NOTIC: [2] Yar_Client::setOpt(): expects a long integer timeout value D:\wamp\www\Finance\Admin\ThinkPHP\Library\Org\Api\ServiceProxy.class.php 第 683 行.
NOTIC: [8] Undefined index: shop_url D:\wamp\www\Finance\Admin\ThinkPHP\Library\Org\Api\ServiceProxy.class.php 第 403 行.
NOTIC: [8] Undefined index: platform_domain D:\wamp\www\Finance\Admin\ThinkPHP\Library\Org\Api\ServiceProxy.class.php 第 404 行.
NOTIC: [8] Undefined index: TOKEN D:\wamp\www\Finance\Admin\App\Common\Conf\siteInfo.php 第 15 行.
INFO: [ app_begin ] --START--
INFO: Run Behavior\ReadHtmlCacheBehavior [ RunTime:0.000693s ]
INFO: [ app_begin ] --END-- [ RunTime:0.000773s ]
NOTIC: [2] Yar_Client::setOpt(): expects a long integer timeout value D:\wamp\www\Finance\Admin\ThinkPHP\Library\Org\Api\ServiceProxy.class.php 第 683 行.

