[ 2019-03-30T09:00:44+08:00 ] 192.168.0.150 /o/order_list
INFO: [ app_init ] --START--
INFO: Run Behavior\BuildLiteBehavior [ RunTime:0.000018s ]
INFO: [ app_init ] --END-- [ RunTime:0.000655s ]
NOTIC: [8] Use of undefined constant SELLER_ID - assumed 'SELLER_ID' D:\wamp\www\Finance\Admin\ThinkPHP\Library\Org\Api\ServiceProxy.class.php 第 278 行.
NOTIC: [8] Use of undefined constant SHOP_ID - assumed 'SHOP_ID' D:\wamp\www\Finance\Admin\ThinkPHP\Library\Org\Api\ServiceProxy.class.php 第 279 行.
NOTIC: [2] Yar_Client::setOpt(): expects a long integer timeout value D:\wamp\www\Finance\Admin\ThinkPHP\Library\Org\Api\ServiceProxy.class.php 第 675 行.
NOTIC: [2] Yar_Client::setOpt(): expects a long integer timeout value D:\wamp\www\Finance\Admin\ThinkPHP\Library\Org\Api\ServiceProxy.class.php 第 675 行.
NOTIC: [8] Undefined index: shop_url D:\wamp\www\Finance\Admin\ThinkPHP\Library\Org\Api\ServiceProxy.class.php 第 405 行.
NOTIC: [8] Undefined index: platform_domain D:\wamp\www\Finance\Admin\ThinkPHP\Library\Org\Api\ServiceProxy.class.php 第 406 行.
NOTIC: [8] Undefined index: TOKEN D:\wamp\www\Finance\Admin\App\Common\Conf\siteInfo.php 第 15 行.
INFO: [ app_begin ] --START--
INFO: Run Behavior\ReadHtmlCacheBehavior [ RunTime:0.006973s ]
INFO: [ app_begin ] --END-- [ RunTime:0.007078s ]

[ 2019-03-30T09:49:13+08:00 ] 192.168.0.150 /u/get_user_info.html
INFO: [ app_init ] --START--
INFO: Run Behavior\BuildLiteBehavior [ RunTime:0.000017s ]
INFO: [ app_init ] --END-- [ RunTime:0.000544s ]
NOTIC: [8] Use of undefined constant SELLER_ID - assumed 'SELLER_ID' D:\wamp\www\Finance\Admin\ThinkPHP\Library\Org\Api\ServiceProxy.class.php 第 278 行.
NOTIC: [8] Use of undefined constant SHOP_ID - assumed 'SHOP_ID' D:\wamp\www\Finance\Admin\ThinkPHP\Library\Org\Api\ServiceProxy.class.php 第 279 行.
NOTIC: [2] Yar_Client::setOpt(): expects a long integer timeout value D:\wamp\www\Finance\Admin\ThinkPHP\Library\Org\Api\ServiceProxy.class.php 第 675 行.
NOTIC: [2] Yar_Client::setOpt(): expects a long integer timeout value D:\wamp\www\Finance\Admin\ThinkPHP\Library\Org\Api\ServiceProxy.class.php 第 675 行.
NOTIC: [8] Undefined index: shop_url D:\wamp\www\Finance\Admin\ThinkPHP\Library\Org\Api\ServiceProxy.class.php 第 405 行.
NOTIC: [8] Undefined index: platform_domain D:\wamp\www\Finance\Admin\ThinkPHP\Library\Org\Api\ServiceProxy.class.php 第 406 行.
NOTIC: [8] Undefined index: TOKEN D:\wamp\www\Finance\Admin\App\Common\Conf\siteInfo.php 第 15 行.
INFO: [ app_begin ] --START--
INFO: Run Behavior\ReadHtmlCacheBehavior [ RunTime:0.000618s ]
INFO: [ app_begin ] --END-- [ RunTime:0.000696s ]
NOTIC: [2] Yar_Client::setOpt(): expects a long integer timeout value D:\wamp\www\Finance\Admin\ThinkPHP\Library\Org\Api\ServiceProxy.class.php 第 675 行.
NOTIC: [8] Undefined index: accessMenu D:\wamp\www\Finance\Admin\App\Home\Controller\UserController.class.php 第 33 行.
NOTIC: [8] Undefined index: access_operate D:\wamp\www\Finance\Admin\App\Home\Controller\UserController.class.php 第 34 行.
NOTIC: [8] Use of undefined constant json - assumed 'json' D:\wamp\www\Finance\Admin\App\Home\Controller\UserController.class.php 第 58 行.

[ 2019-03-30T09:49:14+08:00 ] 192.168.0.150 /o/order_list
INFO: [ app_init ] --START--
INFO: Run Behavior\BuildLiteBehavior [ RunTime:0.000015s ]
INFO: [ app_init ] --END-- [ RunTime:0.000447s ]
NOTIC: [8] Use of undefined constant SELLER_ID - assumed 'SELLER_ID' D:\wamp\www\Finance\Admin\ThinkPHP\Library\Org\Api\ServiceProxy.class.php 第 278 行.
NOTIC: [8] Use of undefined constant SHOP_ID - assumed 'SHOP_ID' D:\wamp\www\Finance\Admin\ThinkPHP\Library\Org\Api\ServiceProxy.class.php 第 279 行.
NOTIC: [2] Yar_Client::setOpt(): expects a long integer timeout value D:\wamp\www\Finance\Admin\ThinkPHP\Library\Org\Api\ServiceProxy.class.php 第 675 行.
NOTIC: [2] Yar_Client::setOpt(): expects a long integer timeout value D:\wamp\www\Finance\Admin\ThinkPHP\Library\Org\Api\ServiceProxy.class.php 第 675 行.
NOTIC: [8] Undefined index: shop_url D:\wamp\www\Finance\Admin\ThinkPHP\Library\Org\Api\ServiceProxy.class.php 第 405 行.
NOTIC: [8] Undefined index: platform_domain D:\wamp\www\Finance\Admin\ThinkPHP\Library\Org\Api\ServiceProxy.class.php 第 406 行.
NOTIC: [8] Undefined index: TOKEN D:\wamp\www\Finance\Admin\App\Common\Conf\siteInfo.php 第 15 行.
INFO: [ app_begin ] --START--
INFO: Run Behavior\ReadHtmlCacheBehavior [ RunTime:0.000609s ]
INFO: [ app_begin ] --END-- [ RunTime:0.000687s ]
NOTIC: [2] Yar_Client::setOpt(): expects a long integer timeout value D:\wamp\www\Finance\Admin\ThinkPHP\Library\Org\Api\ServiceProxy.class.php 第 675 行.

[ 2019-03-30T09:54:03+08:00 ] 192.168.0.150 /o/order_list
INFO: [ app_init ] --START--
INFO: Run Behavior\BuildLiteBehavior [ RunTime:0.000016s ]
INFO: [ app_init ] --END-- [ RunTime:0.000473s ]
NOTIC: [8] Use of undefined constant SELLER_ID - assumed 'SELLER_ID' D:\wamp\www\Finance\Admin\ThinkPHP\Library\Org\Api\ServiceProxy.class.php 第 278 行.
NOTIC: [8] Use of undefined constant SHOP_ID - assumed 'SHOP_ID' D:\wamp\www\Finance\Admin\ThinkPHP\Library\Org\Api\ServiceProxy.class.php 第 279 行.
NOTIC: [2] Yar_Client::setOpt(): expects a long integer timeout value D:\wamp\www\Finance\Admin\ThinkPHP\Library\Org\Api\ServiceProxy.class.php 第 675 行.
NOTIC: [2] Yar_Client::setOpt(): expects a long integer timeout value D:\wamp\www\Finance\Admin\ThinkPHP\Library\Org\Api\ServiceProxy.class.php 第 675 行.
NOTIC: [8] Undefined index: shop_url D:\wamp\www\Finance\Admin\ThinkPHP\Library\Org\Api\ServiceProxy.class.php 第 405 行.
NOTIC: [8] Undefined index: platform_domain D:\wamp\www\Finance\Admin\ThinkPHP\Library\Org\Api\ServiceProxy.class.php 第 406 行.
NOTIC: [8] Undefined index: TOKEN D:\wamp\www\Finance\Admin\App\Common\Conf\siteInfo.php 第 15 行.
INFO: [ app_begin ] --START--
INFO: Run Behavior\ReadHtmlCacheBehavior [ RunTime:0.000901s ]
INFO: [ app_begin ] --END-- [ RunTime:0.000997s ]
NOTIC: [2] Yar_Client::setOpt(): expects a long integer timeout value D:\wamp\www\Finance\Admin\ThinkPHP\Library\Org\Api\ServiceProxy.class.php 第 675 行.

[ 2019-03-30T09:55:44+08:00 ] 192.168.0.150 /o/order_list
INFO: [ app_init ] --START--
INFO: Run Behavior\BuildLiteBehavior [ RunTime:0.000016s ]
INFO: [ app_init ] --END-- [ RunTime:0.000436s ]
NOTIC: [8] Use of undefined constant SELLER_ID - assumed 'SELLER_ID' D:\wamp\www\Finance\Admin\ThinkPHP\Library\Org\Api\ServiceProxy.class.php 第 278 行.
NOTIC: [8] Use of undefined constant SHOP_ID - assumed 'SHOP_ID' D:\wamp\www\Finance\Admin\ThinkPHP\Library\Org\Api\ServiceProxy.class.php 第 279 行.
NOTIC: [2] Yar_Client::setOpt(): expects a long integer timeout value D:\wamp\www\Finance\Admin\ThinkPHP\Library\Org\Api\ServiceProxy.class.php 第 675 行.
NOTIC: [2] Yar_Client::setOpt(): expects a long integer timeout value D:\wamp\www\Finance\Admin\ThinkPHP\Library\Org\Api\ServiceProxy.class.php 第 675 行.
NOTIC: [8] Undefined index: shop_url D:\wamp\www\Finance\Admin\ThinkPHP\Library\Org\Api\ServiceProxy.class.php 第 405 行.
NOTIC: [8] Undefined index: platform_domain D:\wamp\www\Finance\Admin\ThinkPHP\Library\Org\Api\ServiceProxy.class.php 第 406 行.
NOTIC: [8] Undefined index: TOKEN D:\wamp\www\Finance\Admin\App\Common\Conf\siteInfo.php 第 15 行.
INFO: [ app_begin ] --START--
INFO: Run Behavior\ReadHtmlCacheBehavior [ RunTime:0.001983s ]
INFO: [ app_begin ] --END-- [ RunTime:0.002204s ]
NOTIC: [2] Yar_Client::setOpt(): expects a long integer timeout value D:\wamp\www\Finance\Admin\ThinkPHP\Library\Org\Api\ServiceProxy.class.php 第 675 行.

[ 2019-03-30T09:56:31+08:00 ] 192.168.0.150 /u/get_user_info.html
INFO: [ app_init ] --START--
INFO: Run Behavior\BuildLiteBehavior [ RunTime:0.000015s ]
INFO: [ app_init ] --END-- [ RunTime:0.000443s ]
NOTIC: [8] Use of undefined constant SELLER_ID - assumed 'SELLER_ID' D:\wamp\www\Finance\Admin\ThinkPHP\Library\Org\Api\ServiceProxy.class.php 第 278 行.
NOTIC: [8] Use of undefined constant SHOP_ID - assumed 'SHOP_ID' D:\wamp\www\Finance\Admin\ThinkPHP\Library\Org\Api\ServiceProxy.class.php 第 279 行.
NOTIC: [2] Yar_Client::setOpt(): expects a long integer timeout value D:\wamp\www\Finance\Admin\ThinkPHP\Library\Org\Api\ServiceProxy.class.php 第 675 行.
NOTIC: [2] Yar_Client::setOpt(): expects a long integer timeout value D:\wamp\www\Finance\Admin\ThinkPHP\Library\Org\Api\ServiceProxy.class.php 第 675 行.
NOTIC: [8] Undefined index: shop_url D:\wamp\www\Finance\Admin\ThinkPHP\Library\Org\Api\ServiceProxy.class.php 第 405 行.
NOTIC: [8] Undefined index: platform_domain D:\wamp\www\Finance\Admin\ThinkPHP\Library\Org\Api\ServiceProxy.class.php 第 406 行.
NOTIC: [8] Undefined index: TOKEN D:\wamp\www\Finance\Admin\App\Common\Conf\siteInfo.php 第 15 行.
INFO: [ app_begin ] --START--
INFO: Run Behavior\ReadHtmlCacheBehavior [ RunTime:0.000773s ]
INFO: [ app_begin ] --END-- [ RunTime:0.000864s ]
NOTIC: [2] Yar_Client::setOpt(): expects a long integer timeout value D:\wamp\www\Finance\Admin\ThinkPHP\Library\Org\Api\ServiceProxy.class.php 第 675 行.
NOTIC: [8] Undefined index: accessMenu D:\wamp\www\Finance\Admin\App\Home\Controller\UserController.class.php 第 33 行.
NOTIC: [8] Undefined index: access_operate D:\wamp\www\Finance\Admin\App\Home\Controller\UserController.class.php 第 34 行.
NOTIC: [8] Use of undefined constant json - assumed 'json' D:\wamp\www\Finance\Admin\App\Home\Controller\UserController.class.php 第 58 行.

[ 2019-03-30T09:56:31+08:00 ] 192.168.0.150 /o/order_list
INFO: [ app_init ] --START--
INFO: Run Behavior\BuildLiteBehavior [ RunTime:0.000015s ]
INFO: [ app_init ] --END-- [ RunTime:0.000449s ]
NOTIC: [8] Use of undefined constant SELLER_ID - assumed 'SELLER_ID' D:\wamp\www\Finance\Admin\ThinkPHP\Library\Org\Api\ServiceProxy.class.php 第 278 行.
NOTIC: [8] Use of undefined constant SHOP_ID - assumed 'SHOP_ID' D:\wamp\www\Finance\Admin\ThinkPHP\Library\Org\Api\ServiceProxy.class.php 第 279 行.
NOTIC: [2] Yar_Client::setOpt(): expects a long integer timeout value D:\wamp\www\Finance\Admin\ThinkPHP\Library\Org\Api\ServiceProxy.class.php 第 675 行.
NOTIC: [2] Yar_Client::setOpt(): expects a long integer timeout value D:\wamp\www\Finance\Admin\ThinkPHP\Library\Org\Api\ServiceProxy.class.php 第 675 行.
NOTIC: [8] Undefined index: shop_url D:\wamp\www\Finance\Admin\ThinkPHP\Library\Org\Api\ServiceProxy.class.php 第 405 行.
NOTIC: [8] Undefined index: platform_domain D:\wamp\www\Finance\Admin\ThinkPHP\Library\Org\Api\ServiceProxy.class.php 第 406 行.
NOTIC: [8] Undefined index: TOKEN D:\wamp\www\Finance\Admin\App\Common\Conf\siteInfo.php 第 15 行.
INFO: [ app_begin ] --START--
INFO: Run Behavior\ReadHtmlCacheBehavior [ RunTime:0.000684s ]
INFO: [ app_begin ] --END-- [ RunTime:0.000759s ]
NOTIC: [2] Yar_Client::setOpt(): expects a long integer timeout value D:\wamp\www\Finance\Admin\ThinkPHP\Library\Org\Api\ServiceProxy.class.php 第 675 行.

[ 2019-03-30T10:00:50+08:00 ] 192.168.0.150 /o/order_list
INFO: [ app_init ] --START--
INFO: Run Behavior\BuildLiteBehavior [ RunTime:0.000017s ]
INFO: [ app_init ] --END-- [ RunTime:0.000465s ]
NOTIC: [8] Use of undefined constant SELLER_ID - assumed 'SELLER_ID' D:\wamp\www\Finance\Admin\ThinkPHP\Library\Org\Api\ServiceProxy.class.php 第 278 行.
NOTIC: [8] Use of undefined constant SHOP_ID - assumed 'SHOP_ID' D:\wamp\www\Finance\Admin\ThinkPHP\Library\Org\Api\ServiceProxy.class.php 第 279 行.
NOTIC: [2] Yar_Client::setOpt(): expects a long integer timeout value D:\wamp\www\Finance\Admin\ThinkPHP\Library\Org\Api\ServiceProxy.class.php 第 675 行.
NOTIC: [2] Yar_Client::setOpt(): expects a long integer timeout value D:\wamp\www\Finance\Admin\ThinkPHP\Library\Org\Api\ServiceProxy.class.php 第 675 行.
NOTIC: [8] Undefined index: shop_url D:\wamp\www\Finance\Admin\ThinkPHP\Library\Org\Api\ServiceProxy.class.php 第 405 行.
NOTIC: [8] Undefined index: platform_domain D:\wamp\www\Finance\Admin\ThinkPHP\Library\Org\Api\ServiceProxy.class.php 第 406 行.
NOTIC: [8] Undefined index: TOKEN D:\wamp\www\Finance\Admin\App\Common\Conf\siteInfo.php 第 15 行.
INFO: [ app_begin ] --START--
INFO: Run Behavior\ReadHtmlCacheBehavior [ RunTime:0.000707s ]
INFO: [ app_begin ] --END-- [ RunTime:0.000784s ]
NOTIC: [2] Yar_Client::setOpt(): expects a long integer timeout value D:\wamp\www\Finance\Admin\ThinkPHP\Library\Org\Api\ServiceProxy.class.php 第 675 行.

[ 2019-03-30T10:01:20+08:00 ] 192.168.0.150 /o/order_list
INFO: [ app_init ] --START--
INFO: Run Behavior\BuildLiteBehavior [ RunTime:0.000018s ]
INFO: [ app_init ] --END-- [ RunTime:0.000471s ]
NOTIC: [8] Use of undefined constant SELLER_ID - assumed 'SELLER_ID' D:\wamp\www\Finance\Admin\ThinkPHP\Library\Org\Api\ServiceProxy.class.php 第 278 行.
NOTIC: [8] Use of undefined constant SHOP_ID - assumed 'SHOP_ID' D:\wamp\www\Finance\Admin\ThinkPHP\Library\Org\Api\ServiceProxy.class.php 第 279 行.
NOTIC: [2] Yar_Client::setOpt(): expects a long integer timeout value D:\wamp\www\Finance\Admin\ThinkPHP\Library\Org\Api\ServiceProxy.class.php 第 675 行.
NOTIC: [2] Yar_Client::setOpt(): expects a long integer timeout value D:\wamp\www\Finance\Admin\ThinkPHP\Library\Org\Api\ServiceProxy.class.php 第 675 行.
NOTIC: [8] Undefined index: shop_url D:\wamp\www\Finance\Admin\ThinkPHP\Library\Org\Api\ServiceProxy.class.php 第 405 行.
NOTIC: [8] Undefined index: platform_domain D:\wamp\www\Finance\Admin\ThinkPHP\Library\Org\Api\ServiceProxy.class.php 第 406 行.
NOTIC: [8] Undefined index: TOKEN D:\wamp\www\Finance\Admin\App\Common\Conf\siteInfo.php 第 15 行.
INFO: [ app_begin ] --START--
INFO: Run Behavior\ReadHtmlCacheBehavior [ RunTime:0.000710s ]
INFO: [ app_begin ] --END-- [ RunTime:0.000787s ]
NOTIC: [2] Yar_Client::setOpt(): expects a long integer timeout value D:\wamp\www\Finance\Admin\ThinkPHP\Library\Org\Api\ServiceProxy.class.php 第 675 行.

[ 2019-03-30T11:13:24+08:00 ] 192.168.0.150 /g/goods_list.html
INFO: [ app_init ] --START--
INFO: Run Behavior\BuildLiteBehavior [ RunTime:0.000016s ]
INFO: [ app_init ] --END-- [ RunTime:0.000456s ]
NOTIC: [8] Use of undefined constant SELLER_ID - assumed 'SELLER_ID' D:\wamp\www\Finance\Admin\ThinkPHP\Library\Org\Api\ServiceProxy.class.php 第 278 行.
NOTIC: [8] Use of undefined constant SHOP_ID - assumed 'SHOP_ID' D:\wamp\www\Finance\Admin\ThinkPHP\Library\Org\Api\ServiceProxy.class.php 第 279 行.
NOTIC: [2] Yar_Client::setOpt(): expects a long integer timeout value D:\wamp\www\Finance\Admin\ThinkPHP\Library\Org\Api\ServiceProxy.class.php 第 675 行.
NOTIC: [2] Yar_Client::setOpt(): expects a long integer timeout value D:\wamp\www\Finance\Admin\ThinkPHP\Library\Org\Api\ServiceProxy.class.php 第 675 行.
NOTIC: [8] Undefined index: shop_url D:\wamp\www\Finance\Admin\ThinkPHP\Library\Org\Api\ServiceProxy.class.php 第 405 行.
NOTIC: [8] Undefined index: platform_domain D:\wamp\www\Finance\Admin\ThinkPHP\Library\Org\Api\ServiceProxy.class.php 第 406 行.
NOTIC: [8] Undefined index: TOKEN D:\wamp\www\Finance\Admin\App\Common\Conf\siteInfo.php 第 15 行.
INFO: [ app_begin ] --START--
INFO: Run Behavior\ReadHtmlCacheBehavior [ RunTime:0.000672s ]
INFO: [ app_begin ] --END-- [ RunTime:0.000752s ]
NOTIC: [8] Undefined index: search_type D:\wamp\www\Finance\Admin\App\Home\Controller\GoodsController.class.php 第 21 行.
NOTIC: [2] Yar_Client::setOpt(): expects a long integer timeout value D:\wamp\www\Finance\Admin\ThinkPHP\Library\Org\Api\ServiceProxy.class.php 第 675 行.

[ 2019-03-30T11:13:26+08:00 ] 192.168.0.150 /a/attr_list.html
INFO: [ app_init ] --START--
INFO: Run Behavior\BuildLiteBehavior [ RunTime:0.000015s ]
INFO: [ app_init ] --END-- [ RunTime:0.000472s ]
NOTIC: [8] Use of undefined constant SELLER_ID - assumed 'SELLER_ID' D:\wamp\www\Finance\Admin\ThinkPHP\Library\Org\Api\ServiceProxy.class.php 第 278 行.
NOTIC: [8] Use of undefined constant SHOP_ID - assumed 'SHOP_ID' D:\wamp\www\Finance\Admin\ThinkPHP\Library\Org\Api\ServiceProxy.class.php 第 279 行.
NOTIC: [2] Yar_Client::setOpt(): expects a long integer timeout value D:\wamp\www\Finance\Admin\ThinkPHP\Library\Org\Api\ServiceProxy.class.php 第 675 行.
NOTIC: [8] Undefined index: shop_url D:\wamp\www\Finance\Admin\ThinkPHP\Library\Org\Api\ServiceProxy.class.php 第 405 行.
NOTIC: [8] Undefined index: platform_domain D:\wamp\www\Finance\Admin\ThinkPHP\Library\Org\Api\ServiceProxy.class.php 第 406 行.
NOTIC: [8] Undefined index: TOKEN D:\wamp\www\Finance\Admin\App\Common\Conf\siteInfo.php 第 15 行.
INFO: [ app_begin ] --START--
INFO: Run Behavior\ReadHtmlCacheBehavior [ RunTime:0.000655s ]
INFO: [ app_begin ] --END-- [ RunTime:0.000749s ]
NOTIC: [8] Undefined index: search_str D:\wamp\www\Finance\Admin\App\Home\Controller\AttrController.class.php 第 16 行.
NOTIC: [2] Yar_Client::setOpt(): expects a long integer timeout value D:\wamp\www\Finance\Admin\ThinkPHP\Library\Org\Api\ServiceProxy.class.php 第 675 行.

[ 2019-03-30T11:13:26+08:00 ] 192.168.0.150 /g/single_view.html
INFO: [ app_init ] --START--
INFO: Run Behavior\BuildLiteBehavior [ RunTime:0.000015s ]
INFO: [ app_init ] --END-- [ RunTime:0.000473s ]
NOTIC: [8] Use of undefined constant SELLER_ID - assumed 'SELLER_ID' D:\wamp\www\Finance\Admin\ThinkPHP\Library\Org\Api\ServiceProxy.class.php 第 278 行.
NOTIC: [8] Use of undefined constant SHOP_ID - assumed 'SHOP_ID' D:\wamp\www\Finance\Admin\ThinkPHP\Library\Org\Api\ServiceProxy.class.php 第 279 行.
NOTIC: [2] Yar_Client::setOpt(): expects a long integer timeout value D:\wamp\www\Finance\Admin\ThinkPHP\Library\Org\Api\ServiceProxy.class.php 第 675 行.
NOTIC: [8] Undefined index: shop_url D:\wamp\www\Finance\Admin\ThinkPHP\Library\Org\Api\ServiceProxy.class.php 第 405 行.
NOTIC: [8] Undefined index: platform_domain D:\wamp\www\Finance\Admin\ThinkPHP\Library\Org\Api\ServiceProxy.class.php 第 406 行.
NOTIC: [8] Undefined index: TOKEN D:\wamp\www\Finance\Admin\App\Common\Conf\siteInfo.php 第 15 行.
INFO: [ app_begin ] --START--
INFO: Run Behavior\ReadHtmlCacheBehavior [ RunTime:0.000754s ]
INFO: [ app_begin ] --END-- [ RunTime:0.000857s ]
NOTIC: [8] Use of undefined constant intval - assumed 'intval' D:\wamp\www\Finance\Admin\App\Home\Controller\GoodsController.class.php 第 63 行.
NOTIC: [2] Yar_Client::setOpt(): expects a long integer timeout value D:\wamp\www\Finance\Admin\ThinkPHP\Library\Org\Api\ServiceProxy.class.php 第 675 行.
NOTIC: [8] Use of undefined constant json - assumed 'json' D:\wamp\www\Finance\Admin\App\Home\Controller\GoodsController.class.php 第 78 行.

[ 2019-03-30T11:13:26+08:00 ] 192.168.0.150 /c/cate_list.html
INFO: [ app_init ] --START--
INFO: Run Behavior\BuildLiteBehavior [ RunTime:0.000016s ]
INFO: [ app_init ] --END-- [ RunTime:0.000460s ]
NOTIC: [8] Use of undefined constant SELLER_ID - assumed 'SELLER_ID' D:\wamp\www\Finance\Admin\ThinkPHP\Library\Org\Api\ServiceProxy.class.php 第 278 行.
NOTIC: [8] Use of undefined constant SHOP_ID - assumed 'SHOP_ID' D:\wamp\www\Finance\Admin\ThinkPHP\Library\Org\Api\ServiceProxy.class.php 第 279 行.
NOTIC: [2] Yar_Client::setOpt(): expects a long integer timeout value D:\wamp\www\Finance\Admin\ThinkPHP\Library\Org\Api\ServiceProxy.class.php 第 675 行.
NOTIC: [2] Yar_Client::setOpt(): expects a long integer timeout value D:\wamp\www\Finance\Admin\ThinkPHP\Library\Org\Api\ServiceProxy.class.php 第 675 行.
NOTIC: [8] Undefined index: shop_url D:\wamp\www\Finance\Admin\ThinkPHP\Library\Org\Api\ServiceProxy.class.php 第 405 行.
NOTIC: [8] Undefined index: platform_domain D:\wamp\www\Finance\Admin\ThinkPHP\Library\Org\Api\ServiceProxy.class.php 第 406 行.
NOTIC: [8] Undefined index: TOKEN D:\wamp\www\Finance\Admin\App\Common\Conf\siteInfo.php 第 15 行.
INFO: [ app_begin ] --START--
INFO: Run Behavior\ReadHtmlCacheBehavior [ RunTime:0.000700s ]
INFO: [ app_begin ] --END-- [ RunTime:0.000784s ]
NOTIC: [2] Missing argument 1 for Home\Model\CateModel::fetchs(), called in D:\wamp\www\Finance\Admin\App\Home\Controller\CateController.class.php on line 11 and defined D:\wamp\www\Finance\Admin\App\Home\Model\CateModel.class.php 第 16 行.
NOTIC: [8] Undefined variable: params D:\wamp\www\Finance\Admin\App\Home\Model\CateModel.class.php 第 17 行.
NOTIC: [2] Yar_Client::setOpt(): expects a long integer timeout value D:\wamp\www\Finance\Admin\ThinkPHP\Library\Org\Api\ServiceProxy.class.php 第 675 行.
NOTIC: [8] Use of undefined constant json - assumed 'json' D:\wamp\www\Finance\Admin\App\Home\Controller\CateController.class.php 第 19 行.

[ 2019-03-30T11:13:41+08:00 ] 192.168.0.150 /g/single_view.html
INFO: [ app_init ] --START--
INFO: Run Behavior\BuildLiteBehavior [ RunTime:0.000017s ]
INFO: [ app_init ] --END-- [ RunTime:0.000494s ]
NOTIC: [8] Use of undefined constant SELLER_ID - assumed 'SELLER_ID' D:\wamp\www\Finance\Admin\ThinkPHP\Library\Org\Api\ServiceProxy.class.php 第 278 行.
NOTIC: [8] Use of undefined constant SHOP_ID - assumed 'SHOP_ID' D:\wamp\www\Finance\Admin\ThinkPHP\Library\Org\Api\ServiceProxy.class.php 第 279 行.
NOTIC: [2] Yar_Client::setOpt(): expects a long integer timeout value D:\wamp\www\Finance\Admin\ThinkPHP\Library\Org\Api\ServiceProxy.class.php 第 675 行.
NOTIC: [8] Undefined index: shop_url D:\wamp\www\Finance\Admin\ThinkPHP\Library\Org\Api\ServiceProxy.class.php 第 405 行.
NOTIC: [8] Undefined index: platform_domain D:\wamp\www\Finance\Admin\ThinkPHP\Library\Org\Api\ServiceProxy.class.php 第 406 行.
NOTIC: [8] Undefined index: TOKEN D:\wamp\www\Finance\Admin\App\Common\Conf\siteInfo.php 第 15 行.
INFO: [ app_begin ] --START--
INFO: Run Behavior\ReadHtmlCacheBehavior [ RunTime:0.000747s ]
INFO: [ app_begin ] --END-- [ RunTime:0.000843s ]
NOTIC: [8] Use of undefined constant intval - assumed 'intval' D:\wamp\www\Finance\Admin\App\Home\Controller\GoodsController.class.php 第 63 行.
NOTIC: [2] Yar_Client::setOpt(): expects a long integer timeout value D:\wamp\www\Finance\Admin\ThinkPHP\Library\Org\Api\ServiceProxy.class.php 第 675 行.
NOTIC: [8] Use of undefined constant json - assumed 'json' D:\wamp\www\Finance\Admin\App\Home\Controller\GoodsController.class.php 第 78 行.

[ 2019-03-30T11:13:42+08:00 ] 192.168.0.150 /a/attr_list.html
INFO: [ app_init ] --START--
INFO: Run Behavior\BuildLiteBehavior [ RunTime:0.000015s ]
INFO: [ app_init ] --END-- [ RunTime:0.000469s ]
NOTIC: [8] Use of undefined constant SELLER_ID - assumed 'SELLER_ID' D:\wamp\www\Finance\Admin\ThinkPHP\Library\Org\Api\ServiceProxy.class.php 第 278 行.
NOTIC: [8] Use of undefined constant SHOP_ID - assumed 'SHOP_ID' D:\wamp\www\Finance\Admin\ThinkPHP\Library\Org\Api\ServiceProxy.class.php 第 279 行.
NOTIC: [2] Yar_Client::setOpt(): expects a long integer timeout value D:\wamp\www\Finance\Admin\ThinkPHP\Library\Org\Api\ServiceProxy.class.php 第 675 行.
NOTIC: [2] Yar_Client::setOpt(): expects a long integer timeout value D:\wamp\www\Finance\Admin\ThinkPHP\Library\Org\Api\ServiceProxy.class.php 第 675 行.
NOTIC: [8] Undefined index: shop_url D:\wamp\www\Finance\Admin\ThinkPHP\Library\Org\Api\ServiceProxy.class.php 第 405 行.
NOTIC: [8] Undefined index: platform_domain D:\wamp\www\Finance\Admin\ThinkPHP\Library\Org\Api\ServiceProxy.class.php 第 406 行.
NOTIC: [8] Undefined index: TOKEN D:\wamp\www\Finance\Admin\App\Common\Conf\siteInfo.php 第 15 行.
INFO: [ app_begin ] --START--
INFO: Run Behavior\ReadHtmlCacheBehavior [ RunTime:0.001046s ]
INFO: [ app_begin ] --END-- [ RunTime:0.001208s ]
NOTIC: [8] Undefined index: search_str D:\wamp\www\Finance\Admin\App\Home\Controller\AttrController.class.php 第 16 行.
NOTIC: [2] Yar_Client::setOpt(): expects a long integer timeout value D:\wamp\www\Finance\Admin\ThinkPHP\Library\Org\Api\ServiceProxy.class.php 第 675 行.

[ 2019-03-30T11:13:42+08:00 ] 192.168.0.150 /c/cate_list.html
INFO: [ app_init ] --START--
INFO: Run Behavior\BuildLiteBehavior [ RunTime:0.000016s ]
INFO: [ app_init ] --END-- [ RunTime:0.000420s ]
NOTIC: [8] Use of undefined constant SELLER_ID - assumed 'SELLER_ID' D:\wamp\www\Finance\Admin\ThinkPHP\Library\Org\Api\ServiceProxy.class.php 第 278 行.
NOTIC: [8] Use of undefined constant SHOP_ID - assumed 'SHOP_ID' D:\wamp\www\Finance\Admin\ThinkPHP\Library\Org\Api\ServiceProxy.class.php 第 279 行.
NOTIC: [2] Yar_Client::setOpt(): expects a long integer timeout value D:\wamp\www\Finance\Admin\ThinkPHP\Library\Org\Api\ServiceProxy.class.php 第 675 行.
NOTIC: [2] Yar_Client::setOpt(): expects a long integer timeout value D:\wamp\www\Finance\Admin\ThinkPHP\Library\Org\Api\ServiceProxy.class.php 第 675 行.
NOTIC: [8] Undefined index: shop_url D:\wamp\www\Finance\Admin\ThinkPHP\Library\Org\Api\ServiceProxy.class.php 第 405 行.
NOTIC: [8] Undefined index: platform_domain D:\wamp\www\Finance\Admin\ThinkPHP\Library\Org\Api\ServiceProxy.class.php 第 406 行.
NOTIC: [8] Undefined index: TOKEN D:\wamp\www\Finance\Admin\App\Common\Conf\siteInfo.php 第 15 行.
INFO: [ app_begin ] --START--
INFO: Run Behavior\ReadHtmlCacheBehavior [ RunTime:0.000722s ]
INFO: [ app_begin ] --END-- [ RunTime:0.000808s ]
NOTIC: [2] Missing argument 1 for Home\Model\CateModel::fetchs(), called in D:\wamp\www\Finance\Admin\App\Home\Controller\CateController.class.php on line 11 and defined D:\wamp\www\Finance\Admin\App\Home\Model\CateModel.class.php 第 16 行.
NOTIC: [8] Undefined variable: params D:\wamp\www\Finance\Admin\App\Home\Model\CateModel.class.php 第 17 行.
NOTIC: [2] Yar_Client::setOpt(): expects a long integer timeout value D:\wamp\www\Finance\Admin\ThinkPHP\Library\Org\Api\ServiceProxy.class.php 第 675 行.
NOTIC: [8] Use of undefined constant json - assumed 'json' D:\wamp\www\Finance\Admin\App\Home\Controller\CateController.class.php 第 19 行.

[ 2019-03-30T11:13:44+08:00 ] 192.168.0.150 /a/attr_list.html
INFO: [ app_init ] --START--
INFO: Run Behavior\BuildLiteBehavior [ RunTime:0.000015s ]
INFO: [ app_init ] --END-- [ RunTime:0.000475s ]
NOTIC: [8] Use of undefined constant SELLER_ID - assumed 'SELLER_ID' D:\wamp\www\Finance\Admin\ThinkPHP\Library\Org\Api\ServiceProxy.class.php 第 278 行.
NOTIC: [8] Use of undefined constant SHOP_ID - assumed 'SHOP_ID' D:\wamp\www\Finance\Admin\ThinkPHP\Library\Org\Api\ServiceProxy.class.php 第 279 行.
NOTIC: [2] Yar_Client::setOpt(): expects a long integer timeout value D:\wamp\www\Finance\Admin\ThinkPHP\Library\Org\Api\ServiceProxy.class.php 第 675 行.
NOTIC: [8] Undefined index: shop_url D:\wamp\www\Finance\Admin\ThinkPHP\Library\Org\Api\ServiceProxy.class.php 第 405 行.
NOTIC: [8] Undefined index: platform_domain D:\wamp\www\Finance\Admin\ThinkPHP\Library\Org\Api\ServiceProxy.class.php 第 406 行.
NOTIC: [8] Undefined index: TOKEN D:\wamp\www\Finance\Admin\App\Common\Conf\siteInfo.php 第 15 行.
INFO: [ app_begin ] --START--
INFO: Run Behavior\ReadHtmlCacheBehavior [ RunTime:0.000664s ]
INFO: [ app_begin ] --END-- [ RunTime:0.000749s ]
NOTIC: [8] Undefined index: search_str D:\wamp\www\Finance\Admin\App\Home\Controller\AttrController.class.php 第 16 行.
NOTIC: [2] Yar_Client::setOpt(): expects a long integer timeout value D:\wamp\www\Finance\Admin\ThinkPHP\Library\Org\Api\ServiceProxy.class.php 第 675 行.

[ 2019-03-30T11:13:44+08:00 ] 192.168.0.150 /g/single_view.html
INFO: [ app_init ] --START--
INFO: Run Behavior\BuildLiteBehavior [ RunTime:0.000015s ]
INFO: [ app_init ] --END-- [ RunTime:0.000446s ]
NOTIC: [8] Use of undefined constant SELLER_ID - assumed 'SELLER_ID' D:\wamp\www\Finance\Admin\ThinkPHP\Library\Org\Api\ServiceProxy.class.php 第 278 行.
NOTIC: [8] Use of undefined constant SHOP_ID - assumed 'SHOP_ID' D:\wamp\www\Finance\Admin\ThinkPHP\Library\Org\Api\ServiceProxy.class.php 第 279 行.
NOTIC: [2] Yar_Client::setOpt(): expects a long integer timeout value D:\wamp\www\Finance\Admin\ThinkPHP\Library\Org\Api\ServiceProxy.class.php 第 675 行.
NOTIC: [8] Undefined index: shop_url D:\wamp\www\Finance\Admin\ThinkPHP\Library\Org\Api\ServiceProxy.class.php 第 405 行.
NOTIC: [8] Undefined index: platform_domain D:\wamp\www\Finance\Admin\ThinkPHP\Library\Org\Api\ServiceProxy.class.php 第 406 行.
NOTIC: [8] Undefined index: TOKEN D:\wamp\www\Finance\Admin\App\Common\Conf\siteInfo.php 第 15 行.
INFO: [ app_begin ] --START--
INFO: Run Behavior\ReadHtmlCacheBehavior [ RunTime:0.000642s ]
INFO: [ app_begin ] --END-- [ RunTime:0.000731s ]
NOTIC: [8] Use of undefined constant intval - assumed 'intval' D:\wamp\www\Finance\Admin\App\Home\Controller\GoodsController.class.php 第 63 行.
NOTIC: [2] Yar_Client::setOpt(): expects a long integer timeout value D:\wamp\www\Finance\Admin\ThinkPHP\Library\Org\Api\ServiceProxy.class.php 第 675 行.
NOTIC: [8] Use of undefined constant json - assumed 'json' D:\wamp\www\Finance\Admin\App\Home\Controller\GoodsController.class.php 第 78 行.

[ 2019-03-30T11:13:45+08:00 ] 192.168.0.150 /c/cate_list.html
INFO: [ app_init ] --START--
INFO: Run Behavior\BuildLiteBehavior [ RunTime:0.000017s ]
INFO: [ app_init ] --END-- [ RunTime:0.000445s ]
NOTIC: [8] Use of undefined constant SELLER_ID - assumed 'SELLER_ID' D:\wamp\www\Finance\Admin\ThinkPHP\Library\Org\Api\ServiceProxy.class.php 第 278 行.
NOTIC: [8] Use of undefined constant SHOP_ID - assumed 'SHOP_ID' D:\wamp\www\Finance\Admin\ThinkPHP\Library\Org\Api\ServiceProxy.class.php 第 279 行.
NOTIC: [2] Yar_Client::setOpt(): expects a long integer timeout value D:\wamp\www\Finance\Admin\ThinkPHP\Library\Org\Api\ServiceProxy.class.php 第 675 行.
NOTIC: [2] Yar_Client::setOpt(): expects a long integer timeout value D:\wamp\www\Finance\Admin\ThinkPHP\Library\Org\Api\ServiceProxy.class.php 第 675 行.
NOTIC: [8] Undefined index: shop_url D:\wamp\www\Finance\Admin\ThinkPHP\Library\Org\Api\ServiceProxy.class.php 第 405 行.
NOTIC: [8] Undefined index: platform_domain D:\wamp\www\Finance\Admin\ThinkPHP\Library\Org\Api\ServiceProxy.class.php 第 406 行.
NOTIC: [8] Undefined index: TOKEN D:\wamp\www\Finance\Admin\App\Common\Conf\siteInfo.php 第 15 行.
INFO: [ app_begin ] --START--
INFO: Run Behavior\ReadHtmlCacheBehavior [ RunTime:0.000630s ]
INFO: [ app_begin ] --END-- [ RunTime:0.000718s ]
NOTIC: [2] Missing argument 1 for Home\Model\CateModel::fetchs(), called in D:\wamp\www\Finance\Admin\App\Home\Controller\CateController.class.php on line 11 and defined D:\wamp\www\Finance\Admin\App\Home\Model\CateModel.class.php 第 16 行.
NOTIC: [8] Undefined variable: params D:\wamp\www\Finance\Admin\App\Home\Model\CateModel.class.php 第 17 行.
NOTIC: [2] Yar_Client::setOpt(): expects a long integer timeout value D:\wamp\www\Finance\Admin\ThinkPHP\Library\Org\Api\ServiceProxy.class.php 第 675 行.
NOTIC: [8] Use of undefined constant json - assumed 'json' D:\wamp\www\Finance\Admin\App\Home\Controller\CateController.class.php 第 19 行.

[ 2019-03-30T11:13:47+08:00 ] 192.168.0.150 /g/single_view.html
INFO: [ app_init ] --START--
INFO: Run Behavior\BuildLiteBehavior [ RunTime:0.000015s ]
INFO: [ app_init ] --END-- [ RunTime:0.000409s ]
NOTIC: [8] Use of undefined constant SELLER_ID - assumed 'SELLER_ID' D:\wamp\www\Finance\Admin\ThinkPHP\Library\Org\Api\ServiceProxy.class.php 第 278 行.
NOTIC: [8] Use of undefined constant SHOP_ID - assumed 'SHOP_ID' D:\wamp\www\Finance\Admin\ThinkPHP\Library\Org\Api\ServiceProxy.class.php 第 279 行.
NOTIC: [2] Yar_Client::setOpt(): expects a long integer timeout value D:\wamp\www\Finance\Admin\ThinkPHP\Library\Org\Api\ServiceProxy.class.php 第 675 行.
NOTIC: [8] Undefined index: shop_url D:\wamp\www\Finance\Admin\ThinkPHP\Library\Org\Api\ServiceProxy.class.php 第 405 行.
NOTIC: [8] Undefined index: platform_domain D:\wamp\www\Finance\Admin\ThinkPHP\Library\Org\Api\ServiceProxy.class.php 第 406 行.
NOTIC: [8] Undefined index: TOKEN D:\wamp\www\Finance\Admin\App\Common\Conf\siteInfo.php 第 15 行.
INFO: [ app_begin ] --START--
INFO: Run Behavior\ReadHtmlCacheBehavior [ RunTime:0.000671s ]
INFO: [ app_begin ] --END-- [ RunTime:0.000758s ]
NOTIC: [8] Use of undefined constant intval - assumed 'intval' D:\wamp\www\Finance\Admin\App\Home\Controller\GoodsController.class.php 第 63 行.
NOTIC: [2] Yar_Client::setOpt(): expects a long integer timeout value D:\wamp\www\Finance\Admin\ThinkPHP\Library\Org\Api\ServiceProxy.class.php 第 675 行.
NOTIC: [8] Use of undefined constant json - assumed 'json' D:\wamp\www\Finance\Admin\App\Home\Controller\GoodsController.class.php 第 78 行.

[ 2019-03-30T11:13:47+08:00 ] 192.168.0.150 /a/attr_list.html
INFO: [ app_init ] --START--
INFO: Run Behavior\BuildLiteBehavior [ RunTime:0.000021s ]
INFO: [ app_init ] --END-- [ RunTime:0.000453s ]
NOTIC: [8] Use of undefined constant SELLER_ID - assumed 'SELLER_ID' D:\wamp\www\Finance\Admin\ThinkPHP\Library\Org\Api\ServiceProxy.class.php 第 278 行.
NOTIC: [8] Use of undefined constant SHOP_ID - assumed 'SHOP_ID' D:\wamp\www\Finance\Admin\ThinkPHP\Library\Org\Api\ServiceProxy.class.php 第 279 行.
NOTIC: [2] Yar_Client::setOpt(): expects a long integer timeout value D:\wamp\www\Finance\Admin\ThinkPHP\Library\Org\Api\ServiceProxy.class.php 第 675 行.
NOTIC: [8] Undefined index: shop_url D:\wamp\www\Finance\Admin\ThinkPHP\Library\Org\Api\ServiceProxy.class.php 第 405 行.
NOTIC: [8] Undefined index: platform_domain D:\wamp\www\Finance\Admin\ThinkPHP\Library\Org\Api\ServiceProxy.class.php 第 406 行.
NOTIC: [8] Undefined index: TOKEN D:\wamp\www\Finance\Admin\App\Common\Conf\siteInfo.php 第 15 行.
INFO: [ app_begin ] --START--
INFO: Run Behavior\ReadHtmlCacheBehavior [ RunTime:0.000665s ]
INFO: [ app_begin ] --END-- [ RunTime:0.000758s ]
NOTIC: [8] Undefined index: search_str D:\wamp\www\Finance\Admin\App\Home\Controller\AttrController.class.php 第 16 行.
NOTIC: [2] Yar_Client::setOpt(): expects a long integer timeout value D:\wamp\www\Finance\Admin\ThinkPHP\Library\Org\Api\ServiceProxy.class.php 第 675 行.

[ 2019-03-30T11:13:47+08:00 ] 192.168.0.150 /c/cate_list.html
INFO: [ app_init ] --START--
INFO: Run Behavior\BuildLiteBehavior [ RunTime:0.000016s ]
INFO: [ app_init ] --END-- [ RunTime:0.000410s ]
NOTIC: [8] Use of undefined constant SELLER_ID - assumed 'SELLER_ID' D:\wamp\www\Finance\Admin\ThinkPHP\Library\Org\Api\ServiceProxy.class.php 第 278 行.
NOTIC: [8] Use of undefined constant SHOP_ID - assumed 'SHOP_ID' D:\wamp\www\Finance\Admin\ThinkPHP\Library\Org\Api\ServiceProxy.class.php 第 279 行.
NOTIC: [2] Yar_Client::setOpt(): expects a long integer timeout value D:\wamp\www\Finance\Admin\ThinkPHP\Library\Org\Api\ServiceProxy.class.php 第 675 行.
NOTIC: [2] Yar_Client::setOpt(): expects a long integer timeout value D:\wamp\www\Finance\Admin\ThinkPHP\Library\Org\Api\ServiceProxy.class.php 第 675 行.
NOTIC: [8] Undefined index: shop_url D:\wamp\www\Finance\Admin\ThinkPHP\Library\Org\Api\ServiceProxy.class.php 第 405 行.
NOTIC: [8] Undefined index: platform_domain D:\wamp\www\Finance\Admin\ThinkPHP\Library\Org\Api\ServiceProxy.class.php 第 406 行.
NOTIC: [8] Undefined index: TOKEN D:\wamp\www\Finance\Admin\App\Common\Conf\siteInfo.php 第 15 行.
INFO: [ app_begin ] --START--
INFO: Run Behavior\ReadHtmlCacheBehavior [ RunTime:0.000619s ]
INFO: [ app_begin ] --END-- [ RunTime:0.000696s ]
NOTIC: [2] Missing argument 1 for Home\Model\CateModel::fetchs(), called in D:\wamp\www\Finance\Admin\App\Home\Controller\CateController.class.php on line 11 and defined D:\wamp\www\Finance\Admin\App\Home\Model\CateModel.class.php 第 16 行.
NOTIC: [8] Undefined variable: params D:\wamp\www\Finance\Admin\App\Home\Model\CateModel.class.php 第 17 行.
NOTIC: [2] Yar_Client::setOpt(): expects a long integer timeout value D:\wamp\www\Finance\Admin\ThinkPHP\Library\Org\Api\ServiceProxy.class.php 第 675 行.
NOTIC: [8] Use of undefined constant json - assumed 'json' D:\wamp\www\Finance\Admin\App\Home\Controller\CateController.class.php 第 19 行.

[ 2019-03-30T11:13:51+08:00 ] 192.168.0.150 /g/goods_list.html
INFO: [ app_init ] --START--
INFO: Run Behavior\BuildLiteBehavior [ RunTime:0.000016s ]
INFO: [ app_init ] --END-- [ RunTime:0.000479s ]
NOTIC: [8] Use of undefined constant SELLER_ID - assumed 'SELLER_ID' D:\wamp\www\Finance\Admin\ThinkPHP\Library\Org\Api\ServiceProxy.class.php 第 278 行.
NOTIC: [8] Use of undefined constant SHOP_ID - assumed 'SHOP_ID' D:\wamp\www\Finance\Admin\ThinkPHP\Library\Org\Api\ServiceProxy.class.php 第 279 行.
NOTIC: [2] Yar_Client::setOpt(): expects a long integer timeout value D:\wamp\www\Finance\Admin\ThinkPHP\Library\Org\Api\ServiceProxy.class.php 第 675 行.
NOTIC: [2] Yar_Client::setOpt(): expects a long integer timeout value D:\wamp\www\Finance\Admin\ThinkPHP\Library\Org\Api\ServiceProxy.class.php 第 675 行.
NOTIC: [8] Undefined index: shop_url D:\wamp\www\Finance\Admin\ThinkPHP\Library\Org\Api\ServiceProxy.class.php 第 405 行.
NOTIC: [8] Undefined index: platform_domain D:\wamp\www\Finance\Admin\ThinkPHP\Library\Org\Api\ServiceProxy.class.php 第 406 行.
NOTIC: [8] Undefined index: TOKEN D:\wamp\www\Finance\Admin\App\Common\Conf\siteInfo.php 第 15 行.
INFO: [ app_begin ] --START--
INFO: Run Behavior\ReadHtmlCacheBehavior [ RunTime:0.000674s ]
INFO: [ app_begin ] --END-- [ RunTime:0.000749s ]
NOTIC: [8] Undefined index: search_type D:\wamp\www\Finance\Admin\App\Home\Controller\GoodsController.class.php 第 21 行.
NOTIC: [2] Yar_Client::setOpt(): expects a long integer timeout value D:\wamp\www\Finance\Admin\ThinkPHP\Library\Org\Api\ServiceProxy.class.php 第 675 行.

[ 2019-03-30T11:13:52+08:00 ] 192.168.0.150 /g/single_view.html
INFO: [ app_init ] --START--
INFO: Run Behavior\BuildLiteBehavior [ RunTime:0.000016s ]
INFO: [ app_init ] --END-- [ RunTime:0.000433s ]
NOTIC: [8] Use of undefined constant SELLER_ID - assumed 'SELLER_ID' D:\wamp\www\Finance\Admin\ThinkPHP\Library\Org\Api\ServiceProxy.class.php 第 278 行.
NOTIC: [8] Use of undefined constant SHOP_ID - assumed 'SHOP_ID' D:\wamp\www\Finance\Admin\ThinkPHP\Library\Org\Api\ServiceProxy.class.php 第 279 行.
NOTIC: [2] Yar_Client::setOpt(): expects a long integer timeout value D:\wamp\www\Finance\Admin\ThinkPHP\Library\Org\Api\ServiceProxy.class.php 第 675 行.
NOTIC: [2] Yar_Client::setOpt(): expects a long integer timeout value D:\wamp\www\Finance\Admin\ThinkPHP\Library\Org\Api\ServiceProxy.class.php 第 675 行.
NOTIC: [8] Undefined index: shop_url D:\wamp\www\Finance\Admin\ThinkPHP\Library\Org\Api\ServiceProxy.class.php 第 405 行.
NOTIC: [8] Undefined index: platform_domain D:\wamp\www\Finance\Admin\ThinkPHP\Library\Org\Api\ServiceProxy.class.php 第 406 行.
NOTIC: [8] Undefined index: TOKEN D:\wamp\www\Finance\Admin\App\Common\Conf\siteInfo.php 第 15 行.
INFO: [ app_begin ] --START--
INFO: Run Behavior\ReadHtmlCacheBehavior [ RunTime:0.000675s ]
INFO: [ app_begin ] --END-- [ RunTime:0.000756s ]
NOTIC: [8] Use of undefined constant intval - assumed 'intval' D:\wamp\www\Finance\Admin\App\Home\Controller\GoodsController.class.php 第 63 行.
NOTIC: [2] Yar_Client::setOpt(): expects a long integer timeout value D:\wamp\www\Finance\Admin\ThinkPHP\Library\Org\Api\ServiceProxy.class.php 第 675 行.
NOTIC: [8] Use of undefined constant json - assumed 'json' D:\wamp\www\Finance\Admin\App\Home\Controller\GoodsController.class.php 第 78 行.

[ 2019-03-30T11:14:00+08:00 ] 192.168.0.150 /g/add_save.html
INFO: [ app_init ] --START--
INFO: Run Behavior\BuildLiteBehavior [ RunTime:0.000016s ]
INFO: [ app_init ] --END-- [ RunTime:0.000468s ]
NOTIC: [8] Use of undefined constant SELLER_ID - assumed 'SELLER_ID' D:\wamp\www\Finance\Admin\ThinkPHP\Library\Org\Api\ServiceProxy.class.php 第 278 行.
NOTIC: [8] Use of undefined constant SHOP_ID - assumed 'SHOP_ID' D:\wamp\www\Finance\Admin\ThinkPHP\Library\Org\Api\ServiceProxy.class.php 第 279 行.
NOTIC: [2] Yar_Client::setOpt(): expects a long integer timeout value D:\wamp\www\Finance\Admin\ThinkPHP\Library\Org\Api\ServiceProxy.class.php 第 675 行.
NOTIC: [2] Yar_Client::setOpt(): expects a long integer timeout value D:\wamp\www\Finance\Admin\ThinkPHP\Library\Org\Api\ServiceProxy.class.php 第 675 行.
NOTIC: [8] Undefined index: shop_url D:\wamp\www\Finance\Admin\ThinkPHP\Library\Org\Api\ServiceProxy.class.php 第 405 行.
NOTIC: [8] Undefined index: platform_domain D:\wamp\www\Finance\Admin\ThinkPHP\Library\Org\Api\ServiceProxy.class.php 第 406 行.
NOTIC: [8] Undefined index: TOKEN D:\wamp\www\Finance\Admin\App\Common\Conf\siteInfo.php 第 15 行.
INFO: [ app_begin ] --START--
INFO: Run Behavior\ReadHtmlCacheBehavior [ RunTime:0.000621s ]
INFO: [ app_begin ] --END-- [ RunTime:0.000698s ]
NOTIC: [8] Undefined index: file D:\wamp\www\Finance\Admin\App\Home\Controller\GoodsController.class.php 第 91 行.
NOTIC: [8] Use of undefined constant intval - assumed 'intval' D:\wamp\www\Finance\Admin\App\Home\Controller\GoodsController.class.php 第 96 行.
NOTIC: [2] Yar_Client::setOpt(): expects a long integer timeout value D:\wamp\www\Finance\Admin\ThinkPHP\Library\Org\Api\ServiceProxy.class.php 第 675 行.
NOTIC: [8] Undefined index: base_product D:\wamp\www\Finance\Admin\App\Home\Controller\GoodsController.class.php 第 109 行.
NOTIC: [8] Use of undefined constant json - assumed 'json' D:\wamp\www\Finance\Admin\App\Home\Controller\GoodsController.class.php 第 112 行.

[ 2019-03-30T11:14:01+08:00 ] 192.168.0.150 /g/goods_list.html
INFO: [ app_init ] --START--
INFO: Run Behavior\BuildLiteBehavior [ RunTime:0.000015s ]
INFO: [ app_init ] --END-- [ RunTime:0.000455s ]
NOTIC: [8] Use of undefined constant SELLER_ID - assumed 'SELLER_ID' D:\wamp\www\Finance\Admin\ThinkPHP\Library\Org\Api\ServiceProxy.class.php 第 278 行.
NOTIC: [8] Use of undefined constant SHOP_ID - assumed 'SHOP_ID' D:\wamp\www\Finance\Admin\ThinkPHP\Library\Org\Api\ServiceProxy.class.php 第 279 行.
NOTIC: [2] Yar_Client::setOpt(): expects a long integer timeout value D:\wamp\www\Finance\Admin\ThinkPHP\Library\Org\Api\ServiceProxy.class.php 第 675 行.
NOTIC: [2] Yar_Client::setOpt(): expects a long integer timeout value D:\wamp\www\Finance\Admin\ThinkPHP\Library\Org\Api\ServiceProxy.class.php 第 675 行.
NOTIC: [8] Undefined index: shop_url D:\wamp\www\Finance\Admin\ThinkPHP\Library\Org\Api\ServiceProxy.class.php 第 405 行.
NOTIC: [8] Undefined index: platform_domain D:\wamp\www\Finance\Admin\ThinkPHP\Library\Org\Api\ServiceProxy.class.php 第 406 行.
NOTIC: [8] Undefined index: TOKEN D:\wamp\www\Finance\Admin\App\Common\Conf\siteInfo.php 第 15 行.
INFO: [ app_begin ] --START--
INFO: Run Behavior\ReadHtmlCacheBehavior [ RunTime:0.000681s ]
INFO: [ app_begin ] --END-- [ RunTime:0.000760s ]
NOTIC: [8] Undefined index: search_type D:\wamp\www\Finance\Admin\App\Home\Controller\GoodsController.class.php 第 21 行.
NOTIC: [2] Yar_Client::setOpt(): expects a long integer timeout value D:\wamp\www\Finance\Admin\ThinkPHP\Library\Org\Api\ServiceProxy.class.php 第 675 行.

[ 2019-03-30T15:36:10+08:00 ] 192.168.0.150 /g/goods_list.html
INFO: [ app_init ] --START--
INFO: Run Behavior\BuildLiteBehavior [ RunTime:0.000022s ]
INFO: [ app_init ] --END-- [ RunTime:0.000693s ]
NOTIC: [8] Use of undefined constant SELLER_ID - assumed 'SELLER_ID' D:\wamp\www\Finance\Admin\ThinkPHP\Library\Org\Api\ServiceProxy.class.php 第 278 行.
NOTIC: [8] Use of undefined constant SHOP_ID - assumed 'SHOP_ID' D:\wamp\www\Finance\Admin\ThinkPHP\Library\Org\Api\ServiceProxy.class.php 第 279 行.
NOTIC: [2] Yar_Client::setOpt(): expects a long integer timeout value D:\wamp\www\Finance\Admin\ThinkPHP\Library\Org\Api\ServiceProxy.class.php 第 675 行.
NOTIC: [2] Yar_Client::setOpt(): expects a long integer timeout value D:\wamp\www\Finance\Admin\ThinkPHP\Library\Org\Api\ServiceProxy.class.php 第 675 行.
NOTIC: [8] Undefined index: shop_url D:\wamp\www\Finance\Admin\ThinkPHP\Library\Org\Api\ServiceProxy.class.php 第 405 行.
NOTIC: [8] Undefined index: platform_domain D:\wamp\www\Finance\Admin\ThinkPHP\Library\Org\Api\ServiceProxy.class.php 第 406 行.
NOTIC: [8] Undefined index: TOKEN D:\wamp\www\Finance\Admin\App\Common\Conf\siteInfo.php 第 15 行.
INFO: [ app_begin ] --START--
INFO: Run Behavior\ReadHtmlCacheBehavior [ RunTime:0.000746s ]
INFO: [ app_begin ] --END-- [ RunTime:0.000822s ]
NOTIC: [8] Undefined index: search_type D:\wamp\www\Finance\Admin\App\Home\Controller\GoodsController.class.php 第 21 行.
NOTIC: [2] Yar_Client::setOpt(): expects a long integer timeout value D:\wamp\www\Finance\Admin\ThinkPHP\Library\Org\Api\ServiceProxy.class.php 第 675 行.

[ 2019-03-30T15:36:12+08:00 ] 192.168.0.150 /g/goods_list.html
INFO: [ app_init ] --START--
INFO: Run Behavior\BuildLiteBehavior [ RunTime:0.000016s ]
INFO: [ app_init ] --END-- [ RunTime:0.000482s ]
NOTIC: [8] Use of undefined constant SELLER_ID - assumed 'SELLER_ID' D:\wamp\www\Finance\Admin\ThinkPHP\Library\Org\Api\ServiceProxy.class.php 第 278 行.
NOTIC: [8] Use of undefined constant SHOP_ID - assumed 'SHOP_ID' D:\wamp\www\Finance\Admin\ThinkPHP\Library\Org\Api\ServiceProxy.class.php 第 279 行.
NOTIC: [2] Yar_Client::setOpt(): expects a long integer timeout value D:\wamp\www\Finance\Admin\ThinkPHP\Library\Org\Api\ServiceProxy.class.php 第 675 行.
NOTIC: [2] Yar_Client::setOpt(): expects a long integer timeout value D:\wamp\www\Finance\Admin\ThinkPHP\Library\Org\Api\ServiceProxy.class.php 第 675 行.
NOTIC: [8] Undefined index: shop_url D:\wamp\www\Finance\Admin\ThinkPHP\Library\Org\Api\ServiceProxy.class.php 第 405 行.
NOTIC: [8] Undefined index: platform_domain D:\wamp\www\Finance\Admin\ThinkPHP\Library\Org\Api\ServiceProxy.class.php 第 406 行.
NOTIC: [8] Undefined index: TOKEN D:\wamp\www\Finance\Admin\App\Common\Conf\siteInfo.php 第 15 行.
INFO: [ app_begin ] --START--
INFO: Run Behavior\ReadHtmlCacheBehavior [ RunTime:0.000777s ]
INFO: [ app_begin ] --END-- [ RunTime:0.000865s ]
NOTIC: [8] Undefined index: search_type D:\wamp\www\Finance\Admin\App\Home\Controller\GoodsController.class.php 第 21 行.
NOTIC: [2] Yar_Client::setOpt(): expects a long integer timeout value D:\wamp\www\Finance\Admin\ThinkPHP\Library\Org\Api\ServiceProxy.class.php 第 675 行.

[ 2019-03-30T15:36:14+08:00 ] 192.168.0.150 /g/goods_list.html
INFO: [ app_init ] --START--
INFO: Run Behavior\BuildLiteBehavior [ RunTime:0.000015s ]
INFO: [ app_init ] --END-- [ RunTime:0.000472s ]
NOTIC: [8] Use of undefined constant SELLER_ID - assumed 'SELLER_ID' D:\wamp\www\Finance\Admin\ThinkPHP\Library\Org\Api\ServiceProxy.class.php 第 278 行.
NOTIC: [8] Use of undefined constant SHOP_ID - assumed 'SHOP_ID' D:\wamp\www\Finance\Admin\ThinkPHP\Library\Org\Api\ServiceProxy.class.php 第 279 行.
NOTIC: [2] Yar_Client::setOpt(): expects a long integer timeout value D:\wamp\www\Finance\Admin\ThinkPHP\Library\Org\Api\ServiceProxy.class.php 第 675 行.
NOTIC: [2] Yar_Client::setOpt(): expects a long integer timeout value D:\wamp\www\Finance\Admin\ThinkPHP\Library\Org\Api\ServiceProxy.class.php 第 675 行.
NOTIC: [8] Undefined index: shop_url D:\wamp\www\Finance\Admin\ThinkPHP\Library\Org\Api\ServiceProxy.class.php 第 405 行.
NOTIC: [8] Undefined index: platform_domain D:\wamp\www\Finance\Admin\ThinkPHP\Library\Org\Api\ServiceProxy.class.php 第 406 行.
NOTIC: [8] Undefined index: TOKEN D:\wamp\www\Finance\Admin\App\Common\Conf\siteInfo.php 第 15 行.
INFO: [ app_begin ] --START--
INFO: Run Behavior\ReadHtmlCacheBehavior [ RunTime:0.000906s ]
INFO: [ app_begin ] --END-- [ RunTime:0.001000s ]
NOTIC: [8] Undefined index: search_type D:\wamp\www\Finance\Admin\App\Home\Controller\GoodsController.class.php 第 21 行.
NOTIC: [2] Yar_Client::setOpt(): expects a long integer timeout value D:\wamp\www\Finance\Admin\ThinkPHP\Library\Org\Api\ServiceProxy.class.php 第 675 行.

[ 2019-03-30T15:36:21+08:00 ] 192.168.0.150 /r/role_list.html
INFO: [ app_init ] --START--
INFO: Run Behavior\BuildLiteBehavior [ RunTime:0.000016s ]
INFO: [ app_init ] --END-- [ RunTime:0.000518s ]
NOTIC: [8] Use of undefined constant SELLER_ID - assumed 'SELLER_ID' D:\wamp\www\Finance\Admin\ThinkPHP\Library\Org\Api\ServiceProxy.class.php 第 278 行.
NOTIC: [8] Use of undefined constant SHOP_ID - assumed 'SHOP_ID' D:\wamp\www\Finance\Admin\ThinkPHP\Library\Org\Api\ServiceProxy.class.php 第 279 行.
NOTIC: [2] Yar_Client::setOpt(): expects a long integer timeout value D:\wamp\www\Finance\Admin\ThinkPHP\Library\Org\Api\ServiceProxy.class.php 第 675 行.
NOTIC: [2] Yar_Client::setOpt(): expects a long integer timeout value D:\wamp\www\Finance\Admin\ThinkPHP\Library\Org\Api\ServiceProxy.class.php 第 675 行.
NOTIC: [8] Undefined index: shop_url D:\wamp\www\Finance\Admin\ThinkPHP\Library\Org\Api\ServiceProxy.class.php 第 405 行.
NOTIC: [8] Undefined index: platform_domain D:\wamp\www\Finance\Admin\ThinkPHP\Library\Org\Api\ServiceProxy.class.php 第 406 行.
NOTIC: [8] Undefined index: TOKEN D:\wamp\www\Finance\Admin\App\Common\Conf\siteInfo.php 第 15 行.
INFO: [ app_begin ] --START--
INFO: Run Behavior\ReadHtmlCacheBehavior [ RunTime:0.000650s ]
INFO: [ app_begin ] --END-- [ RunTime:0.000728s ]
NOTIC: [2] Missing argument 1 for Home\Model\RoleModel::fetchs(), called in D:\wamp\www\Finance\Admin\App\Home\Controller\RoleController.class.php on line 11 and defined D:\wamp\www\Finance\Admin\App\Home\Model\RoleModel.class.php 第 19 行.
NOTIC: [8] Undefined variable: params D:\wamp\www\Finance\Admin\App\Home\Model\RoleModel.class.php 第 20 行.
NOTIC: [2] Yar_Client::setOpt(): expects a long integer timeout value D:\wamp\www\Finance\Admin\ThinkPHP\Library\Org\Api\ServiceProxy.class.php 第 675 行.
NOTIC: [8] Use of undefined constant json - assumed 'json' D:\wamp\www\Finance\Admin\App\Home\Controller\RoleController.class.php 第 19 行.

[ 2019-03-30T15:36:23+08:00 ] 192.168.0.150 /d/department_list.html
INFO: [ app_init ] --START--
INFO: Run Behavior\BuildLiteBehavior [ RunTime:0.000015s ]
INFO: [ app_init ] --END-- [ RunTime:0.000431s ]
NOTIC: [8] Use of undefined constant SELLER_ID - assumed 'SELLER_ID' D:\wamp\www\Finance\Admin\ThinkPHP\Library\Org\Api\ServiceProxy.class.php 第 278 行.
NOTIC: [8] Use of undefined constant SHOP_ID - assumed 'SHOP_ID' D:\wamp\www\Finance\Admin\ThinkPHP\Library\Org\Api\ServiceProxy.class.php 第 279 行.
NOTIC: [2] Yar_Client::setOpt(): expects a long integer timeout value D:\wamp\www\Finance\Admin\ThinkPHP\Library\Org\Api\ServiceProxy.class.php 第 675 行.
NOTIC: [2] Yar_Client::setOpt(): expects a long integer timeout value D:\wamp\www\Finance\Admin\ThinkPHP\Library\Org\Api\ServiceProxy.class.php 第 675 行.
NOTIC: [8] Undefined index: shop_url D:\wamp\www\Finance\Admin\ThinkPHP\Library\Org\Api\ServiceProxy.class.php 第 405 行.
NOTIC: [8] Undefined index: platform_domain D:\wamp\www\Finance\Admin\ThinkPHP\Library\Org\Api\ServiceProxy.class.php 第 406 行.
NOTIC: [8] Undefined index: TOKEN D:\wamp\www\Finance\Admin\App\Common\Conf\siteInfo.php 第 15 行.
INFO: [ app_begin ] --START--
INFO: Run Behavior\ReadHtmlCacheBehavior [ RunTime:0.000725s ]
INFO: [ app_begin ] --END-- [ RunTime:0.000816s ]
NOTIC: [2] Missing argument 1 for Home\Model\DepartmentModel::fetchs(), called in D:\wamp\www\Finance\Admin\App\Home\Controller\DepartmentController.class.php on line 12 and defined D:\wamp\www\Finance\Admin\App\Home\Model\DepartmentModel.class.php 第 17 行.
NOTIC: [8] Undefined variable: params D:\wamp\www\Finance\Admin\App\Home\Model\DepartmentModel.class.php 第 18 行.
NOTIC: [2] Yar_Client::setOpt(): expects a long integer timeout value D:\wamp\www\Finance\Admin\ThinkPHP\Library\Org\Api\ServiceProxy.class.php 第 675 行.
NOTIC: [8] Use of undefined constant json - assumed 'json' D:\wamp\www\Finance\Admin\App\Home\Controller\DepartmentController.class.php 第 22 行.

[ 2019-03-30T15:36:24+08:00 ] 192.168.0.150 /u/user_lists.html
INFO: [ app_init ] --START--
INFO: Run Behavior\BuildLiteBehavior [ RunTime:0.000020s ]
INFO: [ app_init ] --END-- [ RunTime:0.000500s ]
NOTIC: [8] Use of undefined constant SELLER_ID - assumed 'SELLER_ID' D:\wamp\www\Finance\Admin\ThinkPHP\Library\Org\Api\ServiceProxy.class.php 第 278 行.
NOTIC: [8] Use of undefined constant SHOP_ID - assumed 'SHOP_ID' D:\wamp\www\Finance\Admin\ThinkPHP\Library\Org\Api\ServiceProxy.class.php 第 279 行.
NOTIC: [2] Yar_Client::setOpt(): expects a long integer timeout value D:\wamp\www\Finance\Admin\ThinkPHP\Library\Org\Api\ServiceProxy.class.php 第 675 行.
NOTIC: [2] Yar_Client::setOpt(): expects a long integer timeout value D:\wamp\www\Finance\Admin\ThinkPHP\Library\Org\Api\ServiceProxy.class.php 第 675 行.
NOTIC: [8] Undefined index: shop_url D:\wamp\www\Finance\Admin\ThinkPHP\Library\Org\Api\ServiceProxy.class.php 第 405 行.
NOTIC: [8] Undefined index: platform_domain D:\wamp\www\Finance\Admin\ThinkPHP\Library\Org\Api\ServiceProxy.class.php 第 406 行.
NOTIC: [8] Undefined index: TOKEN D:\wamp\www\Finance\Admin\App\Common\Conf\siteInfo.php 第 15 行.
INFO: [ app_begin ] --START--
INFO: Run Behavior\ReadHtmlCacheBehavior [ RunTime:0.000655s ]
INFO: [ app_begin ] --END-- [ RunTime:0.000731s ]
NOTIC: [8] Use of undefined constant intval - assumed 'intval' D:\wamp\www\Finance\Admin\App\Home\Controller\UserController.class.php 第 137 行.
NOTIC: [2] Yar_Client::setOpt(): expects a long integer timeout value D:\wamp\www\Finance\Admin\ThinkPHP\Library\Org\Api\ServiceProxy.class.php 第 675 行.

[ 2019-03-30T15:36:26+08:00 ] 192.168.0.150 /u/user_lists.html
INFO: [ app_init ] --START--
INFO: Run Behavior\BuildLiteBehavior [ RunTime:0.000179s ]
INFO: [ app_init ] --END-- [ RunTime:0.001074s ]
NOTIC: [8] Use of undefined constant SELLER_ID - assumed 'SELLER_ID' D:\wamp\www\Finance\Admin\ThinkPHP\Library\Org\Api\ServiceProxy.class.php 第 278 行.
NOTIC: [8] Use of undefined constant SHOP_ID - assumed 'SHOP_ID' D:\wamp\www\Finance\Admin\ThinkPHP\Library\Org\Api\ServiceProxy.class.php 第 279 行.
NOTIC: [2] Yar_Client::setOpt(): expects a long integer timeout value D:\wamp\www\Finance\Admin\ThinkPHP\Library\Org\Api\ServiceProxy.class.php 第 675 行.
NOTIC: [2] Yar_Client::setOpt(): expects a long integer timeout value D:\wamp\www\Finance\Admin\ThinkPHP\Library\Org\Api\ServiceProxy.class.php 第 675 行.
NOTIC: [8] Undefined index: shop_url D:\wamp\www\Finance\Admin\ThinkPHP\Library\Org\Api\ServiceProxy.class.php 第 405 行.
NOTIC: [8] Undefined index: platform_domain D:\wamp\www\Finance\Admin\ThinkPHP\Library\Org\Api\ServiceProxy.class.php 第 406 行.
NOTIC: [8] Undefined index: TOKEN D:\wamp\www\Finance\Admin\App\Common\Conf\siteInfo.php 第 15 行.
INFO: [ app_begin ] --START--
INFO: Run Behavior\ReadHtmlCacheBehavior [ RunTime:0.000732s ]
INFO: [ app_begin ] --END-- [ RunTime:0.000838s ]
NOTIC: [8] Use of undefined constant intval - assumed 'intval' D:\wamp\www\Finance\Admin\App\Home\Controller\UserController.class.php 第 137 行.
NOTIC: [2] Yar_Client::setOpt(): expects a long integer timeout value D:\wamp\www\Finance\Admin\ThinkPHP\Library\Org\Api\ServiceProxy.class.php 第 675 行.
NOTIC: [8] Undefined index: time_limit D:\wamp\www\Finance\Admin\App\Home\Controller\UserController.class.php 第 222 行.

[ 2019-03-30T15:36:28+08:00 ] 192.168.0.150 /u/user_lists.html
INFO: [ app_init ] --START--
INFO: Run Behavior\BuildLiteBehavior [ RunTime:0.000016s ]
INFO: [ app_init ] --END-- [ RunTime:0.000447s ]
NOTIC: [8] Use of undefined constant SELLER_ID - assumed 'SELLER_ID' D:\wamp\www\Finance\Admin\ThinkPHP\Library\Org\Api\ServiceProxy.class.php 第 278 行.
NOTIC: [8] Use of undefined constant SHOP_ID - assumed 'SHOP_ID' D:\wamp\www\Finance\Admin\ThinkPHP\Library\Org\Api\ServiceProxy.class.php 第 279 行.
NOTIC: [2] Yar_Client::setOpt(): expects a long integer timeout value D:\wamp\www\Finance\Admin\ThinkPHP\Library\Org\Api\ServiceProxy.class.php 第 675 行.
NOTIC: [2] Yar_Client::setOpt(): expects a long integer timeout value D:\wamp\www\Finance\Admin\ThinkPHP\Library\Org\Api\ServiceProxy.class.php 第 675 行.
NOTIC: [8] Undefined index: shop_url D:\wamp\www\Finance\Admin\ThinkPHP\Library\Org\Api\ServiceProxy.class.php 第 405 行.
NOTIC: [8] Undefined index: platform_domain D:\wamp\www\Finance\Admin\ThinkPHP\Library\Org\Api\ServiceProxy.class.php 第 406 行.
NOTIC: [8] Undefined index: TOKEN D:\wamp\www\Finance\Admin\App\Common\Conf\siteInfo.php 第 15 行.
INFO: [ app_begin ] --START--
INFO: Run Behavior\ReadHtmlCacheBehavior [ RunTime:0.000609s ]
INFO: [ app_begin ] --END-- [ RunTime:0.000685s ]
NOTIC: [8] Use of undefined constant intval - assumed 'intval' D:\wamp\www\Finance\Admin\App\Home\Controller\UserController.class.php 第 137 行.
NOTIC: [2] Yar_Client::setOpt(): expects a long integer timeout value D:\wamp\www\Finance\Admin\ThinkPHP\Library\Org\Api\ServiceProxy.class.php 第 675 行.
NOTIC: [8] Undefined index: time_limit D:\wamp\www\Finance\Admin\App\Home\Controller\UserController.class.php 第 222 行.

[ 2019-03-30T15:43:44+08:00 ] 192.168.0.150 /r/role_list.html
INFO: [ app_init ] --START--
INFO: Run Behavior\BuildLiteBehavior [ RunTime:0.000016s ]
INFO: [ app_init ] --END-- [ RunTime:0.000402s ]
NOTIC: [8] Use of undefined constant SELLER_ID - assumed 'SELLER_ID' D:\wamp\www\Finance\Admin\ThinkPHP\Library\Org\Api\ServiceProxy.class.php 第 278 行.
NOTIC: [8] Use of undefined constant SHOP_ID - assumed 'SHOP_ID' D:\wamp\www\Finance\Admin\ThinkPHP\Library\Org\Api\ServiceProxy.class.php 第 279 行.
NOTIC: [2] Yar_Client::setOpt(): expects a long integer timeout value D:\wamp\www\Finance\Admin\ThinkPHP\Library\Org\Api\ServiceProxy.class.php 第 675 行.
NOTIC: [8] Undefined index: shop_url D:\wamp\www\Finance\Admin\ThinkPHP\Library\Org\Api\ServiceProxy.class.php 第 405 行.
NOTIC: [8] Undefined index: platform_domain D:\wamp\www\Finance\Admin\ThinkPHP\Library\Org\Api\ServiceProxy.class.php 第 406 行.
NOTIC: [8] Undefined index: TOKEN D:\wamp\www\Finance\Admin\App\Common\Conf\siteInfo.php 第 15 行.
INFO: [ app_begin ] --START--
INFO: Run Behavior\ReadHtmlCacheBehavior [ RunTime:0.000677s ]
INFO: [ app_begin ] --END-- [ RunTime:0.000775s ]
NOTIC: [2] Missing argument 1 for Home\Model\RoleModel::fetchs(), called in D:\wamp\www\Finance\Admin\App\Home\Controller\RoleController.class.php on line 11 and defined D:\wamp\www\Finance\Admin\App\Home\Model\RoleModel.class.php 第 19 行.
NOTIC: [8] Undefined variable: params D:\wamp\www\Finance\Admin\App\Home\Model\RoleModel.class.php 第 20 行.
NOTIC: [2] Yar_Client::setOpt(): expects a long integer timeout value D:\wamp\www\Finance\Admin\ThinkPHP\Library\Org\Api\ServiceProxy.class.php 第 675 行.
NOTIC: [8] Use of undefined constant json - assumed 'json' D:\wamp\www\Finance\Admin\App\Home\Controller\RoleController.class.php 第 19 行.

[ 2019-03-30T15:43:44+08:00 ] 192.168.0.150 /u/user_lists.html
INFO: [ app_init ] --START--
INFO: Run Behavior\BuildLiteBehavior [ RunTime:0.000019s ]
INFO: [ app_init ] --END-- [ RunTime:0.000473s ]
NOTIC: [8] Use of undefined constant SELLER_ID - assumed 'SELLER_ID' D:\wamp\www\Finance\Admin\ThinkPHP\Library\Org\Api\ServiceProxy.class.php 第 278 行.
NOTIC: [8] Use of undefined constant SHOP_ID - assumed 'SHOP_ID' D:\wamp\www\Finance\Admin\ThinkPHP\Library\Org\Api\ServiceProxy.class.php 第 279 行.
NOTIC: [2] Yar_Client::setOpt(): expects a long integer timeout value D:\wamp\www\Finance\Admin\ThinkPHP\Library\Org\Api\ServiceProxy.class.php 第 675 行.
NOTIC: [2] Yar_Client::setOpt(): expects a long integer timeout value D:\wamp\www\Finance\Admin\ThinkPHP\Library\Org\Api\ServiceProxy.class.php 第 675 行.
NOTIC: [8] Undefined index: shop_url D:\wamp\www\Finance\Admin\ThinkPHP\Library\Org\Api\ServiceProxy.class.php 第 405 行.
NOTIC: [8] Undefined index: platform_domain D:\wamp\www\Finance\Admin\ThinkPHP\Library\Org\Api\ServiceProxy.class.php 第 406 行.
NOTIC: [8] Undefined index: TOKEN D:\wamp\www\Finance\Admin\App\Common\Conf\siteInfo.php 第 15 行.
INFO: [ app_begin ] --START--
INFO: Run Behavior\ReadHtmlCacheBehavior [ RunTime:0.000552s ]
INFO: [ app_begin ] --END-- [ RunTime:0.000627s ]
NOTIC: [8] Use of undefined constant intval - assumed 'intval' D:\wamp\www\Finance\Admin\App\Home\Controller\UserController.class.php 第 137 行.
NOTIC: [2] Yar_Client::setOpt(): expects a long integer timeout value D:\wamp\www\Finance\Admin\ThinkPHP\Library\Org\Api\ServiceProxy.class.php 第 675 行.

[ 2019-03-30T15:43:47+08:00 ] 192.168.0.150 /u/user_lists.html
INFO: [ app_init ] --START--
INFO: Run Behavior\BuildLiteBehavior [ RunTime:0.000016s ]
INFO: [ app_init ] --END-- [ RunTime:0.000477s ]
NOTIC: [8] Use of undefined constant SELLER_ID - assumed 'SELLER_ID' D:\wamp\www\Finance\Admin\ThinkPHP\Library\Org\Api\ServiceProxy.class.php 第 278 行.
NOTIC: [8] Use of undefined constant SHOP_ID - assumed 'SHOP_ID' D:\wamp\www\Finance\Admin\ThinkPHP\Library\Org\Api\ServiceProxy.class.php 第 279 行.
NOTIC: [2] Yar_Client::setOpt(): expects a long integer timeout value D:\wamp\www\Finance\Admin\ThinkPHP\Library\Org\Api\ServiceProxy.class.php 第 675 行.
NOTIC: [2] Yar_Client::setOpt(): expects a long integer timeout value D:\wamp\www\Finance\Admin\ThinkPHP\Library\Org\Api\ServiceProxy.class.php 第 675 行.
NOTIC: [8] Undefined index: shop_url D:\wamp\www\Finance\Admin\ThinkPHP\Library\Org\Api\ServiceProxy.class.php 第 405 行.
NOTIC: [8] Undefined index: platform_domain D:\wamp\www\Finance\Admin\ThinkPHP\Library\Org\Api\ServiceProxy.class.php 第 406 行.
NOTIC: [8] Undefined index: TOKEN D:\wamp\www\Finance\Admin\App\Common\Conf\siteInfo.php 第 15 行.
INFO: [ app_begin ] --START--
INFO: Run Behavior\ReadHtmlCacheBehavior [ RunTime:0.000684s ]
INFO: [ app_begin ] --END-- [ RunTime:0.000760s ]
NOTIC: [8] Use of undefined constant intval - assumed 'intval' D:\wamp\www\Finance\Admin\App\Home\Controller\UserController.class.php 第 137 行.
NOTIC: [2] Yar_Client::setOpt(): expects a long integer timeout value D:\wamp\www\Finance\Admin\ThinkPHP\Library\Org\Api\ServiceProxy.class.php 第 675 行.
NOTIC: [8] Undefined index: time_limit D:\wamp\www\Finance\Admin\App\Home\Controller\UserController.class.php 第 222 行.

[ 2019-03-30T15:43:50+08:00 ] 192.168.0.150 /u/user_lists.html
INFO: [ app_init ] --START--
INFO: Run Behavior\BuildLiteBehavior [ RunTime:0.000016s ]
INFO: [ app_init ] --END-- [ RunTime:0.000395s ]
NOTIC: [8] Use of undefined constant SELLER_ID - assumed 'SELLER_ID' D:\wamp\www\Finance\Admin\ThinkPHP\Library\Org\Api\ServiceProxy.class.php 第 278 行.
NOTIC: [8] Use of undefined constant SHOP_ID - assumed 'SHOP_ID' D:\wamp\www\Finance\Admin\ThinkPHP\Library\Org\Api\ServiceProxy.class.php 第 279 行.
NOTIC: [2] Yar_Client::setOpt(): expects a long integer timeout value D:\wamp\www\Finance\Admin\ThinkPHP\Library\Org\Api\ServiceProxy.class.php 第 675 行.
NOTIC: [2] Yar_Client::setOpt(): expects a long integer timeout value D:\wamp\www\Finance\Admin\ThinkPHP\Library\Org\Api\ServiceProxy.class.php 第 675 行.
NOTIC: [8] Undefined index: shop_url D:\wamp\www\Finance\Admin\ThinkPHP\Library\Org\Api\ServiceProxy.class.php 第 405 行.
NOTIC: [8] Undefined index: platform_domain D:\wamp\www\Finance\Admin\ThinkPHP\Library\Org\Api\ServiceProxy.class.php 第 406 行.
NOTIC: [8] Undefined index: TOKEN D:\wamp\www\Finance\Admin\App\Common\Conf\siteInfo.php 第 15 行.
INFO: [ app_begin ] --START--
INFO: Run Behavior\ReadHtmlCacheBehavior [ RunTime:0.000598s ]
INFO: [ app_begin ] --END-- [ RunTime:0.000674s ]
NOTIC: [8] Use of undefined constant intval - assumed 'intval' D:\wamp\www\Finance\Admin\App\Home\Controller\UserController.class.php 第 137 行.
NOTIC: [2] Yar_Client::setOpt(): expects a long integer timeout value D:\wamp\www\Finance\Admin\ThinkPHP\Library\Org\Api\ServiceProxy.class.php 第 675 行.
NOTIC: [8] Undefined index: time_limit D:\wamp\www\Finance\Admin\App\Home\Controller\UserController.class.php 第 222 行.

[ 2019-03-30T16:26:54+08:00 ] 127.0.0.1 /u/get_user_info.html
INFO: [ app_init ] --START--
INFO: Run Behavior\BuildLiteBehavior [ RunTime:0.000017s ]
INFO: [ app_init ] --END-- [ RunTime:0.000467s ]
NOTIC: [8] Use of undefined constant SELLER_ID - assumed 'SELLER_ID' D:\wamp\www\Finance\Admin\ThinkPHP\Library\Org\Api\ServiceProxy.class.php 第 278 行.
NOTIC: [8] Use of undefined constant SHOP_ID - assumed 'SHOP_ID' D:\wamp\www\Finance\Admin\ThinkPHP\Library\Org\Api\ServiceProxy.class.php 第 279 行.
NOTIC: [2] Yar_Client::setOpt(): expects a long integer timeout value D:\wamp\www\Finance\Admin\ThinkPHP\Library\Org\Api\ServiceProxy.class.php 第 675 行.
NOTIC: [2] Yar_Client::setOpt(): expects a long integer timeout value D:\wamp\www\Finance\Admin\ThinkPHP\Library\Org\Api\ServiceProxy.class.php 第 675 行.
NOTIC: [8] Undefined index: shop_url D:\wamp\www\Finance\Admin\ThinkPHP\Library\Org\Api\ServiceProxy.class.php 第 405 行.
NOTIC: [8] Undefined index: platform_domain D:\wamp\www\Finance\Admin\ThinkPHP\Library\Org\Api\ServiceProxy.class.php 第 406 行.
NOTIC: [8] Undefined index: TOKEN D:\wamp\www\Finance\Admin\App\Common\Conf\siteInfo.php 第 15 行.
INFO: [ app_begin ] --START--
INFO: Run Behavior\ReadHtmlCacheBehavior [ RunTime:0.000835s ]
INFO: [ app_begin ] --END-- [ RunTime:0.000918s ]
NOTIC: [2] Yar_Client::setOpt(): expects a long integer timeout value D:\wamp\www\Finance\Admin\ThinkPHP\Library\Org\Api\ServiceProxy.class.php 第 675 行.
NOTIC: [8] Undefined index: accessMenu D:\wamp\www\Finance\Admin\App\Home\Controller\UserController.class.php 第 33 行.
NOTIC: [8] Undefined index: access_operate D:\wamp\www\Finance\Admin\App\Home\Controller\UserController.class.php 第 34 行.
NOTIC: [8] Use of undefined constant json - assumed 'json' D:\wamp\www\Finance\Admin\App\Home\Controller\UserController.class.php 第 58 行.

[ 2019-03-30T16:26:54+08:00 ] 127.0.0.1 /o/order_list
INFO: [ app_init ] --START--
INFO: Run Behavior\BuildLiteBehavior [ RunTime:0.000023s ]
INFO: [ app_init ] --END-- [ RunTime:0.000585s ]
NOTIC: [8] Use of undefined constant SELLER_ID - assumed 'SELLER_ID' D:\wamp\www\Finance\Admin\ThinkPHP\Library\Org\Api\ServiceProxy.class.php 第 278 行.
NOTIC: [8] Use of undefined constant SHOP_ID - assumed 'SHOP_ID' D:\wamp\www\Finance\Admin\ThinkPHP\Library\Org\Api\ServiceProxy.class.php 第 279 行.
NOTIC: [2] Yar_Client::setOpt(): expects a long integer timeout value D:\wamp\www\Finance\Admin\ThinkPHP\Library\Org\Api\ServiceProxy.class.php 第 675 行.
NOTIC: [2] Yar_Client::setOpt(): expects a long integer timeout value D:\wamp\www\Finance\Admin\ThinkPHP\Library\Org\Api\ServiceProxy.class.php 第 675 行.
NOTIC: [8] Undefined index: shop_url D:\wamp\www\Finance\Admin\ThinkPHP\Library\Org\Api\ServiceProxy.class.php 第 405 行.
NOTIC: [8] Undefined index: platform_domain D:\wamp\www\Finance\Admin\ThinkPHP\Library\Org\Api\ServiceProxy.class.php 第 406 行.
NOTIC: [8] Undefined index: TOKEN D:\wamp\www\Finance\Admin\App\Common\Conf\siteInfo.php 第 15 行.
INFO: [ app_begin ] --START--
INFO: Run Behavior\ReadHtmlCacheBehavior [ RunTime:0.001449s ]
INFO: [ app_begin ] --END-- [ RunTime:0.001718s ]
NOTIC: [2] Yar_Client::setOpt(): expects a long integer timeout value D:\wamp\www\Finance\Admin\ThinkPHP\Library\Org\Api\ServiceProxy.class.php 第 675 行.

[ 2019-03-30T16:26:58+08:00 ] 127.0.0.1 /g/goods_list.html
INFO: [ app_init ] --START--
INFO: Run Behavior\BuildLiteBehavior [ RunTime:0.000046s ]
INFO: [ app_init ] --END-- [ RunTime:0.000783s ]
NOTIC: [8] Use of undefined constant SELLER_ID - assumed 'SELLER_ID' D:\wamp\www\Finance\Admin\ThinkPHP\Library\Org\Api\ServiceProxy.class.php 第 278 行.
NOTIC: [8] Use of undefined constant SHOP_ID - assumed 'SHOP_ID' D:\wamp\www\Finance\Admin\ThinkPHP\Library\Org\Api\ServiceProxy.class.php 第 279 行.
NOTIC: [2] Yar_Client::setOpt(): expects a long integer timeout value D:\wamp\www\Finance\Admin\ThinkPHP\Library\Org\Api\ServiceProxy.class.php 第 675 行.
NOTIC: [2] Yar_Client::setOpt(): expects a long integer timeout value D:\wamp\www\Finance\Admin\ThinkPHP\Library\Org\Api\ServiceProxy.class.php 第 675 行.
NOTIC: [8] Undefined index: shop_url D:\wamp\www\Finance\Admin\ThinkPHP\Library\Org\Api\ServiceProxy.class.php 第 405 行.
NOTIC: [8] Undefined index: platform_domain D:\wamp\www\Finance\Admin\ThinkPHP\Library\Org\Api\ServiceProxy.class.php 第 406 行.
NOTIC: [8] Undefined index: TOKEN D:\wamp\www\Finance\Admin\App\Common\Conf\siteInfo.php 第 15 行.
INFO: [ app_begin ] --START--
INFO: Run Behavior\ReadHtmlCacheBehavior [ RunTime:0.000860s ]
INFO: [ app_begin ] --END-- [ RunTime:0.000937s ]
NOTIC: [8] Undefined index: search_type D:\wamp\www\Finance\Admin\App\Home\Controller\GoodsController.class.php 第 21 行.
NOTIC: [2] Yar_Client::setOpt(): expects a long integer timeout value D:\wamp\www\Finance\Admin\ThinkPHP\Library\Org\Api\ServiceProxy.class.php 第 675 行.

[ 2019-03-30T16:27:05+08:00 ] 127.0.0.1 /c/cate_list.html
INFO: [ app_init ] --START--
INFO: Run Behavior\BuildLiteBehavior [ RunTime:0.000024s ]
INFO: [ app_init ] --END-- [ RunTime:0.000682s ]
NOTIC: [8] Use of undefined constant SELLER_ID - assumed 'SELLER_ID' D:\wamp\www\Finance\Admin\ThinkPHP\Library\Org\Api\ServiceProxy.class.php 第 278 行.
NOTIC: [8] Use of undefined constant SHOP_ID - assumed 'SHOP_ID' D:\wamp\www\Finance\Admin\ThinkPHP\Library\Org\Api\ServiceProxy.class.php 第 279 行.
NOTIC: [2] Yar_Client::setOpt(): expects a long integer timeout value D:\wamp\www\Finance\Admin\ThinkPHP\Library\Org\Api\ServiceProxy.class.php 第 675 行.
NOTIC: [8] Undefined index: shop_url D:\wamp\www\Finance\Admin\ThinkPHP\Library\Org\Api\ServiceProxy.class.php 第 405 行.
NOTIC: [8] Undefined index: platform_domain D:\wamp\www\Finance\Admin\ThinkPHP\Library\Org\Api\ServiceProxy.class.php 第 406 行.
NOTIC: [8] Undefined index: TOKEN D:\wamp\www\Finance\Admin\App\Common\Conf\siteInfo.php 第 15 行.
INFO: [ app_begin ] --START--
INFO: Run Behavior\ReadHtmlCacheBehavior [ RunTime:0.001530s ]
INFO: [ app_begin ] --END-- [ RunTime:0.001656s ]
NOTIC: [2] Missing argument 1 for Home\Model\CateModel::fetchs(), called in D:\wamp\www\Finance\Admin\App\Home\Controller\CateController.class.php on line 11 and defined D:\wamp\www\Finance\Admin\App\Home\Model\CateModel.class.php 第 16 行.
NOTIC: [8] Undefined variable: params D:\wamp\www\Finance\Admin\App\Home\Model\CateModel.class.php 第 17 行.
NOTIC: [2] Yar_Client::setOpt(): expects a long integer timeout value D:\wamp\www\Finance\Admin\ThinkPHP\Library\Org\Api\ServiceProxy.class.php 第 675 行.
NOTIC: [8] Use of undefined constant json - assumed 'json' D:\wamp\www\Finance\Admin\App\Home\Controller\CateController.class.php 第 19 行.

[ 2019-03-30T16:27:05+08:00 ] 127.0.0.1 /a/attr_list.html
INFO: [ app_init ] --START--
INFO: Run Behavior\BuildLiteBehavior [ RunTime:0.000020s ]
INFO: [ app_init ] --END-- [ RunTime:0.000564s ]
NOTIC: [8] Use of undefined constant SELLER_ID - assumed 'SELLER_ID' D:\wamp\www\Finance\Admin\ThinkPHP\Library\Org\Api\ServiceProxy.class.php 第 278 行.
NOTIC: [8] Use of undefined constant SHOP_ID - assumed 'SHOP_ID' D:\wamp\www\Finance\Admin\ThinkPHP\Library\Org\Api\ServiceProxy.class.php 第 279 行.
NOTIC: [2] Yar_Client::setOpt(): expects a long integer timeout value D:\wamp\www\Finance\Admin\ThinkPHP\Library\Org\Api\ServiceProxy.class.php 第 675 行.
NOTIC: [8] Undefined index: shop_url D:\wamp\www\Finance\Admin\ThinkPHP\Library\Org\Api\ServiceProxy.class.php 第 405 行.
NOTIC: [8] Undefined index: platform_domain D:\wamp\www\Finance\Admin\ThinkPHP\Library\Org\Api\ServiceProxy.class.php 第 406 行.
NOTIC: [8] Undefined index: TOKEN D:\wamp\www\Finance\Admin\App\Common\Conf\siteInfo.php 第 15 行.
INFO: [ app_begin ] --START--
INFO: Run Behavior\ReadHtmlCacheBehavior [ RunTime:0.000695s ]
INFO: [ app_begin ] --END-- [ RunTime:0.000802s ]
NOTIC: [8] Undefined index: search_str D:\wamp\www\Finance\Admin\App\Home\Controller\AttrController.class.php 第 16 行.
NOTIC: [2] Yar_Client::setOpt(): expects a long integer timeout value D:\wamp\www\Finance\Admin\ThinkPHP\Library\Org\Api\ServiceProxy.class.php 第 675 行.

[ 2019-03-30T16:27:05+08:00 ] 127.0.0.1 /g/single_view.html
INFO: [ app_init ] --START--
INFO: Run Behavior\BuildLiteBehavior [ RunTime:0.000018s ]
INFO: [ app_init ] --END-- [ RunTime:0.000519s ]
NOTIC: [8] Use of undefined constant SELLER_ID - assumed 'SELLER_ID' D:\wamp\www\Finance\Admin\ThinkPHP\Library\Org\Api\ServiceProxy.class.php 第 278 行.
NOTIC: [8] Use of undefined constant SHOP_ID - assumed 'SHOP_ID' D:\wamp\www\Finance\Admin\ThinkPHP\Library\Org\Api\ServiceProxy.class.php 第 279 行.
NOTIC: [2] Yar_Client::setOpt(): expects a long integer timeout value D:\wamp\www\Finance\Admin\ThinkPHP\Library\Org\Api\ServiceProxy.class.php 第 675 行.
NOTIC: [2] Yar_Client::setOpt(): expects a long integer timeout value D:\wamp\www\Finance\Admin\ThinkPHP\Library\Org\Api\ServiceProxy.class.php 第 675 行.
NOTIC: [8] Undefined index: shop_url D:\wamp\www\Finance\Admin\ThinkPHP\Library\Org\Api\ServiceProxy.class.php 第 405 行.
NOTIC: [8] Undefined index: platform_domain D:\wamp\www\Finance\Admin\ThinkPHP\Library\Org\Api\ServiceProxy.class.php 第 406 行.
NOTIC: [8] Undefined index: TOKEN D:\wamp\www\Finance\Admin\App\Common\Conf\siteInfo.php 第 15 行.
INFO: [ app_begin ] --START--
INFO: Run Behavior\ReadHtmlCacheBehavior [ RunTime:0.000703s ]
INFO: [ app_begin ] --END-- [ RunTime:0.000787s ]
NOTIC: [8] Use of undefined constant intval - assumed 'intval' D:\wamp\www\Finance\Admin\App\Home\Controller\GoodsController.class.php 第 63 行.
NOTIC: [2] Yar_Client::setOpt(): expects a long integer timeout value D:\wamp\www\Finance\Admin\ThinkPHP\Library\Org\Api\ServiceProxy.class.php 第 675 行.
NOTIC: [8] Use of undefined constant json - assumed 'json' D:\wamp\www\Finance\Admin\App\Home\Controller\GoodsController.class.php 第 78 行.

[ 2019-03-30T16:27:16+08:00 ] 127.0.0.1 /co/view_single.html
INFO: [ app_init ] --START--
INFO: Run Behavior\BuildLiteBehavior [ RunTime:0.000046s ]
INFO: [ app_init ] --END-- [ RunTime:0.001032s ]
NOTIC: [8] Use of undefined constant SELLER_ID - assumed 'SELLER_ID' D:\wamp\www\Finance\Admin\ThinkPHP\Library\Org\Api\ServiceProxy.class.php 第 278 行.
NOTIC: [8] Use of undefined constant SHOP_ID - assumed 'SHOP_ID' D:\wamp\www\Finance\Admin\ThinkPHP\Library\Org\Api\ServiceProxy.class.php 第 279 行.
NOTIC: [2] Yar_Client::setOpt(): expects a long integer timeout value D:\wamp\www\Finance\Admin\ThinkPHP\Library\Org\Api\ServiceProxy.class.php 第 675 行.
NOTIC: [2] Yar_Client::setOpt(): expects a long integer timeout value D:\wamp\www\Finance\Admin\ThinkPHP\Library\Org\Api\ServiceProxy.class.php 第 675 行.
NOTIC: [8] Undefined index: shop_url D:\wamp\www\Finance\Admin\ThinkPHP\Library\Org\Api\ServiceProxy.class.php 第 405 行.
NOTIC: [8] Undefined index: platform_domain D:\wamp\www\Finance\Admin\ThinkPHP\Library\Org\Api\ServiceProxy.class.php 第 406 行.
NOTIC: [8] Undefined index: TOKEN D:\wamp\www\Finance\Admin\App\Common\Conf\siteInfo.php 第 15 行.
INFO: [ app_begin ] --START--
INFO: Run Behavior\ReadHtmlCacheBehavior [ RunTime:0.000641s ]
INFO: [ app_begin ] --END-- [ RunTime:0.000716s ]
NOTIC: [2] Yar_Client::setOpt(): expects a long integer timeout value D:\wamp\www\Finance\Admin\ThinkPHP\Library\Org\Api\ServiceProxy.class.php 第 675 行.

[ 2019-03-30T16:27:46+08:00 ] 127.0.0.1 /co/view_single.html
INFO: [ app_init ] --START--
INFO: Run Behavior\BuildLiteBehavior [ RunTime:0.000023s ]
INFO: [ app_init ] --END-- [ RunTime:0.000473s ]
NOTIC: [8] Use of undefined constant SELLER_ID - assumed 'SELLER_ID' D:\wamp\www\Finance\Admin\ThinkPHP\Library\Org\Api\ServiceProxy.class.php 第 278 行.
NOTIC: [8] Use of undefined constant SHOP_ID - assumed 'SHOP_ID' D:\wamp\www\Finance\Admin\ThinkPHP\Library\Org\Api\ServiceProxy.class.php 第 279 行.
NOTIC: [2] Yar_Client::setOpt(): expects a long integer timeout value D:\wamp\www\Finance\Admin\ThinkPHP\Library\Org\Api\ServiceProxy.class.php 第 675 行.
NOTIC: [2] Yar_Client::setOpt(): expects a long integer timeout value D:\wamp\www\Finance\Admin\ThinkPHP\Library\Org\Api\ServiceProxy.class.php 第 675 行.
NOTIC: [8] Undefined index: shop_url D:\wamp\www\Finance\Admin\ThinkPHP\Library\Org\Api\ServiceProxy.class.php 第 405 行.
NOTIC: [8] Undefined index: platform_domain D:\wamp\www\Finance\Admin\ThinkPHP\Library\Org\Api\ServiceProxy.class.php 第 406 行.
NOTIC: [8] Undefined index: TOKEN D:\wamp\www\Finance\Admin\App\Common\Conf\siteInfo.php 第 15 行.
INFO: [ app_begin ] --START--
INFO: Run Behavior\ReadHtmlCacheBehavior [ RunTime:0.000669s ]
INFO: [ app_begin ] --END-- [ RunTime:0.000746s ]
NOTIC: [2] Yar_Client::setOpt(): expects a long integer timeout value D:\wamp\www\Finance\Admin\ThinkPHP\Library\Org\Api\ServiceProxy.class.php 第 675 行.

[ 2019-03-30T16:27:57+08:00 ] 127.0.0.1 /co/view_single.html
INFO: [ app_init ] --START--
INFO: Run Behavior\BuildLiteBehavior [ RunTime:0.000020s ]
INFO: [ app_init ] --END-- [ RunTime:0.000792s ]
NOTIC: [8] Use of undefined constant SELLER_ID - assumed 'SELLER_ID' D:\wamp\www\Finance\Admin\ThinkPHP\Library\Org\Api\ServiceProxy.class.php 第 278 行.
NOTIC: [8] Use of undefined constant SHOP_ID - assumed 'SHOP_ID' D:\wamp\www\Finance\Admin\ThinkPHP\Library\Org\Api\ServiceProxy.class.php 第 279 行.
NOTIC: [2] Yar_Client::setOpt(): expects a long integer timeout value D:\wamp\www\Finance\Admin\ThinkPHP\Library\Org\Api\ServiceProxy.class.php 第 675 行.
NOTIC: [2] Yar_Client::setOpt(): expects a long integer timeout value D:\wamp\www\Finance\Admin\ThinkPHP\Library\Org\Api\ServiceProxy.class.php 第 675 行.
NOTIC: [8] Undefined index: shop_url D:\wamp\www\Finance\Admin\ThinkPHP\Library\Org\Api\ServiceProxy.class.php 第 405 行.
NOTIC: [8] Undefined index: platform_domain D:\wamp\www\Finance\Admin\ThinkPHP\Library\Org\Api\ServiceProxy.class.php 第 406 行.
NOTIC: [8] Undefined index: TOKEN D:\wamp\www\Finance\Admin\App\Common\Conf\siteInfo.php 第 15 行.
INFO: [ app_begin ] --START--
INFO: Run Behavior\ReadHtmlCacheBehavior [ RunTime:0.001426s ]
INFO: [ app_begin ] --END-- [ RunTime:0.001600s ]
NOTIC: [2] Yar_Client::setOpt(): expects a long integer timeout value D:\wamp\www\Finance\Admin\ThinkPHP\Library\Org\Api\ServiceProxy.class.php 第 675 行.

[ 2019-03-30T16:29:02+08:00 ] 127.0.0.1 /co/set_commission.html
INFO: [ app_init ] --START--
INFO: Run Behavior\BuildLiteBehavior [ RunTime:0.000021s ]
INFO: [ app_init ] --END-- [ RunTime:0.000459s ]
NOTIC: [8] Use of undefined constant SELLER_ID - assumed 'SELLER_ID' D:\wamp\www\Finance\Admin\ThinkPHP\Library\Org\Api\ServiceProxy.class.php 第 278 行.
NOTIC: [8] Use of undefined constant SHOP_ID - assumed 'SHOP_ID' D:\wamp\www\Finance\Admin\ThinkPHP\Library\Org\Api\ServiceProxy.class.php 第 279 行.
NOTIC: [2] Yar_Client::setOpt(): expects a long integer timeout value D:\wamp\www\Finance\Admin\ThinkPHP\Library\Org\Api\ServiceProxy.class.php 第 675 行.
NOTIC: [2] Yar_Client::setOpt(): expects a long integer timeout value D:\wamp\www\Finance\Admin\ThinkPHP\Library\Org\Api\ServiceProxy.class.php 第 675 行.
NOTIC: [8] Undefined index: shop_url D:\wamp\www\Finance\Admin\ThinkPHP\Library\Org\Api\ServiceProxy.class.php 第 405 行.
NOTIC: [8] Undefined index: platform_domain D:\wamp\www\Finance\Admin\ThinkPHP\Library\Org\Api\ServiceProxy.class.php 第 406 行.
NOTIC: [8] Undefined index: TOKEN D:\wamp\www\Finance\Admin\App\Common\Conf\siteInfo.php 第 15 行.
INFO: [ app_begin ] --START--
INFO: Run Behavior\ReadHtmlCacheBehavior [ RunTime:0.000605s ]
INFO: [ app_begin ] --END-- [ RunTime:0.000685s ]
NOTIC: [8] Use of undefined constant intval - assumed 'intval' D:\wamp\www\Finance\Admin\App\Home\Controller\CommissionController.class.php 第 14 行.
NOTIC: [2] Yar_Client::setOpt(): expects a long integer timeout value D:\wamp\www\Finance\Admin\ThinkPHP\Library\Org\Api\ServiceProxy.class.php 第 675 行.

