[ 2019-04-16T08:46:27+08:00 ] 127.0.0.1 /u/get_power_node.html
INFO: [ app_init ] --START--
INFO: Run Behavior\BuildLiteBehavior [ RunTime:0.001000s ]
INFO: [ app_init ] --END-- [ RunTime:0.001000s ]
NOTIC: [8] Use of undefined constant SELLER_ID - assumed 'SELLER_ID' D:\wamp\www\Finance\Admin\ThinkPHP\Library\Org\Api\ServiceProxy.class.php 第 278 行.
NOTIC: [8] Use of undefined constant SHOP_ID - assumed 'SHOP_ID' D:\wamp\www\Finance\Admin\ThinkPHP\Library\Org\Api\ServiceProxy.class.php 第 279 行.
NOTIC: [2] Yar_Client::setOpt(): expects a long integer timeout value D:\wamp\www\Finance\Admin\ThinkPHP\Library\Org\Api\ServiceProxy.class.php 第 675 行.
NOTIC: [8] Undefined index: shop_url D:\wamp\www\Finance\Admin\ThinkPHP\Library\Org\Api\ServiceProxy.class.php 第 405 行.
NOTIC: [8] Undefined index: platform_domain D:\wamp\www\Finance\Admin\ThinkPHP\Library\Org\Api\ServiceProxy.class.php 第 406 行.
NOTIC: [8] Undefined index: TOKEN D:\wamp\www\Finance\Admin\App\Common\Conf\siteInfo.php 第 14 行.
INFO: [ app_begin ] --START--
INFO: Run Behavior\ReadHtmlCacheBehavior [ RunTime:0.002000s ]
INFO: [ app_begin ] --END-- [ RunTime:0.003000s ]
NOTIC: [2] Missing argument 1 for Home\Model\RoleModel::get_all_node(), called in D:\wamp\www\Finance\Admin\App\Home\Controller\UserController.class.php on line 61 and defined D:\wamp\www\Finance\Admin\App\Home\Model\RoleModel.class.php 第 32 行.
NOTIC: [8] Undefined variable: params D:\wamp\www\Finance\Admin\App\Home\Model\RoleModel.class.php 第 33 行.
NOTIC: [2] Yar_Client::setOpt(): expects a long integer timeout value D:\wamp\www\Finance\Admin\ThinkPHP\Library\Org\Api\ServiceProxy.class.php 第 675 行.
NOTIC: [8] Use of undefined constant json - assumed 'json' D:\wamp\www\Finance\Admin\App\Home\Controller\UserController.class.php 第 73 行.

[ 2019-04-16T08:46:27+08:00 ] 127.0.0.1 /u/get_power_node.html
INFO: [ app_init ] --START--
INFO: Run Behavior\BuildLiteBehavior [ RunTime:0.000000s ]
INFO: [ app_init ] --END-- [ RunTime:0.000000s ]
NOTIC: [8] Use of undefined constant SELLER_ID - assumed 'SELLER_ID' D:\wamp\www\Finance\Admin\ThinkPHP\Library\Org\Api\ServiceProxy.class.php 第 278 行.
NOTIC: [8] Use of undefined constant SHOP_ID - assumed 'SHOP_ID' D:\wamp\www\Finance\Admin\ThinkPHP\Library\Org\Api\ServiceProxy.class.php 第 279 行.
NOTIC: [2] Yar_Client::setOpt(): expects a long integer timeout value D:\wamp\www\Finance\Admin\ThinkPHP\Library\Org\Api\ServiceProxy.class.php 第 675 行.
NOTIC: [8] Undefined index: shop_url D:\wamp\www\Finance\Admin\ThinkPHP\Library\Org\Api\ServiceProxy.class.php 第 405 行.
NOTIC: [8] Undefined index: platform_domain D:\wamp\www\Finance\Admin\ThinkPHP\Library\Org\Api\ServiceProxy.class.php 第 406 行.
NOTIC: [8] Undefined index: TOKEN D:\wamp\www\Finance\Admin\App\Common\Conf\siteInfo.php 第 14 行.
INFO: [ app_begin ] --START--
INFO: Run Behavior\ReadHtmlCacheBehavior [ RunTime:0.001000s ]
INFO: [ app_begin ] --END-- [ RunTime:0.003000s ]
NOTIC: [2] Missing argument 1 for Home\Model\RoleModel::get_all_node(), called in D:\wamp\www\Finance\Admin\App\Home\Controller\UserController.class.php on line 61 and defined D:\wamp\www\Finance\Admin\App\Home\Model\RoleModel.class.php 第 32 行.
NOTIC: [8] Undefined variable: params D:\wamp\www\Finance\Admin\App\Home\Model\RoleModel.class.php 第 33 行.
NOTIC: [2] Yar_Client::setOpt(): expects a long integer timeout value D:\wamp\www\Finance\Admin\ThinkPHP\Library\Org\Api\ServiceProxy.class.php 第 675 行.
NOTIC: [8] Use of undefined constant json - assumed 'json' D:\wamp\www\Finance\Admin\App\Home\Controller\UserController.class.php 第 73 行.

[ 2019-04-16T08:46:27+08:00 ] 127.0.0.1 /u/get_power_node.html
INFO: [ app_init ] --START--
INFO: Run Behavior\BuildLiteBehavior [ RunTime:0.000000s ]
INFO: [ app_init ] --END-- [ RunTime:0.000000s ]
NOTIC: [8] Use of undefined constant SELLER_ID - assumed 'SELLER_ID' D:\wamp\www\Finance\Admin\ThinkPHP\Library\Org\Api\ServiceProxy.class.php 第 278 行.
NOTIC: [8] Use of undefined constant SHOP_ID - assumed 'SHOP_ID' D:\wamp\www\Finance\Admin\ThinkPHP\Library\Org\Api\ServiceProxy.class.php 第 279 行.
NOTIC: [2] Yar_Client::setOpt(): expects a long integer timeout value D:\wamp\www\Finance\Admin\ThinkPHP\Library\Org\Api\ServiceProxy.class.php 第 675 行.
NOTIC: [2] Yar_Client::setOpt(): expects a long integer timeout value D:\wamp\www\Finance\Admin\ThinkPHP\Library\Org\Api\ServiceProxy.class.php 第 675 行.
NOTIC: [8] Undefined index: shop_url D:\wamp\www\Finance\Admin\ThinkPHP\Library\Org\Api\ServiceProxy.class.php 第 405 行.
NOTIC: [8] Undefined index: platform_domain D:\wamp\www\Finance\Admin\ThinkPHP\Library\Org\Api\ServiceProxy.class.php 第 406 行.
NOTIC: [8] Undefined index: TOKEN D:\wamp\www\Finance\Admin\App\Common\Conf\siteInfo.php 第 14 行.
INFO: [ app_begin ] --START--
INFO: Run Behavior\ReadHtmlCacheBehavior [ RunTime:0.001000s ]
INFO: [ app_begin ] --END-- [ RunTime:0.001000s ]
NOTIC: [2] Missing argument 1 for Home\Model\RoleModel::get_all_node(), called in D:\wamp\www\Finance\Admin\App\Home\Controller\UserController.class.php on line 61 and defined D:\wamp\www\Finance\Admin\App\Home\Model\RoleModel.class.php 第 32 行.
NOTIC: [8] Undefined variable: params D:\wamp\www\Finance\Admin\App\Home\Model\RoleModel.class.php 第 33 行.
NOTIC: [2] Yar_Client::setOpt(): expects a long integer timeout value D:\wamp\www\Finance\Admin\ThinkPHP\Library\Org\Api\ServiceProxy.class.php 第 675 行.
NOTIC: [8] Use of undefined constant json - assumed 'json' D:\wamp\www\Finance\Admin\App\Home\Controller\UserController.class.php 第 73 行.

[ 2019-04-16T08:46:28+08:00 ] 127.0.0.1 /o/orderconsolesumm
INFO: [ app_init ] --START--
INFO: Run Behavior\BuildLiteBehavior [ RunTime:0.000000s ]
INFO: [ app_init ] --END-- [ RunTime:0.001000s ]
NOTIC: [8] Use of undefined constant SELLER_ID - assumed 'SELLER_ID' D:\wamp\www\Finance\Admin\ThinkPHP\Library\Org\Api\ServiceProxy.class.php 第 278 行.
NOTIC: [8] Use of undefined constant SHOP_ID - assumed 'SHOP_ID' D:\wamp\www\Finance\Admin\ThinkPHP\Library\Org\Api\ServiceProxy.class.php 第 279 行.
NOTIC: [2] Yar_Client::setOpt(): expects a long integer timeout value D:\wamp\www\Finance\Admin\ThinkPHP\Library\Org\Api\ServiceProxy.class.php 第 675 行.
NOTIC: [2] Yar_Client::setOpt(): expects a long integer timeout value D:\wamp\www\Finance\Admin\ThinkPHP\Library\Org\Api\ServiceProxy.class.php 第 675 行.
NOTIC: [8] Undefined index: shop_url D:\wamp\www\Finance\Admin\ThinkPHP\Library\Org\Api\ServiceProxy.class.php 第 405 行.
NOTIC: [8] Undefined index: platform_domain D:\wamp\www\Finance\Admin\ThinkPHP\Library\Org\Api\ServiceProxy.class.php 第 406 行.
NOTIC: [8] Undefined index: TOKEN D:\wamp\www\Finance\Admin\App\Common\Conf\siteInfo.php 第 14 行.
INFO: [ app_begin ] --START--
INFO: Run Behavior\ReadHtmlCacheBehavior [ RunTime:0.000000s ]
INFO: [ app_begin ] --END-- [ RunTime:0.001000s ]
NOTIC: [8] Use of undefined constant intval - assumed 'intval' D:\wamp\www\Finance\Admin\App\Home\Controller\OrderController.class.php 第 217 行.
NOTIC: [2] Yar_Client::setOpt(): expects a long integer timeout value D:\wamp\www\Finance\Admin\ThinkPHP\Library\Org\Api\ServiceProxy.class.php 第 675 行.
NOTIC: [2] Cannot modify header information - headers already sent by (output started at D:\wamp\www\Finance\Admin\ThinkPHP\Library\Org\Api\ServiceProxy.class.php:987) D:\wamp\www\Finance\Admin\ThinkPHP\Library\Think\Controller.class.php 第 227 行.

[ 2019-04-16T08:47:07+08:00 ] 127.0.0.1 /g/goods_list.html
INFO: [ app_init ] --START--
INFO: Run Behavior\BuildLiteBehavior [ RunTime:0.000000s ]
INFO: [ app_init ] --END-- [ RunTime:0.002000s ]
NOTIC: [8] Use of undefined constant SELLER_ID - assumed 'SELLER_ID' D:\wamp\www\Finance\Admin\ThinkPHP\Library\Org\Api\ServiceProxy.class.php 第 278 行.
NOTIC: [8] Use of undefined constant SHOP_ID - assumed 'SHOP_ID' D:\wamp\www\Finance\Admin\ThinkPHP\Library\Org\Api\ServiceProxy.class.php 第 279 行.
NOTIC: [2] Yar_Client::setOpt(): expects a long integer timeout value D:\wamp\www\Finance\Admin\ThinkPHP\Library\Org\Api\ServiceProxy.class.php 第 675 行.
NOTIC: [2] Yar_Client::setOpt(): expects a long integer timeout value D:\wamp\www\Finance\Admin\ThinkPHP\Library\Org\Api\ServiceProxy.class.php 第 675 行.
NOTIC: [8] Undefined index: shop_url D:\wamp\www\Finance\Admin\ThinkPHP\Library\Org\Api\ServiceProxy.class.php 第 405 行.
NOTIC: [8] Undefined index: platform_domain D:\wamp\www\Finance\Admin\ThinkPHP\Library\Org\Api\ServiceProxy.class.php 第 406 行.
NOTIC: [8] Undefined index: TOKEN D:\wamp\www\Finance\Admin\App\Common\Conf\siteInfo.php 第 14 行.
INFO: [ app_begin ] --START--
INFO: Run Behavior\ReadHtmlCacheBehavior [ RunTime:0.001000s ]
INFO: [ app_begin ] --END-- [ RunTime:0.001000s ]
NOTIC: [8] Undefined index: search_type D:\wamp\www\Finance\Admin\App\Home\Controller\GoodsController.class.php 第 22 行.
NOTIC: [2] Yar_Client::setOpt(): expects a long integer timeout value D:\wamp\www\Finance\Admin\ThinkPHP\Library\Org\Api\ServiceProxy.class.php 第 675 行.

[ 2019-04-16T08:47:11+08:00 ] 127.0.0.1 /o/orderconsolesumm
INFO: [ app_init ] --START--
INFO: Run Behavior\BuildLiteBehavior [ RunTime:0.000000s ]
INFO: [ app_init ] --END-- [ RunTime:0.001000s ]
NOTIC: [8] Use of undefined constant SELLER_ID - assumed 'SELLER_ID' D:\wamp\www\Finance\Admin\ThinkPHP\Library\Org\Api\ServiceProxy.class.php 第 278 行.
NOTIC: [8] Use of undefined constant SHOP_ID - assumed 'SHOP_ID' D:\wamp\www\Finance\Admin\ThinkPHP\Library\Org\Api\ServiceProxy.class.php 第 279 行.
NOTIC: [2] Yar_Client::setOpt(): expects a long integer timeout value D:\wamp\www\Finance\Admin\ThinkPHP\Library\Org\Api\ServiceProxy.class.php 第 675 行.
NOTIC: [2] Yar_Client::setOpt(): expects a long integer timeout value D:\wamp\www\Finance\Admin\ThinkPHP\Library\Org\Api\ServiceProxy.class.php 第 675 行.
NOTIC: [8] Undefined index: shop_url D:\wamp\www\Finance\Admin\ThinkPHP\Library\Org\Api\ServiceProxy.class.php 第 405 行.
NOTIC: [8] Undefined index: platform_domain D:\wamp\www\Finance\Admin\ThinkPHP\Library\Org\Api\ServiceProxy.class.php 第 406 行.
NOTIC: [8] Undefined index: TOKEN D:\wamp\www\Finance\Admin\App\Common\Conf\siteInfo.php 第 14 行.
INFO: [ app_begin ] --START--
INFO: Run Behavior\ReadHtmlCacheBehavior [ RunTime:0.001000s ]
INFO: [ app_begin ] --END-- [ RunTime:0.002000s ]
NOTIC: [8] Use of undefined constant intval - assumed 'intval' D:\wamp\www\Finance\Admin\App\Home\Controller\OrderController.class.php 第 217 行.
NOTIC: [2] Yar_Client::setOpt(): expects a long integer timeout value D:\wamp\www\Finance\Admin\ThinkPHP\Library\Org\Api\ServiceProxy.class.php 第 675 行.
NOTIC: [2] Cannot modify header information - headers already sent by (output started at D:\wamp\www\Finance\Admin\ThinkPHP\Library\Org\Api\ServiceProxy.class.php:987) D:\wamp\www\Finance\Admin\ThinkPHP\Library\Think\Controller.class.php 第 227 行.

[ 2019-04-16T08:47:16+08:00 ] 127.0.0.1 /c/cate_list.html
INFO: [ app_init ] --START--
INFO: Run Behavior\BuildLiteBehavior [ RunTime:0.000000s ]
INFO: [ app_init ] --END-- [ RunTime:0.000000s ]
NOTIC: [8] Use of undefined constant SELLER_ID - assumed 'SELLER_ID' D:\wamp\www\Finance\Admin\ThinkPHP\Library\Org\Api\ServiceProxy.class.php 第 278 行.
NOTIC: [8] Use of undefined constant SHOP_ID - assumed 'SHOP_ID' D:\wamp\www\Finance\Admin\ThinkPHP\Library\Org\Api\ServiceProxy.class.php 第 279 行.
NOTIC: [2] Yar_Client::setOpt(): expects a long integer timeout value D:\wamp\www\Finance\Admin\ThinkPHP\Library\Org\Api\ServiceProxy.class.php 第 675 行.
NOTIC: [2] Yar_Client::setOpt(): expects a long integer timeout value D:\wamp\www\Finance\Admin\ThinkPHP\Library\Org\Api\ServiceProxy.class.php 第 675 行.
NOTIC: [8] Undefined index: shop_url D:\wamp\www\Finance\Admin\ThinkPHP\Library\Org\Api\ServiceProxy.class.php 第 405 行.
NOTIC: [8] Undefined index: platform_domain D:\wamp\www\Finance\Admin\ThinkPHP\Library\Org\Api\ServiceProxy.class.php 第 406 行.
NOTIC: [8] Undefined index: TOKEN D:\wamp\www\Finance\Admin\App\Common\Conf\siteInfo.php 第 14 行.
INFO: [ app_begin ] --START--
INFO: Run Behavior\ReadHtmlCacheBehavior [ RunTime:0.000000s ]
INFO: [ app_begin ] --END-- [ RunTime:0.000000s ]
NOTIC: [2] Missing argument 1 for Home\Model\CateModel::fetchs(), called in D:\wamp\www\Finance\Admin\App\Home\Controller\CateController.class.php on line 11 and defined D:\wamp\www\Finance\Admin\App\Home\Model\CateModel.class.php 第 16 行.
NOTIC: [8] Undefined variable: params D:\wamp\www\Finance\Admin\App\Home\Model\CateModel.class.php 第 17 行.
NOTIC: [2] Yar_Client::setOpt(): expects a long integer timeout value D:\wamp\www\Finance\Admin\ThinkPHP\Library\Org\Api\ServiceProxy.class.php 第 675 行.
NOTIC: [8] Use of undefined constant json - assumed 'json' D:\wamp\www\Finance\Admin\App\Home\Controller\CateController.class.php 第 19 行.

[ 2019-04-16T08:50:30+08:00 ] 127.0.0.1 /a/attr_list.html
INFO: [ app_init ] --START--
INFO: Run Behavior\BuildLiteBehavior [ RunTime:0.000000s ]
INFO: [ app_init ] --END-- [ RunTime:0.000000s ]
NOTIC: [8] Use of undefined constant SELLER_ID - assumed 'SELLER_ID' D:\wamp\www\Finance\Admin\ThinkPHP\Library\Org\Api\ServiceProxy.class.php 第 278 行.
NOTIC: [8] Use of undefined constant SHOP_ID - assumed 'SHOP_ID' D:\wamp\www\Finance\Admin\ThinkPHP\Library\Org\Api\ServiceProxy.class.php 第 279 行.
NOTIC: [2] Yar_Client::setOpt(): expects a long integer timeout value D:\wamp\www\Finance\Admin\ThinkPHP\Library\Org\Api\ServiceProxy.class.php 第 675 行.
NOTIC: [2] Yar_Client::setOpt(): expects a long integer timeout value D:\wamp\www\Finance\Admin\ThinkPHP\Library\Org\Api\ServiceProxy.class.php 第 675 行.
NOTIC: [8] Undefined index: shop_url D:\wamp\www\Finance\Admin\ThinkPHP\Library\Org\Api\ServiceProxy.class.php 第 405 行.
NOTIC: [8] Undefined index: platform_domain D:\wamp\www\Finance\Admin\ThinkPHP\Library\Org\Api\ServiceProxy.class.php 第 406 行.
NOTIC: [8] Undefined index: TOKEN D:\wamp\www\Finance\Admin\App\Common\Conf\siteInfo.php 第 14 行.
INFO: [ app_begin ] --START--
INFO: Run Behavior\ReadHtmlCacheBehavior [ RunTime:0.001000s ]
INFO: [ app_begin ] --END-- [ RunTime:0.001000s ]
NOTIC: [2] Yar_Client::setOpt(): expects a long integer timeout value D:\wamp\www\Finance\Admin\ThinkPHP\Library\Org\Api\ServiceProxy.class.php 第 675 行.

[ 2019-04-16T08:50:34+08:00 ] 127.0.0.1 /a/single_view.html
INFO: [ app_init ] --START--
INFO: Run Behavior\BuildLiteBehavior [ RunTime:0.001000s ]
INFO: [ app_init ] --END-- [ RunTime:0.001000s ]
NOTIC: [8] Use of undefined constant SELLER_ID - assumed 'SELLER_ID' D:\wamp\www\Finance\Admin\ThinkPHP\Library\Org\Api\ServiceProxy.class.php 第 278 行.
NOTIC: [8] Use of undefined constant SHOP_ID - assumed 'SHOP_ID' D:\wamp\www\Finance\Admin\ThinkPHP\Library\Org\Api\ServiceProxy.class.php 第 279 行.
NOTIC: [2] Yar_Client::setOpt(): expects a long integer timeout value D:\wamp\www\Finance\Admin\ThinkPHP\Library\Org\Api\ServiceProxy.class.php 第 675 行.
NOTIC: [2] Yar_Client::setOpt(): expects a long integer timeout value D:\wamp\www\Finance\Admin\ThinkPHP\Library\Org\Api\ServiceProxy.class.php 第 675 行.
NOTIC: [8] Undefined index: shop_url D:\wamp\www\Finance\Admin\ThinkPHP\Library\Org\Api\ServiceProxy.class.php 第 405 行.
NOTIC: [8] Undefined index: platform_domain D:\wamp\www\Finance\Admin\ThinkPHP\Library\Org\Api\ServiceProxy.class.php 第 406 行.
NOTIC: [8] Undefined index: TOKEN D:\wamp\www\Finance\Admin\App\Common\Conf\siteInfo.php 第 14 行.
INFO: [ app_begin ] --START--
INFO: Run Behavior\ReadHtmlCacheBehavior [ RunTime:0.000000s ]
INFO: [ app_begin ] --END-- [ RunTime:0.001000s ]
NOTIC: [8] Use of undefined constant intval - assumed 'intval' D:\wamp\www\Finance\Admin\App\Home\Controller\AttrController.class.php 第 48 行.
NOTIC: [2] Yar_Client::setOpt(): expects a long integer timeout value D:\wamp\www\Finance\Admin\ThinkPHP\Library\Org\Api\ServiceProxy.class.php 第 675 行.
NOTIC: [8] Use of undefined constant json - assumed 'json' D:\wamp\www\Finance\Admin\App\Home\Controller\AttrController.class.php 第 63 行.

[ 2019-04-16T08:51:50+08:00 ] 127.0.0.1 /a/single_view.html
INFO: [ app_init ] --START--
INFO: Run Behavior\BuildLiteBehavior [ RunTime:0.000000s ]
INFO: [ app_init ] --END-- [ RunTime:0.000000s ]
NOTIC: [8] Use of undefined constant SELLER_ID - assumed 'SELLER_ID' D:\wamp\www\Finance\Admin\ThinkPHP\Library\Org\Api\ServiceProxy.class.php 第 278 行.
NOTIC: [8] Use of undefined constant SHOP_ID - assumed 'SHOP_ID' D:\wamp\www\Finance\Admin\ThinkPHP\Library\Org\Api\ServiceProxy.class.php 第 279 行.
NOTIC: [2] Yar_Client::setOpt(): expects a long integer timeout value D:\wamp\www\Finance\Admin\ThinkPHP\Library\Org\Api\ServiceProxy.class.php 第 675 行.
NOTIC: [8] Undefined index: shop_url D:\wamp\www\Finance\Admin\ThinkPHP\Library\Org\Api\ServiceProxy.class.php 第 405 行.
NOTIC: [8] Undefined index: platform_domain D:\wamp\www\Finance\Admin\ThinkPHP\Library\Org\Api\ServiceProxy.class.php 第 406 行.
NOTIC: [8] Undefined index: TOKEN D:\wamp\www\Finance\Admin\App\Common\Conf\siteInfo.php 第 14 行.
INFO: [ app_begin ] --START--
INFO: Run Behavior\ReadHtmlCacheBehavior [ RunTime:0.001000s ]
INFO: [ app_begin ] --END-- [ RunTime:0.002000s ]
NOTIC: [8] Use of undefined constant intval - assumed 'intval' D:\wamp\www\Finance\Admin\App\Home\Controller\AttrController.class.php 第 48 行.
NOTIC: [2] Yar_Client::setOpt(): expects a long integer timeout value D:\wamp\www\Finance\Admin\ThinkPHP\Library\Org\Api\ServiceProxy.class.php 第 675 行.
NOTIC: [8] Use of undefined constant json - assumed 'json' D:\wamp\www\Finance\Admin\App\Home\Controller\AttrController.class.php 第 63 行.

[ 2019-04-16T08:51:51+08:00 ] 127.0.0.1 /u/get_power_node.html
INFO: [ app_init ] --START--
INFO: Run Behavior\BuildLiteBehavior [ RunTime:0.000000s ]
INFO: [ app_init ] --END-- [ RunTime:0.001000s ]
NOTIC: [8] Use of undefined constant SELLER_ID - assumed 'SELLER_ID' D:\wamp\www\Finance\Admin\ThinkPHP\Library\Org\Api\ServiceProxy.class.php 第 278 行.
NOTIC: [8] Use of undefined constant SHOP_ID - assumed 'SHOP_ID' D:\wamp\www\Finance\Admin\ThinkPHP\Library\Org\Api\ServiceProxy.class.php 第 279 行.
NOTIC: [2] Yar_Client::setOpt(): expects a long integer timeout value D:\wamp\www\Finance\Admin\ThinkPHP\Library\Org\Api\ServiceProxy.class.php 第 675 行.
NOTIC: [2] Yar_Client::setOpt(): expects a long integer timeout value D:\wamp\www\Finance\Admin\ThinkPHP\Library\Org\Api\ServiceProxy.class.php 第 675 行.
NOTIC: [8] Undefined index: shop_url D:\wamp\www\Finance\Admin\ThinkPHP\Library\Org\Api\ServiceProxy.class.php 第 405 行.
NOTIC: [8] Undefined index: platform_domain D:\wamp\www\Finance\Admin\ThinkPHP\Library\Org\Api\ServiceProxy.class.php 第 406 行.
NOTIC: [8] Undefined index: TOKEN D:\wamp\www\Finance\Admin\App\Common\Conf\siteInfo.php 第 14 行.
INFO: [ app_begin ] --START--
INFO: Run Behavior\ReadHtmlCacheBehavior [ RunTime:0.000000s ]
INFO: [ app_begin ] --END-- [ RunTime:0.001000s ]
NOTIC: [2] Missing argument 1 for Home\Model\RoleModel::get_all_node(), called in D:\wamp\www\Finance\Admin\App\Home\Controller\UserController.class.php on line 61 and defined D:\wamp\www\Finance\Admin\App\Home\Model\RoleModel.class.php 第 32 行.
NOTIC: [8] Undefined variable: params D:\wamp\www\Finance\Admin\App\Home\Model\RoleModel.class.php 第 33 行.
NOTIC: [2] Yar_Client::setOpt(): expects a long integer timeout value D:\wamp\www\Finance\Admin\ThinkPHP\Library\Org\Api\ServiceProxy.class.php 第 675 行.
NOTIC: [8] Use of undefined constant json - assumed 'json' D:\wamp\www\Finance\Admin\App\Home\Controller\UserController.class.php 第 73 行.

[ 2019-04-16T08:52:43+08:00 ] 127.0.0.1 /a/single_view.html
INFO: [ app_init ] --START--
INFO: Run Behavior\BuildLiteBehavior [ RunTime:0.000000s ]
INFO: [ app_init ] --END-- [ RunTime:0.000000s ]
NOTIC: [8] Use of undefined constant SELLER_ID - assumed 'SELLER_ID' D:\wamp\www\Finance\Admin\ThinkPHP\Library\Org\Api\ServiceProxy.class.php 第 278 行.
NOTIC: [8] Use of undefined constant SHOP_ID - assumed 'SHOP_ID' D:\wamp\www\Finance\Admin\ThinkPHP\Library\Org\Api\ServiceProxy.class.php 第 279 行.
NOTIC: [2] Yar_Client::setOpt(): expects a long integer timeout value D:\wamp\www\Finance\Admin\ThinkPHP\Library\Org\Api\ServiceProxy.class.php 第 675 行.
NOTIC: [2] Yar_Client::setOpt(): expects a long integer timeout value D:\wamp\www\Finance\Admin\ThinkPHP\Library\Org\Api\ServiceProxy.class.php 第 675 行.
NOTIC: [8] Undefined index: shop_url D:\wamp\www\Finance\Admin\ThinkPHP\Library\Org\Api\ServiceProxy.class.php 第 405 行.
NOTIC: [8] Undefined index: platform_domain D:\wamp\www\Finance\Admin\ThinkPHP\Library\Org\Api\ServiceProxy.class.php 第 406 行.
NOTIC: [8] Undefined index: TOKEN D:\wamp\www\Finance\Admin\App\Common\Conf\siteInfo.php 第 14 行.
INFO: [ app_begin ] --START--
INFO: Run Behavior\ReadHtmlCacheBehavior [ RunTime:0.001000s ]
INFO: [ app_begin ] --END-- [ RunTime:0.001000s ]
NOTIC: [8] Use of undefined constant intval - assumed 'intval' D:\wamp\www\Finance\Admin\App\Home\Controller\AttrController.class.php 第 48 行.

[ 2019-04-16T08:52:44+08:00 ] 127.0.0.1 /favicon.ico
INFO: [ app_init ] --START--
INFO: Run Behavior\BuildLiteBehavior [ RunTime:0.000000s ]
INFO: [ app_init ] --END-- [ RunTime:0.001000s ]
NOTIC: [8] Use of undefined constant SELLER_ID - assumed 'SELLER_ID' D:\wamp\www\Finance\Admin\ThinkPHP\Library\Org\Api\ServiceProxy.class.php 第 278 行.
NOTIC: [8] Use of undefined constant SHOP_ID - assumed 'SHOP_ID' D:\wamp\www\Finance\Admin\ThinkPHP\Library\Org\Api\ServiceProxy.class.php 第 279 行.
NOTIC: [2] Yar_Client::setOpt(): expects a long integer timeout value D:\wamp\www\Finance\Admin\ThinkPHP\Library\Org\Api\ServiceProxy.class.php 第 675 行.
NOTIC: [2] Yar_Client::setOpt(): expects a long integer timeout value D:\wamp\www\Finance\Admin\ThinkPHP\Library\Org\Api\ServiceProxy.class.php 第 675 行.
NOTIC: [8] Undefined index: shop_url D:\wamp\www\Finance\Admin\ThinkPHP\Library\Org\Api\ServiceProxy.class.php 第 405 行.
NOTIC: [8] Undefined index: platform_domain D:\wamp\www\Finance\Admin\ThinkPHP\Library\Org\Api\ServiceProxy.class.php 第 406 行.
NOTIC: [8] Undefined index: TOKEN D:\wamp\www\Finance\Admin\App\Common\Conf\siteInfo.php 第 14 行.

[ 2019-04-16T08:52:49+08:00 ] 127.0.0.1 /a/single_view.html
INFO: [ app_init ] --START--
INFO: Run Behavior\BuildLiteBehavior [ RunTime:0.000000s ]
INFO: [ app_init ] --END-- [ RunTime:0.001000s ]
NOTIC: [8] Use of undefined constant SELLER_ID - assumed 'SELLER_ID' D:\wamp\www\Finance\Admin\ThinkPHP\Library\Org\Api\ServiceProxy.class.php 第 278 行.
NOTIC: [8] Use of undefined constant SHOP_ID - assumed 'SHOP_ID' D:\wamp\www\Finance\Admin\ThinkPHP\Library\Org\Api\ServiceProxy.class.php 第 279 行.
NOTIC: [2] Yar_Client::setOpt(): expects a long integer timeout value D:\wamp\www\Finance\Admin\ThinkPHP\Library\Org\Api\ServiceProxy.class.php 第 675 行.
NOTIC: [2] Yar_Client::setOpt(): expects a long integer timeout value D:\wamp\www\Finance\Admin\ThinkPHP\Library\Org\Api\ServiceProxy.class.php 第 675 行.
NOTIC: [8] Undefined index: shop_url D:\wamp\www\Finance\Admin\ThinkPHP\Library\Org\Api\ServiceProxy.class.php 第 405 行.
NOTIC: [8] Undefined index: platform_domain D:\wamp\www\Finance\Admin\ThinkPHP\Library\Org\Api\ServiceProxy.class.php 第 406 行.
NOTIC: [8] Undefined index: TOKEN D:\wamp\www\Finance\Admin\App\Common\Conf\siteInfo.php 第 14 行.
INFO: [ app_begin ] --START--
INFO: Run Behavior\ReadHtmlCacheBehavior [ RunTime:0.000000s ]
INFO: [ app_begin ] --END-- [ RunTime:0.000000s ]
NOTIC: [8] Use of undefined constant intval - assumed 'intval' D:\wamp\www\Finance\Admin\App\Home\Controller\AttrController.class.php 第 48 行.

[ 2019-04-16T08:52:59+08:00 ] 127.0.0.1 /u/get_power_node.html
INFO: [ app_init ] --START--
INFO: Run Behavior\BuildLiteBehavior [ RunTime:0.000000s ]
INFO: [ app_init ] --END-- [ RunTime:0.001000s ]
NOTIC: [8] Use of undefined constant SELLER_ID - assumed 'SELLER_ID' D:\wamp\www\Finance\Admin\ThinkPHP\Library\Org\Api\ServiceProxy.class.php 第 278 行.
NOTIC: [8] Use of undefined constant SHOP_ID - assumed 'SHOP_ID' D:\wamp\www\Finance\Admin\ThinkPHP\Library\Org\Api\ServiceProxy.class.php 第 279 行.
NOTIC: [2] Yar_Client::setOpt(): expects a long integer timeout value D:\wamp\www\Finance\Admin\ThinkPHP\Library\Org\Api\ServiceProxy.class.php 第 675 行.
NOTIC: [2] Yar_Client::setOpt(): expects a long integer timeout value D:\wamp\www\Finance\Admin\ThinkPHP\Library\Org\Api\ServiceProxy.class.php 第 675 行.
NOTIC: [8] Undefined index: shop_url D:\wamp\www\Finance\Admin\ThinkPHP\Library\Org\Api\ServiceProxy.class.php 第 405 行.
NOTIC: [8] Undefined index: platform_domain D:\wamp\www\Finance\Admin\ThinkPHP\Library\Org\Api\ServiceProxy.class.php 第 406 行.
NOTIC: [8] Undefined index: TOKEN D:\wamp\www\Finance\Admin\App\Common\Conf\siteInfo.php 第 14 行.
INFO: [ app_begin ] --START--
INFO: Run Behavior\ReadHtmlCacheBehavior [ RunTime:0.001000s ]
INFO: [ app_begin ] --END-- [ RunTime:0.001000s ]
NOTIC: [2] Missing argument 1 for Home\Model\RoleModel::get_all_node(), called in D:\wamp\www\Finance\Admin\App\Home\Controller\UserController.class.php on line 61 and defined D:\wamp\www\Finance\Admin\App\Home\Model\RoleModel.class.php 第 32 行.
NOTIC: [8] Undefined variable: params D:\wamp\www\Finance\Admin\App\Home\Model\RoleModel.class.php 第 33 行.
NOTIC: [2] Yar_Client::setOpt(): expects a long integer timeout value D:\wamp\www\Finance\Admin\ThinkPHP\Library\Org\Api\ServiceProxy.class.php 第 675 行.
NOTIC: [8] Use of undefined constant json - assumed 'json' D:\wamp\www\Finance\Admin\App\Home\Controller\UserController.class.php 第 73 行.

[ 2019-04-16T08:52:59+08:00 ] 127.0.0.1 /a/single_view.html
INFO: [ app_init ] --START--
INFO: Run Behavior\BuildLiteBehavior [ RunTime:0.000000s ]
INFO: [ app_init ] --END-- [ RunTime:0.001000s ]
NOTIC: [8] Use of undefined constant SELLER_ID - assumed 'SELLER_ID' D:\wamp\www\Finance\Admin\ThinkPHP\Library\Org\Api\ServiceProxy.class.php 第 278 行.
NOTIC: [8] Use of undefined constant SHOP_ID - assumed 'SHOP_ID' D:\wamp\www\Finance\Admin\ThinkPHP\Library\Org\Api\ServiceProxy.class.php 第 279 行.
NOTIC: [2] Yar_Client::setOpt(): expects a long integer timeout value D:\wamp\www\Finance\Admin\ThinkPHP\Library\Org\Api\ServiceProxy.class.php 第 675 行.
NOTIC: [2] Yar_Client::setOpt(): expects a long integer timeout value D:\wamp\www\Finance\Admin\ThinkPHP\Library\Org\Api\ServiceProxy.class.php 第 675 行.
NOTIC: [8] Undefined index: shop_url D:\wamp\www\Finance\Admin\ThinkPHP\Library\Org\Api\ServiceProxy.class.php 第 405 行.
NOTIC: [8] Undefined index: platform_domain D:\wamp\www\Finance\Admin\ThinkPHP\Library\Org\Api\ServiceProxy.class.php 第 406 行.
NOTIC: [8] Undefined index: TOKEN D:\wamp\www\Finance\Admin\App\Common\Conf\siteInfo.php 第 14 行.
INFO: [ app_begin ] --START--
INFO: Run Behavior\ReadHtmlCacheBehavior [ RunTime:0.001000s ]
INFO: [ app_begin ] --END-- [ RunTime:0.001000s ]
NOTIC: [8] Use of undefined constant intval - assumed 'intval' D:\wamp\www\Finance\Admin\App\Home\Controller\AttrController.class.php 第 48 行.
NOTIC: [2] Yar_Client::setOpt(): expects a long integer timeout value D:\wamp\www\Finance\Admin\ThinkPHP\Library\Org\Api\ServiceProxy.class.php 第 675 行.
NOTIC: [8] Use of undefined constant json - assumed 'json' D:\wamp\www\Finance\Admin\App\Home\Controller\AttrController.class.php 第 63 行.

[ 2019-04-16T08:53:54+08:00 ] 127.0.0.1 /a/single_view.html
INFO: [ app_init ] --START--
INFO: Run Behavior\BuildLiteBehavior [ RunTime:0.000000s ]
INFO: [ app_init ] --END-- [ RunTime:0.000000s ]
NOTIC: [8] Use of undefined constant SELLER_ID - assumed 'SELLER_ID' D:\wamp\www\Finance\Admin\ThinkPHP\Library\Org\Api\ServiceProxy.class.php 第 278 行.
NOTIC: [8] Use of undefined constant SHOP_ID - assumed 'SHOP_ID' D:\wamp\www\Finance\Admin\ThinkPHP\Library\Org\Api\ServiceProxy.class.php 第 279 行.
NOTIC: [2] Yar_Client::setOpt(): expects a long integer timeout value D:\wamp\www\Finance\Admin\ThinkPHP\Library\Org\Api\ServiceProxy.class.php 第 675 行.
NOTIC: [2] Yar_Client::setOpt(): expects a long integer timeout value D:\wamp\www\Finance\Admin\ThinkPHP\Library\Org\Api\ServiceProxy.class.php 第 675 行.
NOTIC: [8] Undefined index: shop_url D:\wamp\www\Finance\Admin\ThinkPHP\Library\Org\Api\ServiceProxy.class.php 第 405 行.
NOTIC: [8] Undefined index: platform_domain D:\wamp\www\Finance\Admin\ThinkPHP\Library\Org\Api\ServiceProxy.class.php 第 406 行.
NOTIC: [8] Undefined index: TOKEN D:\wamp\www\Finance\Admin\App\Common\Conf\siteInfo.php 第 14 行.
INFO: [ app_begin ] --START--
INFO: Run Behavior\ReadHtmlCacheBehavior [ RunTime:0.003001s ]
INFO: [ app_begin ] --END-- [ RunTime:0.003001s ]
NOTIC: [2] session_start(): open(D:/wamp/tmp\sess_2ah9vp1ov5mqmeuj06a4q8jdd0, O_RDWR) failed: Permission denied (13) D:\wamp\www\Finance\Admin\ThinkPHP\Common\functions.php 第 1266 行.
NOTIC: [8] Use of undefined constant intval - assumed 'intval' D:\wamp\www\Finance\Admin\App\Home\Controller\AttrController.class.php 第 48 行.
NOTIC: [2] Yar_Client::setOpt(): expects a long integer timeout value D:\wamp\www\Finance\Admin\ThinkPHP\Library\Org\Api\ServiceProxy.class.php 第 675 行.
NOTIC: [8] Use of undefined constant json - assumed 'json' D:\wamp\www\Finance\Admin\App\Home\Controller\AttrController.class.php 第 63 行.

[ 2019-04-16T09:27:00+08:00 ] 127.0.0.1 /a/single_view.html
INFO: [ app_init ] --START--
INFO: Run Behavior\BuildLiteBehavior [ RunTime:0.000000s ]
INFO: [ app_init ] --END-- [ RunTime:0.001000s ]
NOTIC: [8] Use of undefined constant SELLER_ID - assumed 'SELLER_ID' D:\wamp\www\Finance\Admin\ThinkPHP\Library\Org\Api\ServiceProxy.class.php 第 278 行.
NOTIC: [8] Use of undefined constant SHOP_ID - assumed 'SHOP_ID' D:\wamp\www\Finance\Admin\ThinkPHP\Library\Org\Api\ServiceProxy.class.php 第 279 行.
NOTIC: [2] Yar_Client::setOpt(): expects a long integer timeout value D:\wamp\www\Finance\Admin\ThinkPHP\Library\Org\Api\ServiceProxy.class.php 第 675 行.
NOTIC: [8] Undefined index: shop_url D:\wamp\www\Finance\Admin\ThinkPHP\Library\Org\Api\ServiceProxy.class.php 第 405 行.
NOTIC: [8] Undefined index: platform_domain D:\wamp\www\Finance\Admin\ThinkPHP\Library\Org\Api\ServiceProxy.class.php 第 406 行.
NOTIC: [8] Undefined index: TOKEN D:\wamp\www\Finance\Admin\App\Common\Conf\siteInfo.php 第 14 行.
INFO: [ app_begin ] --START--
INFO: Run Behavior\ReadHtmlCacheBehavior [ RunTime:0.001000s ]
INFO: [ app_begin ] --END-- [ RunTime:0.001000s ]
NOTIC: [8] Use of undefined constant intval - assumed 'intval' D:\wamp\www\Finance\Admin\App\Home\Controller\AttrController.class.php 第 48 行.
NOTIC: [2] Yar_Client::setOpt(): expects a long integer timeout value D:\wamp\www\Finance\Admin\ThinkPHP\Library\Org\Api\ServiceProxy.class.php 第 675 行.
NOTIC: [8] Use of undefined constant json - assumed 'json' D:\wamp\www\Finance\Admin\App\Home\Controller\AttrController.class.php 第 63 行.

[ 2019-04-16T09:27:00+08:00 ] 127.0.0.1 /u/get_power_node.html
INFO: [ app_init ] --START--
INFO: Run Behavior\BuildLiteBehavior [ RunTime:0.000000s ]
INFO: [ app_init ] --END-- [ RunTime:0.001000s ]
NOTIC: [8] Use of undefined constant SELLER_ID - assumed 'SELLER_ID' D:\wamp\www\Finance\Admin\ThinkPHP\Library\Org\Api\ServiceProxy.class.php 第 278 行.
NOTIC: [8] Use of undefined constant SHOP_ID - assumed 'SHOP_ID' D:\wamp\www\Finance\Admin\ThinkPHP\Library\Org\Api\ServiceProxy.class.php 第 279 行.
NOTIC: [2] Yar_Client::setOpt(): expects a long integer timeout value D:\wamp\www\Finance\Admin\ThinkPHP\Library\Org\Api\ServiceProxy.class.php 第 675 行.
NOTIC: [2] Yar_Client::setOpt(): expects a long integer timeout value D:\wamp\www\Finance\Admin\ThinkPHP\Library\Org\Api\ServiceProxy.class.php 第 675 行.
NOTIC: [8] Undefined index: shop_url D:\wamp\www\Finance\Admin\ThinkPHP\Library\Org\Api\ServiceProxy.class.php 第 405 行.
NOTIC: [8] Undefined index: platform_domain D:\wamp\www\Finance\Admin\ThinkPHP\Library\Org\Api\ServiceProxy.class.php 第 406 行.
NOTIC: [8] Undefined index: TOKEN D:\wamp\www\Finance\Admin\App\Common\Conf\siteInfo.php 第 14 行.
INFO: [ app_begin ] --START--
INFO: Run Behavior\ReadHtmlCacheBehavior [ RunTime:0.001000s ]
INFO: [ app_begin ] --END-- [ RunTime:0.001000s ]
NOTIC: [2] Missing argument 1 for Home\Model\RoleModel::get_all_node(), called in D:\wamp\www\Finance\Admin\App\Home\Controller\UserController.class.php on line 61 and defined D:\wamp\www\Finance\Admin\App\Home\Model\RoleModel.class.php 第 32 行.
NOTIC: [8] Undefined variable: params D:\wamp\www\Finance\Admin\App\Home\Model\RoleModel.class.php 第 33 行.
NOTIC: [2] Yar_Client::setOpt(): expects a long integer timeout value D:\wamp\www\Finance\Admin\ThinkPHP\Library\Org\Api\ServiceProxy.class.php 第 675 行.
NOTIC: [8] Use of undefined constant json - assumed 'json' D:\wamp\www\Finance\Admin\App\Home\Controller\UserController.class.php 第 73 行.

[ 2019-04-16T14:49:36+08:00 ] 127.0.0.1 /u/get_power_node.html
INFO: [ app_init ] --START--
INFO: Run Behavior\BuildLiteBehavior [ RunTime:0.000000s ]
INFO: [ app_init ] --END-- [ RunTime:0.002000s ]
NOTIC: [8] Use of undefined constant SELLER_ID - assumed 'SELLER_ID' D:\wamp\www\Finance\Admin\ThinkPHP\Library\Org\Api\ServiceProxy.class.php 第 278 行.
NOTIC: [8] Use of undefined constant SHOP_ID - assumed 'SHOP_ID' D:\wamp\www\Finance\Admin\ThinkPHP\Library\Org\Api\ServiceProxy.class.php 第 279 行.
NOTIC: [2] Yar_Client::setOpt(): expects a long integer timeout value D:\wamp\www\Finance\Admin\ThinkPHP\Library\Org\Api\ServiceProxy.class.php 第 675 行.
NOTIC: [2] Yar_Client::setOpt(): expects a long integer timeout value D:\wamp\www\Finance\Admin\ThinkPHP\Library\Org\Api\ServiceProxy.class.php 第 675 行.
NOTIC: [8] Undefined index: shop_url D:\wamp\www\Finance\Admin\ThinkPHP\Library\Org\Api\ServiceProxy.class.php 第 405 行.
NOTIC: [8] Undefined index: platform_domain D:\wamp\www\Finance\Admin\ThinkPHP\Library\Org\Api\ServiceProxy.class.php 第 406 行.
NOTIC: [8] Undefined index: TOKEN D:\wamp\www\Finance\Admin\App\Common\Conf\siteInfo.php 第 14 行.
INFO: [ app_begin ] --START--
INFO: Run Behavior\ReadHtmlCacheBehavior [ RunTime:0.001000s ]
INFO: [ app_begin ] --END-- [ RunTime:0.001000s ]
NOTIC: [2] Missing argument 1 for Home\Model\RoleModel::get_all_node(), called in D:\wamp\www\Finance\Admin\App\Home\Controller\UserController.class.php on line 61 and defined D:\wamp\www\Finance\Admin\App\Home\Model\RoleModel.class.php 第 32 行.
NOTIC: [8] Undefined variable: params D:\wamp\www\Finance\Admin\App\Home\Model\RoleModel.class.php 第 33 行.
NOTIC: [2] Yar_Client::setOpt(): expects a long integer timeout value D:\wamp\www\Finance\Admin\ThinkPHP\Library\Org\Api\ServiceProxy.class.php 第 675 行.
NOTIC: [8] Use of undefined constant json - assumed 'json' D:\wamp\www\Finance\Admin\App\Home\Controller\UserController.class.php 第 73 行.

[ 2019-04-16T14:49:37+08:00 ] 127.0.0.1 /u/get_power_node.html
INFO: [ app_init ] --START--
INFO: Run Behavior\BuildLiteBehavior [ RunTime:0.000000s ]
INFO: [ app_init ] --END-- [ RunTime:0.000000s ]
NOTIC: [8] Use of undefined constant SELLER_ID - assumed 'SELLER_ID' D:\wamp\www\Finance\Admin\ThinkPHP\Library\Org\Api\ServiceProxy.class.php 第 278 行.
NOTIC: [8] Use of undefined constant SHOP_ID - assumed 'SHOP_ID' D:\wamp\www\Finance\Admin\ThinkPHP\Library\Org\Api\ServiceProxy.class.php 第 279 行.
NOTIC: [8] Memcache::connect():  D:\wamp\www\Finance\Admin\ThinkPHP\Library\Think\Cache\Driver\Memcache.class.php 第 43 行.
NOTIC: [2] Memcache::connect():  D:\wamp\www\Finance\Admin\ThinkPHP\Library\Think\Cache\Driver\Memcache.class.php 第 43 行.
NOTIC: [2] Yar_Client::setOpt(): expects a long integer timeout value D:\wamp\www\Finance\Admin\ThinkPHP\Library\Org\Api\ServiceProxy.class.php 第 675 行.
NOTIC: [2] Yar_Client::setOpt(): expects a long integer timeout value D:\wamp\www\Finance\Admin\ThinkPHP\Library\Org\Api\ServiceProxy.class.php 第 675 行.
NOTIC: [8] Undefined index: shop_url D:\wamp\www\Finance\Admin\ThinkPHP\Library\Org\Api\ServiceProxy.class.php 第 405 行.
NOTIC: [8] Undefined index: platform_domain D:\wamp\www\Finance\Admin\ThinkPHP\Library\Org\Api\ServiceProxy.class.php 第 406 行.
NOTIC: [8] Undefined index: TOKEN D:\wamp\www\Finance\Admin\App\Common\Conf\siteInfo.php 第 14 行.
INFO: [ app_begin ] --START--
INFO: Run Behavior\ReadHtmlCacheBehavior [ RunTime:0.001000s ]
INFO: [ app_begin ] --END-- [ RunTime:0.001000s ]
NOTIC: [2] Missing argument 1 for Home\Model\RoleModel::get_all_node(), called in D:\wamp\www\Finance\Admin\App\Home\Controller\UserController.class.php on line 61 and defined D:\wamp\www\Finance\Admin\App\Home\Model\RoleModel.class.php 第 32 行.
NOTIC: [8] Undefined variable: params D:\wamp\www\Finance\Admin\App\Home\Model\RoleModel.class.php 第 33 行.
NOTIC: [2] Yar_Client::setOpt(): expects a long integer timeout value D:\wamp\www\Finance\Admin\ThinkPHP\Library\Org\Api\ServiceProxy.class.php 第 675 行.
NOTIC: [8] Undefined variable: power_node_arr D:\wamp\www\Finance\Admin\App\Home\Controller\UserController.class.php 第 70 行.
NOTIC: [8] Use of undefined constant json - assumed 'json' D:\wamp\www\Finance\Admin\App\Home\Controller\UserController.class.php 第 73 行.

[ 2019-04-16T14:49:38+08:00 ] 127.0.0.1 /o/orderconsolesumm
INFO: [ app_init ] --START--
INFO: Run Behavior\BuildLiteBehavior [ RunTime:0.000000s ]
INFO: [ app_init ] --END-- [ RunTime:0.000000s ]
NOTIC: [8] Use of undefined constant SELLER_ID - assumed 'SELLER_ID' D:\wamp\www\Finance\Admin\ThinkPHP\Library\Org\Api\ServiceProxy.class.php 第 278 行.
NOTIC: [8] Use of undefined constant SHOP_ID - assumed 'SHOP_ID' D:\wamp\www\Finance\Admin\ThinkPHP\Library\Org\Api\ServiceProxy.class.php 第 279 行.
NOTIC: [2] Yar_Client::setOpt(): expects a long integer timeout value D:\wamp\www\Finance\Admin\ThinkPHP\Library\Org\Api\ServiceProxy.class.php 第 675 行.
NOTIC: [2] Yar_Client::setOpt(): expects a long integer timeout value D:\wamp\www\Finance\Admin\ThinkPHP\Library\Org\Api\ServiceProxy.class.php 第 675 行.
NOTIC: [8] Undefined index: shop_url D:\wamp\www\Finance\Admin\ThinkPHP\Library\Org\Api\ServiceProxy.class.php 第 405 行.
NOTIC: [8] Undefined index: platform_domain D:\wamp\www\Finance\Admin\ThinkPHP\Library\Org\Api\ServiceProxy.class.php 第 406 行.
NOTIC: [8] Undefined index: TOKEN D:\wamp\www\Finance\Admin\App\Common\Conf\siteInfo.php 第 14 行.
INFO: [ app_begin ] --START--
INFO: Run Behavior\ReadHtmlCacheBehavior [ RunTime:0.000000s ]
INFO: [ app_begin ] --END-- [ RunTime:0.000000s ]
NOTIC: [8] Use of undefined constant intval - assumed 'intval' D:\wamp\www\Finance\Admin\App\Home\Controller\OrderController.class.php 第 217 行.
NOTIC: [2] Yar_Client::setOpt(): expects a long integer timeout value D:\wamp\www\Finance\Admin\ThinkPHP\Library\Org\Api\ServiceProxy.class.php 第 675 行.
NOTIC: [2] Cannot modify header information - headers already sent by (output started at D:\wamp\www\Finance\Admin\ThinkPHP\Library\Org\Api\ServiceProxy.class.php:987) D:\wamp\www\Finance\Admin\ThinkPHP\Library\Think\Controller.class.php 第 227 行.

[ 2019-04-16T14:49:46+08:00 ] 127.0.0.1 /u/get_user_info.html
INFO: [ app_init ] --START--
INFO: Run Behavior\BuildLiteBehavior [ RunTime:0.000000s ]
INFO: [ app_init ] --END-- [ RunTime:0.000000s ]
NOTIC: [8] Use of undefined constant SELLER_ID - assumed 'SELLER_ID' D:\wamp\www\Finance\Admin\ThinkPHP\Library\Org\Api\ServiceProxy.class.php 第 278 行.
NOTIC: [8] Use of undefined constant SHOP_ID - assumed 'SHOP_ID' D:\wamp\www\Finance\Admin\ThinkPHP\Library\Org\Api\ServiceProxy.class.php 第 279 行.
NOTIC: [2] Yar_Client::setOpt(): expects a long integer timeout value D:\wamp\www\Finance\Admin\ThinkPHP\Library\Org\Api\ServiceProxy.class.php 第 675 行.
NOTIC: [2] Yar_Client::setOpt(): expects a long integer timeout value D:\wamp\www\Finance\Admin\ThinkPHP\Library\Org\Api\ServiceProxy.class.php 第 675 行.
NOTIC: [8] Undefined index: shop_url D:\wamp\www\Finance\Admin\ThinkPHP\Library\Org\Api\ServiceProxy.class.php 第 405 行.
NOTIC: [8] Undefined index: platform_domain D:\wamp\www\Finance\Admin\ThinkPHP\Library\Org\Api\ServiceProxy.class.php 第 406 行.
NOTIC: [8] Undefined index: TOKEN D:\wamp\www\Finance\Admin\App\Common\Conf\siteInfo.php 第 14 行.
INFO: [ app_begin ] --START--
INFO: Run Behavior\ReadHtmlCacheBehavior [ RunTime:0.001000s ]
INFO: [ app_begin ] --END-- [ RunTime:0.002000s ]
NOTIC: [2] Yar_Client::setOpt(): expects a long integer timeout value D:\wamp\www\Finance\Admin\ThinkPHP\Library\Org\Api\ServiceProxy.class.php 第 675 行.
NOTIC: [8] Use of undefined constant json - assumed 'json' D:\wamp\www\Finance\Admin\App\Home\Controller\UserController.class.php 第 54 行.

[ 2019-04-16T14:49:46+08:00 ] 127.0.0.1 /u/get_power_node.html
INFO: [ app_init ] --START--
INFO: Run Behavior\BuildLiteBehavior [ RunTime:0.000000s ]
INFO: [ app_init ] --END-- [ RunTime:0.001001s ]
NOTIC: [8] Use of undefined constant SELLER_ID - assumed 'SELLER_ID' D:\wamp\www\Finance\Admin\ThinkPHP\Library\Org\Api\ServiceProxy.class.php 第 278 行.
NOTIC: [8] Use of undefined constant SHOP_ID - assumed 'SHOP_ID' D:\wamp\www\Finance\Admin\ThinkPHP\Library\Org\Api\ServiceProxy.class.php 第 279 行.
NOTIC: [2] Yar_Client::setOpt(): expects a long integer timeout value D:\wamp\www\Finance\Admin\ThinkPHP\Library\Org\Api\ServiceProxy.class.php 第 675 行.
NOTIC: [8] Undefined index: shop_url D:\wamp\www\Finance\Admin\ThinkPHP\Library\Org\Api\ServiceProxy.class.php 第 405 行.
NOTIC: [8] Undefined index: platform_domain D:\wamp\www\Finance\Admin\ThinkPHP\Library\Org\Api\ServiceProxy.class.php 第 406 行.
NOTIC: [8] Undefined index: TOKEN D:\wamp\www\Finance\Admin\App\Common\Conf\siteInfo.php 第 14 行.
INFO: [ app_begin ] --START--
INFO: Run Behavior\ReadHtmlCacheBehavior [ RunTime:0.001000s ]
INFO: [ app_begin ] --END-- [ RunTime:0.002000s ]
NOTIC: [2] Missing argument 1 for Home\Model\RoleModel::get_all_node(), called in D:\wamp\www\Finance\Admin\App\Home\Controller\UserController.class.php on line 61 and defined D:\wamp\www\Finance\Admin\App\Home\Model\RoleModel.class.php 第 32 行.
NOTIC: [8] Undefined variable: params D:\wamp\www\Finance\Admin\App\Home\Model\RoleModel.class.php 第 33 行.
NOTIC: [2] Yar_Client::setOpt(): expects a long integer timeout value D:\wamp\www\Finance\Admin\ThinkPHP\Library\Org\Api\ServiceProxy.class.php 第 675 行.
NOTIC: [8] Use of undefined constant json - assumed 'json' D:\wamp\www\Finance\Admin\App\Home\Controller\UserController.class.php 第 73 行.

[ 2019-04-16T14:49:46+08:00 ] 127.0.0.1 /u/get_power_node.html
INFO: [ app_init ] --START--
INFO: Run Behavior\BuildLiteBehavior [ RunTime:0.000000s ]
INFO: [ app_init ] --END-- [ RunTime:0.001000s ]
NOTIC: [8] Use of undefined constant SELLER_ID - assumed 'SELLER_ID' D:\wamp\www\Finance\Admin\ThinkPHP\Library\Org\Api\ServiceProxy.class.php 第 278 行.
NOTIC: [8] Use of undefined constant SHOP_ID - assumed 'SHOP_ID' D:\wamp\www\Finance\Admin\ThinkPHP\Library\Org\Api\ServiceProxy.class.php 第 279 行.
NOTIC: [2] Yar_Client::setOpt(): expects a long integer timeout value D:\wamp\www\Finance\Admin\ThinkPHP\Library\Org\Api\ServiceProxy.class.php 第 675 行.
NOTIC: [2] Yar_Client::setOpt(): expects a long integer timeout value D:\wamp\www\Finance\Admin\ThinkPHP\Library\Org\Api\ServiceProxy.class.php 第 675 行.
NOTIC: [8] Undefined index: shop_url D:\wamp\www\Finance\Admin\ThinkPHP\Library\Org\Api\ServiceProxy.class.php 第 405 行.
NOTIC: [8] Undefined index: platform_domain D:\wamp\www\Finance\Admin\ThinkPHP\Library\Org\Api\ServiceProxy.class.php 第 406 行.
NOTIC: [8] Undefined index: TOKEN D:\wamp\www\Finance\Admin\App\Common\Conf\siteInfo.php 第 14 行.
INFO: [ app_begin ] --START--
INFO: Run Behavior\ReadHtmlCacheBehavior [ RunTime:0.000000s ]
INFO: [ app_begin ] --END-- [ RunTime:0.001000s ]
NOTIC: [2] Missing argument 1 for Home\Model\RoleModel::get_all_node(), called in D:\wamp\www\Finance\Admin\App\Home\Controller\UserController.class.php on line 61 and defined D:\wamp\www\Finance\Admin\App\Home\Model\RoleModel.class.php 第 32 行.
NOTIC: [8] Undefined variable: params D:\wamp\www\Finance\Admin\App\Home\Model\RoleModel.class.php 第 33 行.
NOTIC: [2] Yar_Client::setOpt(): expects a long integer timeout value D:\wamp\www\Finance\Admin\ThinkPHP\Library\Org\Api\ServiceProxy.class.php 第 675 行.
NOTIC: [8] Use of undefined constant json - assumed 'json' D:\wamp\www\Finance\Admin\App\Home\Controller\UserController.class.php 第 73 行.

[ 2019-04-16T14:49:46+08:00 ] 127.0.0.1 /o/orderconsolesumm
INFO: [ app_init ] --START--
INFO: Run Behavior\BuildLiteBehavior [ RunTime:0.000000s ]
INFO: [ app_init ] --END-- [ RunTime:0.001000s ]
NOTIC: [8] Use of undefined constant SELLER_ID - assumed 'SELLER_ID' D:\wamp\www\Finance\Admin\ThinkPHP\Library\Org\Api\ServiceProxy.class.php 第 278 行.
NOTIC: [8] Use of undefined constant SHOP_ID - assumed 'SHOP_ID' D:\wamp\www\Finance\Admin\ThinkPHP\Library\Org\Api\ServiceProxy.class.php 第 279 行.
NOTIC: [2] Yar_Client::setOpt(): expects a long integer timeout value D:\wamp\www\Finance\Admin\ThinkPHP\Library\Org\Api\ServiceProxy.class.php 第 675 行.
NOTIC: [2] Yar_Client::setOpt(): expects a long integer timeout value D:\wamp\www\Finance\Admin\ThinkPHP\Library\Org\Api\ServiceProxy.class.php 第 675 行.
NOTIC: [8] Undefined index: shop_url D:\wamp\www\Finance\Admin\ThinkPHP\Library\Org\Api\ServiceProxy.class.php 第 405 行.
NOTIC: [8] Undefined index: platform_domain D:\wamp\www\Finance\Admin\ThinkPHP\Library\Org\Api\ServiceProxy.class.php 第 406 行.
NOTIC: [8] Undefined index: TOKEN D:\wamp\www\Finance\Admin\App\Common\Conf\siteInfo.php 第 14 行.
INFO: [ app_begin ] --START--
INFO: Run Behavior\ReadHtmlCacheBehavior [ RunTime:0.001000s ]
INFO: [ app_begin ] --END-- [ RunTime:0.001000s ]
NOTIC: [8] Use of undefined constant intval - assumed 'intval' D:\wamp\www\Finance\Admin\App\Home\Controller\OrderController.class.php 第 217 行.
NOTIC: [2] Yar_Client::setOpt(): expects a long integer timeout value D:\wamp\www\Finance\Admin\ThinkPHP\Library\Org\Api\ServiceProxy.class.php 第 675 行.

[ 2019-04-16T14:49:54+08:00 ] 127.0.0.1 /r/role_list.html
INFO: [ app_init ] --START--
INFO: Run Behavior\BuildLiteBehavior [ RunTime:0.000000s ]
INFO: [ app_init ] --END-- [ RunTime:0.001000s ]
NOTIC: [8] Use of undefined constant SELLER_ID - assumed 'SELLER_ID' D:\wamp\www\Finance\Admin\ThinkPHP\Library\Org\Api\ServiceProxy.class.php 第 278 行.
NOTIC: [8] Use of undefined constant SHOP_ID - assumed 'SHOP_ID' D:\wamp\www\Finance\Admin\ThinkPHP\Library\Org\Api\ServiceProxy.class.php 第 279 行.
NOTIC: [2] Yar_Client::setOpt(): expects a long integer timeout value D:\wamp\www\Finance\Admin\ThinkPHP\Library\Org\Api\ServiceProxy.class.php 第 675 行.
NOTIC: [2] Yar_Client::setOpt(): expects a long integer timeout value D:\wamp\www\Finance\Admin\ThinkPHP\Library\Org\Api\ServiceProxy.class.php 第 675 行.
NOTIC: [8] Undefined index: shop_url D:\wamp\www\Finance\Admin\ThinkPHP\Library\Org\Api\ServiceProxy.class.php 第 405 行.
NOTIC: [8] Undefined index: platform_domain D:\wamp\www\Finance\Admin\ThinkPHP\Library\Org\Api\ServiceProxy.class.php 第 406 行.
NOTIC: [8] Undefined index: TOKEN D:\wamp\www\Finance\Admin\App\Common\Conf\siteInfo.php 第 14 行.
INFO: [ app_begin ] --START--
INFO: Run Behavior\ReadHtmlCacheBehavior [ RunTime:0.002000s ]
INFO: [ app_begin ] --END-- [ RunTime:0.003000s ]
NOTIC: [2] Missing argument 1 for Home\Model\RoleModel::fetchs(), called in D:\wamp\www\Finance\Admin\App\Home\Controller\RoleController.class.php on line 11 and defined D:\wamp\www\Finance\Admin\App\Home\Model\RoleModel.class.php 第 20 行.
NOTIC: [8] Undefined variable: params D:\wamp\www\Finance\Admin\App\Home\Model\RoleModel.class.php 第 21 行.
NOTIC: [2] Yar_Client::setOpt(): expects a long integer timeout value D:\wamp\www\Finance\Admin\ThinkPHP\Library\Org\Api\ServiceProxy.class.php 第 675 行.
NOTIC: [8] Use of undefined constant json - assumed 'json' D:\wamp\www\Finance\Admin\App\Home\Controller\RoleController.class.php 第 19 行.

[ 2019-04-16T14:49:55+08:00 ] 127.0.0.1 /d/department_list.html
INFO: [ app_init ] --START--
INFO: Run Behavior\BuildLiteBehavior [ RunTime:0.000000s ]
INFO: [ app_init ] --END-- [ RunTime:0.001000s ]
NOTIC: [8] Use of undefined constant SELLER_ID - assumed 'SELLER_ID' D:\wamp\www\Finance\Admin\ThinkPHP\Library\Org\Api\ServiceProxy.class.php 第 278 行.
NOTIC: [8] Use of undefined constant SHOP_ID - assumed 'SHOP_ID' D:\wamp\www\Finance\Admin\ThinkPHP\Library\Org\Api\ServiceProxy.class.php 第 279 行.
NOTIC: [2] Yar_Client::setOpt(): expects a long integer timeout value D:\wamp\www\Finance\Admin\ThinkPHP\Library\Org\Api\ServiceProxy.class.php 第 675 行.
NOTIC: [2] Yar_Client::setOpt(): expects a long integer timeout value D:\wamp\www\Finance\Admin\ThinkPHP\Library\Org\Api\ServiceProxy.class.php 第 675 行.
NOTIC: [8] Undefined index: shop_url D:\wamp\www\Finance\Admin\ThinkPHP\Library\Org\Api\ServiceProxy.class.php 第 405 行.
NOTIC: [8] Undefined index: platform_domain D:\wamp\www\Finance\Admin\ThinkPHP\Library\Org\Api\ServiceProxy.class.php 第 406 行.
NOTIC: [8] Undefined index: TOKEN D:\wamp\www\Finance\Admin\App\Common\Conf\siteInfo.php 第 14 行.
INFO: [ app_begin ] --START--
INFO: Run Behavior\ReadHtmlCacheBehavior [ RunTime:0.002000s ]
INFO: [ app_begin ] --END-- [ RunTime:0.002000s ]
NOTIC: [2] Missing argument 1 for Home\Model\DepartmentModel::fetchs(), called in D:\wamp\www\Finance\Admin\App\Home\Controller\DepartmentController.class.php on line 12 and defined D:\wamp\www\Finance\Admin\App\Home\Model\DepartmentModel.class.php 第 17 行.
NOTIC: [8] Undefined variable: params D:\wamp\www\Finance\Admin\App\Home\Model\DepartmentModel.class.php 第 18 行.
NOTIC: [2] Yar_Client::setOpt(): expects a long integer timeout value D:\wamp\www\Finance\Admin\ThinkPHP\Library\Org\Api\ServiceProxy.class.php 第 675 行.
NOTIC: [8] Use of undefined constant json - assumed 'json' D:\wamp\www\Finance\Admin\App\Home\Controller\DepartmentController.class.php 第 22 行.

[ 2019-04-16T14:49:58+08:00 ] 127.0.0.1 /u/user_lists.html
INFO: [ app_init ] --START--
INFO: Run Behavior\BuildLiteBehavior [ RunTime:0.001000s ]
INFO: [ app_init ] --END-- [ RunTime:0.001000s ]
NOTIC: [8] Use of undefined constant SELLER_ID - assumed 'SELLER_ID' D:\wamp\www\Finance\Admin\ThinkPHP\Library\Org\Api\ServiceProxy.class.php 第 278 行.
NOTIC: [8] Use of undefined constant SHOP_ID - assumed 'SHOP_ID' D:\wamp\www\Finance\Admin\ThinkPHP\Library\Org\Api\ServiceProxy.class.php 第 279 行.
NOTIC: [2] Yar_Client::setOpt(): expects a long integer timeout value D:\wamp\www\Finance\Admin\ThinkPHP\Library\Org\Api\ServiceProxy.class.php 第 675 行.
NOTIC: [2] Yar_Client::setOpt(): expects a long integer timeout value D:\wamp\www\Finance\Admin\ThinkPHP\Library\Org\Api\ServiceProxy.class.php 第 675 行.
NOTIC: [8] Undefined index: shop_url D:\wamp\www\Finance\Admin\ThinkPHP\Library\Org\Api\ServiceProxy.class.php 第 405 行.
NOTIC: [8] Undefined index: platform_domain D:\wamp\www\Finance\Admin\ThinkPHP\Library\Org\Api\ServiceProxy.class.php 第 406 行.
NOTIC: [8] Undefined index: TOKEN D:\wamp\www\Finance\Admin\App\Common\Conf\siteInfo.php 第 14 行.
INFO: [ app_begin ] --START--
INFO: Run Behavior\ReadHtmlCacheBehavior [ RunTime:0.002000s ]
INFO: [ app_begin ] --END-- [ RunTime:0.002000s ]
NOTIC: [8] Use of undefined constant intval - assumed 'intval' D:\wamp\www\Finance\Admin\App\Home\Controller\UserController.class.php 第 188 行.
NOTIC: [2] Yar_Client::setOpt(): expects a long integer timeout value D:\wamp\www\Finance\Admin\ThinkPHP\Library\Org\Api\ServiceProxy.class.php 第 675 行.

[ 2019-04-16T14:50:02+08:00 ] 127.0.0.1 /g/goods_list.html
INFO: [ app_init ] --START--
INFO: Run Behavior\BuildLiteBehavior [ RunTime:0.000000s ]
INFO: [ app_init ] --END-- [ RunTime:0.001000s ]
NOTIC: [8] Use of undefined constant SELLER_ID - assumed 'SELLER_ID' D:\wamp\www\Finance\Admin\ThinkPHP\Library\Org\Api\ServiceProxy.class.php 第 278 行.
NOTIC: [8] Use of undefined constant SHOP_ID - assumed 'SHOP_ID' D:\wamp\www\Finance\Admin\ThinkPHP\Library\Org\Api\ServiceProxy.class.php 第 279 行.
NOTIC: [2] Yar_Client::setOpt(): expects a long integer timeout value D:\wamp\www\Finance\Admin\ThinkPHP\Library\Org\Api\ServiceProxy.class.php 第 675 行.
NOTIC: [2] Yar_Client::setOpt(): expects a long integer timeout value D:\wamp\www\Finance\Admin\ThinkPHP\Library\Org\Api\ServiceProxy.class.php 第 675 行.
NOTIC: [8] Undefined index: shop_url D:\wamp\www\Finance\Admin\ThinkPHP\Library\Org\Api\ServiceProxy.class.php 第 405 行.
NOTIC: [8] Undefined index: platform_domain D:\wamp\www\Finance\Admin\ThinkPHP\Library\Org\Api\ServiceProxy.class.php 第 406 行.
NOTIC: [8] Undefined index: TOKEN D:\wamp\www\Finance\Admin\App\Common\Conf\siteInfo.php 第 14 行.
INFO: [ app_begin ] --START--
INFO: Run Behavior\ReadHtmlCacheBehavior [ RunTime:0.000000s ]
INFO: [ app_begin ] --END-- [ RunTime:0.000000s ]
NOTIC: [8] Undefined index: search_type D:\wamp\www\Finance\Admin\App\Home\Controller\GoodsController.class.php 第 22 行.
NOTIC: [2] Yar_Client::setOpt(): expects a long integer timeout value D:\wamp\www\Finance\Admin\ThinkPHP\Library\Org\Api\ServiceProxy.class.php 第 675 行.

[ 2019-04-16T14:50:21+08:00 ] 127.0.0.1 /g/goods_list.html
INFO: [ app_init ] --START--
INFO: Run Behavior\BuildLiteBehavior [ RunTime:0.000000s ]
INFO: [ app_init ] --END-- [ RunTime:0.000000s ]
NOTIC: [8] Use of undefined constant SELLER_ID - assumed 'SELLER_ID' D:\wamp\www\Finance\Admin\ThinkPHP\Library\Org\Api\ServiceProxy.class.php 第 278 行.
NOTIC: [8] Use of undefined constant SHOP_ID - assumed 'SHOP_ID' D:\wamp\www\Finance\Admin\ThinkPHP\Library\Org\Api\ServiceProxy.class.php 第 279 行.
NOTIC: [2] Yar_Client::setOpt(): expects a long integer timeout value D:\wamp\www\Finance\Admin\ThinkPHP\Library\Org\Api\ServiceProxy.class.php 第 675 行.
NOTIC: [2] Yar_Client::setOpt(): expects a long integer timeout value D:\wamp\www\Finance\Admin\ThinkPHP\Library\Org\Api\ServiceProxy.class.php 第 675 行.
NOTIC: [8] Undefined index: shop_url D:\wamp\www\Finance\Admin\ThinkPHP\Library\Org\Api\ServiceProxy.class.php 第 405 行.
NOTIC: [8] Undefined index: platform_domain D:\wamp\www\Finance\Admin\ThinkPHP\Library\Org\Api\ServiceProxy.class.php 第 406 行.
NOTIC: [8] Undefined index: TOKEN D:\wamp\www\Finance\Admin\App\Common\Conf\siteInfo.php 第 14 行.
INFO: [ app_begin ] --START--
INFO: Run Behavior\ReadHtmlCacheBehavior [ RunTime:0.001000s ]
INFO: [ app_begin ] --END-- [ RunTime:0.001000s ]
NOTIC: [8] Undefined index: search_type D:\wamp\www\Finance\Admin\App\Home\Controller\GoodsController.class.php 第 22 行.
NOTIC: [2] Yar_Client::setOpt(): expects a long integer timeout value D:\wamp\www\Finance\Admin\ThinkPHP\Library\Org\Api\ServiceProxy.class.php 第 675 行.

[ 2019-04-16T14:50:23+08:00 ] 127.0.0.1 /g/goods_list.html
INFO: [ app_init ] --START--
INFO: Run Behavior\BuildLiteBehavior [ RunTime:0.000000s ]
INFO: [ app_init ] --END-- [ RunTime:0.001000s ]
NOTIC: [8] Use of undefined constant SELLER_ID - assumed 'SELLER_ID' D:\wamp\www\Finance\Admin\ThinkPHP\Library\Org\Api\ServiceProxy.class.php 第 278 行.
NOTIC: [8] Use of undefined constant SHOP_ID - assumed 'SHOP_ID' D:\wamp\www\Finance\Admin\ThinkPHP\Library\Org\Api\ServiceProxy.class.php 第 279 行.
NOTIC: [2] Yar_Client::setOpt(): expects a long integer timeout value D:\wamp\www\Finance\Admin\ThinkPHP\Library\Org\Api\ServiceProxy.class.php 第 675 行.
NOTIC: [2] Yar_Client::setOpt(): expects a long integer timeout value D:\wamp\www\Finance\Admin\ThinkPHP\Library\Org\Api\ServiceProxy.class.php 第 675 行.
NOTIC: [8] Undefined index: shop_url D:\wamp\www\Finance\Admin\ThinkPHP\Library\Org\Api\ServiceProxy.class.php 第 405 行.
NOTIC: [8] Undefined index: platform_domain D:\wamp\www\Finance\Admin\ThinkPHP\Library\Org\Api\ServiceProxy.class.php 第 406 行.
NOTIC: [8] Undefined index: TOKEN D:\wamp\www\Finance\Admin\App\Common\Conf\siteInfo.php 第 14 行.
INFO: [ app_begin ] --START--
INFO: Run Behavior\ReadHtmlCacheBehavior [ RunTime:0.001000s ]
INFO: [ app_begin ] --END-- [ RunTime:0.001000s ]
NOTIC: [8] Undefined index: search_type D:\wamp\www\Finance\Admin\App\Home\Controller\GoodsController.class.php 第 22 行.
NOTIC: [2] Yar_Client::setOpt(): expects a long integer timeout value D:\wamp\www\Finance\Admin\ThinkPHP\Library\Org\Api\ServiceProxy.class.php 第 675 行.

[ 2019-04-16T14:50:26+08:00 ] 127.0.0.1 /c/cate_list.html
INFO: [ app_init ] --START--
INFO: Run Behavior\BuildLiteBehavior [ RunTime:0.000000s ]
INFO: [ app_init ] --END-- [ RunTime:0.001001s ]
NOTIC: [8] Use of undefined constant SELLER_ID - assumed 'SELLER_ID' D:\wamp\www\Finance\Admin\ThinkPHP\Library\Org\Api\ServiceProxy.class.php 第 278 行.
NOTIC: [8] Use of undefined constant SHOP_ID - assumed 'SHOP_ID' D:\wamp\www\Finance\Admin\ThinkPHP\Library\Org\Api\ServiceProxy.class.php 第 279 行.
NOTIC: [2] Yar_Client::setOpt(): expects a long integer timeout value D:\wamp\www\Finance\Admin\ThinkPHP\Library\Org\Api\ServiceProxy.class.php 第 675 行.
NOTIC: [2] Yar_Client::setOpt(): expects a long integer timeout value D:\wamp\www\Finance\Admin\ThinkPHP\Library\Org\Api\ServiceProxy.class.php 第 675 行.
NOTIC: [8] Undefined index: shop_url D:\wamp\www\Finance\Admin\ThinkPHP\Library\Org\Api\ServiceProxy.class.php 第 405 行.
NOTIC: [8] Undefined index: platform_domain D:\wamp\www\Finance\Admin\ThinkPHP\Library\Org\Api\ServiceProxy.class.php 第 406 行.
NOTIC: [8] Undefined index: TOKEN D:\wamp\www\Finance\Admin\App\Common\Conf\siteInfo.php 第 14 行.
INFO: [ app_begin ] --START--
INFO: Run Behavior\ReadHtmlCacheBehavior [ RunTime:0.003000s ]
INFO: [ app_begin ] --END-- [ RunTime:0.003000s ]
NOTIC: [2] Missing argument 1 for Home\Model\CateModel::fetchs(), called in D:\wamp\www\Finance\Admin\App\Home\Controller\CateController.class.php on line 11 and defined D:\wamp\www\Finance\Admin\App\Home\Model\CateModel.class.php 第 16 行.
NOTIC: [8] Undefined variable: params D:\wamp\www\Finance\Admin\App\Home\Model\CateModel.class.php 第 17 行.
NOTIC: [2] Yar_Client::setOpt(): expects a long integer timeout value D:\wamp\www\Finance\Admin\ThinkPHP\Library\Org\Api\ServiceProxy.class.php 第 675 行.
NOTIC: [8] Use of undefined constant json - assumed 'json' D:\wamp\www\Finance\Admin\App\Home\Controller\CateController.class.php 第 19 行.

[ 2019-04-16T14:52:15+08:00 ] 127.0.0.1 /co/view_single.html
INFO: [ app_init ] --START--
INFO: Run Behavior\BuildLiteBehavior [ RunTime:0.001000s ]
INFO: [ app_init ] --END-- [ RunTime:0.002000s ]
NOTIC: [8] Use of undefined constant SELLER_ID - assumed 'SELLER_ID' D:\wamp\www\Finance\Admin\ThinkPHP\Library\Org\Api\ServiceProxy.class.php 第 278 行.
NOTIC: [8] Use of undefined constant SHOP_ID - assumed 'SHOP_ID' D:\wamp\www\Finance\Admin\ThinkPHP\Library\Org\Api\ServiceProxy.class.php 第 279 行.
NOTIC: [2] Yar_Client::setOpt(): expects a long integer timeout value D:\wamp\www\Finance\Admin\ThinkPHP\Library\Org\Api\ServiceProxy.class.php 第 675 行.
NOTIC: [2] Yar_Client::setOpt(): expects a long integer timeout value D:\wamp\www\Finance\Admin\ThinkPHP\Library\Org\Api\ServiceProxy.class.php 第 675 行.
NOTIC: [8] Undefined index: shop_url D:\wamp\www\Finance\Admin\ThinkPHP\Library\Org\Api\ServiceProxy.class.php 第 405 行.
NOTIC: [8] Undefined index: platform_domain D:\wamp\www\Finance\Admin\ThinkPHP\Library\Org\Api\ServiceProxy.class.php 第 406 行.
NOTIC: [8] Undefined index: TOKEN D:\wamp\www\Finance\Admin\App\Common\Conf\siteInfo.php 第 14 行.
INFO: [ app_begin ] --START--
INFO: Run Behavior\ReadHtmlCacheBehavior [ RunTime:0.002000s ]
INFO: [ app_begin ] --END-- [ RunTime:0.002000s ]
NOTIC: [2] Yar_Client::setOpt(): expects a long integer timeout value D:\wamp\www\Finance\Admin\ThinkPHP\Library\Org\Api\ServiceProxy.class.php 第 675 行.

[ 2019-04-16T14:53:55+08:00 ] 127.0.0.1 /o/orderdesc
INFO: [ app_init ] --START--
INFO: Run Behavior\BuildLiteBehavior [ RunTime:0.000000s ]
INFO: [ app_init ] --END-- [ RunTime:0.000000s ]
NOTIC: [8] Use of undefined constant SELLER_ID - assumed 'SELLER_ID' D:\wamp\www\Finance\Admin\ThinkPHP\Library\Org\Api\ServiceProxy.class.php 第 278 行.
NOTIC: [8] Use of undefined constant SHOP_ID - assumed 'SHOP_ID' D:\wamp\www\Finance\Admin\ThinkPHP\Library\Org\Api\ServiceProxy.class.php 第 279 行.
NOTIC: [2] Yar_Client::setOpt(): expects a long integer timeout value D:\wamp\www\Finance\Admin\ThinkPHP\Library\Org\Api\ServiceProxy.class.php 第 675 行.
NOTIC: [2] Yar_Client::setOpt(): expects a long integer timeout value D:\wamp\www\Finance\Admin\ThinkPHP\Library\Org\Api\ServiceProxy.class.php 第 675 行.
NOTIC: [8] Undefined index: shop_url D:\wamp\www\Finance\Admin\ThinkPHP\Library\Org\Api\ServiceProxy.class.php 第 405 行.
NOTIC: [8] Undefined index: platform_domain D:\wamp\www\Finance\Admin\ThinkPHP\Library\Org\Api\ServiceProxy.class.php 第 406 行.
NOTIC: [8] Undefined index: TOKEN D:\wamp\www\Finance\Admin\App\Common\Conf\siteInfo.php 第 14 行.
INFO: [ app_begin ] --START--
INFO: Run Behavior\ReadHtmlCacheBehavior [ RunTime:0.001000s ]
INFO: [ app_begin ] --END-- [ RunTime:0.002000s ]
NOTIC: [2] Yar_Client::setOpt(): expects a long integer timeout value D:\wamp\www\Finance\Admin\ThinkPHP\Library\Org\Api\ServiceProxy.class.php 第 675 行.
NOTIC: [8] Use of undefined constant json - assumed 'json' D:\wamp\www\Finance\Admin\App\Home\Controller\OrderController.class.php 第 269 行.

[ 2019-04-16T14:54:12+08:00 ] 127.0.0.1 /g/goods_list.html
INFO: [ app_init ] --START--
INFO: Run Behavior\BuildLiteBehavior [ RunTime:0.000000s ]
INFO: [ app_init ] --END-- [ RunTime:0.001000s ]
NOTIC: [8] Use of undefined constant SELLER_ID - assumed 'SELLER_ID' D:\wamp\www\Finance\Admin\ThinkPHP\Library\Org\Api\ServiceProxy.class.php 第 278 行.
NOTIC: [8] Use of undefined constant SHOP_ID - assumed 'SHOP_ID' D:\wamp\www\Finance\Admin\ThinkPHP\Library\Org\Api\ServiceProxy.class.php 第 279 行.
NOTIC: [2] Yar_Client::setOpt(): expects a long integer timeout value D:\wamp\www\Finance\Admin\ThinkPHP\Library\Org\Api\ServiceProxy.class.php 第 675 行.
NOTIC: [2] Yar_Client::setOpt(): expects a long integer timeout value D:\wamp\www\Finance\Admin\ThinkPHP\Library\Org\Api\ServiceProxy.class.php 第 675 行.
NOTIC: [8] Undefined index: shop_url D:\wamp\www\Finance\Admin\ThinkPHP\Library\Org\Api\ServiceProxy.class.php 第 405 行.
NOTIC: [8] Undefined index: platform_domain D:\wamp\www\Finance\Admin\ThinkPHP\Library\Org\Api\ServiceProxy.class.php 第 406 行.
NOTIC: [8] Undefined index: TOKEN D:\wamp\www\Finance\Admin\App\Common\Conf\siteInfo.php 第 14 行.
INFO: [ app_begin ] --START--
INFO: Run Behavior\ReadHtmlCacheBehavior [ RunTime:0.000000s ]
INFO: [ app_begin ] --END-- [ RunTime:0.001000s ]
NOTIC: [8] Undefined index: search_type D:\wamp\www\Finance\Admin\App\Home\Controller\GoodsController.class.php 第 22 行.
NOTIC: [2] Yar_Client::setOpt(): expects a long integer timeout value D:\wamp\www\Finance\Admin\ThinkPHP\Library\Org\Api\ServiceProxy.class.php 第 675 行.

[ 2019-04-16T14:54:16+08:00 ] 127.0.0.1 /g/goods_list.html
INFO: [ app_init ] --START--
INFO: Run Behavior\BuildLiteBehavior [ RunTime:0.000000s ]
INFO: [ app_init ] --END-- [ RunTime:0.001000s ]
NOTIC: [8] Use of undefined constant SELLER_ID - assumed 'SELLER_ID' D:\wamp\www\Finance\Admin\ThinkPHP\Library\Org\Api\ServiceProxy.class.php 第 278 行.
NOTIC: [8] Use of undefined constant SHOP_ID - assumed 'SHOP_ID' D:\wamp\www\Finance\Admin\ThinkPHP\Library\Org\Api\ServiceProxy.class.php 第 279 行.
NOTIC: [2] Yar_Client::setOpt(): expects a long integer timeout value D:\wamp\www\Finance\Admin\ThinkPHP\Library\Org\Api\ServiceProxy.class.php 第 675 行.
NOTIC: [2] Yar_Client::setOpt(): expects a long integer timeout value D:\wamp\www\Finance\Admin\ThinkPHP\Library\Org\Api\ServiceProxy.class.php 第 675 行.
NOTIC: [8] Undefined index: shop_url D:\wamp\www\Finance\Admin\ThinkPHP\Library\Org\Api\ServiceProxy.class.php 第 405 行.
NOTIC: [8] Undefined index: platform_domain D:\wamp\www\Finance\Admin\ThinkPHP\Library\Org\Api\ServiceProxy.class.php 第 406 行.
NOTIC: [8] Undefined index: TOKEN D:\wamp\www\Finance\Admin\App\Common\Conf\siteInfo.php 第 14 行.
INFO: [ app_begin ] --START--
INFO: Run Behavior\ReadHtmlCacheBehavior [ RunTime:0.001000s ]
INFO: [ app_begin ] --END-- [ RunTime:0.001000s ]
NOTIC: [8] Undefined index: search_type D:\wamp\www\Finance\Admin\App\Home\Controller\GoodsController.class.php 第 22 行.
NOTIC: [2] Yar_Client::setOpt(): expects a long integer timeout value D:\wamp\www\Finance\Admin\ThinkPHP\Library\Org\Api\ServiceProxy.class.php 第 675 行.

[ 2019-04-16T14:54:55+08:00 ] 127.0.0.1 /u/get_power_node.html
INFO: [ app_init ] --START--
INFO: Run Behavior\BuildLiteBehavior [ RunTime:0.000000s ]
INFO: [ app_init ] --END-- [ RunTime:0.001000s ]
NOTIC: [8] Use of undefined constant SELLER_ID - assumed 'SELLER_ID' D:\wamp\www\Finance\Admin\ThinkPHP\Library\Org\Api\ServiceProxy.class.php 第 278 行.
NOTIC: [8] Use of undefined constant SHOP_ID - assumed 'SHOP_ID' D:\wamp\www\Finance\Admin\ThinkPHP\Library\Org\Api\ServiceProxy.class.php 第 279 行.
NOTIC: [2] Yar_Client::setOpt(): expects a long integer timeout value D:\wamp\www\Finance\Admin\ThinkPHP\Library\Org\Api\ServiceProxy.class.php 第 675 行.
NOTIC: [2] Yar_Client::setOpt(): expects a long integer timeout value D:\wamp\www\Finance\Admin\ThinkPHP\Library\Org\Api\ServiceProxy.class.php 第 675 行.
NOTIC: [8] Undefined index: shop_url D:\wamp\www\Finance\Admin\ThinkPHP\Library\Org\Api\ServiceProxy.class.php 第 405 行.
NOTIC: [8] Undefined index: platform_domain D:\wamp\www\Finance\Admin\ThinkPHP\Library\Org\Api\ServiceProxy.class.php 第 406 行.
NOTIC: [8] Undefined index: TOKEN D:\wamp\www\Finance\Admin\App\Common\Conf\siteInfo.php 第 14 行.
INFO: [ app_begin ] --START--
INFO: Run Behavior\ReadHtmlCacheBehavior [ RunTime:0.001000s ]
INFO: [ app_begin ] --END-- [ RunTime:0.001000s ]
NOTIC: [2] Missing argument 1 for Home\Model\RoleModel::get_all_node(), called in D:\wamp\www\Finance\Admin\App\Home\Controller\UserController.class.php on line 61 and defined D:\wamp\www\Finance\Admin\App\Home\Model\RoleModel.class.php 第 32 行.
NOTIC: [8] Undefined variable: params D:\wamp\www\Finance\Admin\App\Home\Model\RoleModel.class.php 第 33 行.
NOTIC: [2] Yar_Client::setOpt(): expects a long integer timeout value D:\wamp\www\Finance\Admin\ThinkPHP\Library\Org\Api\ServiceProxy.class.php 第 675 行.
NOTIC: [8] Use of undefined constant json - assumed 'json' D:\wamp\www\Finance\Admin\App\Home\Controller\UserController.class.php 第 73 行.

[ 2019-04-16T15:20:18+08:00 ] 127.0.0.1 /u/get_power_node.html
INFO: [ app_init ] --START--
INFO: Run Behavior\BuildLiteBehavior [ RunTime:0.000000s ]
INFO: [ app_init ] --END-- [ RunTime:0.000000s ]
NOTIC: [8] Use of undefined constant SELLER_ID - assumed 'SELLER_ID' D:\wamp\www\Finance\Admin\ThinkPHP\Library\Org\Api\ServiceProxy.class.php 第 278 行.
NOTIC: [8] Use of undefined constant SHOP_ID - assumed 'SHOP_ID' D:\wamp\www\Finance\Admin\ThinkPHP\Library\Org\Api\ServiceProxy.class.php 第 279 行.
NOTIC: [2] Yar_Client::setOpt(): expects a long integer timeout value D:\wamp\www\Finance\Admin\ThinkPHP\Library\Org\Api\ServiceProxy.class.php 第 675 行.
NOTIC: [2] Yar_Client::setOpt(): expects a long integer timeout value D:\wamp\www\Finance\Admin\ThinkPHP\Library\Org\Api\ServiceProxy.class.php 第 675 行.
NOTIC: [8] Undefined index: shop_url D:\wamp\www\Finance\Admin\ThinkPHP\Library\Org\Api\ServiceProxy.class.php 第 405 行.
NOTIC: [8] Undefined index: platform_domain D:\wamp\www\Finance\Admin\ThinkPHP\Library\Org\Api\ServiceProxy.class.php 第 406 行.
NOTIC: [8] Undefined index: TOKEN D:\wamp\www\Finance\Admin\App\Common\Conf\siteInfo.php 第 14 行.
INFO: [ app_begin ] --START--
INFO: Run Behavior\ReadHtmlCacheBehavior [ RunTime:0.001000s ]
INFO: [ app_begin ] --END-- [ RunTime:0.001000s ]
NOTIC: [2] Missing argument 1 for Home\Model\RoleModel::get_all_node(), called in D:\wamp\www\Finance\Admin\App\Home\Controller\UserController.class.php on line 61 and defined D:\wamp\www\Finance\Admin\App\Home\Model\RoleModel.class.php 第 32 行.
NOTIC: [8] Undefined variable: params D:\wamp\www\Finance\Admin\App\Home\Model\RoleModel.class.php 第 33 行.
NOTIC: [2] Yar_Client::setOpt(): expects a long integer timeout value D:\wamp\www\Finance\Admin\ThinkPHP\Library\Org\Api\ServiceProxy.class.php 第 675 行.
NOTIC: [8] Use of undefined constant json - assumed 'json' D:\wamp\www\Finance\Admin\App\Home\Controller\UserController.class.php 第 73 行.

[ 2019-04-16T15:20:19+08:00 ] 127.0.0.1 /u/get_power_node.html
INFO: [ app_init ] --START--
INFO: Run Behavior\BuildLiteBehavior [ RunTime:0.000000s ]
INFO: [ app_init ] --END-- [ RunTime:0.001000s ]
NOTIC: [8] Use of undefined constant SELLER_ID - assumed 'SELLER_ID' D:\wamp\www\Finance\Admin\ThinkPHP\Library\Org\Api\ServiceProxy.class.php 第 278 行.
NOTIC: [8] Use of undefined constant SHOP_ID - assumed 'SHOP_ID' D:\wamp\www\Finance\Admin\ThinkPHP\Library\Org\Api\ServiceProxy.class.php 第 279 行.
NOTIC: [2] Yar_Client::setOpt(): expects a long integer timeout value D:\wamp\www\Finance\Admin\ThinkPHP\Library\Org\Api\ServiceProxy.class.php 第 675 行.
NOTIC: [2] Yar_Client::setOpt(): expects a long integer timeout value D:\wamp\www\Finance\Admin\ThinkPHP\Library\Org\Api\ServiceProxy.class.php 第 675 行.
NOTIC: [8] Undefined index: shop_url D:\wamp\www\Finance\Admin\ThinkPHP\Library\Org\Api\ServiceProxy.class.php 第 405 行.
NOTIC: [8] Undefined index: platform_domain D:\wamp\www\Finance\Admin\ThinkPHP\Library\Org\Api\ServiceProxy.class.php 第 406 行.
NOTIC: [8] Undefined index: TOKEN D:\wamp\www\Finance\Admin\App\Common\Conf\siteInfo.php 第 14 行.
INFO: [ app_begin ] --START--
INFO: Run Behavior\ReadHtmlCacheBehavior [ RunTime:0.000000s ]
INFO: [ app_begin ] --END-- [ RunTime:0.000000s ]
NOTIC: [2] Missing argument 1 for Home\Model\RoleModel::get_all_node(), called in D:\wamp\www\Finance\Admin\App\Home\Controller\UserController.class.php on line 61 and defined D:\wamp\www\Finance\Admin\App\Home\Model\RoleModel.class.php 第 32 行.
NOTIC: [8] Undefined variable: params D:\wamp\www\Finance\Admin\App\Home\Model\RoleModel.class.php 第 33 行.
NOTIC: [2] Yar_Client::setOpt(): expects a long integer timeout value D:\wamp\www\Finance\Admin\ThinkPHP\Library\Org\Api\ServiceProxy.class.php 第 675 行.
NOTIC: [8] Use of undefined constant json - assumed 'json' D:\wamp\www\Finance\Admin\App\Home\Controller\UserController.class.php 第 73 行.

[ 2019-04-16T15:20:21+08:00 ] 127.0.0.1 /a/single_view.html
INFO: [ app_init ] --START--
INFO: Run Behavior\BuildLiteBehavior [ RunTime:0.000000s ]
INFO: [ app_init ] --END-- [ RunTime:0.001001s ]
NOTIC: [8] Use of undefined constant SELLER_ID - assumed 'SELLER_ID' D:\wamp\www\Finance\Admin\ThinkPHP\Library\Org\Api\ServiceProxy.class.php 第 278 行.
NOTIC: [8] Use of undefined constant SHOP_ID - assumed 'SHOP_ID' D:\wamp\www\Finance\Admin\ThinkPHP\Library\Org\Api\ServiceProxy.class.php 第 279 行.
NOTIC: [2] Yar_Client::setOpt(): expects a long integer timeout value D:\wamp\www\Finance\Admin\ThinkPHP\Library\Org\Api\ServiceProxy.class.php 第 675 行.
NOTIC: [2] Yar_Client::setOpt(): expects a long integer timeout value D:\wamp\www\Finance\Admin\ThinkPHP\Library\Org\Api\ServiceProxy.class.php 第 675 行.
NOTIC: [8] Undefined index: shop_url D:\wamp\www\Finance\Admin\ThinkPHP\Library\Org\Api\ServiceProxy.class.php 第 405 行.
NOTIC: [8] Undefined index: platform_domain D:\wamp\www\Finance\Admin\ThinkPHP\Library\Org\Api\ServiceProxy.class.php 第 406 行.
NOTIC: [8] Undefined index: TOKEN D:\wamp\www\Finance\Admin\App\Common\Conf\siteInfo.php 第 14 行.
INFO: [ app_begin ] --START--
INFO: Run Behavior\ReadHtmlCacheBehavior [ RunTime:0.001000s ]
INFO: [ app_begin ] --END-- [ RunTime:0.002001s ]
NOTIC: [8] Use of undefined constant intval - assumed 'intval' D:\wamp\www\Finance\Admin\App\Home\Controller\AttrController.class.php 第 48 行.
NOTIC: [2] Yar_Client::setOpt(): expects a long integer timeout value D:\wamp\www\Finance\Admin\ThinkPHP\Library\Org\Api\ServiceProxy.class.php 第 675 行.
NOTIC: [8] Use of undefined constant json - assumed 'json' D:\wamp\www\Finance\Admin\App\Home\Controller\AttrController.class.php 第 63 行.

[ 2019-04-16T15:20:51+08:00 ] 127.0.0.1 /u/get_power_node.html
INFO: [ app_init ] --START--
INFO: Run Behavior\BuildLiteBehavior [ RunTime:0.000000s ]
INFO: [ app_init ] --END-- [ RunTime:0.001000s ]
NOTIC: [8] Use of undefined constant SELLER_ID - assumed 'SELLER_ID' D:\wamp\www\Finance\Admin\ThinkPHP\Library\Org\Api\ServiceProxy.class.php 第 278 行.
NOTIC: [8] Use of undefined constant SHOP_ID - assumed 'SHOP_ID' D:\wamp\www\Finance\Admin\ThinkPHP\Library\Org\Api\ServiceProxy.class.php 第 279 行.
NOTIC: [2] Yar_Client::setOpt(): expects a long integer timeout value D:\wamp\www\Finance\Admin\ThinkPHP\Library\Org\Api\ServiceProxy.class.php 第 675 行.
NOTIC: [2] Yar_Client::setOpt(): expects a long integer timeout value D:\wamp\www\Finance\Admin\ThinkPHP\Library\Org\Api\ServiceProxy.class.php 第 675 行.
NOTIC: [8] Undefined index: shop_url D:\wamp\www\Finance\Admin\ThinkPHP\Library\Org\Api\ServiceProxy.class.php 第 405 行.
NOTIC: [8] Undefined index: platform_domain D:\wamp\www\Finance\Admin\ThinkPHP\Library\Org\Api\ServiceProxy.class.php 第 406 行.
NOTIC: [8] Undefined index: TOKEN D:\wamp\www\Finance\Admin\App\Common\Conf\siteInfo.php 第 14 行.
INFO: [ app_begin ] --START--
INFO: Run Behavior\ReadHtmlCacheBehavior [ RunTime:0.002000s ]
INFO: [ app_begin ] --END-- [ RunTime:0.002000s ]
NOTIC: [2] Missing argument 1 for Home\Model\RoleModel::get_all_node(), called in D:\wamp\www\Finance\Admin\App\Home\Controller\UserController.class.php on line 61 and defined D:\wamp\www\Finance\Admin\App\Home\Model\RoleModel.class.php 第 32 行.
NOTIC: [8] Undefined variable: params D:\wamp\www\Finance\Admin\App\Home\Model\RoleModel.class.php 第 33 行.
NOTIC: [2] Yar_Client::setOpt(): expects a long integer timeout value D:\wamp\www\Finance\Admin\ThinkPHP\Library\Org\Api\ServiceProxy.class.php 第 675 行.
NOTIC: [8] Use of undefined constant json - assumed 'json' D:\wamp\www\Finance\Admin\App\Home\Controller\UserController.class.php 第 73 行.

[ 2019-04-16T15:20:53+08:00 ] 127.0.0.1 /a/single_view.html
INFO: [ app_init ] --START--
INFO: Run Behavior\BuildLiteBehavior [ RunTime:0.000000s ]
INFO: [ app_init ] --END-- [ RunTime:0.000000s ]
NOTIC: [8] Use of undefined constant SELLER_ID - assumed 'SELLER_ID' D:\wamp\www\Finance\Admin\ThinkPHP\Library\Org\Api\ServiceProxy.class.php 第 278 行.
NOTIC: [8] Use of undefined constant SHOP_ID - assumed 'SHOP_ID' D:\wamp\www\Finance\Admin\ThinkPHP\Library\Org\Api\ServiceProxy.class.php 第 279 行.
NOTIC: [2] Yar_Client::setOpt(): expects a long integer timeout value D:\wamp\www\Finance\Admin\ThinkPHP\Library\Org\Api\ServiceProxy.class.php 第 675 行.
NOTIC: [8] Undefined index: shop_url D:\wamp\www\Finance\Admin\ThinkPHP\Library\Org\Api\ServiceProxy.class.php 第 405 行.
NOTIC: [8] Undefined index: platform_domain D:\wamp\www\Finance\Admin\ThinkPHP\Library\Org\Api\ServiceProxy.class.php 第 406 行.
NOTIC: [8] Undefined index: TOKEN D:\wamp\www\Finance\Admin\App\Common\Conf\siteInfo.php 第 14 行.
INFO: [ app_begin ] --START--
INFO: Run Behavior\ReadHtmlCacheBehavior [ RunTime:0.001000s ]
INFO: [ app_begin ] --END-- [ RunTime:0.001000s ]
NOTIC: [8] Use of undefined constant intval - assumed 'intval' D:\wamp\www\Finance\Admin\App\Home\Controller\AttrController.class.php 第 48 行.
NOTIC: [2] Yar_Client::setOpt(): expects a long integer timeout value D:\wamp\www\Finance\Admin\ThinkPHP\Library\Org\Api\ServiceProxy.class.php 第 675 行.
NOTIC: [8] Use of undefined constant json - assumed 'json' D:\wamp\www\Finance\Admin\App\Home\Controller\AttrController.class.php 第 63 行.

[ 2019-04-16T15:20:53+08:00 ] 127.0.0.1 /u/get_power_node.html
INFO: [ app_init ] --START--
INFO: Run Behavior\BuildLiteBehavior [ RunTime:0.000000s ]
INFO: [ app_init ] --END-- [ RunTime:0.000000s ]
NOTIC: [8] Use of undefined constant SELLER_ID - assumed 'SELLER_ID' D:\wamp\www\Finance\Admin\ThinkPHP\Library\Org\Api\ServiceProxy.class.php 第 278 行.
NOTIC: [8] Use of undefined constant SHOP_ID - assumed 'SHOP_ID' D:\wamp\www\Finance\Admin\ThinkPHP\Library\Org\Api\ServiceProxy.class.php 第 279 行.
NOTIC: [2] Yar_Client::setOpt(): expects a long integer timeout value D:\wamp\www\Finance\Admin\ThinkPHP\Library\Org\Api\ServiceProxy.class.php 第 675 行.
NOTIC: [2] Yar_Client::setOpt(): expects a long integer timeout value D:\wamp\www\Finance\Admin\ThinkPHP\Library\Org\Api\ServiceProxy.class.php 第 675 行.
NOTIC: [8] Undefined index: shop_url D:\wamp\www\Finance\Admin\ThinkPHP\Library\Org\Api\ServiceProxy.class.php 第 405 行.
NOTIC: [8] Undefined index: platform_domain D:\wamp\www\Finance\Admin\ThinkPHP\Library\Org\Api\ServiceProxy.class.php 第 406 行.
NOTIC: [8] Undefined index: TOKEN D:\wamp\www\Finance\Admin\App\Common\Conf\siteInfo.php 第 14 行.
INFO: [ app_begin ] --START--
INFO: Run Behavior\ReadHtmlCacheBehavior [ RunTime:0.000000s ]
INFO: [ app_begin ] --END-- [ RunTime:0.001000s ]
NOTIC: [2] Missing argument 1 for Home\Model\RoleModel::get_all_node(), called in D:\wamp\www\Finance\Admin\App\Home\Controller\UserController.class.php on line 61 and defined D:\wamp\www\Finance\Admin\App\Home\Model\RoleModel.class.php 第 32 行.
NOTIC: [8] Undefined variable: params D:\wamp\www\Finance\Admin\App\Home\Model\RoleModel.class.php 第 33 行.
NOTIC: [2] Yar_Client::setOpt(): expects a long integer timeout value D:\wamp\www\Finance\Admin\ThinkPHP\Library\Org\Api\ServiceProxy.class.php 第 675 行.
NOTIC: [8] Use of undefined constant json - assumed 'json' D:\wamp\www\Finance\Admin\App\Home\Controller\UserController.class.php 第 73 行.

[ 2019-04-16T16:01:30+08:00 ] 127.0.0.1 /
INFO: [ app_init ] --START--
INFO: Run Behavior\BuildLiteBehavior [ RunTime:0.000000s ]
INFO: [ app_init ] --END-- [ RunTime:0.001000s ]
NOTIC: [8] Use of undefined constant SELLER_ID - assumed 'SELLER_ID' D:\wamp\www\Finance\Admin\ThinkPHP\Library\Org\Api\ServiceProxy.class.php 第 278 行.
NOTIC: [8] Use of undefined constant SHOP_ID - assumed 'SHOP_ID' D:\wamp\www\Finance\Admin\ThinkPHP\Library\Org\Api\ServiceProxy.class.php 第 279 行.
NOTIC: [2] Yar_Client::setOpt(): expects a long integer timeout value D:\wamp\www\Finance\Admin\ThinkPHP\Library\Org\Api\ServiceProxy.class.php 第 675 行.
NOTIC: [2] Yar_Client::setOpt(): expects a long integer timeout value D:\wamp\www\Finance\Admin\ThinkPHP\Library\Org\Api\ServiceProxy.class.php 第 675 行.
NOTIC: [8] Undefined index: shop_url D:\wamp\www\Finance\Admin\ThinkPHP\Library\Org\Api\ServiceProxy.class.php 第 405 行.
NOTIC: [8] Undefined index: platform_domain D:\wamp\www\Finance\Admin\ThinkPHP\Library\Org\Api\ServiceProxy.class.php 第 406 行.
NOTIC: [8] Undefined index: TOKEN D:\wamp\www\Finance\Admin\App\Common\Conf\siteInfo.php 第 14 行.
INFO: [ app_begin ] --START--
INFO: Run Behavior\ReadHtmlCacheBehavior [ RunTime:0.000000s ]
INFO: [ app_begin ] --END-- [ RunTime:0.000000s ]
ERR: 无法加载控制器:Index

[ 2019-04-16T16:01:39+08:00 ] 127.0.0.1 /a/single_view.html
INFO: [ app_init ] --START--
INFO: Run Behavior\BuildLiteBehavior [ RunTime:0.000000s ]
INFO: [ app_init ] --END-- [ RunTime:0.001000s ]
NOTIC: [8] Use of undefined constant SELLER_ID - assumed 'SELLER_ID' D:\wamp\www\Finance\Admin\ThinkPHP\Library\Org\Api\ServiceProxy.class.php 第 278 行.
NOTIC: [8] Use of undefined constant SHOP_ID - assumed 'SHOP_ID' D:\wamp\www\Finance\Admin\ThinkPHP\Library\Org\Api\ServiceProxy.class.php 第 279 行.
NOTIC: [2] Yar_Client::setOpt(): expects a long integer timeout value D:\wamp\www\Finance\Admin\ThinkPHP\Library\Org\Api\ServiceProxy.class.php 第 675 行.
NOTIC: [2] Yar_Client::setOpt(): expects a long integer timeout value D:\wamp\www\Finance\Admin\ThinkPHP\Library\Org\Api\ServiceProxy.class.php 第 675 行.
NOTIC: [8] Undefined index: shop_url D:\wamp\www\Finance\Admin\ThinkPHP\Library\Org\Api\ServiceProxy.class.php 第 405 行.
NOTIC: [8] Undefined index: platform_domain D:\wamp\www\Finance\Admin\ThinkPHP\Library\Org\Api\ServiceProxy.class.php 第 406 行.
NOTIC: [8] Undefined index: TOKEN D:\wamp\www\Finance\Admin\App\Common\Conf\siteInfo.php 第 14 行.
INFO: [ app_begin ] --START--
INFO: Run Behavior\ReadHtmlCacheBehavior [ RunTime:0.001000s ]
INFO: [ app_begin ] --END-- [ RunTime:0.001000s ]
NOTIC: [8] Use of undefined constant intval - assumed 'intval' D:\wamp\www\Finance\Admin\App\Home\Controller\AttrController.class.php 第 48 行.

[ 2019-04-16T16:58:17+08:00 ] 127.0.0.1 /u/get_power_node.html
INFO: [ app_init ] --START--
INFO: Run Behavior\BuildLiteBehavior [ RunTime:0.000000s ]
INFO: [ app_init ] --END-- [ RunTime:0.001000s ]
NOTIC: [8] Use of undefined constant SELLER_ID - assumed 'SELLER_ID' D:\wamp\www\Finance\Admin\ThinkPHP\Library\Org\Api\ServiceProxy.class.php 第 278 行.
NOTIC: [8] Use of undefined constant SHOP_ID - assumed 'SHOP_ID' D:\wamp\www\Finance\Admin\ThinkPHP\Library\Org\Api\ServiceProxy.class.php 第 279 行.
NOTIC: [2] Yar_Client::setOpt(): expects a long integer timeout value D:\wamp\www\Finance\Admin\ThinkPHP\Library\Org\Api\ServiceProxy.class.php 第 675 行.
NOTIC: [2] Yar_Client::setOpt(): expects a long integer timeout value D:\wamp\www\Finance\Admin\ThinkPHP\Library\Org\Api\ServiceProxy.class.php 第 675 行.
NOTIC: [8] Undefined index: shop_url D:\wamp\www\Finance\Admin\ThinkPHP\Library\Org\Api\ServiceProxy.class.php 第 405 行.
NOTIC: [8] Undefined index: platform_domain D:\wamp\www\Finance\Admin\ThinkPHP\Library\Org\Api\ServiceProxy.class.php 第 406 行.
NOTIC: [8] Undefined index: TOKEN D:\wamp\www\Finance\Admin\App\Common\Conf\siteInfo.php 第 14 行.
INFO: [ app_begin ] --START--
INFO: Run Behavior\ReadHtmlCacheBehavior [ RunTime:0.001000s ]
INFO: [ app_begin ] --END-- [ RunTime:0.001000s ]
NOTIC: [2] Missing argument 1 for Home\Model\RoleModel::get_all_node(), called in D:\wamp\www\Finance\Admin\App\Home\Controller\UserController.class.php on line 61 and defined D:\wamp\www\Finance\Admin\App\Home\Model\RoleModel.class.php 第 32 行.
NOTIC: [8] Undefined variable: params D:\wamp\www\Finance\Admin\App\Home\Model\RoleModel.class.php 第 33 行.
NOTIC: [2] Yar_Client::setOpt(): expects a long integer timeout value D:\wamp\www\Finance\Admin\ThinkPHP\Library\Org\Api\ServiceProxy.class.php 第 675 行.
NOTIC: [8] Use of undefined constant json - assumed 'json' D:\wamp\www\Finance\Admin\App\Home\Controller\UserController.class.php 第 73 行.

[ 2019-04-16T16:58:17+08:00 ] 127.0.0.1 /a/single_view.html
INFO: [ app_init ] --START--
INFO: Run Behavior\BuildLiteBehavior [ RunTime:0.000000s ]
INFO: [ app_init ] --END-- [ RunTime:0.000000s ]
NOTIC: [8] Use of undefined constant SELLER_ID - assumed 'SELLER_ID' D:\wamp\www\Finance\Admin\ThinkPHP\Library\Org\Api\ServiceProxy.class.php 第 278 行.
NOTIC: [8] Use of undefined constant SHOP_ID - assumed 'SHOP_ID' D:\wamp\www\Finance\Admin\ThinkPHP\Library\Org\Api\ServiceProxy.class.php 第 279 行.
NOTIC: [2] Yar_Client::setOpt(): expects a long integer timeout value D:\wamp\www\Finance\Admin\ThinkPHP\Library\Org\Api\ServiceProxy.class.php 第 675 行.
NOTIC: [2] Yar_Client::setOpt(): expects a long integer timeout value D:\wamp\www\Finance\Admin\ThinkPHP\Library\Org\Api\ServiceProxy.class.php 第 675 行.
NOTIC: [8] Undefined index: shop_url D:\wamp\www\Finance\Admin\ThinkPHP\Library\Org\Api\ServiceProxy.class.php 第 405 行.
NOTIC: [8] Undefined index: platform_domain D:\wamp\www\Finance\Admin\ThinkPHP\Library\Org\Api\ServiceProxy.class.php 第 406 行.
NOTIC: [8] Undefined index: TOKEN D:\wamp\www\Finance\Admin\App\Common\Conf\siteInfo.php 第 14 行.
INFO: [ app_begin ] --START--
INFO: Run Behavior\ReadHtmlCacheBehavior [ RunTime:0.001000s ]
INFO: [ app_begin ] --END-- [ RunTime:0.001000s ]
NOTIC: [8] Use of undefined constant intval - assumed 'intval' D:\wamp\www\Finance\Admin\App\Home\Controller\AttrController.class.php 第 48 行.
NOTIC: [2] Yar_Client::setOpt(): expects a long integer timeout value D:\wamp\www\Finance\Admin\ThinkPHP\Library\Org\Api\ServiceProxy.class.php 第 675 行.
NOTIC: [8] Use of undefined constant json - assumed 'json' D:\wamp\www\Finance\Admin\App\Home\Controller\AttrController.class.php 第 63 行.

[ 2019-04-16T16:58:17+08:00 ] 127.0.0.1 /u/get_power_node.html
INFO: [ app_init ] --START--
INFO: Run Behavior\BuildLiteBehavior [ RunTime:0.000000s ]
INFO: [ app_init ] --END-- [ RunTime:0.000000s ]
NOTIC: [8] Use of undefined constant SELLER_ID - assumed 'SELLER_ID' D:\wamp\www\Finance\Admin\ThinkPHP\Library\Org\Api\ServiceProxy.class.php 第 278 行.
NOTIC: [8] Use of undefined constant SHOP_ID - assumed 'SHOP_ID' D:\wamp\www\Finance\Admin\ThinkPHP\Library\Org\Api\ServiceProxy.class.php 第 279 行.
NOTIC: [2] Yar_Client::setOpt(): expects a long integer timeout value D:\wamp\www\Finance\Admin\ThinkPHP\Library\Org\Api\ServiceProxy.class.php 第 675 行.
NOTIC: [2] Yar_Client::setOpt(): expects a long integer timeout value D:\wamp\www\Finance\Admin\ThinkPHP\Library\Org\Api\ServiceProxy.class.php 第 675 行.
NOTIC: [8] Undefined index: shop_url D:\wamp\www\Finance\Admin\ThinkPHP\Library\Org\Api\ServiceProxy.class.php 第 405 行.
NOTIC: [8] Undefined index: platform_domain D:\wamp\www\Finance\Admin\ThinkPHP\Library\Org\Api\ServiceProxy.class.php 第 406 行.
NOTIC: [8] Undefined index: TOKEN D:\wamp\www\Finance\Admin\App\Common\Conf\siteInfo.php 第 14 行.
INFO: [ app_begin ] --START--
INFO: Run Behavior\ReadHtmlCacheBehavior [ RunTime:0.001000s ]
INFO: [ app_begin ] --END-- [ RunTime:0.001000s ]
NOTIC: [2] Missing argument 1 for Home\Model\RoleModel::get_all_node(), called in D:\wamp\www\Finance\Admin\App\Home\Controller\UserController.class.php on line 61 and defined D:\wamp\www\Finance\Admin\App\Home\Model\RoleModel.class.php 第 32 行.
NOTIC: [8] Undefined variable: params D:\wamp\www\Finance\Admin\App\Home\Model\RoleModel.class.php 第 33 行.
NOTIC: [2] Yar_Client::setOpt(): expects a long integer timeout value D:\wamp\www\Finance\Admin\ThinkPHP\Library\Org\Api\ServiceProxy.class.php 第 675 行.
NOTIC: [8] Use of undefined constant json - assumed 'json' D:\wamp\www\Finance\Admin\App\Home\Controller\UserController.class.php 第 73 行.

