[ 2019-03-15T09:38:41+08:00 ] 127.0.0.1 /
INFO: [ app_init ] --START--
INFO: Run Behavior\BuildLiteBehavior [ RunTime:0.000017s ]
INFO: [ app_init ] --END-- [ RunTime:0.000444s ]
NOTIC: [8] Use of undefined constant SELLER_ID - assumed 'SELLER_ID' D:\wamp\www\Finance\Admin\ThinkPHP\Library\Org\Api\ServiceProxy.class.php 第 278 行.
NOTIC: [8] Use of undefined constant SHOP_ID - assumed 'SHOP_ID' D:\wamp\www\Finance\Admin\ThinkPHP\Library\Org\Api\ServiceProxy.class.php 第 279 行.
NOTIC: [2] Yar_Client::setOpt(): expects a long integer timeout value D:\wamp\www\Finance\Admin\ThinkPHP\Library\Org\Api\ServiceProxy.class.php 第 675 行.
INFO: [ app_begin ] --START--
INFO: Run Behavior\ReadHtmlCacheBehavior [ RunTime:0.000611s ]
INFO: [ app_begin ] --END-- [ RunTime:0.000692s ]
ERR: 无法加载控制器:Index

[ 2019-03-15T09:38:41+08:00 ] 127.0.0.1 /favicon.ico
INFO: [ app_init ] --START--
INFO: Run Behavior\BuildLiteBehavior [ RunTime:0.000018s ]
INFO: [ app_init ] --END-- [ RunTime:0.000379s ]
NOTIC: [8] Use of undefined constant SELLER_ID - assumed 'SELLER_ID' D:\wamp\www\Finance\Admin\ThinkPHP\Library\Org\Api\ServiceProxy.class.php 第 278 行.
NOTIC: [8] Use of undefined constant SHOP_ID - assumed 'SHOP_ID' D:\wamp\www\Finance\Admin\ThinkPHP\Library\Org\Api\ServiceProxy.class.php 第 279 行.
NOTIC: [2] Yar_Client::setOpt(): expects a long integer timeout value D:\wamp\www\Finance\Admin\ThinkPHP\Library\Org\Api\ServiceProxy.class.php 第 675 行.

[ 2019-03-15T09:43:23+08:00 ] 127.0.0.1 /g/goods_list
INFO: [ app_init ] --START--
INFO: Run Behavior\BuildLiteBehavior [ RunTime:0.000016s ]
INFO: [ app_init ] --END-- [ RunTime:0.000492s ]
NOTIC: [8] Use of undefined constant SELLER_ID - assumed 'SELLER_ID' D:\wamp\www\Finance\Admin\ThinkPHP\Library\Org\Api\ServiceProxy.class.php 第 278 行.
NOTIC: [8] Use of undefined constant SHOP_ID - assumed 'SHOP_ID' D:\wamp\www\Finance\Admin\ThinkPHP\Library\Org\Api\ServiceProxy.class.php 第 279 行.
NOTIC: [2] Yar_Client::setOpt(): expects a long integer timeout value D:\wamp\www\Finance\Admin\ThinkPHP\Library\Org\Api\ServiceProxy.class.php 第 675 行.
INFO: [ app_begin ] --START--
INFO: Run Behavior\ReadHtmlCacheBehavior [ RunTime:0.000521s ]
INFO: [ app_begin ] --END-- [ RunTime:0.000601s ]

[ 2019-03-15T09:44:22+08:00 ] 127.0.0.1 /g/goods_list
INFO: [ app_init ] --START--
INFO: Run Behavior\BuildLiteBehavior [ RunTime:0.000016s ]
INFO: [ app_init ] --END-- [ RunTime:0.000417s ]
NOTIC: [8] Use of undefined constant SELLER_ID - assumed 'SELLER_ID' D:\wamp\www\Finance\Admin\ThinkPHP\Library\Org\Api\ServiceProxy.class.php 第 278 行.
NOTIC: [8] Use of undefined constant SHOP_ID - assumed 'SHOP_ID' D:\wamp\www\Finance\Admin\ThinkPHP\Library\Org\Api\ServiceProxy.class.php 第 279 行.
NOTIC: [2] Yar_Client::setOpt(): expects a long integer timeout value D:\wamp\www\Finance\Admin\ThinkPHP\Library\Org\Api\ServiceProxy.class.php 第 675 行.
INFO: [ app_begin ] --START--
INFO: Run Behavior\ReadHtmlCacheBehavior [ RunTime:0.000496s ]
INFO: [ app_begin ] --END-- [ RunTime:0.000575s ]

[ 2019-03-15T11:27:19+08:00 ] 127.0.0.1 //g/getsessionid
INFO: [ app_init ] --START--
INFO: Run Behavior\BuildLiteBehavior [ RunTime:0.000020s ]
INFO: [ app_init ] --END-- [ RunTime:0.000467s ]
NOTIC: [8] Use of undefined constant SELLER_ID - assumed 'SELLER_ID' D:\wamp\www\Finance\Admin\ThinkPHP\Library\Org\Api\ServiceProxy.class.php 第 278 行.
NOTIC: [8] Use of undefined constant SHOP_ID - assumed 'SHOP_ID' D:\wamp\www\Finance\Admin\ThinkPHP\Library\Org\Api\ServiceProxy.class.php 第 279 行.
NOTIC: [2] Yar_Client::setOpt(): expects a long integer timeout value D:\wamp\www\Finance\Admin\ThinkPHP\Library\Org\Api\ServiceProxy.class.php 第 675 行.
INFO: [ app_begin ] --START--
INFO: Run Behavior\ReadHtmlCacheBehavior [ RunTime:0.000551s ]
INFO: [ app_begin ] --END-- [ RunTime:0.000631s ]
NOTIC: [8] Use of undefined constant json - assumed 'json' D:\wamp\www\Finance\Admin\App\SmallProgram\Controller\GoodsController.class.php 第 7 行.

[ 2019-03-15T11:27:51+08:00 ] 127.0.0.1 //g/getsessionid
INFO: [ app_init ] --START--
INFO: Run Behavior\BuildLiteBehavior [ RunTime:0.000017s ]
INFO: [ app_init ] --END-- [ RunTime:0.000412s ]
NOTIC: [8] Use of undefined constant SELLER_ID - assumed 'SELLER_ID' D:\wamp\www\Finance\Admin\ThinkPHP\Library\Org\Api\ServiceProxy.class.php 第 278 行.
NOTIC: [8] Use of undefined constant SHOP_ID - assumed 'SHOP_ID' D:\wamp\www\Finance\Admin\ThinkPHP\Library\Org\Api\ServiceProxy.class.php 第 279 行.
NOTIC: [2] Yar_Client::setOpt(): expects a long integer timeout value D:\wamp\www\Finance\Admin\ThinkPHP\Library\Org\Api\ServiceProxy.class.php 第 675 行.
INFO: [ app_begin ] --START--
INFO: Run Behavior\ReadHtmlCacheBehavior [ RunTime:0.000841s ]
INFO: [ app_begin ] --END-- [ RunTime:0.000949s ]
NOTIC: [8] Use of undefined constant json - assumed 'json' D:\wamp\www\Finance\Admin\App\SmallProgram\Controller\GoodsController.class.php 第 7 行.

[ 2019-03-15T11:28:02+08:00 ] 127.0.0.1 //g/getsessionid
INFO: [ app_init ] --START--
INFO: Run Behavior\BuildLiteBehavior [ RunTime:0.000017s ]
INFO: [ app_init ] --END-- [ RunTime:0.000505s ]
NOTIC: [8] Use of undefined constant SELLER_ID - assumed 'SELLER_ID' D:\wamp\www\Finance\Admin\ThinkPHP\Library\Org\Api\ServiceProxy.class.php 第 278 行.
NOTIC: [8] Use of undefined constant SHOP_ID - assumed 'SHOP_ID' D:\wamp\www\Finance\Admin\ThinkPHP\Library\Org\Api\ServiceProxy.class.php 第 279 行.
NOTIC: [2] Yar_Client::setOpt(): expects a long integer timeout value D:\wamp\www\Finance\Admin\ThinkPHP\Library\Org\Api\ServiceProxy.class.php 第 675 行.
INFO: [ app_begin ] --START--
INFO: Run Behavior\ReadHtmlCacheBehavior [ RunTime:0.000512s ]
INFO: [ app_begin ] --END-- [ RunTime:0.000599s ]
NOTIC: [8] Use of undefined constant json - assumed 'json' D:\wamp\www\Finance\Admin\App\SmallProgram\Controller\GoodsController.class.php 第 7 行.

[ 2019-03-15T12:50:32+08:00 ] 127.0.0.1 //g/getsessionid
INFO: [ app_init ] --START--
INFO: Run Behavior\BuildLiteBehavior [ RunTime:0.000017s ]
INFO: [ app_init ] --END-- [ RunTime:0.000452s ]
NOTIC: [8] Use of undefined constant SELLER_ID - assumed 'SELLER_ID' D:\wamp\www\Finance\Admin\ThinkPHP\Library\Org\Api\ServiceProxy.class.php 第 278 行.
NOTIC: [8] Use of undefined constant SHOP_ID - assumed 'SHOP_ID' D:\wamp\www\Finance\Admin\ThinkPHP\Library\Org\Api\ServiceProxy.class.php 第 279 行.
NOTIC: [2] Yar_Client::setOpt(): expects a long integer timeout value D:\wamp\www\Finance\Admin\ThinkPHP\Library\Org\Api\ServiceProxy.class.php 第 675 行.
INFO: [ app_begin ] --START--
INFO: Run Behavior\ReadHtmlCacheBehavior [ RunTime:0.000582s ]
INFO: [ app_begin ] --END-- [ RunTime:0.000665s ]
NOTIC: [8] Use of undefined constant json - assumed 'json' D:\wamp\www\Finance\Admin\App\SmallProgram\Controller\GoodsController.class.php 第 7 行.

[ 2019-03-15T12:51:40+08:00 ] 127.0.0.1 //g/goods_list
INFO: [ app_init ] --START--
INFO: Run Behavior\BuildLiteBehavior [ RunTime:0.000017s ]
INFO: [ app_init ] --END-- [ RunTime:0.000415s ]
NOTIC: [8] Use of undefined constant SELLER_ID - assumed 'SELLER_ID' D:\wamp\www\Finance\Admin\ThinkPHP\Library\Org\Api\ServiceProxy.class.php 第 278 行.
NOTIC: [8] Use of undefined constant SHOP_ID - assumed 'SHOP_ID' D:\wamp\www\Finance\Admin\ThinkPHP\Library\Org\Api\ServiceProxy.class.php 第 279 行.
NOTIC: [2] Yar_Client::setOpt(): expects a long integer timeout value D:\wamp\www\Finance\Admin\ThinkPHP\Library\Org\Api\ServiceProxy.class.php 第 675 行.
INFO: [ app_begin ] --START--
INFO: Run Behavior\ReadHtmlCacheBehavior [ RunTime:0.000655s ]
INFO: [ app_begin ] --END-- [ RunTime:0.000735s ]

[ 2019-03-15T12:53:34+08:00 ] 127.0.0.1 //g/goods_list
INFO: [ app_init ] --START--
INFO: Run Behavior\BuildLiteBehavior [ RunTime:0.000019s ]
INFO: [ app_init ] --END-- [ RunTime:0.000568s ]
NOTIC: [8] Use of undefined constant SELLER_ID - assumed 'SELLER_ID' D:\wamp\www\Finance\Admin\ThinkPHP\Library\Org\Api\ServiceProxy.class.php 第 278 行.
NOTIC: [8] Use of undefined constant SHOP_ID - assumed 'SHOP_ID' D:\wamp\www\Finance\Admin\ThinkPHP\Library\Org\Api\ServiceProxy.class.php 第 279 行.
NOTIC: [2] Yar_Client::setOpt(): expects a long integer timeout value D:\wamp\www\Finance\Admin\ThinkPHP\Library\Org\Api\ServiceProxy.class.php 第 675 行.
INFO: [ app_begin ] --START--
INFO: Run Behavior\ReadHtmlCacheBehavior [ RunTime:0.010495s ]
INFO: [ app_begin ] --END-- [ RunTime:0.010587s ]

[ 2019-03-15T12:54:20+08:00 ] 127.0.0.1 //g/goods_list
INFO: [ app_init ] --START--
INFO: Run Behavior\BuildLiteBehavior [ RunTime:0.000016s ]
INFO: [ app_init ] --END-- [ RunTime:0.000404s ]
NOTIC: [8] Use of undefined constant SELLER_ID - assumed 'SELLER_ID' D:\wamp\www\Finance\Admin\ThinkPHP\Library\Org\Api\ServiceProxy.class.php 第 278 行.
NOTIC: [8] Use of undefined constant SHOP_ID - assumed 'SHOP_ID' D:\wamp\www\Finance\Admin\ThinkPHP\Library\Org\Api\ServiceProxy.class.php 第 279 行.
NOTIC: [2] Yar_Client::setOpt(): expects a long integer timeout value D:\wamp\www\Finance\Admin\ThinkPHP\Library\Org\Api\ServiceProxy.class.php 第 675 行.
INFO: [ app_begin ] --START--
INFO: Run Behavior\ReadHtmlCacheBehavior [ RunTime:0.000518s ]
INFO: [ app_begin ] --END-- [ RunTime:0.000597s ]

[ 2019-03-15T12:54:25+08:00 ] 127.0.0.1 //g/goods_list
INFO: [ app_init ] --START--
INFO: Run Behavior\BuildLiteBehavior [ RunTime:0.000020s ]
INFO: [ app_init ] --END-- [ RunTime:0.000538s ]
NOTIC: [8] Use of undefined constant SELLER_ID - assumed 'SELLER_ID' D:\wamp\www\Finance\Admin\ThinkPHP\Library\Org\Api\ServiceProxy.class.php 第 278 行.
NOTIC: [8] Use of undefined constant SHOP_ID - assumed 'SHOP_ID' D:\wamp\www\Finance\Admin\ThinkPHP\Library\Org\Api\ServiceProxy.class.php 第 279 行.
NOTIC: [2] Yar_Client::setOpt(): expects a long integer timeout value D:\wamp\www\Finance\Admin\ThinkPHP\Library\Org\Api\ServiceProxy.class.php 第 675 行.
INFO: [ app_begin ] --START--
INFO: Run Behavior\ReadHtmlCacheBehavior [ RunTime:0.000486s ]
INFO: [ app_begin ] --END-- [ RunTime:0.000565s ]

[ 2019-03-15T12:54:46+08:00 ] 127.0.0.1 //g/goods_list
INFO: [ app_init ] --START--
INFO: Run Behavior\BuildLiteBehavior [ RunTime:0.000018s ]
INFO: [ app_init ] --END-- [ RunTime:0.000531s ]
NOTIC: [8] Use of undefined constant SELLER_ID - assumed 'SELLER_ID' D:\wamp\www\Finance\Admin\ThinkPHP\Library\Org\Api\ServiceProxy.class.php 第 278 行.
NOTIC: [8] Use of undefined constant SHOP_ID - assumed 'SHOP_ID' D:\wamp\www\Finance\Admin\ThinkPHP\Library\Org\Api\ServiceProxy.class.php 第 279 行.
NOTIC: [2] Yar_Client::setOpt(): expects a long integer timeout value D:\wamp\www\Finance\Admin\ThinkPHP\Library\Org\Api\ServiceProxy.class.php 第 675 行.
INFO: [ app_begin ] --START--
INFO: Run Behavior\ReadHtmlCacheBehavior [ RunTime:0.000511s ]
INFO: [ app_begin ] --END-- [ RunTime:0.000591s ]

[ 2019-03-15T12:55:27+08:00 ] 127.0.0.1 //g/goods_list
INFO: [ app_init ] --START--
INFO: Run Behavior\BuildLiteBehavior [ RunTime:0.000016s ]
INFO: [ app_init ] --END-- [ RunTime:0.000431s ]
NOTIC: [8] Use of undefined constant SELLER_ID - assumed 'SELLER_ID' D:\wamp\www\Finance\Admin\ThinkPHP\Library\Org\Api\ServiceProxy.class.php 第 278 行.
NOTIC: [8] Use of undefined constant SHOP_ID - assumed 'SHOP_ID' D:\wamp\www\Finance\Admin\ThinkPHP\Library\Org\Api\ServiceProxy.class.php 第 279 行.
NOTIC: [2] Yar_Client::setOpt(): expects a long integer timeout value D:\wamp\www\Finance\Admin\ThinkPHP\Library\Org\Api\ServiceProxy.class.php 第 675 行.
INFO: [ app_begin ] --START--
INFO: Run Behavior\ReadHtmlCacheBehavior [ RunTime:0.000517s ]
INFO: [ app_begin ] --END-- [ RunTime:0.000598s ]

[ 2019-03-15T12:55:42+08:00 ] 127.0.0.1 //g/goods_list
INFO: [ app_init ] --START--
INFO: Run Behavior\BuildLiteBehavior [ RunTime:0.000016s ]
INFO: [ app_init ] --END-- [ RunTime:0.000417s ]
NOTIC: [8] Use of undefined constant SELLER_ID - assumed 'SELLER_ID' D:\wamp\www\Finance\Admin\ThinkPHP\Library\Org\Api\ServiceProxy.class.php 第 278 行.
NOTIC: [8] Use of undefined constant SHOP_ID - assumed 'SHOP_ID' D:\wamp\www\Finance\Admin\ThinkPHP\Library\Org\Api\ServiceProxy.class.php 第 279 行.
NOTIC: [2] Yar_Client::setOpt(): expects a long integer timeout value D:\wamp\www\Finance\Admin\ThinkPHP\Library\Org\Api\ServiceProxy.class.php 第 675 行.
INFO: [ app_begin ] --START--
INFO: Run Behavior\ReadHtmlCacheBehavior [ RunTime:0.000714s ]
INFO: [ app_begin ] --END-- [ RunTime:0.000798s ]

[ 2019-03-15T12:57:31+08:00 ] 127.0.0.1 //g/goods_list
INFO: [ app_init ] --START--
INFO: Run Behavior\BuildLiteBehavior [ RunTime:0.000018s ]
INFO: [ app_init ] --END-- [ RunTime:0.000412s ]
NOTIC: [8] Use of undefined constant SELLER_ID - assumed 'SELLER_ID' D:\wamp\www\Finance\Admin\ThinkPHP\Library\Org\Api\ServiceProxy.class.php 第 278 行.
NOTIC: [8] Use of undefined constant SHOP_ID - assumed 'SHOP_ID' D:\wamp\www\Finance\Admin\ThinkPHP\Library\Org\Api\ServiceProxy.class.php 第 279 行.
NOTIC: [2] Yar_Client::setOpt(): expects a long integer timeout value D:\wamp\www\Finance\Admin\ThinkPHP\Library\Org\Api\ServiceProxy.class.php 第 675 行.
INFO: [ app_begin ] --START--
INFO: Run Behavior\ReadHtmlCacheBehavior [ RunTime:0.000519s ]
INFO: [ app_begin ] --END-- [ RunTime:0.000599s ]

[ 2019-03-15T12:57:54+08:00 ] 127.0.0.1 //g/goods_list
INFO: [ app_init ] --START--
INFO: Run Behavior\BuildLiteBehavior [ RunTime:0.000016s ]
INFO: [ app_init ] --END-- [ RunTime:0.000430s ]
NOTIC: [8] Use of undefined constant SELLER_ID - assumed 'SELLER_ID' D:\wamp\www\Finance\Admin\ThinkPHP\Library\Org\Api\ServiceProxy.class.php 第 278 行.
NOTIC: [8] Use of undefined constant SHOP_ID - assumed 'SHOP_ID' D:\wamp\www\Finance\Admin\ThinkPHP\Library\Org\Api\ServiceProxy.class.php 第 279 行.
NOTIC: [2] Yar_Client::setOpt(): expects a long integer timeout value D:\wamp\www\Finance\Admin\ThinkPHP\Library\Org\Api\ServiceProxy.class.php 第 675 行.
INFO: [ app_begin ] --START--
INFO: Run Behavior\ReadHtmlCacheBehavior [ RunTime:0.000601s ]
INFO: [ app_begin ] --END-- [ RunTime:0.000687s ]

[ 2019-03-15T12:58:09+08:00 ] 127.0.0.1 //g/goods_list
INFO: [ app_init ] --START--
INFO: Run Behavior\BuildLiteBehavior [ RunTime:0.000016s ]
INFO: [ app_init ] --END-- [ RunTime:0.000377s ]
NOTIC: [8] Use of undefined constant SELLER_ID - assumed 'SELLER_ID' D:\wamp\www\Finance\Admin\ThinkPHP\Library\Org\Api\ServiceProxy.class.php 第 278 行.
NOTIC: [8] Use of undefined constant SHOP_ID - assumed 'SHOP_ID' D:\wamp\www\Finance\Admin\ThinkPHP\Library\Org\Api\ServiceProxy.class.php 第 279 行.
NOTIC: [2] Yar_Client::setOpt(): expects a long integer timeout value D:\wamp\www\Finance\Admin\ThinkPHP\Library\Org\Api\ServiceProxy.class.php 第 675 行.
INFO: [ app_begin ] --START--
INFO: Run Behavior\ReadHtmlCacheBehavior [ RunTime:0.001208s ]
INFO: [ app_begin ] --END-- [ RunTime:0.001386s ]

[ 2019-03-15T12:58:21+08:00 ] 127.0.0.1 //g/goods_list
INFO: [ app_init ] --START--
INFO: Run Behavior\BuildLiteBehavior [ RunTime:0.000016s ]
INFO: [ app_init ] --END-- [ RunTime:0.000417s ]
NOTIC: [8] Use of undefined constant SELLER_ID - assumed 'SELLER_ID' D:\wamp\www\Finance\Admin\ThinkPHP\Library\Org\Api\ServiceProxy.class.php 第 278 行.
NOTIC: [8] Use of undefined constant SHOP_ID - assumed 'SHOP_ID' D:\wamp\www\Finance\Admin\ThinkPHP\Library\Org\Api\ServiceProxy.class.php 第 279 行.
NOTIC: [2] Yar_Client::setOpt(): expects a long integer timeout value D:\wamp\www\Finance\Admin\ThinkPHP\Library\Org\Api\ServiceProxy.class.php 第 675 行.
INFO: [ app_begin ] --START--
INFO: Run Behavior\ReadHtmlCacheBehavior [ RunTime:0.000512s ]
INFO: [ app_begin ] --END-- [ RunTime:0.000591s ]

[ 2019-03-15T12:59:11+08:00 ] 127.0.0.1 //g/goods_list
INFO: [ app_init ] --START--
INFO: Run Behavior\BuildLiteBehavior [ RunTime:0.000017s ]
INFO: [ app_init ] --END-- [ RunTime:0.000450s ]
NOTIC: [8] Use of undefined constant SELLER_ID - assumed 'SELLER_ID' D:\wamp\www\Finance\Admin\ThinkPHP\Library\Org\Api\ServiceProxy.class.php 第 278 行.
NOTIC: [8] Use of undefined constant SHOP_ID - assumed 'SHOP_ID' D:\wamp\www\Finance\Admin\ThinkPHP\Library\Org\Api\ServiceProxy.class.php 第 279 行.
NOTIC: [2] Yar_Client::setOpt(): expects a long integer timeout value D:\wamp\www\Finance\Admin\ThinkPHP\Library\Org\Api\ServiceProxy.class.php 第 675 行.
INFO: [ app_begin ] --START--
INFO: Run Behavior\ReadHtmlCacheBehavior [ RunTime:0.000529s ]
INFO: [ app_begin ] --END-- [ RunTime:0.000611s ]

[ 2019-03-15T12:59:27+08:00 ] 127.0.0.1 //g/goods_list
INFO: [ app_init ] --START--
INFO: Run Behavior\BuildLiteBehavior [ RunTime:0.000045s ]
INFO: [ app_init ] --END-- [ RunTime:0.001164s ]
NOTIC: [8] Use of undefined constant SELLER_ID - assumed 'SELLER_ID' D:\wamp\www\Finance\Admin\ThinkPHP\Library\Org\Api\ServiceProxy.class.php 第 278 行.
NOTIC: [8] Use of undefined constant SHOP_ID - assumed 'SHOP_ID' D:\wamp\www\Finance\Admin\ThinkPHP\Library\Org\Api\ServiceProxy.class.php 第 279 行.
NOTIC: [2] Yar_Client::setOpt(): expects a long integer timeout value D:\wamp\www\Finance\Admin\ThinkPHP\Library\Org\Api\ServiceProxy.class.php 第 675 行.
INFO: [ app_begin ] --START--
INFO: Run Behavior\ReadHtmlCacheBehavior [ RunTime:0.000512s ]
INFO: [ app_begin ] --END-- [ RunTime:0.000590s ]

[ 2019-03-15T13:02:33+08:00 ] 127.0.0.1 //g/goods_list
INFO: [ app_init ] --START--
INFO: Run Behavior\BuildLiteBehavior [ RunTime:0.000017s ]
INFO: [ app_init ] --END-- [ RunTime:0.000457s ]
NOTIC: [8] Use of undefined constant SELLER_ID - assumed 'SELLER_ID' D:\wamp\www\Finance\Admin\ThinkPHP\Library\Org\Api\ServiceProxy.class.php 第 278 行.
NOTIC: [8] Use of undefined constant SHOP_ID - assumed 'SHOP_ID' D:\wamp\www\Finance\Admin\ThinkPHP\Library\Org\Api\ServiceProxy.class.php 第 279 行.
NOTIC: [2] Yar_Client::setOpt(): expects a long integer timeout value D:\wamp\www\Finance\Admin\ThinkPHP\Library\Org\Api\ServiceProxy.class.php 第 675 行.
INFO: [ app_begin ] --START--
INFO: Run Behavior\ReadHtmlCacheBehavior [ RunTime:0.000562s ]
INFO: [ app_begin ] --END-- [ RunTime:0.000640s ]

[ 2019-03-15T13:02:48+08:00 ] 127.0.0.1 //g/goods_list
INFO: [ app_init ] --START--
INFO: Run Behavior\BuildLiteBehavior [ RunTime:0.000016s ]
INFO: [ app_init ] --END-- [ RunTime:0.000351s ]
NOTIC: [8] Use of undefined constant SELLER_ID - assumed 'SELLER_ID' D:\wamp\www\Finance\Admin\ThinkPHP\Library\Org\Api\ServiceProxy.class.php 第 278 行.
NOTIC: [8] Use of undefined constant SHOP_ID - assumed 'SHOP_ID' D:\wamp\www\Finance\Admin\ThinkPHP\Library\Org\Api\ServiceProxy.class.php 第 279 行.
NOTIC: [2] Yar_Client::setOpt(): expects a long integer timeout value D:\wamp\www\Finance\Admin\ThinkPHP\Library\Org\Api\ServiceProxy.class.php 第 675 行.
INFO: [ app_begin ] --START--
INFO: Run Behavior\ReadHtmlCacheBehavior [ RunTime:0.000501s ]
INFO: [ app_begin ] --END-- [ RunTime:0.000579s ]

[ 2019-03-15T13:04:21+08:00 ] 127.0.0.1 //g/getsessionid
INFO: [ app_init ] --START--
INFO: Run Behavior\BuildLiteBehavior [ RunTime:0.000026s ]
INFO: [ app_init ] --END-- [ RunTime:0.000524s ]
NOTIC: [8] Use of undefined constant SELLER_ID - assumed 'SELLER_ID' D:\wamp\www\Finance\Admin\ThinkPHP\Library\Org\Api\ServiceProxy.class.php 第 278 行.
NOTIC: [8] Use of undefined constant SHOP_ID - assumed 'SHOP_ID' D:\wamp\www\Finance\Admin\ThinkPHP\Library\Org\Api\ServiceProxy.class.php 第 279 行.
NOTIC: [2] Yar_Client::setOpt(): expects a long integer timeout value D:\wamp\www\Finance\Admin\ThinkPHP\Library\Org\Api\ServiceProxy.class.php 第 675 行.
INFO: [ app_begin ] --START--
INFO: Run Behavior\ReadHtmlCacheBehavior [ RunTime:0.000596s ]
INFO: [ app_begin ] --END-- [ RunTime:0.000689s ]
NOTIC: [8] Use of undefined constant json - assumed 'json' D:\wamp\www\Finance\Admin\App\SmallProgram\Controller\GoodsController.class.php 第 7 行.

[ 2019-03-15T13:04:41+08:00 ] 127.0.0.1 //g/goods_list
INFO: [ app_init ] --START--
INFO: Run Behavior\BuildLiteBehavior [ RunTime:0.000016s ]
INFO: [ app_init ] --END-- [ RunTime:0.000437s ]
NOTIC: [8] Use of undefined constant SELLER_ID - assumed 'SELLER_ID' D:\wamp\www\Finance\Admin\ThinkPHP\Library\Org\Api\ServiceProxy.class.php 第 278 行.
NOTIC: [8] Use of undefined constant SHOP_ID - assumed 'SHOP_ID' D:\wamp\www\Finance\Admin\ThinkPHP\Library\Org\Api\ServiceProxy.class.php 第 279 行.
NOTIC: [2] Yar_Client::setOpt(): expects a long integer timeout value D:\wamp\www\Finance\Admin\ThinkPHP\Library\Org\Api\ServiceProxy.class.php 第 675 行.
INFO: [ app_begin ] --START--
INFO: Run Behavior\ReadHtmlCacheBehavior [ RunTime:0.000603s ]
INFO: [ app_begin ] --END-- [ RunTime:0.000682s ]

[ 2019-03-15T13:05:01+08:00 ] 127.0.0.1 //g/goods_list
INFO: [ app_init ] --START--
INFO: Run Behavior\BuildLiteBehavior [ RunTime:0.000018s ]
INFO: [ app_init ] --END-- [ RunTime:0.000451s ]
NOTIC: [8] Use of undefined constant SELLER_ID - assumed 'SELLER_ID' D:\wamp\www\Finance\Admin\ThinkPHP\Library\Org\Api\ServiceProxy.class.php 第 278 行.
NOTIC: [8] Use of undefined constant SHOP_ID - assumed 'SHOP_ID' D:\wamp\www\Finance\Admin\ThinkPHP\Library\Org\Api\ServiceProxy.class.php 第 279 行.
NOTIC: [2] Yar_Client::setOpt(): expects a long integer timeout value D:\wamp\www\Finance\Admin\ThinkPHP\Library\Org\Api\ServiceProxy.class.php 第 675 行.
INFO: [ app_begin ] --START--
INFO: Run Behavior\ReadHtmlCacheBehavior [ RunTime:0.000534s ]
INFO: [ app_begin ] --END-- [ RunTime:0.000638s ]

[ 2019-03-15T13:05:27+08:00 ] 127.0.0.1 //g/goods_list
INFO: [ app_init ] --START--
INFO: Run Behavior\BuildLiteBehavior [ RunTime:0.000048s ]
INFO: [ app_init ] --END-- [ RunTime:0.000675s ]
NOTIC: [8] Use of undefined constant SELLER_ID - assumed 'SELLER_ID' D:\wamp\www\Finance\Admin\ThinkPHP\Library\Org\Api\ServiceProxy.class.php 第 278 行.
NOTIC: [8] Use of undefined constant SHOP_ID - assumed 'SHOP_ID' D:\wamp\www\Finance\Admin\ThinkPHP\Library\Org\Api\ServiceProxy.class.php 第 279 行.
NOTIC: [2] Yar_Client::setOpt(): expects a long integer timeout value D:\wamp\www\Finance\Admin\ThinkPHP\Library\Org\Api\ServiceProxy.class.php 第 675 行.
INFO: [ app_begin ] --START--
INFO: Run Behavior\ReadHtmlCacheBehavior [ RunTime:0.000509s ]
INFO: [ app_begin ] --END-- [ RunTime:0.000588s ]

[ 2019-03-15T13:05:49+08:00 ] 127.0.0.1 //g/goods_list
INFO: [ app_init ] --START--
INFO: Run Behavior\BuildLiteBehavior [ RunTime:0.000018s ]
INFO: [ app_init ] --END-- [ RunTime:0.000409s ]
NOTIC: [8] Use of undefined constant SELLER_ID - assumed 'SELLER_ID' D:\wamp\www\Finance\Admin\ThinkPHP\Library\Org\Api\ServiceProxy.class.php 第 278 行.
NOTIC: [8] Use of undefined constant SHOP_ID - assumed 'SHOP_ID' D:\wamp\www\Finance\Admin\ThinkPHP\Library\Org\Api\ServiceProxy.class.php 第 279 行.
NOTIC: [2] Yar_Client::setOpt(): expects a long integer timeout value D:\wamp\www\Finance\Admin\ThinkPHP\Library\Org\Api\ServiceProxy.class.php 第 675 行.
INFO: [ app_begin ] --START--
INFO: Run Behavior\ReadHtmlCacheBehavior [ RunTime:0.000518s ]
INFO: [ app_begin ] --END-- [ RunTime:0.000596s ]

[ 2019-03-15T13:10:01+08:00 ] 127.0.0.1 //g/goods_list
INFO: [ app_init ] --START--
INFO: Run Behavior\BuildLiteBehavior [ RunTime:0.000025s ]
INFO: [ app_init ] --END-- [ RunTime:0.000500s ]
NOTIC: [8] Use of undefined constant SELLER_ID - assumed 'SELLER_ID' D:\wamp\www\Finance\Admin\ThinkPHP\Library\Org\Api\ServiceProxy.class.php 第 278 行.
NOTIC: [8] Use of undefined constant SHOP_ID - assumed 'SHOP_ID' D:\wamp\www\Finance\Admin\ThinkPHP\Library\Org\Api\ServiceProxy.class.php 第 279 行.
NOTIC: [2] Yar_Client::setOpt(): expects a long integer timeout value D:\wamp\www\Finance\Admin\ThinkPHP\Library\Org\Api\ServiceProxy.class.php 第 675 行.
INFO: [ app_begin ] --START--
INFO: Run Behavior\ReadHtmlCacheBehavior [ RunTime:0.000587s ]
INFO: [ app_begin ] --END-- [ RunTime:0.000667s ]

[ 2019-03-15T13:10:23+08:00 ] 127.0.0.1 //g/goods_list
INFO: [ app_init ] --START--
INFO: Run Behavior\BuildLiteBehavior [ RunTime:0.000018s ]
INFO: [ app_init ] --END-- [ RunTime:0.000446s ]
NOTIC: [8] Use of undefined constant SELLER_ID - assumed 'SELLER_ID' D:\wamp\www\Finance\Admin\ThinkPHP\Library\Org\Api\ServiceProxy.class.php 第 278 行.
NOTIC: [8] Use of undefined constant SHOP_ID - assumed 'SHOP_ID' D:\wamp\www\Finance\Admin\ThinkPHP\Library\Org\Api\ServiceProxy.class.php 第 279 行.
NOTIC: [2] Yar_Client::setOpt(): expects a long integer timeout value D:\wamp\www\Finance\Admin\ThinkPHP\Library\Org\Api\ServiceProxy.class.php 第 675 行.
INFO: [ app_begin ] --START--
INFO: Run Behavior\ReadHtmlCacheBehavior [ RunTime:0.000491s ]
INFO: [ app_begin ] --END-- [ RunTime:0.000571s ]

[ 2019-03-15T13:10:51+08:00 ] 127.0.0.1 //g/goods_list
INFO: [ app_init ] --START--
INFO: Run Behavior\BuildLiteBehavior [ RunTime:0.000017s ]
INFO: [ app_init ] --END-- [ RunTime:0.000403s ]
NOTIC: [8] Use of undefined constant SELLER_ID - assumed 'SELLER_ID' D:\wamp\www\Finance\Admin\ThinkPHP\Library\Org\Api\ServiceProxy.class.php 第 278 行.
NOTIC: [8] Use of undefined constant SHOP_ID - assumed 'SHOP_ID' D:\wamp\www\Finance\Admin\ThinkPHP\Library\Org\Api\ServiceProxy.class.php 第 279 行.
NOTIC: [2] Yar_Client::setOpt(): expects a long integer timeout value D:\wamp\www\Finance\Admin\ThinkPHP\Library\Org\Api\ServiceProxy.class.php 第 675 行.
INFO: [ app_begin ] --START--
INFO: Run Behavior\ReadHtmlCacheBehavior [ RunTime:0.000452s ]
INFO: [ app_begin ] --END-- [ RunTime:0.000533s ]

[ 2019-03-15T13:12:53+08:00 ] 127.0.0.1 //g/goods_list
INFO: [ app_init ] --START--
INFO: Run Behavior\BuildLiteBehavior [ RunTime:0.000016s ]
INFO: [ app_init ] --END-- [ RunTime:0.000472s ]
NOTIC: [8] Use of undefined constant SELLER_ID - assumed 'SELLER_ID' D:\wamp\www\Finance\Admin\ThinkPHP\Library\Org\Api\ServiceProxy.class.php 第 278 行.
NOTIC: [8] Use of undefined constant SHOP_ID - assumed 'SHOP_ID' D:\wamp\www\Finance\Admin\ThinkPHP\Library\Org\Api\ServiceProxy.class.php 第 279 行.
NOTIC: [2] Yar_Client::setOpt(): expects a long integer timeout value D:\wamp\www\Finance\Admin\ThinkPHP\Library\Org\Api\ServiceProxy.class.php 第 675 行.
INFO: [ app_begin ] --START--
INFO: Run Behavior\ReadHtmlCacheBehavior [ RunTime:0.000577s ]
INFO: [ app_begin ] --END-- [ RunTime:0.000663s ]

[ 2019-03-15T13:13:06+08:00 ] 127.0.0.1 //g/goods_list
INFO: [ app_init ] --START--
INFO: Run Behavior\BuildLiteBehavior [ RunTime:0.000021s ]
INFO: [ app_init ] --END-- [ RunTime:0.000429s ]
NOTIC: [8] Use of undefined constant SELLER_ID - assumed 'SELLER_ID' D:\wamp\www\Finance\Admin\ThinkPHP\Library\Org\Api\ServiceProxy.class.php 第 278 行.
NOTIC: [8] Use of undefined constant SHOP_ID - assumed 'SHOP_ID' D:\wamp\www\Finance\Admin\ThinkPHP\Library\Org\Api\ServiceProxy.class.php 第 279 行.
NOTIC: [2] Yar_Client::setOpt(): expects a long integer timeout value D:\wamp\www\Finance\Admin\ThinkPHP\Library\Org\Api\ServiceProxy.class.php 第 675 行.
INFO: [ app_begin ] --START--
INFO: Run Behavior\ReadHtmlCacheBehavior [ RunTime:0.000493s ]
INFO: [ app_begin ] --END-- [ RunTime:0.000573s ]

[ 2019-03-15T13:13:34+08:00 ] 127.0.0.1 //g/goods_list
INFO: [ app_init ] --START--
INFO: Run Behavior\BuildLiteBehavior [ RunTime:0.000019s ]
INFO: [ app_init ] --END-- [ RunTime:0.000447s ]
NOTIC: [8] Use of undefined constant SELLER_ID - assumed 'SELLER_ID' D:\wamp\www\Finance\Admin\ThinkPHP\Library\Org\Api\ServiceProxy.class.php 第 278 行.
NOTIC: [8] Use of undefined constant SHOP_ID - assumed 'SHOP_ID' D:\wamp\www\Finance\Admin\ThinkPHP\Library\Org\Api\ServiceProxy.class.php 第 279 行.
NOTIC: [2] Yar_Client::setOpt(): expects a long integer timeout value D:\wamp\www\Finance\Admin\ThinkPHP\Library\Org\Api\ServiceProxy.class.php 第 675 行.
INFO: [ app_begin ] --START--
INFO: Run Behavior\ReadHtmlCacheBehavior [ RunTime:0.000533s ]
INFO: [ app_begin ] --END-- [ RunTime:0.000614s ]

[ 2019-03-15T13:13:46+08:00 ] 127.0.0.1 //g/goods_list
INFO: [ app_init ] --START--
INFO: Run Behavior\BuildLiteBehavior [ RunTime:0.000030s ]
INFO: [ app_init ] --END-- [ RunTime:0.000490s ]
NOTIC: [8] Use of undefined constant SELLER_ID - assumed 'SELLER_ID' D:\wamp\www\Finance\Admin\ThinkPHP\Library\Org\Api\ServiceProxy.class.php 第 278 行.
NOTIC: [8] Use of undefined constant SHOP_ID - assumed 'SHOP_ID' D:\wamp\www\Finance\Admin\ThinkPHP\Library\Org\Api\ServiceProxy.class.php 第 279 行.
NOTIC: [2] Yar_Client::setOpt(): expects a long integer timeout value D:\wamp\www\Finance\Admin\ThinkPHP\Library\Org\Api\ServiceProxy.class.php 第 675 行.
INFO: [ app_begin ] --START--
INFO: Run Behavior\ReadHtmlCacheBehavior [ RunTime:0.000510s ]
INFO: [ app_begin ] --END-- [ RunTime:0.000588s ]

[ 2019-03-15T13:37:48+08:00 ] 127.0.0.1 /g/goods_list
INFO: [ app_init ] --START--
INFO: Run Behavior\BuildLiteBehavior [ RunTime:0.000041s ]
INFO: [ app_init ] --END-- [ RunTime:0.001006s ]
NOTIC: [8] Use of undefined constant SELLER_ID - assumed 'SELLER_ID' D:\wamp\www\Finance\Admin\ThinkPHP\Library\Org\Api\ServiceProxy.class.php 第 278 行.
NOTIC: [8] Use of undefined constant SHOP_ID - assumed 'SHOP_ID' D:\wamp\www\Finance\Admin\ThinkPHP\Library\Org\Api\ServiceProxy.class.php 第 279 行.
NOTIC: [2] Yar_Client::setOpt(): expects a long integer timeout value D:\wamp\www\Finance\Admin\ThinkPHP\Library\Org\Api\ServiceProxy.class.php 第 675 行.
NOTIC: [8] Undefined index: shop_url D:\wamp\www\Finance\Admin\ThinkPHP\Library\Org\Api\ServiceProxy.class.php 第 405 行.
NOTIC: [8] Undefined index: platform_domain D:\wamp\www\Finance\Admin\ThinkPHP\Library\Org\Api\ServiceProxy.class.php 第 406 行.
NOTIC: [8] Undefined index: TOKEN D:\wamp\www\Finance\Admin\App\Common\Conf\siteInfo.php 第 15 行.
INFO: [ app_begin ] --START--
INFO: Run Behavior\ReadHtmlCacheBehavior [ RunTime:0.000558s ]
INFO: [ app_begin ] --END-- [ RunTime:0.000640s ]

[ 2019-03-15T13:38:05+08:00 ] 127.0.0.1 /g/goods_list
INFO: [ app_init ] --START--
INFO: Run Behavior\BuildLiteBehavior [ RunTime:0.000016s ]
INFO: [ app_init ] --END-- [ RunTime:0.000373s ]
NOTIC: [8] Use of undefined constant SELLER_ID - assumed 'SELLER_ID' D:\wamp\www\Finance\Admin\ThinkPHP\Library\Org\Api\ServiceProxy.class.php 第 278 行.
NOTIC: [8] Use of undefined constant SHOP_ID - assumed 'SHOP_ID' D:\wamp\www\Finance\Admin\ThinkPHP\Library\Org\Api\ServiceProxy.class.php 第 279 行.
NOTIC: [2] Yar_Client::setOpt(): expects a long integer timeout value D:\wamp\www\Finance\Admin\ThinkPHP\Library\Org\Api\ServiceProxy.class.php 第 675 行.
NOTIC: [8] Undefined index: shop_url D:\wamp\www\Finance\Admin\ThinkPHP\Library\Org\Api\ServiceProxy.class.php 第 405 行.
NOTIC: [8] Undefined index: platform_domain D:\wamp\www\Finance\Admin\ThinkPHP\Library\Org\Api\ServiceProxy.class.php 第 406 行.
NOTIC: [8] Undefined index: TOKEN D:\wamp\www\Finance\Admin\App\Common\Conf\siteInfo.php 第 15 行.
INFO: [ app_begin ] --START--
INFO: Run Behavior\ReadHtmlCacheBehavior [ RunTime:0.000517s ]
INFO: [ app_begin ] --END-- [ RunTime:0.000591s ]
NOTIC: [2] Yar_Client::setOpt(): expects a long integer timeout value D:\wamp\www\Finance\Admin\ThinkPHP\Library\Org\Api\ServiceProxy.class.php 第 675 行.

[ 2019-03-15T13:38:52+08:00 ] 127.0.0.1 /g/goods_list
INFO: [ app_init ] --START--
INFO: Run Behavior\BuildLiteBehavior [ RunTime:0.000017s ]
INFO: [ app_init ] --END-- [ RunTime:0.000454s ]
NOTIC: [8] Use of undefined constant SELLER_ID - assumed 'SELLER_ID' D:\wamp\www\Finance\Admin\ThinkPHP\Library\Org\Api\ServiceProxy.class.php 第 278 行.
NOTIC: [8] Use of undefined constant SHOP_ID - assumed 'SHOP_ID' D:\wamp\www\Finance\Admin\ThinkPHP\Library\Org\Api\ServiceProxy.class.php 第 279 行.
NOTIC: [2] Yar_Client::setOpt(): expects a long integer timeout value D:\wamp\www\Finance\Admin\ThinkPHP\Library\Org\Api\ServiceProxy.class.php 第 675 行.
NOTIC: [8] Undefined index: shop_url D:\wamp\www\Finance\Admin\ThinkPHP\Library\Org\Api\ServiceProxy.class.php 第 405 行.
NOTIC: [8] Undefined index: platform_domain D:\wamp\www\Finance\Admin\ThinkPHP\Library\Org\Api\ServiceProxy.class.php 第 406 行.
NOTIC: [8] Undefined index: TOKEN D:\wamp\www\Finance\Admin\App\Common\Conf\siteInfo.php 第 15 行.
INFO: [ app_begin ] --START--
INFO: Run Behavior\ReadHtmlCacheBehavior [ RunTime:0.000514s ]
INFO: [ app_begin ] --END-- [ RunTime:0.000591s ]
NOTIC: [2] Yar_Client::setOpt(): expects a long integer timeout value D:\wamp\www\Finance\Admin\ThinkPHP\Library\Org\Api\ServiceProxy.class.php 第 675 行.

[ 2019-03-15T13:45:04+08:00 ] 127.0.0.1 //g/getsessionid
INFO: [ app_init ] --START--
INFO: Run Behavior\BuildLiteBehavior [ RunTime:0.000021s ]
INFO: [ app_init ] --END-- [ RunTime:0.000475s ]
NOTIC: [8] Use of undefined constant SELLER_ID - assumed 'SELLER_ID' D:\wamp\www\Finance\Admin\ThinkPHP\Library\Org\Api\ServiceProxy.class.php 第 278 行.
NOTIC: [8] Use of undefined constant SHOP_ID - assumed 'SHOP_ID' D:\wamp\www\Finance\Admin\ThinkPHP\Library\Org\Api\ServiceProxy.class.php 第 279 行.
NOTIC: [2] Yar_Client::setOpt(): expects a long integer timeout value D:\wamp\www\Finance\Admin\ThinkPHP\Library\Org\Api\ServiceProxy.class.php 第 675 行.
NOTIC: [8] Undefined index: shop_url D:\wamp\www\Finance\Admin\ThinkPHP\Library\Org\Api\ServiceProxy.class.php 第 405 行.
NOTIC: [8] Undefined index: platform_domain D:\wamp\www\Finance\Admin\ThinkPHP\Library\Org\Api\ServiceProxy.class.php 第 406 行.
NOTIC: [8] Undefined index: TOKEN D:\wamp\www\Finance\Admin\App\Common\Conf\siteInfo.php 第 15 行.
INFO: [ app_begin ] --START--
INFO: Run Behavior\ReadHtmlCacheBehavior [ RunTime:0.000590s ]
INFO: [ app_begin ] --END-- [ RunTime:0.000673s ]
NOTIC: [8] Use of undefined constant json - assumed 'json' D:\wamp\www\Finance\Admin\App\SmallProgram\Controller\GoodsController.class.php 第 7 行.

[ 2019-03-15T13:56:21+08:00 ] 127.0.0.1 //g/goods_list
INFO: [ app_init ] --START--
INFO: Run Behavior\BuildLiteBehavior [ RunTime:0.000018s ]
INFO: [ app_init ] --END-- [ RunTime:0.000423s ]
NOTIC: [8] Use of undefined constant SELLER_ID - assumed 'SELLER_ID' D:\wamp\www\Finance\Admin\ThinkPHP\Library\Org\Api\ServiceProxy.class.php 第 278 行.
NOTIC: [8] Use of undefined constant SHOP_ID - assumed 'SHOP_ID' D:\wamp\www\Finance\Admin\ThinkPHP\Library\Org\Api\ServiceProxy.class.php 第 279 行.
NOTIC: [2] Yar_Client::setOpt(): expects a long integer timeout value D:\wamp\www\Finance\Admin\ThinkPHP\Library\Org\Api\ServiceProxy.class.php 第 675 行.
NOTIC: [8] Undefined index: shop_url D:\wamp\www\Finance\Admin\ThinkPHP\Library\Org\Api\ServiceProxy.class.php 第 405 行.
NOTIC: [8] Undefined index: platform_domain D:\wamp\www\Finance\Admin\ThinkPHP\Library\Org\Api\ServiceProxy.class.php 第 406 行.
NOTIC: [8] Undefined index: TOKEN D:\wamp\www\Finance\Admin\App\Common\Conf\siteInfo.php 第 15 行.
INFO: [ app_begin ] --START--
INFO: Run Behavior\ReadHtmlCacheBehavior [ RunTime:0.000654s ]
INFO: [ app_begin ] --END-- [ RunTime:0.000748s ]
NOTIC: [2] Yar_Client::setOpt(): expects a long integer timeout value D:\wamp\www\Finance\Admin\ThinkPHP\Library\Org\Api\ServiceProxy.class.php 第 675 行.

[ 2019-03-15T14:03:57+08:00 ] 127.0.0.1 //g/goods_list
INFO: [ app_init ] --START--
INFO: Run Behavior\BuildLiteBehavior [ RunTime:0.000032s ]
INFO: [ app_init ] --END-- [ RunTime:0.000483s ]
NOTIC: [8] Use of undefined constant SELLER_ID - assumed 'SELLER_ID' D:\wamp\www\Finance\Admin\ThinkPHP\Library\Org\Api\ServiceProxy.class.php 第 278 行.
NOTIC: [8] Use of undefined constant SHOP_ID - assumed 'SHOP_ID' D:\wamp\www\Finance\Admin\ThinkPHP\Library\Org\Api\ServiceProxy.class.php 第 279 行.
NOTIC: [2] Yar_Client::setOpt(): expects a long integer timeout value D:\wamp\www\Finance\Admin\ThinkPHP\Library\Org\Api\ServiceProxy.class.php 第 675 行.
NOTIC: [8] Undefined index: shop_url D:\wamp\www\Finance\Admin\ThinkPHP\Library\Org\Api\ServiceProxy.class.php 第 405 行.
NOTIC: [8] Undefined index: platform_domain D:\wamp\www\Finance\Admin\ThinkPHP\Library\Org\Api\ServiceProxy.class.php 第 406 行.
NOTIC: [8] Undefined index: TOKEN D:\wamp\www\Finance\Admin\App\Common\Conf\siteInfo.php 第 15 行.
INFO: [ app_begin ] --START--
INFO: Run Behavior\ReadHtmlCacheBehavior [ RunTime:0.000775s ]
INFO: [ app_begin ] --END-- [ RunTime:0.000872s ]
NOTIC: [2] Yar_Client::setOpt(): expects a long integer timeout value D:\wamp\www\Finance\Admin\ThinkPHP\Library\Org\Api\ServiceProxy.class.php 第 675 行.

[ 2019-03-15T14:13:06+08:00 ] 192.168.0.150 //g/getsessionid
INFO: [ app_init ] --START--
INFO: Run Behavior\BuildLiteBehavior [ RunTime:0.000023s ]
INFO: [ app_init ] --END-- [ RunTime:0.000536s ]
NOTIC: [8] Use of undefined constant SELLER_ID - assumed 'SELLER_ID' D:\wamp\www\Finance\Admin\ThinkPHP\Library\Org\Api\ServiceProxy.class.php 第 278 行.
NOTIC: [8] Use of undefined constant SHOP_ID - assumed 'SHOP_ID' D:\wamp\www\Finance\Admin\ThinkPHP\Library\Org\Api\ServiceProxy.class.php 第 279 行.
NOTIC: [2] Yar_Client::setOpt(): expects a long integer timeout value D:\wamp\www\Finance\Admin\ThinkPHP\Library\Org\Api\ServiceProxy.class.php 第 675 行.
NOTIC: [8] Undefined index: shop_url D:\wamp\www\Finance\Admin\ThinkPHP\Library\Org\Api\ServiceProxy.class.php 第 405 行.
NOTIC: [8] Undefined index: platform_domain D:\wamp\www\Finance\Admin\ThinkPHP\Library\Org\Api\ServiceProxy.class.php 第 406 行.
NOTIC: [8] Undefined index: TOKEN D:\wamp\www\Finance\Admin\App\Common\Conf\siteInfo.php 第 15 行.
INFO: [ app_begin ] --START--
INFO: Run Behavior\ReadHtmlCacheBehavior [ RunTime:0.000556s ]
INFO: [ app_begin ] --END-- [ RunTime:0.000637s ]
NOTIC: [8] Use of undefined constant json - assumed 'json' D:\wamp\www\Finance\Admin\App\SmallProgram\Controller\GoodsController.class.php 第 7 行.

[ 2019-03-15T14:13:20+08:00 ] 192.168.0.150 //g/getsessionid
INFO: [ app_init ] --START--
INFO: Run Behavior\BuildLiteBehavior [ RunTime:0.000017s ]
INFO: [ app_init ] --END-- [ RunTime:0.000372s ]
NOTIC: [8] Use of undefined constant SELLER_ID - assumed 'SELLER_ID' D:\wamp\www\Finance\Admin\ThinkPHP\Library\Org\Api\ServiceProxy.class.php 第 278 行.
NOTIC: [8] Use of undefined constant SHOP_ID - assumed 'SHOP_ID' D:\wamp\www\Finance\Admin\ThinkPHP\Library\Org\Api\ServiceProxy.class.php 第 279 行.
NOTIC: [2] Yar_Client::setOpt(): expects a long integer timeout value D:\wamp\www\Finance\Admin\ThinkPHP\Library\Org\Api\ServiceProxy.class.php 第 675 行.
NOTIC: [8] Undefined index: shop_url D:\wamp\www\Finance\Admin\ThinkPHP\Library\Org\Api\ServiceProxy.class.php 第 405 行.
NOTIC: [8] Undefined index: platform_domain D:\wamp\www\Finance\Admin\ThinkPHP\Library\Org\Api\ServiceProxy.class.php 第 406 行.
NOTIC: [8] Undefined index: TOKEN D:\wamp\www\Finance\Admin\App\Common\Conf\siteInfo.php 第 15 行.
INFO: [ app_begin ] --START--
INFO: Run Behavior\ReadHtmlCacheBehavior [ RunTime:0.000468s ]
INFO: [ app_begin ] --END-- [ RunTime:0.000553s ]
NOTIC: [8] Use of undefined constant json - assumed 'json' D:\wamp\www\Finance\Admin\App\SmallProgram\Controller\GoodsController.class.php 第 7 行.

[ 2019-03-15T14:14:19+08:00 ] 192.168.0.150 //g/goods_list
INFO: [ app_init ] --START--
INFO: Run Behavior\BuildLiteBehavior [ RunTime:0.000016s ]
INFO: [ app_init ] --END-- [ RunTime:0.000365s ]
NOTIC: [8] Use of undefined constant SELLER_ID - assumed 'SELLER_ID' D:\wamp\www\Finance\Admin\ThinkPHP\Library\Org\Api\ServiceProxy.class.php 第 278 行.
NOTIC: [8] Use of undefined constant SHOP_ID - assumed 'SHOP_ID' D:\wamp\www\Finance\Admin\ThinkPHP\Library\Org\Api\ServiceProxy.class.php 第 279 行.
NOTIC: [2] Yar_Client::setOpt(): expects a long integer timeout value D:\wamp\www\Finance\Admin\ThinkPHP\Library\Org\Api\ServiceProxy.class.php 第 675 行.
NOTIC: [8] Undefined index: shop_url D:\wamp\www\Finance\Admin\ThinkPHP\Library\Org\Api\ServiceProxy.class.php 第 405 行.
NOTIC: [8] Undefined index: platform_domain D:\wamp\www\Finance\Admin\ThinkPHP\Library\Org\Api\ServiceProxy.class.php 第 406 行.
NOTIC: [8] Undefined index: TOKEN D:\wamp\www\Finance\Admin\App\Common\Conf\siteInfo.php 第 15 行.
INFO: [ app_begin ] --START--
INFO: Run Behavior\ReadHtmlCacheBehavior [ RunTime:0.000531s ]
INFO: [ app_begin ] --END-- [ RunTime:0.000606s ]
NOTIC: [2] Yar_Client::setOpt(): expects a long integer timeout value D:\wamp\www\Finance\Admin\ThinkPHP\Library\Org\Api\ServiceProxy.class.php 第 675 行.

[ 2019-03-15T14:16:31+08:00 ] 192.168.0.150 //g/goods_list
INFO: [ app_init ] --START--
INFO: Run Behavior\BuildLiteBehavior [ RunTime:0.000017s ]
INFO: [ app_init ] --END-- [ RunTime:0.000429s ]
NOTIC: [8] Use of undefined constant SELLER_ID - assumed 'SELLER_ID' D:\wamp\www\Finance\Admin\ThinkPHP\Library\Org\Api\ServiceProxy.class.php 第 278 行.
NOTIC: [8] Use of undefined constant SHOP_ID - assumed 'SHOP_ID' D:\wamp\www\Finance\Admin\ThinkPHP\Library\Org\Api\ServiceProxy.class.php 第 279 行.
NOTIC: [2] Yar_Client::setOpt(): expects a long integer timeout value D:\wamp\www\Finance\Admin\ThinkPHP\Library\Org\Api\ServiceProxy.class.php 第 675 行.
NOTIC: [8] Undefined index: shop_url D:\wamp\www\Finance\Admin\ThinkPHP\Library\Org\Api\ServiceProxy.class.php 第 405 行.
NOTIC: [8] Undefined index: platform_domain D:\wamp\www\Finance\Admin\ThinkPHP\Library\Org\Api\ServiceProxy.class.php 第 406 行.
NOTIC: [8] Undefined index: TOKEN D:\wamp\www\Finance\Admin\App\Common\Conf\siteInfo.php 第 15 行.
INFO: [ app_begin ] --START--
INFO: Run Behavior\ReadHtmlCacheBehavior [ RunTime:0.005818s ]
INFO: [ app_begin ] --END-- [ RunTime:0.005967s ]
NOTIC: [2] Yar_Client::setOpt(): expects a long integer timeout value D:\wamp\www\Finance\Admin\ThinkPHP\Library\Org\Api\ServiceProxy.class.php 第 675 行.

[ 2019-03-15T14:17:21+08:00 ] 192.168.0.150 //g/goods_list
INFO: [ app_init ] --START--
INFO: Run Behavior\BuildLiteBehavior [ RunTime:0.000019s ]
INFO: [ app_init ] --END-- [ RunTime:0.000725s ]
NOTIC: [8] Use of undefined constant SELLER_ID - assumed 'SELLER_ID' D:\wamp\www\Finance\Admin\ThinkPHP\Library\Org\Api\ServiceProxy.class.php 第 278 行.
NOTIC: [8] Use of undefined constant SHOP_ID - assumed 'SHOP_ID' D:\wamp\www\Finance\Admin\ThinkPHP\Library\Org\Api\ServiceProxy.class.php 第 279 行.
NOTIC: [2] Yar_Client::setOpt(): expects a long integer timeout value D:\wamp\www\Finance\Admin\ThinkPHP\Library\Org\Api\ServiceProxy.class.php 第 675 行.
NOTIC: [8] Undefined index: shop_url D:\wamp\www\Finance\Admin\ThinkPHP\Library\Org\Api\ServiceProxy.class.php 第 405 行.
NOTIC: [8] Undefined index: platform_domain D:\wamp\www\Finance\Admin\ThinkPHP\Library\Org\Api\ServiceProxy.class.php 第 406 行.
NOTIC: [8] Undefined index: TOKEN D:\wamp\www\Finance\Admin\App\Common\Conf\siteInfo.php 第 15 行.
INFO: [ app_begin ] --START--
INFO: Run Behavior\ReadHtmlCacheBehavior [ RunTime:0.000490s ]
INFO: [ app_begin ] --END-- [ RunTime:0.000573s ]
NOTIC: [2] Yar_Client::setOpt(): expects a long integer timeout value D:\wamp\www\Finance\Admin\ThinkPHP\Library\Org\Api\ServiceProxy.class.php 第 675 行.

[ 2019-03-15T14:17:23+08:00 ] 192.168.0.150 //g/goods_list
INFO: [ app_init ] --START--
INFO: Run Behavior\BuildLiteBehavior [ RunTime:0.000036s ]
INFO: [ app_init ] --END-- [ RunTime:0.000618s ]
NOTIC: [8] Use of undefined constant SELLER_ID - assumed 'SELLER_ID' D:\wamp\www\Finance\Admin\ThinkPHP\Library\Org\Api\ServiceProxy.class.php 第 278 行.
NOTIC: [8] Use of undefined constant SHOP_ID - assumed 'SHOP_ID' D:\wamp\www\Finance\Admin\ThinkPHP\Library\Org\Api\ServiceProxy.class.php 第 279 行.
NOTIC: [2] Yar_Client::setOpt(): expects a long integer timeout value D:\wamp\www\Finance\Admin\ThinkPHP\Library\Org\Api\ServiceProxy.class.php 第 675 行.
NOTIC: [8] Undefined index: shop_url D:\wamp\www\Finance\Admin\ThinkPHP\Library\Org\Api\ServiceProxy.class.php 第 405 行.
NOTIC: [8] Undefined index: platform_domain D:\wamp\www\Finance\Admin\ThinkPHP\Library\Org\Api\ServiceProxy.class.php 第 406 行.
NOTIC: [8] Undefined index: TOKEN D:\wamp\www\Finance\Admin\App\Common\Conf\siteInfo.php 第 15 行.
INFO: [ app_begin ] --START--
INFO: Run Behavior\ReadHtmlCacheBehavior [ RunTime:0.000986s ]
INFO: [ app_begin ] --END-- [ RunTime:0.001144s ]
NOTIC: [2] Yar_Client::setOpt(): expects a long integer timeout value D:\wamp\www\Finance\Admin\ThinkPHP\Library\Org\Api\ServiceProxy.class.php 第 675 行.

[ 2019-03-15T14:21:55+08:00 ] 192.168.0.150 //g/goods_list
INFO: [ app_init ] --START--
INFO: Run Behavior\BuildLiteBehavior [ RunTime:0.000016s ]
INFO: [ app_init ] --END-- [ RunTime:0.000456s ]
NOTIC: [8] Use of undefined constant SELLER_ID - assumed 'SELLER_ID' D:\wamp\www\Finance\Admin\ThinkPHP\Library\Org\Api\ServiceProxy.class.php 第 278 行.
NOTIC: [8] Use of undefined constant SHOP_ID - assumed 'SHOP_ID' D:\wamp\www\Finance\Admin\ThinkPHP\Library\Org\Api\ServiceProxy.class.php 第 279 行.
NOTIC: [2] Yar_Client::setOpt(): expects a long integer timeout value D:\wamp\www\Finance\Admin\ThinkPHP\Library\Org\Api\ServiceProxy.class.php 第 675 行.
NOTIC: [8] Undefined index: shop_url D:\wamp\www\Finance\Admin\ThinkPHP\Library\Org\Api\ServiceProxy.class.php 第 405 行.
NOTIC: [8] Undefined index: platform_domain D:\wamp\www\Finance\Admin\ThinkPHP\Library\Org\Api\ServiceProxy.class.php 第 406 行.
NOTIC: [8] Undefined index: TOKEN D:\wamp\www\Finance\Admin\App\Common\Conf\siteInfo.php 第 15 行.
INFO: [ app_begin ] --START--
INFO: Run Behavior\ReadHtmlCacheBehavior [ RunTime:0.000599s ]
INFO: [ app_begin ] --END-- [ RunTime:0.000673s ]
NOTIC: [2] Yar_Client::setOpt(): expects a long integer timeout value D:\wamp\www\Finance\Admin\ThinkPHP\Library\Org\Api\ServiceProxy.class.php 第 675 行.

[ 2019-03-15T14:23:54+08:00 ] 192.168.0.150 //g/goods_list
INFO: [ app_init ] --START--
INFO: Run Behavior\BuildLiteBehavior [ RunTime:0.000016s ]
INFO: [ app_init ] --END-- [ RunTime:0.000402s ]
NOTIC: [8] Use of undefined constant SELLER_ID - assumed 'SELLER_ID' D:\wamp\www\Finance\Admin\ThinkPHP\Library\Org\Api\ServiceProxy.class.php 第 278 行.
NOTIC: [8] Use of undefined constant SHOP_ID - assumed 'SHOP_ID' D:\wamp\www\Finance\Admin\ThinkPHP\Library\Org\Api\ServiceProxy.class.php 第 279 行.
NOTIC: [2] Yar_Client::setOpt(): expects a long integer timeout value D:\wamp\www\Finance\Admin\ThinkPHP\Library\Org\Api\ServiceProxy.class.php 第 675 行.
NOTIC: [8] Undefined index: shop_url D:\wamp\www\Finance\Admin\ThinkPHP\Library\Org\Api\ServiceProxy.class.php 第 405 行.
NOTIC: [8] Undefined index: platform_domain D:\wamp\www\Finance\Admin\ThinkPHP\Library\Org\Api\ServiceProxy.class.php 第 406 行.
NOTIC: [8] Undefined index: TOKEN D:\wamp\www\Finance\Admin\App\Common\Conf\siteInfo.php 第 15 行.
INFO: [ app_begin ] --START--
INFO: Run Behavior\ReadHtmlCacheBehavior [ RunTime:0.000526s ]
INFO: [ app_begin ] --END-- [ RunTime:0.000601s ]
NOTIC: [2] Yar_Client::setOpt(): expects a long integer timeout value D:\wamp\www\Finance\Admin\ThinkPHP\Library\Org\Api\ServiceProxy.class.php 第 675 行.

[ 2019-03-15T14:24:01+08:00 ] 192.168.0.150 //g/goods_list
INFO: [ app_init ] --START--
INFO: Run Behavior\BuildLiteBehavior [ RunTime:0.000028s ]
INFO: [ app_init ] --END-- [ RunTime:0.000592s ]
NOTIC: [8] Use of undefined constant SELLER_ID - assumed 'SELLER_ID' D:\wamp\www\Finance\Admin\ThinkPHP\Library\Org\Api\ServiceProxy.class.php 第 278 行.
NOTIC: [8] Use of undefined constant SHOP_ID - assumed 'SHOP_ID' D:\wamp\www\Finance\Admin\ThinkPHP\Library\Org\Api\ServiceProxy.class.php 第 279 行.
NOTIC: [2] Yar_Client::setOpt(): expects a long integer timeout value D:\wamp\www\Finance\Admin\ThinkPHP\Library\Org\Api\ServiceProxy.class.php 第 675 行.
NOTIC: [8] Undefined index: shop_url D:\wamp\www\Finance\Admin\ThinkPHP\Library\Org\Api\ServiceProxy.class.php 第 405 行.
NOTIC: [8] Undefined index: platform_domain D:\wamp\www\Finance\Admin\ThinkPHP\Library\Org\Api\ServiceProxy.class.php 第 406 行.
NOTIC: [8] Undefined index: TOKEN D:\wamp\www\Finance\Admin\App\Common\Conf\siteInfo.php 第 15 行.
INFO: [ app_begin ] --START--
INFO: Run Behavior\ReadHtmlCacheBehavior [ RunTime:0.000638s ]
INFO: [ app_begin ] --END-- [ RunTime:0.000728s ]
NOTIC: [2] Yar_Client::setOpt(): expects a long integer timeout value D:\wamp\www\Finance\Admin\ThinkPHP\Library\Org\Api\ServiceProxy.class.php 第 675 行.

[ 2019-03-15T14:25:32+08:00 ] 192.168.0.150 //g/goods_list
INFO: [ app_init ] --START--
INFO: Run Behavior\BuildLiteBehavior [ RunTime:0.000015s ]
INFO: [ app_init ] --END-- [ RunTime:0.000390s ]
NOTIC: [8] Use of undefined constant SELLER_ID - assumed 'SELLER_ID' D:\wamp\www\Finance\Admin\ThinkPHP\Library\Org\Api\ServiceProxy.class.php 第 278 行.
NOTIC: [8] Use of undefined constant SHOP_ID - assumed 'SHOP_ID' D:\wamp\www\Finance\Admin\ThinkPHP\Library\Org\Api\ServiceProxy.class.php 第 279 行.
NOTIC: [2] Yar_Client::setOpt(): expects a long integer timeout value D:\wamp\www\Finance\Admin\ThinkPHP\Library\Org\Api\ServiceProxy.class.php 第 675 行.
NOTIC: [8] Undefined index: shop_url D:\wamp\www\Finance\Admin\ThinkPHP\Library\Org\Api\ServiceProxy.class.php 第 405 行.
NOTIC: [8] Undefined index: platform_domain D:\wamp\www\Finance\Admin\ThinkPHP\Library\Org\Api\ServiceProxy.class.php 第 406 行.
NOTIC: [8] Undefined index: TOKEN D:\wamp\www\Finance\Admin\App\Common\Conf\siteInfo.php 第 15 行.
INFO: [ app_begin ] --START--
INFO: Run Behavior\ReadHtmlCacheBehavior [ RunTime:0.000507s ]
INFO: [ app_begin ] --END-- [ RunTime:0.000593s ]
NOTIC: [2] Yar_Client::setOpt(): expects a long integer timeout value D:\wamp\www\Finance\Admin\ThinkPHP\Library\Org\Api\ServiceProxy.class.php 第 675 行.

[ 2019-03-15T14:25:35+08:00 ] 192.168.0.150 //g/goods_list
INFO: [ app_init ] --START--
INFO: Run Behavior\BuildLiteBehavior [ RunTime:0.000015s ]
INFO: [ app_init ] --END-- [ RunTime:0.000415s ]
NOTIC: [8] Use of undefined constant SELLER_ID - assumed 'SELLER_ID' D:\wamp\www\Finance\Admin\ThinkPHP\Library\Org\Api\ServiceProxy.class.php 第 278 行.
NOTIC: [8] Use of undefined constant SHOP_ID - assumed 'SHOP_ID' D:\wamp\www\Finance\Admin\ThinkPHP\Library\Org\Api\ServiceProxy.class.php 第 279 行.
NOTIC: [2] Yar_Client::setOpt(): expects a long integer timeout value D:\wamp\www\Finance\Admin\ThinkPHP\Library\Org\Api\ServiceProxy.class.php 第 675 行.
NOTIC: [8] Undefined index: shop_url D:\wamp\www\Finance\Admin\ThinkPHP\Library\Org\Api\ServiceProxy.class.php 第 405 行.
NOTIC: [8] Undefined index: platform_domain D:\wamp\www\Finance\Admin\ThinkPHP\Library\Org\Api\ServiceProxy.class.php 第 406 行.
NOTIC: [8] Undefined index: TOKEN D:\wamp\www\Finance\Admin\App\Common\Conf\siteInfo.php 第 15 行.
INFO: [ app_begin ] --START--
INFO: Run Behavior\ReadHtmlCacheBehavior [ RunTime:0.000480s ]
INFO: [ app_begin ] --END-- [ RunTime:0.000554s ]
NOTIC: [2] Yar_Client::setOpt(): expects a long integer timeout value D:\wamp\www\Finance\Admin\ThinkPHP\Library\Org\Api\ServiceProxy.class.php 第 675 行.

[ 2019-03-15T14:26:08+08:00 ] 127.0.0.1 //g/goods_list
INFO: [ app_init ] --START--
INFO: Run Behavior\BuildLiteBehavior [ RunTime:0.000033s ]
INFO: [ app_init ] --END-- [ RunTime:0.000513s ]
NOTIC: [8] Use of undefined constant SELLER_ID - assumed 'SELLER_ID' D:\wamp\www\Finance\Admin\ThinkPHP\Library\Org\Api\ServiceProxy.class.php 第 278 行.
NOTIC: [8] Use of undefined constant SHOP_ID - assumed 'SHOP_ID' D:\wamp\www\Finance\Admin\ThinkPHP\Library\Org\Api\ServiceProxy.class.php 第 279 行.
NOTIC: [2] Yar_Client::setOpt(): expects a long integer timeout value D:\wamp\www\Finance\Admin\ThinkPHP\Library\Org\Api\ServiceProxy.class.php 第 675 行.
NOTIC: [8] Undefined index: shop_url D:\wamp\www\Finance\Admin\ThinkPHP\Library\Org\Api\ServiceProxy.class.php 第 405 行.
NOTIC: [8] Undefined index: platform_domain D:\wamp\www\Finance\Admin\ThinkPHP\Library\Org\Api\ServiceProxy.class.php 第 406 行.
NOTIC: [8] Undefined index: TOKEN D:\wamp\www\Finance\Admin\App\Common\Conf\siteInfo.php 第 15 行.
INFO: [ app_begin ] --START--
INFO: Run Behavior\ReadHtmlCacheBehavior [ RunTime:0.000978s ]
INFO: [ app_begin ] --END-- [ RunTime:0.001089s ]
NOTIC: [2] Yar_Client::setOpt(): expects a long integer timeout value D:\wamp\www\Finance\Admin\ThinkPHP\Library\Org\Api\ServiceProxy.class.php 第 675 行.

[ 2019-03-15T14:26:40+08:00 ] 192.168.0.150 //g/goods_list
INFO: [ app_init ] --START--
INFO: Run Behavior\BuildLiteBehavior [ RunTime:0.000016s ]
INFO: [ app_init ] --END-- [ RunTime:0.000365s ]
NOTIC: [8] Use of undefined constant SELLER_ID - assumed 'SELLER_ID' D:\wamp\www\Finance\Admin\ThinkPHP\Library\Org\Api\ServiceProxy.class.php 第 278 行.
NOTIC: [8] Use of undefined constant SHOP_ID - assumed 'SHOP_ID' D:\wamp\www\Finance\Admin\ThinkPHP\Library\Org\Api\ServiceProxy.class.php 第 279 行.
NOTIC: [2] Yar_Client::setOpt(): expects a long integer timeout value D:\wamp\www\Finance\Admin\ThinkPHP\Library\Org\Api\ServiceProxy.class.php 第 675 行.
NOTIC: [8] Undefined index: shop_url D:\wamp\www\Finance\Admin\ThinkPHP\Library\Org\Api\ServiceProxy.class.php 第 405 行.
NOTIC: [8] Undefined index: platform_domain D:\wamp\www\Finance\Admin\ThinkPHP\Library\Org\Api\ServiceProxy.class.php 第 406 行.
NOTIC: [8] Undefined index: TOKEN D:\wamp\www\Finance\Admin\App\Common\Conf\siteInfo.php 第 15 行.
INFO: [ app_begin ] --START--
INFO: Run Behavior\ReadHtmlCacheBehavior [ RunTime:0.000512s ]
INFO: [ app_begin ] --END-- [ RunTime:0.000586s ]
NOTIC: [2] Yar_Client::setOpt(): expects a long integer timeout value D:\wamp\www\Finance\Admin\ThinkPHP\Library\Org\Api\ServiceProxy.class.php 第 675 行.

[ 2019-03-15T14:26:45+08:00 ] 192.168.0.150 //g/goods_list
INFO: [ app_init ] --START--
INFO: Run Behavior\BuildLiteBehavior [ RunTime:0.000016s ]
INFO: [ app_init ] --END-- [ RunTime:0.000415s ]
NOTIC: [8] Use of undefined constant SELLER_ID - assumed 'SELLER_ID' D:\wamp\www\Finance\Admin\ThinkPHP\Library\Org\Api\ServiceProxy.class.php 第 278 行.
NOTIC: [8] Use of undefined constant SHOP_ID - assumed 'SHOP_ID' D:\wamp\www\Finance\Admin\ThinkPHP\Library\Org\Api\ServiceProxy.class.php 第 279 行.
NOTIC: [2] Yar_Client::setOpt(): expects a long integer timeout value D:\wamp\www\Finance\Admin\ThinkPHP\Library\Org\Api\ServiceProxy.class.php 第 675 行.
NOTIC: [8] Undefined index: shop_url D:\wamp\www\Finance\Admin\ThinkPHP\Library\Org\Api\ServiceProxy.class.php 第 405 行.
NOTIC: [8] Undefined index: platform_domain D:\wamp\www\Finance\Admin\ThinkPHP\Library\Org\Api\ServiceProxy.class.php 第 406 行.
NOTIC: [8] Undefined index: TOKEN D:\wamp\www\Finance\Admin\App\Common\Conf\siteInfo.php 第 15 行.
INFO: [ app_begin ] --START--
INFO: Run Behavior\ReadHtmlCacheBehavior [ RunTime:0.000467s ]
INFO: [ app_begin ] --END-- [ RunTime:0.000543s ]
NOTIC: [2] Yar_Client::setOpt(): expects a long integer timeout value D:\wamp\www\Finance\Admin\ThinkPHP\Library\Org\Api\ServiceProxy.class.php 第 675 行.

[ 2019-03-15T14:28:20+08:00 ] 192.168.0.150 //g/goods_list
INFO: [ app_init ] --START--
INFO: Run Behavior\BuildLiteBehavior [ RunTime:0.000030s ]
INFO: [ app_init ] --END-- [ RunTime:0.000581s ]
NOTIC: [8] Use of undefined constant SELLER_ID - assumed 'SELLER_ID' D:\wamp\www\Finance\Admin\ThinkPHP\Library\Org\Api\ServiceProxy.class.php 第 278 行.
NOTIC: [8] Use of undefined constant SHOP_ID - assumed 'SHOP_ID' D:\wamp\www\Finance\Admin\ThinkPHP\Library\Org\Api\ServiceProxy.class.php 第 279 行.
NOTIC: [2] Yar_Client::setOpt(): expects a long integer timeout value D:\wamp\www\Finance\Admin\ThinkPHP\Library\Org\Api\ServiceProxy.class.php 第 675 行.
NOTIC: [8] Undefined index: shop_url D:\wamp\www\Finance\Admin\ThinkPHP\Library\Org\Api\ServiceProxy.class.php 第 405 行.
NOTIC: [8] Undefined index: platform_domain D:\wamp\www\Finance\Admin\ThinkPHP\Library\Org\Api\ServiceProxy.class.php 第 406 行.
NOTIC: [8] Undefined index: TOKEN D:\wamp\www\Finance\Admin\App\Common\Conf\siteInfo.php 第 15 行.
INFO: [ app_begin ] --START--
INFO: Run Behavior\ReadHtmlCacheBehavior [ RunTime:0.000556s ]
INFO: [ app_begin ] --END-- [ RunTime:0.000646s ]
NOTIC: [2] Yar_Client::setOpt(): expects a long integer timeout value D:\wamp\www\Finance\Admin\ThinkPHP\Library\Org\Api\ServiceProxy.class.php 第 675 行.

[ 2019-03-15T14:28:31+08:00 ] 192.168.0.150 //g/goods_list
INFO: [ app_init ] --START--
INFO: Run Behavior\BuildLiteBehavior [ RunTime:0.000018s ]
INFO: [ app_init ] --END-- [ RunTime:0.000431s ]
NOTIC: [8] Use of undefined constant SELLER_ID - assumed 'SELLER_ID' D:\wamp\www\Finance\Admin\ThinkPHP\Library\Org\Api\ServiceProxy.class.php 第 278 行.
NOTIC: [8] Use of undefined constant SHOP_ID - assumed 'SHOP_ID' D:\wamp\www\Finance\Admin\ThinkPHP\Library\Org\Api\ServiceProxy.class.php 第 279 行.
NOTIC: [2] Yar_Client::setOpt(): expects a long integer timeout value D:\wamp\www\Finance\Admin\ThinkPHP\Library\Org\Api\ServiceProxy.class.php 第 675 行.
NOTIC: [8] Undefined index: shop_url D:\wamp\www\Finance\Admin\ThinkPHP\Library\Org\Api\ServiceProxy.class.php 第 405 行.
NOTIC: [8] Undefined index: platform_domain D:\wamp\www\Finance\Admin\ThinkPHP\Library\Org\Api\ServiceProxy.class.php 第 406 行.
NOTIC: [8] Undefined index: TOKEN D:\wamp\www\Finance\Admin\App\Common\Conf\siteInfo.php 第 15 行.
INFO: [ app_begin ] --START--
INFO: Run Behavior\ReadHtmlCacheBehavior [ RunTime:0.000524s ]
INFO: [ app_begin ] --END-- [ RunTime:0.000598s ]
NOTIC: [2] Yar_Client::setOpt(): expects a long integer timeout value D:\wamp\www\Finance\Admin\ThinkPHP\Library\Org\Api\ServiceProxy.class.php 第 675 行.

[ 2019-03-15T14:29:37+08:00 ] 192.168.0.150 //g/goods_list
INFO: [ app_init ] --START--
INFO: Run Behavior\BuildLiteBehavior [ RunTime:0.000015s ]
INFO: [ app_init ] --END-- [ RunTime:0.000402s ]
NOTIC: [8] Use of undefined constant SELLER_ID - assumed 'SELLER_ID' D:\wamp\www\Finance\Admin\ThinkPHP\Library\Org\Api\ServiceProxy.class.php 第 278 行.
NOTIC: [8] Use of undefined constant SHOP_ID - assumed 'SHOP_ID' D:\wamp\www\Finance\Admin\ThinkPHP\Library\Org\Api\ServiceProxy.class.php 第 279 行.
NOTIC: [2] Yar_Client::setOpt(): expects a long integer timeout value D:\wamp\www\Finance\Admin\ThinkPHP\Library\Org\Api\ServiceProxy.class.php 第 675 行.
NOTIC: [8] Undefined index: shop_url D:\wamp\www\Finance\Admin\ThinkPHP\Library\Org\Api\ServiceProxy.class.php 第 405 行.
NOTIC: [8] Undefined index: platform_domain D:\wamp\www\Finance\Admin\ThinkPHP\Library\Org\Api\ServiceProxy.class.php 第 406 行.
NOTIC: [8] Undefined index: TOKEN D:\wamp\www\Finance\Admin\App\Common\Conf\siteInfo.php 第 15 行.
INFO: [ app_begin ] --START--
INFO: Run Behavior\ReadHtmlCacheBehavior [ RunTime:0.000528s ]
INFO: [ app_begin ] --END-- [ RunTime:0.000605s ]
NOTIC: [2] Yar_Client::setOpt(): expects a long integer timeout value D:\wamp\www\Finance\Admin\ThinkPHP\Library\Org\Api\ServiceProxy.class.php 第 675 行.

[ 2019-03-15T14:29:47+08:00 ] 192.168.0.150 //g/goods_list
INFO: [ app_init ] --START--
INFO: Run Behavior\BuildLiteBehavior [ RunTime:0.000017s ]
INFO: [ app_init ] --END-- [ RunTime:0.000408s ]
NOTIC: [8] Use of undefined constant SELLER_ID - assumed 'SELLER_ID' D:\wamp\www\Finance\Admin\ThinkPHP\Library\Org\Api\ServiceProxy.class.php 第 278 行.
NOTIC: [8] Use of undefined constant SHOP_ID - assumed 'SHOP_ID' D:\wamp\www\Finance\Admin\ThinkPHP\Library\Org\Api\ServiceProxy.class.php 第 279 行.
NOTIC: [2] Yar_Client::setOpt(): expects a long integer timeout value D:\wamp\www\Finance\Admin\ThinkPHP\Library\Org\Api\ServiceProxy.class.php 第 675 行.
NOTIC: [8] Undefined index: shop_url D:\wamp\www\Finance\Admin\ThinkPHP\Library\Org\Api\ServiceProxy.class.php 第 405 行.
NOTIC: [8] Undefined index: platform_domain D:\wamp\www\Finance\Admin\ThinkPHP\Library\Org\Api\ServiceProxy.class.php 第 406 行.
NOTIC: [8] Undefined index: TOKEN D:\wamp\www\Finance\Admin\App\Common\Conf\siteInfo.php 第 15 行.
INFO: [ app_begin ] --START--
INFO: Run Behavior\ReadHtmlCacheBehavior [ RunTime:0.000464s ]
INFO: [ app_begin ] --END-- [ RunTime:0.000540s ]
NOTIC: [2] Yar_Client::setOpt(): expects a long integer timeout value D:\wamp\www\Finance\Admin\ThinkPHP\Library\Org\Api\ServiceProxy.class.php 第 675 行.

[ 2019-03-15T14:42:40+08:00 ] 127.0.0.1 //g/goods_list
INFO: [ app_init ] --START--
INFO: Run Behavior\BuildLiteBehavior [ RunTime:0.000023s ]
INFO: [ app_init ] --END-- [ RunTime:0.000683s ]
NOTIC: [8] Use of undefined constant SELLER_ID - assumed 'SELLER_ID' D:\wamp\www\Finance\Admin\ThinkPHP\Library\Org\Api\ServiceProxy.class.php 第 278 行.
NOTIC: [8] Use of undefined constant SHOP_ID - assumed 'SHOP_ID' D:\wamp\www\Finance\Admin\ThinkPHP\Library\Org\Api\ServiceProxy.class.php 第 279 行.
NOTIC: [2] Yar_Client::setOpt(): expects a long integer timeout value D:\wamp\www\Finance\Admin\ThinkPHP\Library\Org\Api\ServiceProxy.class.php 第 675 行.
NOTIC: [8] Undefined index: shop_url D:\wamp\www\Finance\Admin\ThinkPHP\Library\Org\Api\ServiceProxy.class.php 第 405 行.
NOTIC: [8] Undefined index: platform_domain D:\wamp\www\Finance\Admin\ThinkPHP\Library\Org\Api\ServiceProxy.class.php 第 406 行.
NOTIC: [8] Undefined index: TOKEN D:\wamp\www\Finance\Admin\App\Common\Conf\siteInfo.php 第 15 行.
INFO: [ app_begin ] --START--
INFO: Run Behavior\ReadHtmlCacheBehavior [ RunTime:0.000673s ]
INFO: [ app_begin ] --END-- [ RunTime:0.000768s ]
NOTIC: [2] Yar_Client::setOpt(): expects a long integer timeout value D:\wamp\www\Finance\Admin\ThinkPHP\Library\Org\Api\ServiceProxy.class.php 第 675 行.

[ 2019-03-15T14:42:53+08:00 ] 192.168.0.150 //g/goods_list
INFO: [ app_init ] --START--
INFO: Run Behavior\BuildLiteBehavior [ RunTime:0.000017s ]
INFO: [ app_init ] --END-- [ RunTime:0.000435s ]
NOTIC: [8] Use of undefined constant SELLER_ID - assumed 'SELLER_ID' D:\wamp\www\Finance\Admin\ThinkPHP\Library\Org\Api\ServiceProxy.class.php 第 278 行.
NOTIC: [8] Use of undefined constant SHOP_ID - assumed 'SHOP_ID' D:\wamp\www\Finance\Admin\ThinkPHP\Library\Org\Api\ServiceProxy.class.php 第 279 行.
NOTIC: [2] Yar_Client::setOpt(): expects a long integer timeout value D:\wamp\www\Finance\Admin\ThinkPHP\Library\Org\Api\ServiceProxy.class.php 第 675 行.
NOTIC: [8] Undefined index: shop_url D:\wamp\www\Finance\Admin\ThinkPHP\Library\Org\Api\ServiceProxy.class.php 第 405 行.
NOTIC: [8] Undefined index: platform_domain D:\wamp\www\Finance\Admin\ThinkPHP\Library\Org\Api\ServiceProxy.class.php 第 406 行.
NOTIC: [8] Undefined index: TOKEN D:\wamp\www\Finance\Admin\App\Common\Conf\siteInfo.php 第 15 行.
INFO: [ app_begin ] --START--
INFO: Run Behavior\ReadHtmlCacheBehavior [ RunTime:0.000466s ]
INFO: [ app_begin ] --END-- [ RunTime:0.000539s ]
NOTIC: [2] Yar_Client::setOpt(): expects a long integer timeout value D:\wamp\www\Finance\Admin\ThinkPHP\Library\Org\Api\ServiceProxy.class.php 第 675 行.

[ 2019-03-15T14:43:06+08:00 ] 192.168.0.150 //g/goods_list
INFO: [ app_init ] --START--
INFO: Run Behavior\BuildLiteBehavior [ RunTime:0.000017s ]
INFO: [ app_init ] --END-- [ RunTime:0.000439s ]
NOTIC: [8] Use of undefined constant SELLER_ID - assumed 'SELLER_ID' D:\wamp\www\Finance\Admin\ThinkPHP\Library\Org\Api\ServiceProxy.class.php 第 278 行.
NOTIC: [8] Use of undefined constant SHOP_ID - assumed 'SHOP_ID' D:\wamp\www\Finance\Admin\ThinkPHP\Library\Org\Api\ServiceProxy.class.php 第 279 行.
NOTIC: [2] Yar_Client::setOpt(): expects a long integer timeout value D:\wamp\www\Finance\Admin\ThinkPHP\Library\Org\Api\ServiceProxy.class.php 第 675 行.
NOTIC: [8] Undefined index: shop_url D:\wamp\www\Finance\Admin\ThinkPHP\Library\Org\Api\ServiceProxy.class.php 第 405 行.
NOTIC: [8] Undefined index: platform_domain D:\wamp\www\Finance\Admin\ThinkPHP\Library\Org\Api\ServiceProxy.class.php 第 406 行.
NOTIC: [8] Undefined index: TOKEN D:\wamp\www\Finance\Admin\App\Common\Conf\siteInfo.php 第 15 行.
INFO: [ app_begin ] --START--
INFO: Run Behavior\ReadHtmlCacheBehavior [ RunTime:0.000496s ]
INFO: [ app_begin ] --END-- [ RunTime:0.000571s ]
NOTIC: [2] Yar_Client::setOpt(): expects a long integer timeout value D:\wamp\www\Finance\Admin\ThinkPHP\Library\Org\Api\ServiceProxy.class.php 第 675 行.

[ 2019-03-15T14:43:34+08:00 ] 192.168.0.150 //g/goods_list
INFO: [ app_init ] --START--
INFO: Run Behavior\BuildLiteBehavior [ RunTime:0.000016s ]
INFO: [ app_init ] --END-- [ RunTime:0.000397s ]
NOTIC: [8] Use of undefined constant SELLER_ID - assumed 'SELLER_ID' D:\wamp\www\Finance\Admin\ThinkPHP\Library\Org\Api\ServiceProxy.class.php 第 278 行.
NOTIC: [8] Use of undefined constant SHOP_ID - assumed 'SHOP_ID' D:\wamp\www\Finance\Admin\ThinkPHP\Library\Org\Api\ServiceProxy.class.php 第 279 行.
NOTIC: [2] Yar_Client::setOpt(): expects a long integer timeout value D:\wamp\www\Finance\Admin\ThinkPHP\Library\Org\Api\ServiceProxy.class.php 第 675 行.
NOTIC: [8] Undefined index: shop_url D:\wamp\www\Finance\Admin\ThinkPHP\Library\Org\Api\ServiceProxy.class.php 第 405 行.
NOTIC: [8] Undefined index: platform_domain D:\wamp\www\Finance\Admin\ThinkPHP\Library\Org\Api\ServiceProxy.class.php 第 406 行.
NOTIC: [8] Undefined index: TOKEN D:\wamp\www\Finance\Admin\App\Common\Conf\siteInfo.php 第 15 行.
INFO: [ app_begin ] --START--
INFO: Run Behavior\ReadHtmlCacheBehavior [ RunTime:0.000520s ]
INFO: [ app_begin ] --END-- [ RunTime:0.000598s ]
NOTIC: [2] Yar_Client::setOpt(): expects a long integer timeout value D:\wamp\www\Finance\Admin\ThinkPHP\Library\Org\Api\ServiceProxy.class.php 第 675 行.

[ 2019-03-15T14:43:44+08:00 ] 192.168.0.150 //g/goods_list
INFO: [ app_init ] --START--
INFO: Run Behavior\BuildLiteBehavior [ RunTime:0.000018s ]
INFO: [ app_init ] --END-- [ RunTime:0.000544s ]
NOTIC: [8] Use of undefined constant SELLER_ID - assumed 'SELLER_ID' D:\wamp\www\Finance\Admin\ThinkPHP\Library\Org\Api\ServiceProxy.class.php 第 278 行.
NOTIC: [8] Use of undefined constant SHOP_ID - assumed 'SHOP_ID' D:\wamp\www\Finance\Admin\ThinkPHP\Library\Org\Api\ServiceProxy.class.php 第 279 行.
NOTIC: [2] Yar_Client::setOpt(): expects a long integer timeout value D:\wamp\www\Finance\Admin\ThinkPHP\Library\Org\Api\ServiceProxy.class.php 第 675 行.
NOTIC: [8] Undefined index: shop_url D:\wamp\www\Finance\Admin\ThinkPHP\Library\Org\Api\ServiceProxy.class.php 第 405 行.
NOTIC: [8] Undefined index: platform_domain D:\wamp\www\Finance\Admin\ThinkPHP\Library\Org\Api\ServiceProxy.class.php 第 406 行.
NOTIC: [8] Undefined index: TOKEN D:\wamp\www\Finance\Admin\App\Common\Conf\siteInfo.php 第 15 行.
INFO: [ app_begin ] --START--
INFO: Run Behavior\ReadHtmlCacheBehavior [ RunTime:0.000500s ]
INFO: [ app_begin ] --END-- [ RunTime:0.000576s ]
NOTIC: [2] Yar_Client::setOpt(): expects a long integer timeout value D:\wamp\www\Finance\Admin\ThinkPHP\Library\Org\Api\ServiceProxy.class.php 第 675 行.

[ 2019-03-15T14:49:56+08:00 ] 127.0.0.1 //g/goods_list
INFO: [ app_init ] --START--
INFO: Run Behavior\BuildLiteBehavior [ RunTime:0.000024s ]
INFO: [ app_init ] --END-- [ RunTime:0.000806s ]
NOTIC: [8] Use of undefined constant SELLER_ID - assumed 'SELLER_ID' D:\wamp\www\Finance\Admin\ThinkPHP\Library\Org\Api\ServiceProxy.class.php 第 278 行.
NOTIC: [8] Use of undefined constant SHOP_ID - assumed 'SHOP_ID' D:\wamp\www\Finance\Admin\ThinkPHP\Library\Org\Api\ServiceProxy.class.php 第 279 行.
NOTIC: [2] Yar_Client::setOpt(): expects a long integer timeout value D:\wamp\www\Finance\Admin\ThinkPHP\Library\Org\Api\ServiceProxy.class.php 第 675 行.
NOTIC: [8] Undefined index: shop_url D:\wamp\www\Finance\Admin\ThinkPHP\Library\Org\Api\ServiceProxy.class.php 第 405 行.
NOTIC: [8] Undefined index: platform_domain D:\wamp\www\Finance\Admin\ThinkPHP\Library\Org\Api\ServiceProxy.class.php 第 406 行.
NOTIC: [8] Undefined index: TOKEN D:\wamp\www\Finance\Admin\App\Common\Conf\siteInfo.php 第 15 行.
INFO: [ app_begin ] --START--
INFO: Run Behavior\ReadHtmlCacheBehavior [ RunTime:0.000712s ]
INFO: [ app_begin ] --END-- [ RunTime:0.000810s ]
NOTIC: [2] Yar_Client::setOpt(): expects a long integer timeout value D:\wamp\www\Finance\Admin\ThinkPHP\Library\Org\Api\ServiceProxy.class.php 第 675 行.

[ 2019-03-15T15:12:31+08:00 ] 127.0.0.1 //g/goods_list
INFO: [ app_init ] --START--
INFO: Run Behavior\BuildLiteBehavior [ RunTime:0.000017s ]
INFO: [ app_init ] --END-- [ RunTime:0.000450s ]
NOTIC: [8] Use of undefined constant SELLER_ID - assumed 'SELLER_ID' D:\wamp\www\Finance\Admin\ThinkPHP\Library\Org\Api\ServiceProxy.class.php 第 278 行.
NOTIC: [8] Use of undefined constant SHOP_ID - assumed 'SHOP_ID' D:\wamp\www\Finance\Admin\ThinkPHP\Library\Org\Api\ServiceProxy.class.php 第 279 行.
NOTIC: [2] Yar_Client::setOpt(): expects a long integer timeout value D:\wamp\www\Finance\Admin\ThinkPHP\Library\Org\Api\ServiceProxy.class.php 第 675 行.
NOTIC: [8] Undefined index: shop_url D:\wamp\www\Finance\Admin\ThinkPHP\Library\Org\Api\ServiceProxy.class.php 第 405 行.
NOTIC: [8] Undefined index: platform_domain D:\wamp\www\Finance\Admin\ThinkPHP\Library\Org\Api\ServiceProxy.class.php 第 406 行.
NOTIC: [8] Undefined index: TOKEN D:\wamp\www\Finance\Admin\App\Common\Conf\siteInfo.php 第 15 行.
INFO: [ app_begin ] --START--
INFO: Run Behavior\ReadHtmlCacheBehavior [ RunTime:0.000585s ]
INFO: [ app_begin ] --END-- [ RunTime:0.000668s ]
NOTIC: [2] Yar_Client::setOpt(): expects a long integer timeout value D:\wamp\www\Finance\Admin\ThinkPHP\Library\Org\Api\ServiceProxy.class.php 第 675 行.

[ 2019-03-15T15:22:41+08:00 ] 127.0.0.1 //g/goods_list
INFO: [ app_init ] --START--
INFO: Run Behavior\BuildLiteBehavior [ RunTime:0.000017s ]
INFO: [ app_init ] --END-- [ RunTime:0.000457s ]
NOTIC: [8] Use of undefined constant SELLER_ID - assumed 'SELLER_ID' D:\wamp\www\Finance\Admin\ThinkPHP\Library\Org\Api\ServiceProxy.class.php 第 278 行.
NOTIC: [8] Use of undefined constant SHOP_ID - assumed 'SHOP_ID' D:\wamp\www\Finance\Admin\ThinkPHP\Library\Org\Api\ServiceProxy.class.php 第 279 行.
NOTIC: [2] Yar_Client::setOpt(): expects a long integer timeout value D:\wamp\www\Finance\Admin\ThinkPHP\Library\Org\Api\ServiceProxy.class.php 第 675 行.
NOTIC: [2] Yar_Client::setOpt(): expects a long integer timeout value D:\wamp\www\Finance\Admin\ThinkPHP\Library\Org\Api\ServiceProxy.class.php 第 675 行.
NOTIC: [8] Undefined index: shop_url D:\wamp\www\Finance\Admin\ThinkPHP\Library\Org\Api\ServiceProxy.class.php 第 405 行.
NOTIC: [8] Undefined index: platform_domain D:\wamp\www\Finance\Admin\ThinkPHP\Library\Org\Api\ServiceProxy.class.php 第 406 行.
NOTIC: [8] Undefined index: TOKEN D:\wamp\www\Finance\Admin\App\Common\Conf\siteInfo.php 第 15 行.
INFO: [ app_begin ] --START--
INFO: Run Behavior\ReadHtmlCacheBehavior [ RunTime:0.000627s ]
INFO: [ app_begin ] --END-- [ RunTime:0.000709s ]
NOTIC: [2] Yar_Client::setOpt(): expects a long integer timeout value D:\wamp\www\Finance\Admin\ThinkPHP\Library\Org\Api\ServiceProxy.class.php 第 675 行.

[ 2019-03-15T16:19:11+08:00 ] 127.0.0.1 //g/goods_list
INFO: [ app_init ] --START--
INFO: Run Behavior\BuildLiteBehavior [ RunTime:0.000031s ]
INFO: [ app_init ] --END-- [ RunTime:0.000707s ]
NOTIC: [8] Use of undefined constant SELLER_ID - assumed 'SELLER_ID' D:\wamp\www\Finance\Admin\ThinkPHP\Library\Org\Api\ServiceProxy.class.php 第 278 行.
NOTIC: [8] Use of undefined constant SHOP_ID - assumed 'SHOP_ID' D:\wamp\www\Finance\Admin\ThinkPHP\Library\Org\Api\ServiceProxy.class.php 第 279 行.
NOTIC: [2] Yar_Client::setOpt(): expects a long integer timeout value D:\wamp\www\Finance\Admin\ThinkPHP\Library\Org\Api\ServiceProxy.class.php 第 675 行.
NOTIC: [2] Yar_Client::setOpt(): expects a long integer timeout value D:\wamp\www\Finance\Admin\ThinkPHP\Library\Org\Api\ServiceProxy.class.php 第 675 行.
NOTIC: [8] Undefined index: shop_url D:\wamp\www\Finance\Admin\ThinkPHP\Library\Org\Api\ServiceProxy.class.php 第 405 行.
NOTIC: [8] Undefined index: platform_domain D:\wamp\www\Finance\Admin\ThinkPHP\Library\Org\Api\ServiceProxy.class.php 第 406 行.
NOTIC: [8] Undefined index: TOKEN D:\wamp\www\Finance\Admin\App\Common\Conf\siteInfo.php 第 15 行.
INFO: [ app_begin ] --START--
INFO: Run Behavior\ReadHtmlCacheBehavior [ RunTime:0.000614s ]
INFO: [ app_begin ] --END-- [ RunTime:0.000691s ]
NOTIC: [2] Yar_Client::setOpt(): expects a long integer timeout value D:\wamp\www\Finance\Admin\ThinkPHP\Library\Org\Api\ServiceProxy.class.php 第 675 行.

[ 2019-03-15T16:26:12+08:00 ] 127.0.0.1 //g/goods_list
INFO: [ app_init ] --START--
INFO: Run Behavior\BuildLiteBehavior [ RunTime:0.000019s ]
INFO: [ app_init ] --END-- [ RunTime:0.000494s ]
NOTIC: [8] Use of undefined constant SELLER_ID - assumed 'SELLER_ID' D:\wamp\www\Finance\Admin\ThinkPHP\Library\Org\Api\ServiceProxy.class.php 第 278 行.
NOTIC: [8] Use of undefined constant SHOP_ID - assumed 'SHOP_ID' D:\wamp\www\Finance\Admin\ThinkPHP\Library\Org\Api\ServiceProxy.class.php 第 279 行.
NOTIC: [2] Yar_Client::setOpt(): expects a long integer timeout value D:\wamp\www\Finance\Admin\ThinkPHP\Library\Org\Api\ServiceProxy.class.php 第 675 行.
NOTIC: [2] Yar_Client::setOpt(): expects a long integer timeout value D:\wamp\www\Finance\Admin\ThinkPHP\Library\Org\Api\ServiceProxy.class.php 第 675 行.
NOTIC: [8] Undefined index: shop_url D:\wamp\www\Finance\Admin\ThinkPHP\Library\Org\Api\ServiceProxy.class.php 第 405 行.
NOTIC: [8] Undefined index: platform_domain D:\wamp\www\Finance\Admin\ThinkPHP\Library\Org\Api\ServiceProxy.class.php 第 406 行.
NOTIC: [8] Undefined index: TOKEN D:\wamp\www\Finance\Admin\App\Common\Conf\siteInfo.php 第 15 行.
INFO: [ app_begin ] --START--
INFO: Run Behavior\ReadHtmlCacheBehavior [ RunTime:0.000632s ]
INFO: [ app_begin ] --END-- [ RunTime:0.000713s ]
NOTIC: [2] Yar_Client::setOpt(): expects a long integer timeout value D:\wamp\www\Finance\Admin\ThinkPHP\Library\Org\Api\ServiceProxy.class.php 第 675 行.

[ 2019-03-15T16:26:33+08:00 ] 127.0.0.1 //g/goods_list
INFO: [ app_init ] --START--
INFO: Run Behavior\BuildLiteBehavior [ RunTime:0.000019s ]
INFO: [ app_init ] --END-- [ RunTime:0.000525s ]
NOTIC: [8] Use of undefined constant SELLER_ID - assumed 'SELLER_ID' D:\wamp\www\Finance\Admin\ThinkPHP\Library\Org\Api\ServiceProxy.class.php 第 278 行.
NOTIC: [8] Use of undefined constant SHOP_ID - assumed 'SHOP_ID' D:\wamp\www\Finance\Admin\ThinkPHP\Library\Org\Api\ServiceProxy.class.php 第 279 行.
NOTIC: [2] Yar_Client::setOpt(): expects a long integer timeout value D:\wamp\www\Finance\Admin\ThinkPHP\Library\Org\Api\ServiceProxy.class.php 第 675 行.
NOTIC: [2] Yar_Client::setOpt(): expects a long integer timeout value D:\wamp\www\Finance\Admin\ThinkPHP\Library\Org\Api\ServiceProxy.class.php 第 675 行.
NOTIC: [8] Undefined index: shop_url D:\wamp\www\Finance\Admin\ThinkPHP\Library\Org\Api\ServiceProxy.class.php 第 405 行.
NOTIC: [8] Undefined index: platform_domain D:\wamp\www\Finance\Admin\ThinkPHP\Library\Org\Api\ServiceProxy.class.php 第 406 行.
NOTIC: [8] Undefined index: TOKEN D:\wamp\www\Finance\Admin\App\Common\Conf\siteInfo.php 第 15 行.
INFO: [ app_begin ] --START--
INFO: Run Behavior\ReadHtmlCacheBehavior [ RunTime:0.000611s ]
INFO: [ app_begin ] --END-- [ RunTime:0.000688s ]
NOTIC: [2] Yar_Client::setOpt(): expects a long integer timeout value D:\wamp\www\Finance\Admin\ThinkPHP\Library\Org\Api\ServiceProxy.class.php 第 675 行.

[ 2019-03-15T16:39:55+08:00 ] 127.0.0.1 //g/goods_list
INFO: [ app_init ] --START--
INFO: Run Behavior\BuildLiteBehavior [ RunTime:0.000018s ]
INFO: [ app_init ] --END-- [ RunTime:0.000537s ]
NOTIC: [8] Use of undefined constant SELLER_ID - assumed 'SELLER_ID' D:\wamp\www\Finance\Admin\ThinkPHP\Library\Org\Api\ServiceProxy.class.php 第 278 行.
NOTIC: [8] Use of undefined constant SHOP_ID - assumed 'SHOP_ID' D:\wamp\www\Finance\Admin\ThinkPHP\Library\Org\Api\ServiceProxy.class.php 第 279 行.
NOTIC: [2] Yar_Client::setOpt(): expects a long integer timeout value D:\wamp\www\Finance\Admin\ThinkPHP\Library\Org\Api\ServiceProxy.class.php 第 675 行.
NOTIC: [2] Yar_Client::setOpt(): expects a long integer timeout value D:\wamp\www\Finance\Admin\ThinkPHP\Library\Org\Api\ServiceProxy.class.php 第 675 行.
NOTIC: [8] Undefined index: shop_url D:\wamp\www\Finance\Admin\ThinkPHP\Library\Org\Api\ServiceProxy.class.php 第 405 行.
NOTIC: [8] Undefined index: platform_domain D:\wamp\www\Finance\Admin\ThinkPHP\Library\Org\Api\ServiceProxy.class.php 第 406 行.
NOTIC: [8] Undefined index: TOKEN D:\wamp\www\Finance\Admin\App\Common\Conf\siteInfo.php 第 15 行.
INFO: [ app_begin ] --START--
INFO: Run Behavior\ReadHtmlCacheBehavior [ RunTime:0.000575s ]
INFO: [ app_begin ] --END-- [ RunTime:0.000657s ]
NOTIC: [2] Yar_Client::setOpt(): expects a long integer timeout value D:\wamp\www\Finance\Admin\ThinkPHP\Library\Org\Api\ServiceProxy.class.php 第 675 行.

[ 2019-03-15T16:54:17+08:00 ] 127.0.0.1 //g/goods_list
INFO: [ app_init ] --START--
INFO: Run Behavior\BuildLiteBehavior [ RunTime:0.000019s ]
INFO: [ app_init ] --END-- [ RunTime:0.000461s ]
NOTIC: [8] Use of undefined constant SELLER_ID - assumed 'SELLER_ID' D:\wamp\www\Finance\Admin\ThinkPHP\Library\Org\Api\ServiceProxy.class.php 第 278 行.
NOTIC: [8] Use of undefined constant SHOP_ID - assumed 'SHOP_ID' D:\wamp\www\Finance\Admin\ThinkPHP\Library\Org\Api\ServiceProxy.class.php 第 279 行.
NOTIC: [2] Yar_Client::setOpt(): expects a long integer timeout value D:\wamp\www\Finance\Admin\ThinkPHP\Library\Org\Api\ServiceProxy.class.php 第 675 行.
NOTIC: [2] Yar_Client::setOpt(): expects a long integer timeout value D:\wamp\www\Finance\Admin\ThinkPHP\Library\Org\Api\ServiceProxy.class.php 第 675 行.
NOTIC: [8] Undefined index: shop_url D:\wamp\www\Finance\Admin\ThinkPHP\Library\Org\Api\ServiceProxy.class.php 第 405 行.
NOTIC: [8] Undefined index: platform_domain D:\wamp\www\Finance\Admin\ThinkPHP\Library\Org\Api\ServiceProxy.class.php 第 406 行.
NOTIC: [8] Undefined index: TOKEN D:\wamp\www\Finance\Admin\App\Common\Conf\siteInfo.php 第 15 行.
INFO: [ app_begin ] --START--
INFO: Run Behavior\ReadHtmlCacheBehavior [ RunTime:0.000633s ]
INFO: [ app_begin ] --END-- [ RunTime:0.000741s ]
NOTIC: [2] Yar_Client::setOpt(): expects a long integer timeout value D:\wamp\www\Finance\Admin\ThinkPHP\Library\Org\Api\ServiceProxy.class.php 第 675 行.

[ 2019-03-15T16:55:41+08:00 ] 127.0.0.1 //g/goods_list
INFO: [ app_init ] --START--
INFO: Run Behavior\BuildLiteBehavior [ RunTime:0.000039s ]
INFO: [ app_init ] --END-- [ RunTime:0.001635s ]
NOTIC: [8] Use of undefined constant SELLER_ID - assumed 'SELLER_ID' D:\wamp\www\Finance\Admin\ThinkPHP\Library\Org\Api\ServiceProxy.class.php 第 278 行.
NOTIC: [8] Use of undefined constant SHOP_ID - assumed 'SHOP_ID' D:\wamp\www\Finance\Admin\ThinkPHP\Library\Org\Api\ServiceProxy.class.php 第 279 行.
NOTIC: [2] Yar_Client::setOpt(): expects a long integer timeout value D:\wamp\www\Finance\Admin\ThinkPHP\Library\Org\Api\ServiceProxy.class.php 第 675 行.
NOTIC: [2] Yar_Client::setOpt(): expects a long integer timeout value D:\wamp\www\Finance\Admin\ThinkPHP\Library\Org\Api\ServiceProxy.class.php 第 675 行.
NOTIC: [8] Undefined index: shop_url D:\wamp\www\Finance\Admin\ThinkPHP\Library\Org\Api\ServiceProxy.class.php 第 405 行.
NOTIC: [8] Undefined index: platform_domain D:\wamp\www\Finance\Admin\ThinkPHP\Library\Org\Api\ServiceProxy.class.php 第 406 行.
NOTIC: [8] Undefined index: TOKEN D:\wamp\www\Finance\Admin\App\Common\Conf\siteInfo.php 第 15 行.
INFO: [ app_begin ] --START--
INFO: Run Behavior\ReadHtmlCacheBehavior [ RunTime:0.000454s ]
INFO: [ app_begin ] --END-- [ RunTime:0.000532s ]
NOTIC: [2] Yar_Client::setOpt(): expects a long integer timeout value D:\wamp\www\Finance\Admin\ThinkPHP\Library\Org\Api\ServiceProxy.class.php 第 675 行.

